Running from arcus-10
2019-05-17 02:46:42.397678: I tensorflow/core/platform/cpu_feature_guard.cc:141] Your CPU supports instructions that this TensorFlow binary was not compiled to use: AVX2 FMA
2019-05-17 02:46:45.274579: I tensorflow/core/common_runtime/gpu/gpu_device.cc:1405] Found device 0 with properties: 
name: TITAN V major: 7 minor: 0 memoryClockRate(GHz): 1.455
pciBusID: 0000:83:00.0
totalMemory: 11.75GiB freeMemory: 11.34GiB
2019-05-17 02:46:45.274639: I tensorflow/core/common_runtime/gpu/gpu_device.cc:1484] Adding visible gpu devices: 0
2019-05-17 02:46:45.703539: I tensorflow/core/common_runtime/gpu/gpu_device.cc:965] Device interconnect StreamExecutor with strength 1 edge matrix:
2019-05-17 02:46:45.703582: I tensorflow/core/common_runtime/gpu/gpu_device.cc:971]      0 
2019-05-17 02:46:45.703589: I tensorflow/core/common_runtime/gpu/gpu_device.cc:984] 0:   N 
2019-05-17 02:46:45.703863: I tensorflow/core/common_runtime/gpu/gpu_device.cc:1097] Created TensorFlow device (/job:localhost/replica:0/task:0/device:GPU:0 with 10955 MB memory) -> physical GPU (device: 0, name: TITAN V, pci bus id: 0000:83:00.0, compute capability: 7.0)
Epoch 1/25
 - 2832s - loss: 1309873823.2860 - mean_squared_error: 1309873823.2860 - val_loss: 2261.3517 - val_mean_squared_error: 2261.3517
Epoch 2/25
 - 2847s - loss: 1698060447.1092 - mean_squared_error: 1698060447.1092 - val_loss: 23302.8698 - val_mean_squared_error: 23302.8698
Epoch 3/25
 - 573s - loss: 2536821233.4137 - mean_squared_error: 2536821233.4137 - val_loss: 672575.3407 - val_mean_squared_error: 672575.3407
Epoch 4/25
 - 569s - loss: 1851588473.6571 - mean_squared_error: 1851588473.6571 - val_loss: 11843.2644 - val_mean_squared_error: 11843.2644
Epoch 5/25
 - 566s - loss: 1612098456.0634 - mean_squared_error: 1612098456.0634 - val_loss: 4094166752.2722 - val_mean_squared_error: 4094166752.2722
Epoch 6/25
 - 570s - loss: 12436656595.7562 - mean_squared_error: 12436656595.7562 - val_loss: 614077.7953 - val_mean_squared_error: 614077.7953
Epoch 7/25
 - 571s - loss: 7715799577.4826 - mean_squared_error: 7715799577.4826 - val_loss: 283065.1019 - val_mean_squared_error: 283065.1019
Epoch 8/25
 - 562s - loss: 3655285151.9764 - mean_squared_error: 3655285151.9764 - val_loss: 493142.5930 - val_mean_squared_error: 493142.5930
Epoch 9/25
 - 566s - loss: 3785711769.9459 - mean_squared_error: 3785711769.9459 - val_loss: 2608140.3329 - val_mean_squared_error: 2608140.3329
Epoch 10/25
 - 570s - loss: 1638174733.8785 - mean_squared_error: 1638174733.8785 - val_loss: 10550.2589 - val_mean_squared_error: 10550.2589
Epoch 11/25
 - 560s - loss: 1615253087.5207 - mean_squared_error: 1615253087.5207 - val_loss: 51771.9284 - val_mean_squared_error: 51771.9284
/pkg/python/3.6.1-centos7/lib/python3.6/site-packages/h5py/__init__.py:34: FutureWarning: Conversion of the second argument of issubdtype from `float` to `np.floating` is deprecated. In future, it will be treated as `np.float64 == np.dtype(float).type`.
  from ._conv import register_converters as _register_converters
Using TensorFlow backend.
Done with trial 14
