Running from arcus-8
2019-05-14 18:50:04.836050: I tensorflow/core/platform/cpu_feature_guard.cc:141] Your CPU supports instructions that this TensorFlow binary was not compiled to use: AVX2 FMA
2019-05-14 18:50:07.904543: I tensorflow/core/common_runtime/gpu/gpu_device.cc:1405] Found device 0 with properties: 
name: TITAN X (Pascal) major: 6 minor: 1 memoryClockRate(GHz): 1.531
pciBusID: 0000:03:00.0
totalMemory: 11.91GiB freeMemory: 11.75GiB
2019-05-14 18:50:07.904605: I tensorflow/core/common_runtime/gpu/gpu_device.cc:1484] Adding visible gpu devices: 0
2019-05-14 18:50:13.972187: I tensorflow/core/common_runtime/gpu/gpu_device.cc:965] Device interconnect StreamExecutor with strength 1 edge matrix:
2019-05-14 18:50:13.972456: I tensorflow/core/common_runtime/gpu/gpu_device.cc:971]      0 
2019-05-14 18:50:13.972474: I tensorflow/core/common_runtime/gpu/gpu_device.cc:984] 0:   N 
2019-05-14 18:50:13.972939: I tensorflow/core/common_runtime/gpu/gpu_device.cc:1097] Created TensorFlow device (/job:localhost/replica:0/task:0/device:GPU:0 with 11374 MB memory) -> physical GPU (device: 0, name: TITAN X (Pascal), pci bus id: 0000:03:00.0, compute capability: 6.1)
{'alpha': 0.11077358485427236, 'dropout': 0.3749109714652203, 'lr': 0.008087859213665935, 'leaky_relu': 0.0017369544932900882, 'batch_norm': 0, 'num_layers': 3, 'layer_0': 422, 'layer_1': 311, 'layer_2': 155, 'layer_3': 406, 'layer_4': 198, 'layer_5': 360, 'layer_6': 465, 'layer_7': 419, 'max_concurrent': 3, 'P': 'arcus_gpu.p', 'q': 'arcus.q', 'l': "hostname='(arcus-1|arcus-2|arcus-3|arcus-4|arcus-5|arcus-6|arcus-7|arcus-8|arcus-9|arcus-10)'", 'env': '/home/jott1/Projects/SHERPA_EX/.profile', 'data': 'fluxbypass_aqua', 'net_type': 'conservation', 'loss_type': 'mse', 'batch_size': 2048, 'data_dir': '/baldig/chemistry/earth_system_science/', 'max_dense_layers': 8, 'epochs': 25, 'patience': 10}
Epoch 1/25
 - 4267s - loss: 2269.3263 - mean_squared_error: 2269.3263 - val_loss: 4516.4198 - val_mean_squared_error: 4516.4198
Epoch 2/25
 - 4684s - loss: 21355.1156 - mean_squared_error: 21355.1156 - val_loss: 451681.5755 - val_mean_squared_error: 451681.5755
Epoch 3/25
 - 4616s - loss: 79891.1063 - mean_squared_error: 79891.1063 - val_loss: 15673.8038 - val_mean_squared_error: 15673.8038
Epoch 4/25
 - 4467s - loss: 10025.0300 - mean_squared_error: 10025.0300 - val_loss: 281850.5383 - val_mean_squared_error: 281850.5383
Epoch 5/25
 - 5296s - loss: 15990.5099 - mean_squared_error: 15990.5099 - val_loss: 411551.2816 - val_mean_squared_error: 411551.2816
Epoch 6/25
 - 4390s - loss: 20963.5337 - mean_squared_error: 20963.5337 - val_loss: 159674.1871 - val_mean_squared_error: 159674.1871
Epoch 7/25
 - 4651s - loss: 6273.0017 - mean_squared_error: 6273.0017 - val_loss: 1131.0266 - val_mean_squared_error: 1131.0266
Epoch 8/25
 - 4266s - loss: 7666.9323 - mean_squared_error: 7666.9323 - val_loss: 864.4679 - val_mean_squared_error: 864.4679
Epoch 9/25
 - 4749s - loss: 22656.6060 - mean_squared_error: 22656.6060 - val_loss: 3717.7098 - val_mean_squared_error: 3717.7098
Epoch 10/25
 - 4859s - loss: 18745.1711 - mean_squared_error: 18745.1711 - val_loss: 521.3694 - val_mean_squared_error: 521.3694
Epoch 11/25
 - 5625s - loss: 38129.2908 - mean_squared_error: 38129.2908 - val_loss: 724.4395 - val_mean_squared_error: 724.4395
Epoch 12/25
 - 5467s - loss: 96997.7852 - mean_squared_error: 96997.7852 - val_loss: 658.8397 - val_mean_squared_error: 658.8397
Epoch 13/25
 - 5209s - loss: 6027.2721 - mean_squared_error: 6027.2721 - val_loss: 462.1115 - val_mean_squared_error: 462.1115
Epoch 14/25
 - 5250s - loss: 5696.2994 - mean_squared_error: 5696.2994 - val_loss: 498.9898 - val_mean_squared_error: 498.9898
Epoch 15/25
 - 5318s - loss: 9921.7677 - mean_squared_error: 9921.7677 - val_loss: 585.6686 - val_mean_squared_error: 585.6686
Epoch 16/25
 - 4619s - loss: 7248.1415 - mean_squared_error: 7248.1415 - val_loss: 472.7942 - val_mean_squared_error: 472.7942
Epoch 17/25
 - 5079s - loss: 9254.3066 - mean_squared_error: 9254.3066 - val_loss: 484.7794 - val_mean_squared_error: 484.7794
Epoch 18/25
 - 5129s - loss: 1633.1266 - mean_squared_error: 1633.1266 - val_loss: 602.8802 - val_mean_squared_error: 602.8802
Epoch 19/25
 - 5140s - loss: 1756.5847 - mean_squared_error: 1756.5847 - val_loss: 467.4161 - val_mean_squared_error: 467.4161
Epoch 20/25
 - 5273s - loss: 1332.7004 - mean_squared_error: 1332.7004 - val_loss: 700.8554 - val_mean_squared_error: 700.8554
Epoch 21/25
 - 5466s - loss: 1715.9783 - mean_squared_error: 1715.9783 - val_loss: 474.9504 - val_mean_squared_error: 474.9504
Epoch 22/25
 - 5846s - loss: 1518.8064 - mean_squared_error: 1518.8064 - val_loss: 722.6106 - val_mean_squared_error: 722.6106
Epoch 23/25
 - 4716s - loss: 1492.7644 - mean_squared_error: 1492.7644 - val_loss: 802.0851 - val_mean_squared_error: 802.0851
/pkg/python/3.6.1-centos7/lib/python3.6/site-packages/h5py/__init__.py:34: FutureWarning: Conversion of the second argument of issubdtype from `float` to `np.floating` is deprecated. In future, it will be treated as `np.float64 == np.dtype(float).type`.
  from ._conv import register_converters as _register_converters
Using TensorFlow backend.
Done with trial 3
