Running from arcus-10
2019-05-16 00:07:14.948978: I tensorflow/core/platform/cpu_feature_guard.cc:141] Your CPU supports instructions that this TensorFlow binary was not compiled to use: AVX2 FMA
2019-05-16 00:07:17.717722: I tensorflow/core/common_runtime/gpu/gpu_device.cc:1405] Found device 0 with properties: 
name: TITAN V major: 7 minor: 0 memoryClockRate(GHz): 1.455
pciBusID: 0000:02:00.0
totalMemory: 11.75GiB freeMemory: 11.34GiB
2019-05-16 00:07:17.717810: I tensorflow/core/common_runtime/gpu/gpu_device.cc:1484] Adding visible gpu devices: 0
2019-05-16 00:07:18.208492: I tensorflow/core/common_runtime/gpu/gpu_device.cc:965] Device interconnect StreamExecutor with strength 1 edge matrix:
2019-05-16 00:07:18.208542: I tensorflow/core/common_runtime/gpu/gpu_device.cc:971]      0 
2019-05-16 00:07:18.208549: I tensorflow/core/common_runtime/gpu/gpu_device.cc:984] 0:   N 
2019-05-16 00:07:18.208835: I tensorflow/core/common_runtime/gpu/gpu_device.cc:1097] Created TensorFlow device (/job:localhost/replica:0/task:0/device:GPU:0 with 10955 MB memory) -> physical GPU (device: 0, name: TITAN V, pci bus id: 0000:02:00.0, compute capability: 7.0)
{'alpha': 0.8661420338931961, 'dropout': 0.2953577238437464, 'lr': 0.0004934473286713738, 'leaky_relu': 0.027049430363585925, 'batch_norm': 0, 'num_layers': 7, 'layer_0': 321, 'layer_1': 269, 'layer_2': 488, 'layer_3': 487, 'layer_4': 136, 'layer_5': 120, 'layer_6': 275, 'layer_7': 425, 'max_concurrent': 3, 'P': 'arcus_gpu.p', 'q': 'arcus.q', 'l': "hostname='(arcus-1|arcus-2|arcus-3|arcus-4|arcus-5|arcus-6|arcus-7|arcus-8|arcus-9|arcus-10)'", 'env': '/home/jott1/Projects/SHERPA_EX/.profile', 'data': 'fluxbypass_aqua', 'net_type': 'conservation', 'loss_type': 'mse', 'batch_size': 2048, 'data_dir': '/baldig/chemistry/earth_system_science/', 'max_dense_layers': 8, 'epochs': 25, 'patience': 10}
Epoch 1/25
 - 4064s - loss: 384.4724 - mean_squared_error: 384.4724 - val_loss: 259.1988 - val_mean_squared_error: 259.1988
Epoch 2/25
 - 560s - loss: 289.0942 - mean_squared_error: 289.0942 - val_loss: 271.2609 - val_mean_squared_error: 271.2609
Epoch 3/25
 - 576s - loss: 270.2071 - mean_squared_error: 270.2071 - val_loss: 262.3184 - val_mean_squared_error: 262.3184
Epoch 4/25
 - 585s - loss: 260.9236 - mean_squared_error: 260.9236 - val_loss: 275.7659 - val_mean_squared_error: 275.7659
Epoch 5/25
 - 583s - loss: 254.9769 - mean_squared_error: 254.9769 - val_loss: 302.2772 - val_mean_squared_error: 302.2772
Epoch 6/25
 - 595s - loss: 250.7590 - mean_squared_error: 250.7590 - val_loss: 267.3553 - val_mean_squared_error: 267.3553
Epoch 7/25
 - 566s - loss: 247.5122 - mean_squared_error: 247.5122 - val_loss: 238.3995 - val_mean_squared_error: 238.3995
Epoch 8/25
 - 2471s - loss: 244.6635 - mean_squared_error: 244.6635 - val_loss: 264.8346 - val_mean_squared_error: 264.8346
Epoch 9/25
 - 582s - loss: 242.6937 - mean_squared_error: 242.6937 - val_loss: 275.7930 - val_mean_squared_error: 275.7930
Epoch 10/25
 - 578s - loss: 240.7055 - mean_squared_error: 240.7055 - val_loss: 260.7146 - val_mean_squared_error: 260.7146
Epoch 11/25
 - 579s - loss: 239.2989 - mean_squared_error: 239.2989 - val_loss: 272.2340 - val_mean_squared_error: 272.2340
Epoch 12/25
 - 593s - loss: 238.0894 - mean_squared_error: 238.0894 - val_loss: 266.7215 - val_mean_squared_error: 266.7215
Epoch 13/25
 - 582s - loss: 237.0181 - mean_squared_error: 237.0181 - val_loss: 266.1314 - val_mean_squared_error: 266.1314
Epoch 14/25
 - 581s - loss: 235.9154 - mean_squared_error: 235.9154 - val_loss: 268.4183 - val_mean_squared_error: 268.4183
Epoch 15/25
 - 574s - loss: 235.0809 - mean_squared_error: 235.0809 - val_loss: 276.3602 - val_mean_squared_error: 276.3602
Epoch 16/25
 - 565s - loss: 234.2699 - mean_squared_error: 234.2699 - val_loss: 266.8818 - val_mean_squared_error: 266.8818
Epoch 17/25
 - 575s - loss: 233.5647 - mean_squared_error: 233.5647 - val_loss: 261.6946 - val_mean_squared_error: 261.6946
/pkg/python/3.6.1-centos7/lib/python3.6/site-packages/h5py/__init__.py:34: FutureWarning: Conversion of the second argument of issubdtype from `float` to `np.floating` is deprecated. In future, it will be treated as `np.float64 == np.dtype(float).type`.
  from ._conv import register_converters as _register_converters
Using TensorFlow backend.
Done with trial 9
