Running from arcus-10
2019-05-14 18:49:19.992371: I tensorflow/core/platform/cpu_feature_guard.cc:141] Your CPU supports instructions that this TensorFlow binary was not compiled to use: AVX2 FMA
2019-05-14 18:49:22.263368: I tensorflow/core/common_runtime/gpu/gpu_device.cc:1405] Found device 0 with properties: 
name: TITAN V major: 7 minor: 0 memoryClockRate(GHz): 1.455
pciBusID: 0000:83:00.0
totalMemory: 11.75GiB freeMemory: 11.34GiB
2019-05-14 18:49:22.263424: I tensorflow/core/common_runtime/gpu/gpu_device.cc:1484] Adding visible gpu devices: 0
2019-05-14 18:49:22.725155: I tensorflow/core/common_runtime/gpu/gpu_device.cc:965] Device interconnect StreamExecutor with strength 1 edge matrix:
2019-05-14 18:49:22.725205: I tensorflow/core/common_runtime/gpu/gpu_device.cc:971]      0 
2019-05-14 18:49:22.725212: I tensorflow/core/common_runtime/gpu/gpu_device.cc:984] 0:   N 
2019-05-14 18:49:22.725571: I tensorflow/core/common_runtime/gpu/gpu_device.cc:1097] Created TensorFlow device (/job:localhost/replica:0/task:0/device:GPU:0 with 10955 MB memory) -> physical GPU (device: 0, name: TITAN V, pci bus id: 0000:83:00.0, compute capability: 7.0)
{'alpha': 0.06392973578897843, 'dropout': 0.1647775576327507, 'lr': 0.004932620897297538, 'leaky_relu': 0.3913350904416603, 'batch_norm': 1, 'num_layers': 6, 'layer_0': 350, 'layer_1': 456, 'layer_2': 260, 'layer_3': 321, 'layer_4': 385, 'layer_5': 142, 'layer_6': 147, 'layer_7': 283, 'max_concurrent': 3, 'P': 'arcus_gpu.p', 'q': 'arcus.q', 'l': "hostname='(arcus-1|arcus-2|arcus-3|arcus-4|arcus-5|arcus-6|arcus-7|arcus-8|arcus-9|arcus-10)'", 'env': '/home/jott1/Projects/SHERPA_EX/.profile', 'data': 'fluxbypass_aqua', 'net_type': 'conservation', 'loss_type': 'mse', 'batch_size': 2048, 'data_dir': '/baldig/chemistry/earth_system_science/', 'max_dense_layers': 8, 'epochs': 25, 'patience': 10}
Epoch 1/25
 - 2389s - loss: 375.3534 - mean_squared_error: 375.3534 - val_loss: 357.2497 - val_mean_squared_error: 357.2497
Epoch 2/25
 - 699s - loss: 318.6977 - mean_squared_error: 318.6977 - val_loss: 370.3449 - val_mean_squared_error: 370.3449
Epoch 3/25
 - 689s - loss: 310.2846 - mean_squared_error: 310.2846 - val_loss: 341.5786 - val_mean_squared_error: 341.5786
Epoch 4/25
 - 695s - loss: 306.1948 - mean_squared_error: 306.1948 - val_loss: 334.7550 - val_mean_squared_error: 334.7550
Epoch 5/25
 - 695s - loss: 303.5591 - mean_squared_error: 303.5591 - val_loss: 365.8790 - val_mean_squared_error: 365.8790
Epoch 6/25
 - 707s - loss: 301.8042 - mean_squared_error: 301.8042 - val_loss: 349.2230 - val_mean_squared_error: 349.2230
Epoch 7/25
 - 2912s - loss: 300.4604 - mean_squared_error: 300.4604 - val_loss: 352.7488 - val_mean_squared_error: 352.7488
Epoch 8/25
 - 710s - loss: 299.3420 - mean_squared_error: 299.3420 - val_loss: 354.1617 - val_mean_squared_error: 354.1617
Epoch 9/25
 - 700s - loss: 298.4803 - mean_squared_error: 298.4803 - val_loss: 331.0202 - val_mean_squared_error: 331.0202
Epoch 10/25
 - 691s - loss: 297.7780 - mean_squared_error: 297.7780 - val_loss: 400.0231 - val_mean_squared_error: 400.0231
Epoch 11/25
 - 694s - loss: 296.9861 - mean_squared_error: 296.9861 - val_loss: 354.8366 - val_mean_squared_error: 354.8366
Epoch 12/25
 - 697s - loss: 296.2322 - mean_squared_error: 296.2322 - val_loss: 355.0474 - val_mean_squared_error: 355.0474
Epoch 13/25
 - 696s - loss: 295.8950 - mean_squared_error: 295.8950 - val_loss: 362.3523 - val_mean_squared_error: 362.3523
Epoch 14/25
 - 700s - loss: 295.5886 - mean_squared_error: 295.5886 - val_loss: 348.1003 - val_mean_squared_error: 348.1003
Epoch 15/25
 - 699s - loss: 295.0467 - mean_squared_error: 295.0467 - val_loss: 355.6995 - val_mean_squared_error: 355.6995
Epoch 16/25
 - 690s - loss: 294.8369 - mean_squared_error: 294.8369 - val_loss: 350.1039 - val_mean_squared_error: 350.1039
Epoch 17/25
 - 2818s - loss: 294.7418 - mean_squared_error: 294.7418 - val_loss: 359.0512 - val_mean_squared_error: 359.0512
Epoch 18/25
 - 708s - loss: 294.6764 - mean_squared_error: 294.6764 - val_loss: 355.9363 - val_mean_squared_error: 355.9363
Epoch 19/25
 - 703s - loss: 294.4952 - mean_squared_error: 294.4952 - val_loss: 313.5329 - val_mean_squared_error: 313.5329
Epoch 20/25
 - 697s - loss: 294.4703 - mean_squared_error: 294.4703 - val_loss: 359.2557 - val_mean_squared_error: 359.2557
Epoch 21/25
 - 707s - loss: 294.3591 - mean_squared_error: 294.3591 - val_loss: 340.8789 - val_mean_squared_error: 340.8789
Epoch 22/25
 - 694s - loss: 294.3849 - mean_squared_error: 294.3849 - val_loss: 324.2214 - val_mean_squared_error: 324.2214
Epoch 23/25
 - 700s - loss: 294.2818 - mean_squared_error: 294.2818 - val_loss: 340.9918 - val_mean_squared_error: 340.9918
Epoch 24/25
 - 707s - loss: 294.1699 - mean_squared_error: 294.1699 - val_loss: 365.4534 - val_mean_squared_error: 365.4534
Epoch 25/25
 - 715s - loss: 294.0507 - mean_squared_error: 294.0507 - val_loss: 332.2205 - val_mean_squared_error: 332.2205
/pkg/python/3.6.1-centos7/lib/python3.6/site-packages/h5py/__init__.py:34: FutureWarning: Conversion of the second argument of issubdtype from `float` to `np.floating` is deprecated. In future, it will be treated as `np.float64 == np.dtype(float).type`.
  from ._conv import register_converters as _register_converters
Using TensorFlow backend.
Done with trial 1
