Running from arcus-8
2019-05-16 07:45:52.025348: I tensorflow/core/platform/cpu_feature_guard.cc:141] Your CPU supports instructions that this TensorFlow binary was not compiled to use: AVX2 FMA
2019-05-16 07:45:52.971093: I tensorflow/core/common_runtime/gpu/gpu_device.cc:1405] Found device 0 with properties: 
name: TITAN X (Pascal) major: 6 minor: 1 memoryClockRate(GHz): 1.531
pciBusID: 0000:81:00.0
totalMemory: 11.91GiB freeMemory: 11.75GiB
2019-05-16 07:45:52.971153: I tensorflow/core/common_runtime/gpu/gpu_device.cc:1484] Adding visible gpu devices: 0
2019-05-16 07:46:04.192327: I tensorflow/core/common_runtime/gpu/gpu_device.cc:965] Device interconnect StreamExecutor with strength 1 edge matrix:
2019-05-16 07:46:04.193092: I tensorflow/core/common_runtime/gpu/gpu_device.cc:971]      0 
2019-05-16 07:46:04.193116: I tensorflow/core/common_runtime/gpu/gpu_device.cc:984] 0:   N 
2019-05-16 07:46:04.193713: I tensorflow/core/common_runtime/gpu/gpu_device.cc:1097] Created TensorFlow device (/job:localhost/replica:0/task:0/device:GPU:0 with 11374 MB memory) -> physical GPU (device: 0, name: TITAN X (Pascal), pci bus id: 0000:81:00.0, compute capability: 6.1)
{'alpha': 0.4168993627091202, 'dropout': 0.0688837163127049, 'lr': 0.006898611392623836, 'leaky_relu': 0.13487648338699215, 'batch_norm': 1, 'num_layers': 7, 'layer_0': 249, 'layer_1': 208, 'layer_2': 169, 'layer_3': 493, 'layer_4': 167, 'layer_5': 182, 'layer_6': 169, 'layer_7': 148, 'max_concurrent': 3, 'P': 'arcus_gpu.p', 'q': 'arcus.q', 'l': "hostname='(arcus-1|arcus-2|arcus-3|arcus-4|arcus-5|arcus-6|arcus-7|arcus-8|arcus-9|arcus-10)'", 'env': '/home/jott1/Projects/SHERPA_EX/.profile', 'data': 'fluxbypass_aqua', 'net_type': 'conservation', 'loss_type': 'mse', 'batch_size': 2048, 'data_dir': '/baldig/chemistry/earth_system_science/', 'max_dense_layers': 8, 'epochs': 25, 'patience': 10}
Epoch 1/25
 - 5874s - loss: 351.2551 - mean_squared_error: 351.2551 - val_loss: 357.4072 - val_mean_squared_error: 357.4072
Epoch 2/25
 - 5401s - loss: 295.4809 - mean_squared_error: 295.4809 - val_loss: 383.8213 - val_mean_squared_error: 383.8213
Epoch 3/25
 - 5336s - loss: 286.2852 - mean_squared_error: 286.2852 - val_loss: 325.3810 - val_mean_squared_error: 325.3810
Epoch 4/25
 - 4990s - loss: 281.2575 - mean_squared_error: 281.2575 - val_loss: 347.2640 - val_mean_squared_error: 347.2640
Epoch 5/25
 - 3651s - loss: 277.9170 - mean_squared_error: 277.9170 - val_loss: 318.3982 - val_mean_squared_error: 318.3982
Epoch 6/25
 - 3116s - loss: 275.6367 - mean_squared_error: 275.6367 - val_loss: 338.9870 - val_mean_squared_error: 338.9870
Epoch 7/25
 - 3193s - loss: 273.8328 - mean_squared_error: 273.8328 - val_loss: 340.5817 - val_mean_squared_error: 340.5817
Epoch 8/25
 - 3259s - loss: 272.5278 - mean_squared_error: 272.5278 - val_loss: 367.5096 - val_mean_squared_error: 367.5096
Epoch 9/25
 - 3253s - loss: 271.7396 - mean_squared_error: 271.7396 - val_loss: 360.2418 - val_mean_squared_error: 360.2418
Epoch 10/25
 - 3604s - loss: 271.1580 - mean_squared_error: 271.1580 - val_loss: 404.7546 - val_mean_squared_error: 404.7546
Epoch 11/25
 - 3350s - loss: 270.5158 - mean_squared_error: 270.5158 - val_loss: 396.7951 - val_mean_squared_error: 396.7951
Epoch 12/25
 - 3472s - loss: 270.1315 - mean_squared_error: 270.1315 - val_loss: 370.2605 - val_mean_squared_error: 370.2605
Epoch 13/25
 - 3264s - loss: 269.8050 - mean_squared_error: 269.8050 - val_loss: 351.5443 - val_mean_squared_error: 351.5443
Epoch 14/25
 - 3555s - loss: 269.2076 - mean_squared_error: 269.2076 - val_loss: 351.3134 - val_mean_squared_error: 351.3134
Epoch 15/25
 - 3385s - loss: 268.7478 - mean_squared_error: 268.7478 - val_loss: 308.3166 - val_mean_squared_error: 308.3166
Epoch 16/25
 - 4706s - loss: 268.2974 - mean_squared_error: 268.2974 - val_loss: 333.6785 - val_mean_squared_error: 333.6785
Epoch 17/25
 - 3683s - loss: 267.8471 - mean_squared_error: 267.8471 - val_loss: 356.2149 - val_mean_squared_error: 356.2149
Epoch 18/25
 - 3486s - loss: 267.3748 - mean_squared_error: 267.3748 - val_loss: 363.1893 - val_mean_squared_error: 363.1893
Epoch 19/25
 - 3556s - loss: 266.8069 - mean_squared_error: 266.8069 - val_loss: 348.6980 - val_mean_squared_error: 348.6980
Epoch 20/25
 - 3626s - loss: 266.6815 - mean_squared_error: 266.6815 - val_loss: 337.1004 - val_mean_squared_error: 337.1004
Epoch 21/25
 - 3888s - loss: 266.8812 - mean_squared_error: 266.8812 - val_loss: 435.1976 - val_mean_squared_error: 435.1976
Epoch 22/25
 - 3611s - loss: 266.8643 - mean_squared_error: 266.8643 - val_loss: 373.5633 - val_mean_squared_error: 373.5633
Epoch 23/25
 - 3296s - loss: 267.0345 - mean_squared_error: 267.0345 - val_loss: 331.3490 - val_mean_squared_error: 331.3490
Epoch 24/25
 - 3218s - loss: 267.0653 - mean_squared_error: 267.0653 - val_loss: 368.9608 - val_mean_squared_error: 368.9608
Epoch 25/25
 - 3487s - loss: 266.9513 - mean_squared_error: 266.9513 - val_loss: 340.9055 - val_mean_squared_error: 340.9055
/pkg/python/3.6.1-centos7/lib/python3.6/site-packages/h5py/__init__.py:34: FutureWarning: Conversion of the second argument of issubdtype from `float` to `np.floating` is deprecated. In future, it will be treated as `np.float64 == np.dtype(float).type`.
  from ._conv import register_converters as _register_converters
Using TensorFlow backend.
Done with trial 11
