Running from arcus-8
2019-05-17 06:28:35.638809: I tensorflow/core/platform/cpu_feature_guard.cc:141] Your CPU supports instructions that this TensorFlow binary was not compiled to use: AVX2 FMA
2019-05-17 06:28:36.412803: I tensorflow/core/common_runtime/gpu/gpu_device.cc:1405] Found device 0 with properties: 
name: TITAN X (Pascal) major: 6 minor: 1 memoryClockRate(GHz): 1.531
pciBusID: 0000:82:00.0
totalMemory: 11.91GiB freeMemory: 11.75GiB
2019-05-17 06:28:36.412860: I tensorflow/core/common_runtime/gpu/gpu_device.cc:1484] Adding visible gpu devices: 0
2019-05-17 06:28:36.898352: I tensorflow/core/common_runtime/gpu/gpu_device.cc:965] Device interconnect StreamExecutor with strength 1 edge matrix:
2019-05-17 06:28:36.898406: I tensorflow/core/common_runtime/gpu/gpu_device.cc:971]      0 
2019-05-17 06:28:36.898417: I tensorflow/core/common_runtime/gpu/gpu_device.cc:984] 0:   N 
2019-05-17 06:28:36.898809: I tensorflow/core/common_runtime/gpu/gpu_device.cc:1097] Created TensorFlow device (/job:localhost/replica:0/task:0/device:GPU:0 with 11374 MB memory) -> physical GPU (device: 0, name: TITAN X (Pascal), pci bus id: 0000:82:00.0, compute capability: 6.1)
Epoch 1/25
 - 3514s - loss: 2324.9157 - mean_squared_error: 2324.9157 - val_loss: 498.7347 - val_mean_squared_error: 498.7347
Epoch 2/25
 - 3295s - loss: 1257.8695 - mean_squared_error: 1257.8695 - val_loss: 462.9498 - val_mean_squared_error: 462.9498
Epoch 3/25
 - 3216s - loss: 1064.2684 - mean_squared_error: 1064.2684 - val_loss: 814.9330 - val_mean_squared_error: 814.9330
Epoch 4/25
 - 3487s - loss: 1104.0118 - mean_squared_error: 1104.0118 - val_loss: 806.6801 - val_mean_squared_error: 806.6801
Epoch 5/25
 - 3943s - loss: 952.9966 - mean_squared_error: 952.9966 - val_loss: 904.6321 - val_mean_squared_error: 904.6321
Epoch 6/25
 - 4037s - loss: 1018.8131 - mean_squared_error: 1018.8131 - val_loss: 720.6950 - val_mean_squared_error: 720.6950
/pkg/python/3.6.1-centos7/lib/python3.6/site-packages/h5py/__init__.py:34: FutureWarning: Conversion of the second argument of issubdtype from `float` to `np.floating` is deprecated. In future, it will be treated as `np.float64 == np.dtype(float).type`.
  from ._conv import register_converters as _register_converters
Using TensorFlow backend.
Epoch 7/25
Traceback (most recent call last):
  File "main.py", line 98, in <module>
    # save lr model
  File "/home/jott1/Projects/CBRAIN-CAM/notebooks/tbeucler_devlog/hp_opt_conservation/model.py", line 130, in train
    callbacks=callbacks,
  File "/home/jott1/.local/lib/python3.6/site-packages/tensorflow/python/keras/engine/training.py", line 1779, in fit_generator
    initial_epoch=initial_epoch)
  File "/home/jott1/.local/lib/python3.6/site-packages/tensorflow/python/keras/engine/training_generator.py", line 244, in fit_generator
    callbacks.on_epoch_end(epoch, epoch_logs)
  File "/home/jott1/.local/lib/python3.6/site-packages/tensorflow/python/keras/callbacks.py", line 96, in on_epoch_end
    callback.on_epoch_end(epoch, logs)
  File "/home/jott1/.local/lib/python3.6/site-packages/sherpa/database.py", line 226, in <lambda>
    context={n: logs[n] for n in context_names})
  File "/home/jott1/.local/lib/python3.6/site-packages/sherpa/database.py", line 209, in send_metrics
    self.db.results.insert_one(result)
  File "/home/jott1/.local/lib/python3.6/site-packages/pymongo/collection.py", line 700, in insert_one
    session=session),
  File "/home/jott1/.local/lib/python3.6/site-packages/pymongo/collection.py", line 614, in _insert
    bypass_doc_val, session)
  File "/home/jott1/.local/lib/python3.6/site-packages/pymongo/collection.py", line 602, in _insert_one
    acknowledged, _insert_command, session)
  File "/home/jott1/.local/lib/python3.6/site-packages/pymongo/mongo_client.py", line 1279, in _retryable_write
    with self._tmp_session(session) as s:
  File "/pkg/python/3.6.1-centos7/lib/python3.6/contextlib.py", line 82, in __enter__
    return next(self.gen)
  File "/home/jott1/.local/lib/python3.6/site-packages/pymongo/mongo_client.py", line 1611, in _tmp_session
    s = self._ensure_session(session)
  File "/home/jott1/.local/lib/python3.6/site-packages/pymongo/mongo_client.py", line 1598, in _ensure_session
    return self.__start_session(True, causal_consistency=False)
  File "/home/jott1/.local/lib/python3.6/site-packages/pymongo/mongo_client.py", line 1551, in __start_session
    server_session = self._get_server_session()
  File "/home/jott1/.local/lib/python3.6/site-packages/pymongo/mongo_client.py", line 1584, in _get_server_session
    return self._topology.get_server_session()
  File "/home/jott1/.local/lib/python3.6/site-packages/pymongo/topology.py", line 429, in get_server_session
    None)
  File "/home/jott1/.local/lib/python3.6/site-packages/pymongo/topology.py", line 200, in _select_servers_loop
    self._error_message(selector))
pymongo.errors.ServerSelectionTimeoutError: arcus-2.ics.uci.edu:27001: [Errno 111] Connection refused
