Running from arcus-10
2019-05-15 11:18:54.602110: I tensorflow/core/platform/cpu_feature_guard.cc:141] Your CPU supports instructions that this TensorFlow binary was not compiled to use: AVX2 FMA
2019-05-15 11:18:57.356342: I tensorflow/core/common_runtime/gpu/gpu_device.cc:1405] Found device 0 with properties: 
name: TITAN V major: 7 minor: 0 memoryClockRate(GHz): 1.455
pciBusID: 0000:02:00.0
totalMemory: 11.75GiB freeMemory: 11.34GiB
2019-05-15 11:18:57.356397: I tensorflow/core/common_runtime/gpu/gpu_device.cc:1484] Adding visible gpu devices: 0
2019-05-15 11:18:57.805573: I tensorflow/core/common_runtime/gpu/gpu_device.cc:965] Device interconnect StreamExecutor with strength 1 edge matrix:
2019-05-15 11:18:57.805626: I tensorflow/core/common_runtime/gpu/gpu_device.cc:971]      0 
2019-05-15 11:18:57.805634: I tensorflow/core/common_runtime/gpu/gpu_device.cc:984] 0:   N 
2019-05-15 11:18:57.805953: I tensorflow/core/common_runtime/gpu/gpu_device.cc:1097] Created TensorFlow device (/job:localhost/replica:0/task:0/device:GPU:0 with 10955 MB memory) -> physical GPU (device: 0, name: TITAN V, pci bus id: 0000:02:00.0, compute capability: 7.0)
{'alpha': 0.0715241405357473, 'dropout': 0.12505679916469647, 'lr': 0.005966616156791128, 'leaky_relu': 0.046250441650811935, 'batch_norm': 0, 'num_layers': 3, 'layer_0': 333, 'layer_1': 427, 'layer_2': 34, 'layer_3': 181, 'layer_4': 366, 'layer_5': 363, 'layer_6': 376, 'layer_7': 479, 'max_concurrent': 3, 'P': 'arcus_gpu.p', 'q': 'arcus.q', 'l': "hostname='(arcus-1|arcus-2|arcus-3|arcus-4|arcus-5|arcus-6|arcus-7|arcus-8|arcus-9|arcus-10)'", 'env': '/home/jott1/Projects/SHERPA_EX/.profile', 'data': 'fluxbypass_aqua', 'net_type': 'conservation', 'loss_type': 'mse', 'batch_size': 2048, 'data_dir': '/baldig/chemistry/earth_system_science/', 'max_dense_layers': 8, 'epochs': 25, 'patience': 10}
Epoch 1/25
 - 2225s - loss: 350.6621 - mean_squared_error: 350.6621 - val_loss: 320.7039 - val_mean_squared_error: 320.7039
Epoch 2/25
 - 513s - loss: 286.9480 - mean_squared_error: 286.9480 - val_loss: 312.3111 - val_mean_squared_error: 312.3111
Epoch 3/25
 - 497s - loss: 275.2245 - mean_squared_error: 275.2245 - val_loss: 250.5798 - val_mean_squared_error: 250.5798
Epoch 4/25
 - 504s - loss: 269.2695 - mean_squared_error: 269.2695 - val_loss: 241.6817 - val_mean_squared_error: 241.6817
Epoch 5/25
 - 511s - loss: 264.9710 - mean_squared_error: 264.9710 - val_loss: 250.8635 - val_mean_squared_error: 250.8635
Epoch 6/25
 - 516s - loss: 261.6972 - mean_squared_error: 261.6972 - val_loss: 242.0198 - val_mean_squared_error: 242.0198
Epoch 7/25
 - 521s - loss: 259.1513 - mean_squared_error: 259.1513 - val_loss: 283.1012 - val_mean_squared_error: 283.1012
Epoch 8/25
 - 515s - loss: 257.3852 - mean_squared_error: 257.3852 - val_loss: 232.1788 - val_mean_squared_error: 232.1788
Epoch 9/25
 - 552s - loss: 256.1581 - mean_squared_error: 256.1581 - val_loss: 207.0800 - val_mean_squared_error: 207.0800
Epoch 10/25
 - 517s - loss: 255.0893 - mean_squared_error: 255.0893 - val_loss: 259.5637 - val_mean_squared_error: 259.5637
Epoch 11/25
 - 510s - loss: 253.7737 - mean_squared_error: 253.7737 - val_loss: 232.6523 - val_mean_squared_error: 232.6523
Epoch 12/25
 - 2975s - loss: 252.5891 - mean_squared_error: 252.5891 - val_loss: 258.0431 - val_mean_squared_error: 258.0431
Epoch 13/25
 - 492s - loss: 251.9739 - mean_squared_error: 251.9739 - val_loss: 289.2390 - val_mean_squared_error: 289.2390
Epoch 14/25
 - 492s - loss: 251.1251 - mean_squared_error: 251.1251 - val_loss: 232.4270 - val_mean_squared_error: 232.4270
Epoch 15/25
 - 513s - loss: 250.4081 - mean_squared_error: 250.4081 - val_loss: 226.8172 - val_mean_squared_error: 226.8172
Epoch 16/25
 - 499s - loss: 249.6380 - mean_squared_error: 249.6380 - val_loss: 224.2628 - val_mean_squared_error: 224.2628
Epoch 17/25
 - 487s - loss: 249.3230 - mean_squared_error: 249.3230 - val_loss: 274.8300 - val_mean_squared_error: 274.8300
Epoch 18/25
 - 516s - loss: 248.7212 - mean_squared_error: 248.7212 - val_loss: 242.9677 - val_mean_squared_error: 242.9677
Epoch 19/25
 - 495s - loss: 248.5167 - mean_squared_error: 248.5167 - val_loss: 222.0312 - val_mean_squared_error: 222.0312
/pkg/python/3.6.1-centos7/lib/python3.6/site-packages/h5py/__init__.py:34: FutureWarning: Conversion of the second argument of issubdtype from `float` to `np.floating` is deprecated. In future, it will be treated as `np.float64 == np.dtype(float).type`.
  from ._conv import register_converters as _register_converters
Using TensorFlow backend.
Done with trial 7
