2019-05-20 11:46:43.823942: I tensorflow/core/common_runtime/gpu/gpu_device.cc:1405] Found device 0 with properties: 
name: GeForce GTX TITAN Black major: 3 minor: 5 memoryClockRate(GHz): 0.98
pciBusID: 0000:83:00.0
totalMemory: 5.94GiB freeMemory: 5.59GiB
2019-05-20 11:46:43.824022: I tensorflow/core/common_runtime/gpu/gpu_device.cc:1484] Adding visible gpu devices: 0
2019-05-20 11:46:50.302443: I tensorflow/core/common_runtime/gpu/gpu_device.cc:965] Device interconnect StreamExecutor with strength 1 edge matrix:
2019-05-20 11:46:50.302527: I tensorflow/core/common_runtime/gpu/gpu_device.cc:971]      0 
2019-05-20 11:46:50.302551: I tensorflow/core/common_runtime/gpu/gpu_device.cc:984] 0:   N 
2019-05-20 11:46:50.302924: I tensorflow/core/common_runtime/gpu/gpu_device.cc:1097] Created TensorFlow device (/job:localhost/replica:0/task:0/device:GPU:0 with 5238 MB memory) -> physical GPU (device: 0, name: GeForce GTX TITAN Black, pci bus id: 0000:83:00.0, compute capability: 3.5)
Generator will have 200378880 samples in 97841 batches
Features have shape 64; targets have shape 65
Generator will have 200378880 samples in 97841 batches
Features have shape 64; targets have shape 65
Epoch 1/25
 - 7224s - loss: 0.0039 - mean_squared_error: 0.0039 - val_loss: 0.0029 - val_mean_squared_error: 0.0029
Epoch 2/25
 - 7380s - loss: 0.0029 - mean_squared_error: 0.0029 - val_loss: 0.0030 - val_mean_squared_error: 0.0030
Epoch 3/25
 - 7232s - loss: 0.0029 - mean_squared_error: 0.0029 - val_loss: 0.0030 - val_mean_squared_error: 0.0030
Epoch 4/25
 - 6627s - loss: 0.0029 - mean_squared_error: 0.0029 - val_loss: 0.0028 - val_mean_squared_error: 0.0028
Epoch 5/25
 - 6566s - loss: 0.0028 - mean_squared_error: 0.0028 - val_loss: 0.0028 - val_mean_squared_error: 0.0028
Epoch 6/25
 - 8132s - loss: 0.0028 - mean_squared_error: 0.0028 - val_loss: 0.0028 - val_mean_squared_error: 0.0028
Epoch 7/25
 - 10520s - loss: 0.0028 - mean_squared_error: 0.0028 - val_loss: 0.0028 - val_mean_squared_error: 0.0028
Epoch 8/25
 - 8385s - loss: 0.0028 - mean_squared_error: 0.0028 - val_loss: 0.0028 - val_mean_squared_error: 0.0028
Epoch 9/25
 - 7168s - loss: 0.0028 - mean_squared_error: 0.0028 - val_loss: 0.0028 - val_mean_squared_error: 0.0028
Epoch 10/25
 - 8496s - loss: 0.0028 - mean_squared_error: 0.0028 - val_loss: 0.0028 - val_mean_squared_error: 0.0028
Epoch 11/25
 - 6922s - loss: 0.0028 - mean_squared_error: 0.0028 - val_loss: 0.0027 - val_mean_squared_error: 0.0027
Epoch 12/25
 - 7190s - loss: 0.0028 - mean_squared_error: 0.0028 - val_loss: 0.0028 - val_mean_squared_error: 0.0028
