2019-05-20 11:46:43.826906: I tensorflow/core/common_runtime/gpu/gpu_device.cc:1405] Found device 0 with properties: 
name: GeForce GTX TITAN Black major: 3 minor: 5 memoryClockRate(GHz): 0.98
pciBusID: 0000:83:00.0
totalMemory: 5.94GiB freeMemory: 5.59GiB
2019-05-20 11:46:43.826960: I tensorflow/core/common_runtime/gpu/gpu_device.cc:1484] Adding visible gpu devices: 0
2019-05-20 11:46:50.474028: I tensorflow/core/common_runtime/gpu/gpu_device.cc:965] Device interconnect StreamExecutor with strength 1 edge matrix:
2019-05-20 11:46:50.474090: I tensorflow/core/common_runtime/gpu/gpu_device.cc:971]      0 
2019-05-20 11:46:50.474103: I tensorflow/core/common_runtime/gpu/gpu_device.cc:984] 0:   N 
2019-05-20 11:46:50.474424: I tensorflow/core/common_runtime/gpu/gpu_device.cc:1097] Created TensorFlow device (/job:localhost/replica:0/task:0/device:GPU:0 with 5197 MB memory) -> physical GPU (device: 0, name: GeForce GTX TITAN Black, pci bus id: 0000:83:00.0, compute capability: 3.5)
Generator will have 200378880 samples in 97841 batches
Features have shape 64; targets have shape 65
Generator will have 200378880 samples in 97841 batches
Features have shape 64; targets have shape 65
Epoch 1/25
 - 7224s - loss: 0.0041 - mean_squared_error: 0.0041 - val_loss: 0.0036 - val_mean_squared_error: 0.0036
Epoch 2/25
 - 7381s - loss: 0.0038 - mean_squared_error: 0.0038 - val_loss: 0.0036 - val_mean_squared_error: 0.0036
Epoch 3/25
 - 7232s - loss: 0.0038 - mean_squared_error: 0.0038 - val_loss: 0.0035 - val_mean_squared_error: 0.0035
Epoch 4/25
 - 6627s - loss: 0.0038 - mean_squared_error: 0.0038 - val_loss: 0.0036 - val_mean_squared_error: 0.0036
Epoch 5/25
 - 6566s - loss: 0.0038 - mean_squared_error: 0.0038 - val_loss: 0.0035 - val_mean_squared_error: 0.0035
Epoch 6/25
 - 8132s - loss: 0.0038 - mean_squared_error: 0.0038 - val_loss: 0.0035 - val_mean_squared_error: 0.0035
Epoch 7/25
 - 10520s - loss: 0.0038 - mean_squared_error: 0.0038 - val_loss: 0.0035 - val_mean_squared_error: 0.0035
Epoch 8/25
 - 8383s - loss: 0.0038 - mean_squared_error: 0.0038 - val_loss: 0.0036 - val_mean_squared_error: 0.0036
Epoch 9/25
 - 7169s - loss: 0.0038 - mean_squared_error: 0.0038 - val_loss: 0.0036 - val_mean_squared_error: 0.0036
Epoch 10/25
 - 8495s - loss: 0.0038 - mean_squared_error: 0.0038 - val_loss: 0.0036 - val_mean_squared_error: 0.0036
Epoch 11/25
 - 6922s - loss: 0.0038 - mean_squared_error: 0.0038 - val_loss: 0.0036 - val_mean_squared_error: 0.0036
Epoch 12/25
 - 6110s - loss: 0.0038 - mean_squared_error: 0.0038 - val_loss: 0.0035 - val_mean_squared_error: 0.0035
