2019-05-20 11:46:43.827110: I tensorflow/core/common_runtime/gpu/gpu_device.cc:1405] Found device 0 with properties: 
name: GeForce GTX TITAN Black major: 3 minor: 5 memoryClockRate(GHz): 0.98
pciBusID: 0000:83:00.0
totalMemory: 5.94GiB freeMemory: 5.59GiB
2019-05-20 11:46:43.827179: I tensorflow/core/common_runtime/gpu/gpu_device.cc:1484] Adding visible gpu devices: 0
2019-05-20 11:46:50.342161: I tensorflow/core/common_runtime/gpu/gpu_device.cc:965] Device interconnect StreamExecutor with strength 1 edge matrix:
2019-05-20 11:46:50.342234: I tensorflow/core/common_runtime/gpu/gpu_device.cc:971]      0 
2019-05-20 11:46:50.342255: I tensorflow/core/common_runtime/gpu/gpu_device.cc:984] 0:   N 
2019-05-20 11:46:50.342582: I tensorflow/core/common_runtime/gpu/gpu_device.cc:1097] Created TensorFlow device (/job:localhost/replica:0/task:0/device:GPU:0 with 5225 MB memory) -> physical GPU (device: 0, name: GeForce GTX TITAN Black, pci bus id: 0000:83:00.0, compute capability: 3.5)
Generator will have 200378880 samples in 97841 batches
Features have shape 64; targets have shape 65
Generator will have 200378880 samples in 97841 batches
Features have shape 64; targets have shape 65
Epoch 1/25
 - 7224s - loss: 0.0166 - mean_squared_error: 0.0166 - val_loss: 0.0129 - val_mean_squared_error: 0.0129
Epoch 2/25
 - 7377s - loss: 0.0159 - mean_squared_error: 0.0159 - val_loss: 0.0046 - val_mean_squared_error: 0.0046
Epoch 3/25
 - 7234s - loss: 0.0152 - mean_squared_error: 0.0152 - val_loss: 0.0041 - val_mean_squared_error: 0.0041
Epoch 4/25
 - 6627s - loss: 0.0150 - mean_squared_error: 0.0150 - val_loss: 0.0040 - val_mean_squared_error: 0.0040
Epoch 5/25
 - 6565s - loss: 0.0151 - mean_squared_error: 0.0151 - val_loss: 0.0040 - val_mean_squared_error: 0.0040
Epoch 6/25
 - 8131s - loss: 0.0146 - mean_squared_error: 0.0146 - val_loss: 0.0041 - val_mean_squared_error: 0.0041
Epoch 7/25
 - 10519s - loss: 0.0149 - mean_squared_error: 0.0149 - val_loss: 0.0047 - val_mean_squared_error: 0.0047
Epoch 8/25
 - 8382s - loss: 0.0147 - mean_squared_error: 0.0147 - val_loss: 0.0042 - val_mean_squared_error: 0.0042
Epoch 9/25
 - 7170s - loss: 0.0148 - mean_squared_error: 0.0148 - val_loss: 0.0044 - val_mean_squared_error: 0.0044
Epoch 10/25
 - 8495s - loss: 0.0146 - mean_squared_error: 0.0146 - val_loss: 0.0085 - val_mean_squared_error: 0.0085
Epoch 11/25
 - 6919s - loss: 0.0148 - mean_squared_error: 0.0148 - val_loss: 0.0056 - val_mean_squared_error: 0.0056
Epoch 12/25
 - 6108s - loss: 0.0146 - mean_squared_error: 0.0146 - val_loss: 0.0053 - val_mean_squared_error: 0.0053
