2019-05-20 11:46:43.877984: I tensorflow/core/common_runtime/gpu/gpu_device.cc:1405] Found device 0 with properties: 
name: Tesla K40c major: 3 minor: 5 memoryClockRate(GHz): 0.745
pciBusID: 0000:84:00.0
totalMemory: 11.17GiB freeMemory: 10.83GiB
2019-05-20 11:46:43.878038: I tensorflow/core/common_runtime/gpu/gpu_device.cc:1484] Adding visible gpu devices: 0
2019-05-20 11:46:50.335758: I tensorflow/core/common_runtime/gpu/gpu_device.cc:965] Device interconnect StreamExecutor with strength 1 edge matrix:
2019-05-20 11:46:50.335793: I tensorflow/core/common_runtime/gpu/gpu_device.cc:971]      0 
2019-05-20 11:46:50.335805: I tensorflow/core/common_runtime/gpu/gpu_device.cc:984] 0:   N 
2019-05-20 11:46:50.336129: I tensorflow/core/common_runtime/gpu/gpu_device.cc:1097] Created TensorFlow device (/job:localhost/replica:0/task:0/device:GPU:0 with 10341 MB memory) -> physical GPU (device: 0, name: Tesla K40c, pci bus id: 0000:84:00.0, compute capability: 3.5)
Generator will have 200378880 samples in 97841 batches
Features have shape 64; targets have shape 65
Generator will have 200378880 samples in 97841 batches
Features have shape 64; targets have shape 65
Epoch 1/25
 - 7224s - loss: 0.0042 - mean_squared_error: 0.0042 - val_loss: 0.0036 - val_mean_squared_error: 0.0036
Epoch 2/25
 - 7379s - loss: 0.0039 - mean_squared_error: 0.0039 - val_loss: 0.0037 - val_mean_squared_error: 0.0037
Epoch 3/25
 - 7234s - loss: 0.0039 - mean_squared_error: 0.0039 - val_loss: 0.0037 - val_mean_squared_error: 0.0037
Epoch 4/25
 - 6627s - loss: 0.0039 - mean_squared_error: 0.0039 - val_loss: 0.0037 - val_mean_squared_error: 0.0037
Epoch 5/25
 - 6566s - loss: 0.0039 - mean_squared_error: 0.0039 - val_loss: 0.0036 - val_mean_squared_error: 0.0036
Epoch 6/25
 - 8132s - loss: 0.0039 - mean_squared_error: 0.0039 - val_loss: 0.0036 - val_mean_squared_error: 0.0036
Epoch 7/25
 - 10521s - loss: 0.0039 - mean_squared_error: 0.0039 - val_loss: 0.0036 - val_mean_squared_error: 0.0036
Epoch 8/25
 - 8383s - loss: 0.0039 - mean_squared_error: 0.0039 - val_loss: 0.0036 - val_mean_squared_error: 0.0036
Epoch 9/25
 - 7169s - loss: 0.0039 - mean_squared_error: 0.0039 - val_loss: 0.0037 - val_mean_squared_error: 0.0037
Epoch 10/25
 - 8495s - loss: 0.0039 - mean_squared_error: 0.0039 - val_loss: 0.0036 - val_mean_squared_error: 0.0036
Epoch 11/25
 - 6921s - loss: 0.0039 - mean_squared_error: 0.0039 - val_loss: 0.0037 - val_mean_squared_error: 0.0037
Epoch 12/25
 - 6109s - loss: 0.0039 - mean_squared_error: 0.0039 - val_loss: 0.0036 - val_mean_squared_error: 0.0036
