2019-05-20 11:46:43.826962: I tensorflow/core/common_runtime/gpu/gpu_device.cc:1405] Found device 0 with properties: 
name: GeForce GTX TITAN Black major: 3 minor: 5 memoryClockRate(GHz): 0.98
pciBusID: 0000:02:00.0
totalMemory: 5.94GiB freeMemory: 5.59GiB
2019-05-20 11:46:43.827015: I tensorflow/core/common_runtime/gpu/gpu_device.cc:1484] Adding visible gpu devices: 0
2019-05-20 11:46:50.210268: I tensorflow/core/common_runtime/gpu/gpu_device.cc:965] Device interconnect StreamExecutor with strength 1 edge matrix:
2019-05-20 11:46:50.210336: I tensorflow/core/common_runtime/gpu/gpu_device.cc:971]      0 
2019-05-20 11:46:50.210361: I tensorflow/core/common_runtime/gpu/gpu_device.cc:984] 0:   N 
2019-05-20 11:46:50.210779: I tensorflow/core/common_runtime/gpu/gpu_device.cc:1097] Created TensorFlow device (/job:localhost/replica:0/task:0/device:GPU:0 with 5262 MB memory) -> physical GPU (device: 0, name: GeForce GTX TITAN Black, pci bus id: 0000:02:00.0, compute capability: 3.5)
Generator will have 200378880 samples in 97841 batches
Features have shape 64; targets have shape 65
Generator will have 200378880 samples in 97841 batches
Features have shape 64; targets have shape 65
Epoch 1/25
 - 8076s - loss: 0.0040 - mean_squared_error: 0.0040 - val_loss: 0.0035 - val_mean_squared_error: 0.0035
Epoch 2/25
 - 7230s - loss: 0.0039 - mean_squared_error: 0.0039 - val_loss: 0.0035 - val_mean_squared_error: 0.0035
Epoch 3/25
 - 6531s - loss: 0.0039 - mean_squared_error: 0.0039 - val_loss: 0.0035 - val_mean_squared_error: 0.0035
Epoch 4/25
 - 7274s - loss: 0.0039 - mean_squared_error: 0.0039 - val_loss: 0.0035 - val_mean_squared_error: 0.0035
Epoch 5/25
 - 8092s - loss: 0.0039 - mean_squared_error: 0.0039 - val_loss: 0.0034 - val_mean_squared_error: 0.0034
Epoch 6/25
 - 9268s - loss: 0.0039 - mean_squared_error: 0.0039 - val_loss: 0.0035 - val_mean_squared_error: 0.0035
Epoch 7/25
 - 9875s - loss: 0.0039 - mean_squared_error: 0.0039 - val_loss: 0.0035 - val_mean_squared_error: 0.0035
Epoch 8/25
 - 8557s - loss: 0.0039 - mean_squared_error: 0.0039 - val_loss: 0.0034 - val_mean_squared_error: 0.0034
Epoch 9/25
 - 9157s - loss: 0.0039 - mean_squared_error: 0.0039 - val_loss: 0.0035 - val_mean_squared_error: 0.0035
Epoch 10/25
 - 8842s - loss: 0.0039 - mean_squared_error: 0.0039 - val_loss: 0.0035 - val_mean_squared_error: 0.0035
Epoch 11/25
 - 7859s - loss: 0.0039 - mean_squared_error: 0.0039 - val_loss: 0.0034 - val_mean_squared_error: 0.0034
