Running from arcus-9
2019-05-11 14:06:40.091363: I tensorflow/core/platform/cpu_feature_guard.cc:141] Your CPU supports instructions that this TensorFlow binary was not compiled to use: AVX2 FMA
2019-05-11 14:06:41.764889: I tensorflow/core/common_runtime/gpu/gpu_device.cc:1405] Found device 0 with properties: 
name: TITAN X (Pascal) major: 6 minor: 1 memoryClockRate(GHz): 1.531
pciBusID: 0000:82:00.0
totalMemory: 11.91GiB freeMemory: 11.52GiB
2019-05-11 14:06:41.764952: I tensorflow/core/common_runtime/gpu/gpu_device.cc:1484] Adding visible gpu devices: 0
2019-05-11 14:06:42.223248: I tensorflow/core/common_runtime/gpu/gpu_device.cc:965] Device interconnect StreamExecutor with strength 1 edge matrix:
2019-05-11 14:06:42.223309: I tensorflow/core/common_runtime/gpu/gpu_device.cc:971]      0 
2019-05-11 14:06:42.223320: I tensorflow/core/common_runtime/gpu/gpu_device.cc:984] 0:   N 
2019-05-11 14:06:42.223694: I tensorflow/core/common_runtime/gpu/gpu_device.cc:1097] Created TensorFlow device (/job:localhost/replica:0/task:0/device:GPU:0 with 11147 MB memory) -> physical GPU (device: 0, name: TITAN X (Pascal), pci bus id: 0000:82:00.0, compute capability: 6.1)
{'alpha': 0.29799123159550533, 'dropout': 0.17093194348497076, 'lr': 0.0027867944127999886, 'leaky_relu': 0.05326514660849252, 'batch_norm': 0, 'loss_type': 'mse', 'num_layers': 4, 'layer_0': 242, 'layer_1': 248, 'layer_2': 354, 'layer_3': 198, 'layer_4': 337, 'layer_5': 46, 'layer_6': 456, 'layer_7': 386, 'max_concurrent': 3, 'P': 'arcus_gpu.p', 'q': 'arcus.q', 'l': "hostname='(arcus-1|arcus-2|arcus-3|arcus-4|arcus-5|arcus-6|arcus-7|arcus-8|arcus-9|arcus-10)'", 'env': '/home/jott1/Projects/SHERPA_EX/.profile', 'data': 'fluxbypass_aqua', 'run_type': 'hyper_param_opt', 'batch_size': 2048, 'data_dir': '/baldig/chemistry/earth_system_science/', 'max_dense_layers': 8, 'epochs': 100, 'patience': 10, 'conservation': 0}
Epoch 1/100
 - 6350s - loss: 263.6283 - val_loss: 201.9791
Epoch 2/100
 - 5084s - loss: 224.8807 - val_loss: 195.3415
Epoch 3/100
 - 4549s - loss: 216.6789 - val_loss: 199.7181
Epoch 4/100
 - 4008s - loss: 213.1863 - val_loss: 200.3679
Epoch 5/100
 - 4642s - loss: 210.8049 - val_loss: 220.8198
Epoch 6/100
 - 4419s - loss: 208.4419 - val_loss: 209.6990
Epoch 7/100
 - 3607s - loss: 206.9447 - val_loss: 216.8322
Epoch 8/100
 - 3605s - loss: 205.3365 - val_loss: 231.0641
Epoch 9/100
 - 5211s - loss: 204.1923 - val_loss: 216.2200
Epoch 10/100
 - 4749s - loss: 203.3658 - val_loss: 216.9884
Epoch 11/100
 - 3667s - loss: 202.1992 - val_loss: 216.8730
Epoch 12/100
 - 3909s - loss: 201.7647 - val_loss: 215.9391
/pkg/python/3.6.1-centos7/lib/python3.6/site-packages/h5py/__init__.py:34: FutureWarning: Conversion of the second argument of issubdtype from `float` to `np.floating` is deprecated. In future, it will be treated as `np.float64 == np.dtype(float).type`.
  from ._conv import register_converters as _register_converters
Using TensorFlow backend.
Done with trial 4
