Running from arcus-1.ics.uci.edu
2019-05-12 05:03:47.709281: I tensorflow/core/common_runtime/gpu/gpu_device.cc:1405] Found device 0 with properties: 
name: GeForce GTX TITAN major: 3 minor: 5 memoryClockRate(GHz): 0.8755
pciBusID: 0000:03:00.0
totalMemory: 5.94GiB freeMemory: 5.87GiB
2019-05-12 05:03:47.709671: I tensorflow/core/common_runtime/gpu/gpu_device.cc:1484] Adding visible gpu devices: 0
2019-05-12 05:03:53.062025: I tensorflow/core/common_runtime/gpu/gpu_device.cc:965] Device interconnect StreamExecutor with strength 1 edge matrix:
2019-05-12 05:03:53.062125: I tensorflow/core/common_runtime/gpu/gpu_device.cc:971]      0 
2019-05-12 05:03:53.062157: I tensorflow/core/common_runtime/gpu/gpu_device.cc:984] 0:   N 
2019-05-12 05:03:53.062731: I tensorflow/core/common_runtime/gpu/gpu_device.cc:1097] Created TensorFlow device (/job:localhost/replica:0/task:0/device:GPU:0 with 5662 MB memory) -> physical GPU (device: 0, name: GeForce GTX TITAN, pci bus id: 0000:03:00.0, compute capability: 3.5)
{'alpha': 0.4057649871313824, 'dropout': 0.38486380813039256, 'lr': 0.001239701820989638, 'leaky_relu': 0.05180806168064539, 'batch_norm': 0, 'loss_type': 'weak_loss', 'num_layers': 6, 'layer_0': 262, 'layer_1': 385, 'layer_2': 302, 'layer_3': 411, 'layer_4': 384, 'layer_5': 287, 'layer_6': 292, 'layer_7': 381, 'max_concurrent': 3, 'P': 'arcus_gpu.p', 'q': 'arcus.q', 'l': "hostname='(arcus-1|arcus-2|arcus-3|arcus-4|arcus-5|arcus-6|arcus-7|arcus-8|arcus-9|arcus-10)'", 'env': '/home/jott1/Projects/SHERPA_EX/.profile', 'data': 'fluxbypass_aqua', 'run_type': 'hyper_param_opt', 'batch_size': 2048, 'data_dir': '/baldig/chemistry/earth_system_science/', 'max_dense_layers': 8, 'epochs': 100, 'patience': 10, 'conservation': 0}
Epoch 1/100
 - 3275s - loss: 98.1431 - val_loss: -1.0668e+03
Epoch 2/100
 - 3880s - loss: 81601.3979 - val_loss: -3.3507e+01
Epoch 3/100
 - 3732s - loss: 4093382.2608 - val_loss: -4.6138e+03
Epoch 4/100
 - 3928s - loss: 49425387.2863 - val_loss: 2025.4710
Epoch 5/100
 - 4114s - loss: 69120354.4605 - val_loss: 3599.9397
Epoch 6/100
 - 3552s - loss: 33508025792042454866974474240.0000 - val_loss: 23110259258334581581796081664.0000
Epoch 7/100
 - 3766s - loss: 51457019309998905355208228864.0000 - val_loss: 23110259257410002253999243264.0000
Epoch 8/100
 - 4525s - loss: 44192100879515599659807539200.0000 - val_loss: 23110259256603721581258080256.0000
Epoch 9/100
 - 3826s - loss: 46177852895711410561168179200.0000 - val_loss: 23110259255366911737498435584.0000
Epoch 10/100
 - 3652s - loss: 42675104761047352681831596032.0000 - val_loss: 23110259254510475742344642560.0000
Epoch 11/100
 - 3720s - loss: 45529320213506465227778031616.0000 - val_loss: 23110259253437013744053911552.0000
Epoch 12/100
 - 3594s - loss: 51311370691218460069544853504.0000 - val_loss: 23110259252392411726969044992.0000
Epoch 13/100
 - 3336s - loss: 41299503317770784542294016000.0000 - val_loss: 23110259251078539312241836032.0000
/pkg/python/3.6.1-centos7/lib/python3.6/site-packages/h5py/__init__.py:34: FutureWarning: Conversion of the second argument of issubdtype from `float` to `np.floating` is deprecated. In future, it will be treated as `np.float64 == np.dtype(float).type`.
  from ._conv import register_converters as _register_converters
Using TensorFlow backend.
Done with trial 6
