Running from arcus-10
2019-05-12 04:49:19.662409: I tensorflow/core/platform/cpu_feature_guard.cc:141] Your CPU supports instructions that this TensorFlow binary was not compiled to use: AVX2 FMA
2019-05-12 04:49:22.871043: I tensorflow/core/common_runtime/gpu/gpu_device.cc:1405] Found device 0 with properties: 
name: TITAN V major: 7 minor: 0 memoryClockRate(GHz): 1.455
pciBusID: 0000:83:00.0
totalMemory: 11.75GiB freeMemory: 11.34GiB
2019-05-12 04:49:22.871111: I tensorflow/core/common_runtime/gpu/gpu_device.cc:1484] Adding visible gpu devices: 0
2019-05-12 04:49:23.451370: I tensorflow/core/common_runtime/gpu/gpu_device.cc:965] Device interconnect StreamExecutor with strength 1 edge matrix:
2019-05-12 04:49:23.451430: I tensorflow/core/common_runtime/gpu/gpu_device.cc:971]      0 
2019-05-12 04:49:23.451439: I tensorflow/core/common_runtime/gpu/gpu_device.cc:984] 0:   N 
2019-05-12 04:49:23.451840: I tensorflow/core/common_runtime/gpu/gpu_device.cc:1097] Created TensorFlow device (/job:localhost/replica:0/task:0/device:GPU:0 with 10955 MB memory) -> physical GPU (device: 0, name: TITAN V, pci bus id: 0000:83:00.0, compute capability: 7.0)
{'alpha': 0.9303821117769294, 'dropout': 0.2083150512150802, 'lr': 0.009377109880636782, 'leaky_relu': 0.11739390977419856, 'batch_norm': 1, 'loss_type': 'mse', 'num_layers': 3, 'layer_0': 355, 'layer_1': 41, 'layer_2': 446, 'layer_3': 88, 'layer_4': 378, 'layer_5': 258, 'layer_6': 300, 'layer_7': 276, 'max_concurrent': 3, 'P': 'arcus_gpu.p', 'q': 'arcus.q', 'l': "hostname='(arcus-1|arcus-2|arcus-3|arcus-4|arcus-5|arcus-6|arcus-7|arcus-8|arcus-9|arcus-10)'", 'env': '/home/jott1/Projects/SHERPA_EX/.profile', 'data': 'fluxbypass_aqua', 'run_type': 'hyper_param_opt', 'batch_size': 2048, 'data_dir': '/baldig/chemistry/earth_system_science/', 'max_dense_layers': 8, 'epochs': 100, 'patience': 10, 'conservation': 0}
Epoch 1/100
 - 1812s - loss: 428.4074 - val_loss: 370.1720
Epoch 2/100
 - 502s - loss: 402.7197 - val_loss: 389.4542
Epoch 3/100
 - 500s - loss: 398.2439 - val_loss: 414.3591
Epoch 4/100
 - 505s - loss: 395.5373 - val_loss: 421.9158
Epoch 5/100
 - 501s - loss: 394.3095 - val_loss: 402.0767
Epoch 6/100
 - 513s - loss: 392.7891 - val_loss: 403.5024
Epoch 7/100
 - 508s - loss: 392.0566 - val_loss: 459.3307
Epoch 8/100
 - 507s - loss: 391.5564 - val_loss: 438.3541
Epoch 9/100
 - 518s - loss: 390.7079 - val_loss: 444.2382
Epoch 10/100
 - 514s - loss: 390.3728 - val_loss: 400.8871
Epoch 11/100
 - 512s - loss: 389.6152 - val_loss: 431.9117
/pkg/python/3.6.1-centos7/lib/python3.6/site-packages/h5py/__init__.py:34: FutureWarning: Conversion of the second argument of issubdtype from `float` to `np.floating` is deprecated. In future, it will be treated as `np.float64 == np.dtype(float).type`.
  from ._conv import register_converters as _register_converters
Using TensorFlow backend.
Done with trial 5
