Running from arcus-1.ics.uci.edu
2019-05-12 18:39:27.619511: I tensorflow/core/common_runtime/gpu/gpu_device.cc:1405] Found device 0 with properties: 
name: GeForce GTX TITAN major: 3 minor: 5 memoryClockRate(GHz): 0.8755
pciBusID: 0000:03:00.0
totalMemory: 5.94GiB freeMemory: 5.87GiB
2019-05-12 18:39:27.619833: I tensorflow/core/common_runtime/gpu/gpu_device.cc:1484] Adding visible gpu devices: 0
2019-05-12 18:39:28.063736: I tensorflow/core/common_runtime/gpu/gpu_device.cc:965] Device interconnect StreamExecutor with strength 1 edge matrix:
2019-05-12 18:39:28.063799: I tensorflow/core/common_runtime/gpu/gpu_device.cc:971]      0 
2019-05-12 18:39:28.063814: I tensorflow/core/common_runtime/gpu/gpu_device.cc:984] 0:   N 
2019-05-12 18:39:28.064104: I tensorflow/core/common_runtime/gpu/gpu_device.cc:1097] Created TensorFlow device (/job:localhost/replica:0/task:0/device:GPU:0 with 5662 MB memory) -> physical GPU (device: 0, name: GeForce GTX TITAN, pci bus id: 0000:03:00.0, compute capability: 3.5)
{'alpha': 0.89373379553012, 'dropout': 0.2663120163782592, 'lr': 0.004631069240760081, 'leaky_relu': 0.3546887754422774, 'batch_norm': 1, 'loss_type': 'mse', 'num_layers': 5, 'layer_0': 288, 'layer_1': 208, 'layer_2': 375, 'layer_3': 415, 'layer_4': 480, 'layer_5': 276, 'layer_6': 292, 'layer_7': 194, 'max_concurrent': 3, 'P': 'arcus_gpu.p', 'q': 'arcus.q', 'l': "hostname='(arcus-1|arcus-2|arcus-3|arcus-4|arcus-5|arcus-6|arcus-7|arcus-8|arcus-9|arcus-10)'", 'env': '/home/jott1/Projects/SHERPA_EX/.profile', 'data': 'fluxbypass_aqua', 'run_type': 'hyper_param_opt', 'batch_size': 2048, 'data_dir': '/baldig/chemistry/earth_system_science/', 'max_dense_layers': 8, 'epochs': 100, 'patience': 10, 'conservation': 0}
Epoch 1/100
 - 3873s - loss: 428.5236 - val_loss: 309.2756
Epoch 2/100
 - 3832s - loss: 399.1386 - val_loss: 311.5459
Epoch 3/100
 - 3896s - loss: 394.3721 - val_loss: 356.3117
Epoch 4/100
 - 4228s - loss: 391.5826 - val_loss: 368.9232
Epoch 5/100
 - 3851s - loss: 390.1195 - val_loss: 343.0260
Epoch 6/100
 - 5336s - loss: 388.8076 - val_loss: 366.4759
Epoch 7/100
 - 4437s - loss: 387.9559 - val_loss: 389.0802
Epoch 8/100
 - 4439s - loss: 387.4432 - val_loss: 372.6887
Epoch 9/100
 - 4764s - loss: 386.5765 - val_loss: 367.7314
Epoch 10/100
 - 4249s - loss: 385.8859 - val_loss: 357.0895
Epoch 11/100
 - 4014s - loss: 386.0048 - val_loss: 362.7393
/pkg/python/3.6.1-centos7/lib/python3.6/site-packages/h5py/__init__.py:34: FutureWarning: Conversion of the second argument of issubdtype from `float` to `np.floating` is deprecated. In future, it will be treated as `np.float64 == np.dtype(float).type`.
  from ._conv import register_converters as _register_converters
Using TensorFlow backend.
Done with trial 8
