Running from arcus-2.ics.uci.edu
2019-05-13 13:32:18.420420: I tensorflow/core/common_runtime/gpu/gpu_device.cc:1405] Found device 0 with properties: 
name: GeForce GTX TITAN major: 3 minor: 5 memoryClockRate(GHz): 0.8755
pciBusID: 0000:03:00.0
totalMemory: 5.94GiB freeMemory: 5.87GiB
2019-05-13 13:32:18.420717: I tensorflow/core/common_runtime/gpu/gpu_device.cc:1484] Adding visible gpu devices: 0
2019-05-13 13:32:18.872184: I tensorflow/core/common_runtime/gpu/gpu_device.cc:965] Device interconnect StreamExecutor with strength 1 edge matrix:
2019-05-13 13:32:18.872229: I tensorflow/core/common_runtime/gpu/gpu_device.cc:971]      0 
2019-05-13 13:32:18.872242: I tensorflow/core/common_runtime/gpu/gpu_device.cc:984] 0:   N 
2019-05-13 13:32:18.872540: I tensorflow/core/common_runtime/gpu/gpu_device.cc:1097] Created TensorFlow device (/job:localhost/replica:0/task:0/device:GPU:0 with 5662 MB memory) -> physical GPU (device: 0, name: GeForce GTX TITAN, pci bus id: 0000:03:00.0, compute capability: 3.5)
{'alpha': 0.19498513813444762, 'dropout': 0.08232176473501002, 'lr': 0.007597732709092149, 'leaky_relu': 0.09477081485502736, 'batch_norm': 1, 'loss_type': 'mse', 'num_layers': 6, 'layer_0': 324, 'layer_1': 216, 'layer_2': 113, 'layer_3': 121, 'layer_4': 101, 'layer_5': 37, 'layer_6': 233, 'layer_7': 337, 'max_concurrent': 4, 'P': 'arcus_gpu.p', 'q': 'arcus.q', 'l': "hostname='(arcus-1|arcus-2|arcus-3|arcus-4|arcus-5|arcus-6|arcus-7|arcus-8|arcus-9|arcus-10)'", 'env': '/home/jott1/Projects/SHERPA_EX/.profile', 'data': 'fluxbypass_aqua', 'run_type': 'hyper_param_opt_conservation', 'batch_size': 2048, 'data_dir': '/baldig/chemistry/earth_system_science/', 'max_dense_layers': 8, 'epochs': 25, 'patience': 10, 'conservation': 1}
Epoch 1/25
 - 4164s - loss: 372.2216 - mean_squared_error: 372.2216 - val_loss: 353.9942 - val_mean_squared_error: 353.9942
Epoch 2/25
 - 4024s - loss: 319.9169 - mean_squared_error: 319.9169 - val_loss: 354.7075 - val_mean_squared_error: 354.7075
Epoch 3/25
 - 4136s - loss: 312.5322 - mean_squared_error: 312.5322 - val_loss: 354.1457 - val_mean_squared_error: 354.1457
Epoch 4/25
 - 3933s - loss: 308.3035 - mean_squared_error: 308.3035 - val_loss: 333.9015 - val_mean_squared_error: 333.9015
Epoch 5/25
 - 4336s - loss: 305.6443 - mean_squared_error: 305.6443 - val_loss: 375.6235 - val_mean_squared_error: 375.6235
Epoch 6/25
 - 4666s - loss: 303.6112 - mean_squared_error: 303.6112 - val_loss: 337.0757 - val_mean_squared_error: 337.0757
Epoch 7/25
 - 4722s - loss: 301.9843 - mean_squared_error: 301.9843 - val_loss: 321.2857 - val_mean_squared_error: 321.2857
Epoch 8/25
 - 4508s - loss: 300.4788 - mean_squared_error: 300.4788 - val_loss: 354.7903 - val_mean_squared_error: 354.7903
Epoch 9/25
 - 4379s - loss: 299.3635 - mean_squared_error: 299.3635 - val_loss: 342.7952 - val_mean_squared_error: 342.7952
Epoch 10/25
 - 5200s - loss: 298.5643 - mean_squared_error: 298.5643 - val_loss: 335.0702 - val_mean_squared_error: 335.0702
Epoch 11/25
 - 4925s - loss: 297.7557 - mean_squared_error: 297.7557 - val_loss: 340.3928 - val_mean_squared_error: 340.3928
Epoch 12/25
 - 4205s - loss: 297.0455 - mean_squared_error: 297.0455 - val_loss: 345.0741 - val_mean_squared_error: 345.0741
Epoch 13/25
 - 4586s - loss: 296.5556 - mean_squared_error: 296.5556 - val_loss: 328.6296 - val_mean_squared_error: 328.6296
Epoch 14/25
 - 4262s - loss: 296.0015 - mean_squared_error: 296.0015 - val_loss: 321.0151 - val_mean_squared_error: 321.0151
Epoch 15/25
 - 4155s - loss: 295.4797 - mean_squared_error: 295.4797 - val_loss: 352.1498 - val_mean_squared_error: 352.1498
Epoch 16/25
 - 3978s - loss: 295.0725 - mean_squared_error: 295.0725 - val_loss: 343.8939 - val_mean_squared_error: 343.8939
Epoch 17/25
 - 4854s - loss: 294.8105 - mean_squared_error: 294.8105 - val_loss: 348.0134 - val_mean_squared_error: 348.0134
Epoch 18/25
 - 5339s - loss: 294.3385 - mean_squared_error: 294.3385 - val_loss: 332.4289 - val_mean_squared_error: 332.4289
Epoch 19/25
 - 6383s - loss: 293.8879 - mean_squared_error: 293.8879 - val_loss: 342.5068 - val_mean_squared_error: 342.5068
/pkg/python/3.6.1-centos7/lib/python3.6/site-packages/h5py/__init__.py:34: FutureWarning: Conversion of the second argument of issubdtype from `float` to `np.floating` is deprecated. In future, it will be treated as `np.float64 == np.dtype(float).type`.
  from ._conv import register_converters as _register_converters
Using TensorFlow backend.
Epoch 20/25
Traceback (most recent call last):
  File "main.py", line 76, in <module>
    net.train(train_gen, valid_gen, trial=trial, client=client)
  File "/home/jott1/Projects/CBRAIN-CAM/notebooks/tbeucler_devlog/hp_opt_conservation/model.py", line 135, in train
    # save to h5 file
  File "/home/jott1/.local/lib/python3.6/site-packages/tensorflow/python/keras/engine/training.py", line 1779, in fit_generator
    initial_epoch=initial_epoch)
  File "/home/jott1/.local/lib/python3.6/site-packages/tensorflow/python/keras/engine/training_generator.py", line 244, in fit_generator
    callbacks.on_epoch_end(epoch, epoch_logs)
  File "/home/jott1/.local/lib/python3.6/site-packages/tensorflow/python/keras/callbacks.py", line 96, in on_epoch_end
    callback.on_epoch_end(epoch, logs)
  File "/home/jott1/.local/lib/python3.6/site-packages/sherpa/database.py", line 226, in <lambda>
    context={n: logs[n] for n in context_names})
  File "/home/jott1/.local/lib/python3.6/site-packages/sherpa/database.py", line 209, in send_metrics
    self.db.results.insert_one(result)
  File "/home/jott1/.local/lib/python3.6/site-packages/pymongo/collection.py", line 700, in insert_one
    session=session),
  File "/home/jott1/.local/lib/python3.6/site-packages/pymongo/collection.py", line 614, in _insert
    bypass_doc_val, session)
  File "/home/jott1/.local/lib/python3.6/site-packages/pymongo/collection.py", line 602, in _insert_one
    acknowledged, _insert_command, session)
  File "/home/jott1/.local/lib/python3.6/site-packages/pymongo/mongo_client.py", line 1279, in _retryable_write
    with self._tmp_session(session) as s:
  File "/pkg/python/3.6.1-centos7/lib/python3.6/contextlib.py", line 82, in __enter__
    return next(self.gen)
  File "/home/jott1/.local/lib/python3.6/site-packages/pymongo/mongo_client.py", line 1611, in _tmp_session
    s = self._ensure_session(session)
  File "/home/jott1/.local/lib/python3.6/site-packages/pymongo/mongo_client.py", line 1598, in _ensure_session
    return self.__start_session(True, causal_consistency=False)
  File "/home/jott1/.local/lib/python3.6/site-packages/pymongo/mongo_client.py", line 1551, in __start_session
    server_session = self._get_server_session()
  File "/home/jott1/.local/lib/python3.6/site-packages/pymongo/mongo_client.py", line 1584, in _get_server_session
    return self._topology.get_server_session()
  File "/home/jott1/.local/lib/python3.6/site-packages/pymongo/topology.py", line 429, in get_server_session
    None)
  File "/home/jott1/.local/lib/python3.6/site-packages/pymongo/topology.py", line 200, in _select_servers_loop
    self._error_message(selector))
pymongo.errors.ServerSelectionTimeoutError: arcus-2.ics.uci.edu:27001: [Errno 111] Connection refused
