Running from arcus-10
2019-05-14 06:46:57.327932: I tensorflow/core/platform/cpu_feature_guard.cc:141] Your CPU supports instructions that this TensorFlow binary was not compiled to use: AVX2 FMA
2019-05-14 06:47:00.460627: I tensorflow/core/common_runtime/gpu/gpu_device.cc:1405] Found device 0 with properties: 
name: TITAN V major: 7 minor: 0 memoryClockRate(GHz): 1.455
pciBusID: 0000:83:00.0
totalMemory: 11.75GiB freeMemory: 11.34GiB
2019-05-14 06:47:00.460676: I tensorflow/core/common_runtime/gpu/gpu_device.cc:1484] Adding visible gpu devices: 0
2019-05-14 06:47:00.950838: I tensorflow/core/common_runtime/gpu/gpu_device.cc:965] Device interconnect StreamExecutor with strength 1 edge matrix:
2019-05-14 06:47:00.950895: I tensorflow/core/common_runtime/gpu/gpu_device.cc:971]      0 
2019-05-14 06:47:00.950903: I tensorflow/core/common_runtime/gpu/gpu_device.cc:984] 0:   N 
2019-05-14 06:47:00.951256: I tensorflow/core/common_runtime/gpu/gpu_device.cc:1097] Created TensorFlow device (/job:localhost/replica:0/task:0/device:GPU:0 with 10955 MB memory) -> physical GPU (device: 0, name: TITAN V, pci bus id: 0000:83:00.0, compute capability: 7.0)
{'alpha': 0.8298674548569498, 'dropout': 0.40105753131775, 'lr': 0.00226681140259123, 'leaky_relu': 0.23081074442881, 'batch_norm': 0, 'loss_type': 'mse', 'num_layers': 7, 'layer_0': 338, 'layer_1': 344, 'layer_2': 322, 'layer_3': 499, 'layer_4': 241, 'layer_5': 501, 'layer_6': 158, 'layer_7': 450, 'max_concurrent': 4, 'P': 'arcus_gpu.p', 'q': 'arcus.q', 'l': "hostname='(arcus-1|arcus-2|arcus-3|arcus-4|arcus-5|arcus-6|arcus-7|arcus-8|arcus-9|arcus-10)'", 'env': '/home/jott1/Projects/SHERPA_EX/.profile', 'data': 'fluxbypass_aqua', 'run_type': 'hyper_param_opt_conservation', 'batch_size': 2048, 'data_dir': '/baldig/chemistry/earth_system_science/', 'max_dense_layers': 8, 'epochs': 25, 'patience': 10, 'conservation': 1}
Epoch 1/25
 - 2284s - loss: 37097.5134 - mean_squared_error: 37097.5134 - val_loss: 341.7586 - val_mean_squared_error: 341.7586
Epoch 2/25
 - 501s - loss: 5028.0300 - mean_squared_error: 5028.0300 - val_loss: 378.9702 - val_mean_squared_error: 378.9702
Epoch 3/25
 - 490s - loss: 85206.4452 - mean_squared_error: 85206.4452 - val_loss: 374.5821 - val_mean_squared_error: 374.5821
Epoch 4/25
 - 491s - loss: 1531.5946 - mean_squared_error: 1531.5946 - val_loss: 385.0706 - val_mean_squared_error: 385.0706
Epoch 5/25
 - 488s - loss: 97487.4745 - mean_squared_error: 97487.4745 - val_loss: 666.0049 - val_mean_squared_error: 666.0049
Epoch 6/25
 - 506s - loss: 447.5385 - mean_squared_error: 447.5385 - val_loss: 285.2295 - val_mean_squared_error: 285.2295
Epoch 7/25
 - 493s - loss: 88404.3488 - mean_squared_error: 88404.3488 - val_loss: 1645.2567 - val_mean_squared_error: 1645.2567
Epoch 8/25
 - 494s - loss: 1047.9300 - mean_squared_error: 1047.9300 - val_loss: 321.2844 - val_mean_squared_error: 321.2844
Epoch 9/25
 - 504s - loss: 2519.1932 - mean_squared_error: 2519.1932 - val_loss: 291.8769 - val_mean_squared_error: 291.8769
Epoch 10/25
 - 494s - loss: 114644.2176 - mean_squared_error: 114644.2176 - val_loss: 383.4554 - val_mean_squared_error: 383.4554
Epoch 11/25
 - 495s - loss: 378.7972 - mean_squared_error: 378.7972 - val_loss: 272.6819 - val_mean_squared_error: 272.6819
Epoch 12/25
 - 491s - loss: 393.9913 - mean_squared_error: 393.9913 - val_loss: 296.5167 - val_mean_squared_error: 296.5167
Epoch 13/25
 - 469s - loss: 112049.9122 - mean_squared_error: 112049.9122 - val_loss: 326.8480 - val_mean_squared_error: 326.8480
Epoch 14/25
 - 478s - loss: 408321.0468 - mean_squared_error: 408321.0468 - val_loss: 466.5081 - val_mean_squared_error: 466.5081
Epoch 15/25
 - 498s - loss: 24968.0250 - mean_squared_error: 24968.0250 - val_loss: 1486.7726 - val_mean_squared_error: 1486.7726
Epoch 16/25
 - 503s - loss: 740.9161 - mean_squared_error: 740.9161 - val_loss: 267.2348 - val_mean_squared_error: 267.2348
Epoch 17/25
 - 487s - loss: 4762.6347 - mean_squared_error: 4762.6347 - val_loss: 382.8713 - val_mean_squared_error: 382.8713
Epoch 18/25
 - 486s - loss: 30826.9372 - mean_squared_error: 30826.9372 - val_loss: 937.3388 - val_mean_squared_error: 937.3388
Epoch 19/25
 - 476s - loss: 4049.0516 - mean_squared_error: 4049.0516 - val_loss: 431.9692 - val_mean_squared_error: 431.9692
Epoch 20/25
 - 480s - loss: 72716.3796 - mean_squared_error: 72716.3796 - val_loss: 1435.0172 - val_mean_squared_error: 1435.0172
Epoch 21/25
 - 493s - loss: 585.2510 - mean_squared_error: 585.2510 - val_loss: 365.8860 - val_mean_squared_error: 365.8860
Epoch 22/25
 - 490s - loss: 446.9570 - mean_squared_error: 446.9570 - val_loss: 278.8040 - val_mean_squared_error: 278.8040
Epoch 23/25
 - 486s - loss: 269931.3084 - mean_squared_error: 269931.3084 - val_loss: 3430.0783 - val_mean_squared_error: 3430.0783
Epoch 24/25
 - 516s - loss: 3430.4301 - mean_squared_error: 3430.4301 - val_loss: 287.4924 - val_mean_squared_error: 287.4924
Epoch 25/25
 - 487s - loss: 12318.8866 - mean_squared_error: 12318.8866 - val_loss: 322.9911 - val_mean_squared_error: 322.9911
/pkg/python/3.6.1-centos7/lib/python3.6/site-packages/h5py/__init__.py:34: FutureWarning: Conversion of the second argument of issubdtype from `float` to `np.floating` is deprecated. In future, it will be treated as `np.float64 == np.dtype(float).type`.
  from ._conv import register_converters as _register_converters
Using TensorFlow backend.
Traceback (most recent call last):
  File "main.py", line 76, in <module>
    net.train(train_gen, valid_gen, trial=trial, client=client)
  File "/home/jott1/Projects/CBRAIN-CAM/notebooks/tbeucler_devlog/hp_opt_conservation/model.py", line 140, in train
    json_file.write(history.history)
TypeError: write() argument must be str, not dict
