Running from arcus-4.ics.uci.edu
2019-05-17 09:31:11.023779: I tensorflow/core/common_runtime/gpu/gpu_device.cc:1405] Found device 0 with properties: 
name: Tesla K40c major: 3 minor: 5 memoryClockRate(GHz): 0.745
pciBusID: 0000:84:00.0
totalMemory: 11.17GiB freeMemory: 11.09GiB
2019-05-17 09:31:11.024043: I tensorflow/core/common_runtime/gpu/gpu_device.cc:1484] Adding visible gpu devices: 0
2019-05-17 09:31:11.423377: I tensorflow/core/common_runtime/gpu/gpu_device.cc:965] Device interconnect StreamExecutor with strength 1 edge matrix:
2019-05-17 09:31:11.423438: I tensorflow/core/common_runtime/gpu/gpu_device.cc:971]      0 
2019-05-17 09:31:11.423451: I tensorflow/core/common_runtime/gpu/gpu_device.cc:984] 0:   N 
2019-05-17 09:31:11.423806: I tensorflow/core/common_runtime/gpu/gpu_device.cc:1097] Created TensorFlow device (/job:localhost/replica:0/task:0/device:GPU:0 with 10750 MB memory) -> physical GPU (device: 0, name: Tesla K40c, pci bus id: 0000:84:00.0, compute capability: 3.5)
Epoch 1/25
 - 4133s - loss: 212.8360 - mean_squared_error: 354.7266 - val_loss: 147.7351 - val_mean_squared_error: 246.2252
Epoch 2/25
 - 4269s - loss: 164.3097 - mean_squared_error: 273.8496 - val_loss: 133.7184 - val_mean_squared_error: 222.8640
Epoch 3/25
 - 5493s - loss: 157.2207 - mean_squared_error: 262.0344 - val_loss: 144.4883 - val_mean_squared_error: 240.8138
Epoch 4/25
 - 5332s - loss: 153.8878 - mean_squared_error: 256.4797 - val_loss: 129.2919 - val_mean_squared_error: 215.4866
Epoch 5/25
 - 7164s - loss: 151.8950 - mean_squared_error: 253.1583 - val_loss: 121.8653 - val_mean_squared_error: 203.1088
Epoch 6/25
 - 7604s - loss: 150.2602 - mean_squared_error: 250.4336 - val_loss: 126.1719 - val_mean_squared_error: 210.2864
Epoch 7/25
 - 7477s - loss: 149.1066 - mean_squared_error: 248.5110 - val_loss: 147.6079 - val_mean_squared_error: 246.0132
Epoch 8/25
 - 6244s - loss: 148.1785 - mean_squared_error: 246.9642 - val_loss: 142.1745 - val_mean_squared_error: 236.9575
Epoch 9/25
 - 6961s - loss: 147.6563 - mean_squared_error: 246.0939 - val_loss: 134.6699 - val_mean_squared_error: 224.4498
Epoch 10/25
 - 7854s - loss: 147.0643 - mean_squared_error: 245.1071 - val_loss: 152.0054 - val_mean_squared_error: 253.3424
Epoch 11/25
 - 6000s - loss: 146.2024 - mean_squared_error: 243.6707 - val_loss: 128.3772 - val_mean_squared_error: 213.9620
Epoch 12/25
 - 7096s - loss: 145.6580 - mean_squared_error: 242.7633 - val_loss: 136.9314 - val_mean_squared_error: 228.2190
Epoch 13/25
 - 5913s - loss: 145.1188 - mean_squared_error: 241.8646 - val_loss: 121.5488 - val_mean_squared_error: 202.5813
Epoch 14/25
 - 5934s - loss: 144.6195 - mean_squared_error: 241.0324 - val_loss: 130.0160 - val_mean_squared_error: 216.6933
Epoch 15/25
 - 5119s - loss: 144.0997 - mean_squared_error: 240.1662 - val_loss: 172.4185 - val_mean_squared_error: 287.3642
Epoch 16/25
 - 5173s - loss: 143.6394 - mean_squared_error: 239.3990 - val_loss: 144.2575 - val_mean_squared_error: 240.4291
Epoch 17/25
 - 5007s - loss: 142.9922 - mean_squared_error: 238.3204 - val_loss: 138.6324 - val_mean_squared_error: 231.0540
Epoch 18/25
 - 5198s - loss: 142.5435 - mean_squared_error: 237.5725 - val_loss: 168.9339 - val_mean_squared_error: 281.5564
Epoch 19/25
 - 4362s - loss: 142.0032 - mean_squared_error: 236.6720 - val_loss: 143.1644 - val_mean_squared_error: 238.6074
Epoch 20/25
 - 3839s - loss: 141.5911 - mean_squared_error: 235.9851 - val_loss: 156.7776 - val_mean_squared_error: 261.2960
Epoch 21/25
 - 4765s - loss: 141.0782 - mean_squared_error: 235.1303 - val_loss: 161.0136 - val_mean_squared_error: 268.3559
Epoch 22/25
 - 4220s - loss: 140.6370 - mean_squared_error: 234.3950 - val_loss: 179.6310 - val_mean_squared_error: 299.3851
Epoch 23/25
 - 5478s - loss: 140.3231 - mean_squared_error: 233.8719 - val_loss: 162.2271 - val_mean_squared_error: 270.3785
/pkg/python/3.6.1-centos7/lib/python3.6/site-packages/h5py/__init__.py:34: FutureWarning: Conversion of the second argument of issubdtype from `float` to `np.floating` is deprecated. In future, it will be treated as `np.float64 == np.dtype(float).type`.
  from ._conv import register_converters as _register_converters
Using TensorFlow backend.
Done with trial 1
