2019-05-28 09:16:29.009306: I tensorflow/core/platform/cpu_feature_guard.cc:141] Your CPU supports instructions that this TensorFlow binary was not compiled to use: AVX2 FMA
2019-05-28 09:16:31.007777: I tensorflow/core/common_runtime/gpu/gpu_device.cc:1405] Found device 0 with properties: 
name: TITAN X (Pascal) major: 6 minor: 1 memoryClockRate(GHz): 1.531
pciBusID: 0000:81:00.0
totalMemory: 11.91GiB freeMemory: 10.97GiB
2019-05-28 09:16:31.007841: I tensorflow/core/common_runtime/gpu/gpu_device.cc:1484] Adding visible gpu devices: 0
2019-05-28 09:16:37.232841: I tensorflow/core/common_runtime/gpu/gpu_device.cc:965] Device interconnect StreamExecutor with strength 1 edge matrix:
2019-05-28 09:16:37.232897: I tensorflow/core/common_runtime/gpu/gpu_device.cc:971]      0 
2019-05-28 09:16:37.232907: I tensorflow/core/common_runtime/gpu/gpu_device.cc:984] 0:   N 
2019-05-28 09:16:37.233226: I tensorflow/core/common_runtime/gpu/gpu_device.cc:1097] Created TensorFlow device (/job:localhost/replica:0/task:0/device:GPU:0 with 10526 MB memory) -> physical GPU (device: 0, name: TITAN X (Pascal), pci bus id: 0000:81:00.0, compute capability: 6.1)
{   'P': 'arcus_gpu.p',
    'alg': 'random',
    'alpha': 0.019810494996773047,
    'batch_norm': 0,
    'batch_size': 2048,
    'data': 'fluxbypass_aqua',
    'data_dir': '/baldig/chemistry/earth_system_science/',
    'dropout': 0,
    'env': '/home/jott1/Projects/SHERPA_EX/.profile',
    'epochs': 25,
    'gpus': '2,3',
    'l': "hostname='(arcus-1|arcus-2|arcus-3|arcus-4|arcus-5|arcus-6|arcus-7|arcus-8|arcus-9|arcus-10)'",
    'layer_0': 512,
    'layer_1': 512,
    'layer_2': 512,
    'layer_3': 512,
    'layer_4': 512,
    'layer_5': 512,
    'layer_6': 512,
    'leaky_relu': 0.3,
    'loss_type': 'weak_loss',
    'lr': 0.001,
    'max_concurrent': 8,
    'max_dense_layers': 7,
    'net_type': 'normal',
    'num_layers': 5,
    'patience': 10,
    'q': 'arcus.q',
    'sch': 'local'}
Epoch 1/25
 - 4199s - loss: 258.6077 - mean_squared_error: 247.5783 - val_loss: 272.5254 - val_mean_squared_error: 235.3869
Epoch 2/25
 - 4175s - loss: 188.2966 - mean_squared_error: 187.5070 - val_loss: 173.6500 - val_mean_squared_error: 176.7577
Epoch 3/25
 - 4163s - loss: 175.0801 - mean_squared_error: 175.7878 - val_loss: 167.5018 - val_mean_squared_error: 169.3003
Epoch 4/25
 - 4192s - loss: 169.7425 - mean_squared_error: 170.5025 - val_loss: 164.5237 - val_mean_squared_error: 167.2478
Epoch 5/25
 - 4293s - loss: 180.2988 - mean_squared_error: 171.9000 - val_loss: 161.8569 - val_mean_squared_error: 164.7937
Epoch 6/25
 - 4338s - loss: 164.4756 - mean_squared_error: 165.5114 - val_loss: 169.6857 - val_mean_squared_error: 172.8404
Epoch 7/25
 - 4202s - loss: 162.6842 - mean_squared_error: 163.8577 - val_loss: 162.7102 - val_mean_squared_error: 165.3581
Epoch 8/25
 - 4208s - loss: 161.9853 - mean_squared_error: 162.2942 - val_loss: 163.9405 - val_mean_squared_error: 166.6888
Epoch 9/25
 - 4164s - loss: 159.6928 - mean_squared_error: 160.9978 - val_loss: 156.2100 - val_mean_squared_error: 159.0609
Epoch 10/25
 - 4216s - loss: 168.5058 - mean_squared_error: 161.1547 - val_loss: 153.3931 - val_mean_squared_error: 156.2124
Epoch 11/25
 - 4173s - loss: 157.8346 - mean_squared_error: 159.2336 - val_loss: 160.0922 - val_mean_squared_error: 162.2955
Epoch 12/25
 - 4105s - loss: 157.2623 - mean_squared_error: 158.5164 - val_loss: 789.7779 - val_mean_squared_error: 229.5824
Epoch 13/25
 - 4198s - loss: 413.7728 - mean_squared_error: 194.4078 - val_loss: 153.7283 - val_mean_squared_error: 156.6502
Epoch 14/25
 - 4132s - loss: 157.4352 - mean_squared_error: 157.8192 - val_loss: 167.6446 - val_mean_squared_error: 170.1644
Epoch 15/25
 - 4105s - loss: 155.1939 - mean_squared_error: 156.7213 - val_loss: 159.1048 - val_mean_squared_error: 161.7145
Epoch 16/25
 - 4008s - loss: 157.2796 - mean_squared_error: 156.8769 - val_loss: 150.6905 - val_mean_squared_error: 153.4654
Epoch 17/25
 - 3945s - loss: 158.3420 - mean_squared_error: 155.9191 - val_loss: 168.9327 - val_mean_squared_error: 171.3437
Epoch 18/25
 - 3993s - loss: 153.9963 - mean_squared_error: 155.4748 - val_loss: 155.4794 - val_mean_squared_error: 157.1683
Epoch 19/25
 - 4063s - loss: 153.7014 - mean_squared_error: 154.7803 - val_loss: 153.4071 - val_mean_squared_error: 154.1701
Epoch 20/25
 - 4089s - loss: 153.7693 - mean_squared_error: 154.6240 - val_loss: 154.4117 - val_mean_squared_error: 154.3450
Epoch 21/25
 - 4093s - loss: 152.4657 - mean_squared_error: 153.9423 - val_loss: 158.2596 - val_mean_squared_error: 160.7824
/pkg/python/3.6.1-centos7/lib/python3.6/site-packages/h5py/__init__.py:34: FutureWarning: Conversion of the second argument of issubdtype from `float` to `np.floating` is deprecated. In future, it will be treated as `np.float64 == np.dtype(float).type`.
  from ._conv import register_converters as _register_converters
Using TensorFlow backend.
Epoch 22/25
Traceback (most recent call last):
  File "main.py", line 121, in <module>
    net.train(train_gen, valid_gen, trial=trial, client=client)
  File "/home/jott1/Projects/CBRAIN-CAM/notebooks/tbeucler_devlog/hp_opt_conservation/model.py", line 166, in train
    )
  File "/home/jott1/.local/lib/python3.6/site-packages/tensorflow/python/keras/engine/training.py", line 1779, in fit_generator
    initial_epoch=initial_epoch)
  File "/home/jott1/.local/lib/python3.6/site-packages/tensorflow/python/keras/engine/training_generator.py", line 204, in fit_generator
    x, y, sample_weight=sample_weight, class_weight=class_weight)
  File "/home/jott1/.local/lib/python3.6/site-packages/tensorflow/python/keras/engine/training.py", line 1552, in train_on_batch
    outputs = self.train_function(ins)
  File "/home/jott1/.local/lib/python3.6/site-packages/tensorflow/python/keras/backend.py", line 2914, in __call__
    fetched = self._callable_fn(*array_vals)
  File "/home/jott1/.local/lib/python3.6/site-packages/tensorflow/python/client/session.py", line 1382, in __call__
    run_metadata_ptr)
KeyboardInterrupt
