2019-05-26 00:43:57.738518: I tensorflow/core/platform/cpu_feature_guard.cc:141] Your CPU supports instructions that this TensorFlow binary was not compiled to use: AVX2 FMA
2019-05-26 00:44:01.018742: I tensorflow/core/common_runtime/gpu/gpu_device.cc:1405] Found device 0 with properties: 
name: TITAN X (Pascal) major: 6 minor: 1 memoryClockRate(GHz): 1.531
pciBusID: 0000:82:00.0
totalMemory: 11.91GiB freeMemory: 10.97GiB
2019-05-26 00:44:01.018790: I tensorflow/core/common_runtime/gpu/gpu_device.cc:1484] Adding visible gpu devices: 0
2019-05-26 00:44:04.886867: I tensorflow/core/common_runtime/gpu/gpu_device.cc:965] Device interconnect StreamExecutor with strength 1 edge matrix:
2019-05-26 00:44:04.886933: I tensorflow/core/common_runtime/gpu/gpu_device.cc:971]      0 
2019-05-26 00:44:04.886944: I tensorflow/core/common_runtime/gpu/gpu_device.cc:984] 0:   N 
2019-05-26 00:44:04.887304: I tensorflow/core/common_runtime/gpu/gpu_device.cc:1097] Created TensorFlow device (/job:localhost/replica:0/task:0/device:GPU:0 with 10508 MB memory) -> physical GPU (device: 0, name: TITAN X (Pascal), pci bus id: 0000:82:00.0, compute capability: 6.1)
{   'P': 'arcus_gpu.p',
    'alg': 'random',
    'alpha': 0.011276897641112026,
    'batch_norm': 0,
    'batch_size': 2048,
    'data': 'fluxbypass_aqua',
    'data_dir': '/baldig/chemistry/earth_system_science/',
    'dropout': 0,
    'env': '/home/jott1/Projects/SHERPA_EX/.profile',
    'epochs': 25,
    'gpus': '2,3',
    'l': "hostname='(arcus-1|arcus-2|arcus-3|arcus-4|arcus-5|arcus-6|arcus-7|arcus-8|arcus-9|arcus-10)'",
    'layer_0': 512,
    'layer_1': 512,
    'layer_2': 512,
    'layer_3': 512,
    'layer_4': 512,
    'layer_5': 512,
    'layer_6': 512,
    'leaky_relu': 0.3,
    'loss_type': 'weak_loss',
    'lr': 0.001,
    'max_concurrent': 8,
    'max_dense_layers': 7,
    'net_type': 'normal',
    'num_layers': 5,
    'patience': 10,
    'q': 'arcus.q',
    'sch': 'local'}
Epoch 1/25
 - 4150s - loss: 293.6582 - mean_squared_error: 268.0835 - val_loss: 213.8764 - val_mean_squared_error: 208.9642
Epoch 2/25
 - 4172s - loss: 200.9442 - mean_squared_error: 195.5821 - val_loss: 186.5397 - val_mean_squared_error: 187.0802
Epoch 3/25
 - 4048s - loss: 188.2458 - mean_squared_error: 184.8516 - val_loss: 191.4634 - val_mean_squared_error: 193.0327
Epoch 4/25
 - 4081s - loss: 182.1335 - mean_squared_error: 179.4724 - val_loss: 180.2730 - val_mean_squared_error: 177.6516
Epoch 5/25
 - 4396s - loss: 178.3904 - mean_squared_error: 176.1095 - val_loss: 192.0551 - val_mean_squared_error: 185.9718
Epoch 6/25
 - 4085s - loss: 175.8659 - mean_squared_error: 173.8163 - val_loss: 179.1686 - val_mean_squared_error: 178.1732
Epoch 7/25
 - 4170s - loss: 173.9045 - mean_squared_error: 172.0395 - val_loss: 171.5629 - val_mean_squared_error: 169.2819
Epoch 8/25
 - 4136s - loss: 172.2928 - mean_squared_error: 170.5504 - val_loss: 180.9158 - val_mean_squared_error: 178.6907
Epoch 9/25
 - 4016s - loss: 171.0934 - mean_squared_error: 169.4087 - val_loss: 167.5855 - val_mean_squared_error: 167.4095
Epoch 10/25
 - 4053s - loss: 170.0448 - mean_squared_error: 168.4078 - val_loss: 175.3019 - val_mean_squared_error: 169.9957
Epoch 11/25
 - 4015s - loss: 169.2559 - mean_squared_error: 167.6140 - val_loss: 165.1120 - val_mean_squared_error: 162.9814
Epoch 12/25
 - 3896s - loss: 168.7514 - mean_squared_error: 166.9810 - val_loss: 165.9188 - val_mean_squared_error: 166.3463
Epoch 13/25
 - 3947s - loss: 168.1763 - mean_squared_error: 166.4281 - val_loss: 181.1319 - val_mean_squared_error: 179.5577
Epoch 14/25
 - 4014s - loss: 167.6581 - mean_squared_error: 165.9017 - val_loss: 169.0451 - val_mean_squared_error: 169.6748
Epoch 15/25
 - 3845s - loss: 167.2215 - mean_squared_error: 165.4069 - val_loss: 174.1521 - val_mean_squared_error: 174.4610
Epoch 16/25
 - 3956s - loss: 166.7144 - mean_squared_error: 164.9140 - val_loss: 176.6524 - val_mean_squared_error: 173.7483
Epoch 17/25
 - 3971s - loss: 166.3103 - mean_squared_error: 164.4884 - val_loss: 160.4230 - val_mean_squared_error: 161.2195
Epoch 18/25
 - 4027s - loss: 165.8765 - mean_squared_error: 164.0484 - val_loss: 179.0411 - val_mean_squared_error: 168.8466
Epoch 19/25
 - 3927s - loss: 165.5857 - mean_squared_error: 163.7546 - val_loss: 168.4037 - val_mean_squared_error: 166.2845
Epoch 20/25
 - 3896s - loss: 165.3845 - mean_squared_error: 163.4904 - val_loss: 172.4939 - val_mean_squared_error: 169.1607
Epoch 21/25
 - 4410s - loss: 165.1611 - mean_squared_error: 163.2605 - val_loss: 162.3883 - val_mean_squared_error: 160.7998
Epoch 22/25
 - 4076s - loss: 165.1752 - mean_squared_error: 163.1512 - val_loss: 165.8120 - val_mean_squared_error: 166.8177
Epoch 23/25
 - 4321s - loss: 164.9547 - mean_squared_error: 162.9182 - val_loss: 170.6501 - val_mean_squared_error: 170.5212
Epoch 24/25
 - 5782s - loss: 164.8622 - mean_squared_error: 162.6788 - val_loss: 162.5837 - val_mean_squared_error: 162.8036
Epoch 25/25
 - 3991s - loss: 164.6420 - mean_squared_error: 162.4867 - val_loss: 158.2147 - val_mean_squared_error: 159.2416
/pkg/python/3.6.1-centos7/lib/python3.6/site-packages/h5py/__init__.py:34: FutureWarning: Conversion of the second argument of issubdtype from `float` to `np.floating` is deprecated. In future, it will be treated as `np.float64 == np.dtype(float).type`.
  from ._conv import register_converters as _register_converters
Using TensorFlow backend.
Done with trial 20
