2019-05-28 05:57:12.526087: I tensorflow/core/platform/cpu_feature_guard.cc:141] Your CPU supports instructions that this TensorFlow binary was not compiled to use: AVX2 FMA
2019-05-28 05:57:14.393821: I tensorflow/core/common_runtime/gpu/gpu_device.cc:1405] Found device 0 with properties: 
name: TITAN X (Pascal) major: 6 minor: 1 memoryClockRate(GHz): 1.531
pciBusID: 0000:82:00.0
totalMemory: 11.91GiB freeMemory: 10.28GiB
2019-05-28 05:57:14.393893: I tensorflow/core/common_runtime/gpu/gpu_device.cc:1484] Adding visible gpu devices: 0
2019-05-28 05:57:22.238295: I tensorflow/core/common_runtime/gpu/gpu_device.cc:965] Device interconnect StreamExecutor with strength 1 edge matrix:
2019-05-28 05:57:22.238377: I tensorflow/core/common_runtime/gpu/gpu_device.cc:971]      0 
2019-05-28 05:57:22.238396: I tensorflow/core/common_runtime/gpu/gpu_device.cc:984] 0:   N 
2019-05-28 05:57:22.239389: I tensorflow/core/common_runtime/gpu/gpu_device.cc:1097] Created TensorFlow device (/job:localhost/replica:0/task:0/device:GPU:0 with 9940 MB memory) -> physical GPU (device: 0, name: TITAN X (Pascal), pci bus id: 0000:82:00.0, compute capability: 6.1)
{   'P': 'arcus_gpu.p',
    'alg': 'random',
    'alpha': 0.0004142487697491526,
    'batch_norm': 0,
    'batch_size': 2048,
    'data': 'fluxbypass_aqua',
    'data_dir': '/baldig/chemistry/earth_system_science/',
    'dropout': 0,
    'env': '/home/jott1/Projects/SHERPA_EX/.profile',
    'epochs': 25,
    'gpus': '2,3',
    'l': "hostname='(arcus-1|arcus-2|arcus-3|arcus-4|arcus-5|arcus-6|arcus-7|arcus-8|arcus-9|arcus-10)'",
    'layer_0': 512,
    'layer_1': 512,
    'layer_2': 512,
    'layer_3': 512,
    'layer_4': 512,
    'layer_5': 512,
    'layer_6': 512,
    'leaky_relu': 0.3,
    'loss_type': 'weak_loss',
    'lr': 0.001,
    'max_concurrent': 8,
    'max_dense_layers': 7,
    'net_type': 'normal',
    'num_layers': 5,
    'patience': 10,
    'q': 'arcus.q',
    'sch': 'local'}
Epoch 1/25
 - 3856s - loss: 230.1190 - mean_squared_error: 229.0131 - val_loss: 183.5198 - val_mean_squared_error: 183.5393
Epoch 2/25
 - 3934s - loss: 180.4702 - mean_squared_error: 180.3058 - val_loss: 173.8499 - val_mean_squared_error: 173.8359
Epoch 3/25
 - 4038s - loss: 171.9167 - mean_squared_error: 171.8234 - val_loss: 169.0642 - val_mean_squared_error: 169.0783
Epoch 4/25
 - 4322s - loss: 167.9088 - mean_squared_error: 167.8281 - val_loss: 164.8894 - val_mean_squared_error: 164.9240
Epoch 5/25
 - 4176s - loss: 165.1189 - mean_squared_error: 165.0587 - val_loss: 163.0012 - val_mean_squared_error: 163.0419
Epoch 6/25
 - 4164s - loss: 162.9616 - mean_squared_error: 162.8942 - val_loss: 162.8907 - val_mean_squared_error: 162.8876
Epoch 7/25
 - 4191s - loss: 161.4056 - mean_squared_error: 161.3560 - val_loss: 185.6431 - val_mean_squared_error: 185.6293
Epoch 8/25
 - 4294s - loss: 160.0865 - mean_squared_error: 160.0309 - val_loss: 157.5117 - val_mean_squared_error: 157.5340
Epoch 9/25
 - 4339s - loss: 158.7385 - mean_squared_error: 158.6872 - val_loss: 164.9202 - val_mean_squared_error: 164.9382
Epoch 10/25
 - 4201s - loss: 157.9569 - mean_squared_error: 157.9114 - val_loss: 158.0736 - val_mean_squared_error: 158.1040
Epoch 11/25
 - 4209s - loss: 157.2918 - mean_squared_error: 157.2297 - val_loss: 156.3328 - val_mean_squared_error: 156.3563
Epoch 12/25
 - 4161s - loss: 156.4299 - mean_squared_error: 156.3901 - val_loss: 157.7875 - val_mean_squared_error: 157.4478
Epoch 13/25
 - 4218s - loss: 155.5612 - mean_squared_error: 155.5120 - val_loss: 155.8426 - val_mean_squared_error: 155.7040
Epoch 14/25
 - 4173s - loss: 155.2446 - mean_squared_error: 155.2034 - val_loss: 167.8281 - val_mean_squared_error: 167.8133
Epoch 15/25
 - 4105s - loss: 154.6511 - mean_squared_error: 154.6085 - val_loss: 156.8831 - val_mean_squared_error: 156.9155
Epoch 16/25
 - 4198s - loss: 153.9196 - mean_squared_error: 153.8731 - val_loss: 157.5115 - val_mean_squared_error: 157.5479
Epoch 17/25
 - 4132s - loss: 153.6813 - mean_squared_error: 153.6360 - val_loss: 163.7724 - val_mean_squared_error: 163.1329
Epoch 18/25
 - 4107s - loss: 153.0823 - mean_squared_error: 153.0345 - val_loss: 153.1999 - val_mean_squared_error: 153.2428
Epoch 19/25
 - 4006s - loss: 152.8002 - mean_squared_error: 152.7635 - val_loss: 151.8360 - val_mean_squared_error: 151.8598
Epoch 20/25
 - 3945s - loss: 152.4183 - mean_squared_error: 152.3608 - val_loss: 153.5598 - val_mean_squared_error: 153.5874
Epoch 21/25
 - 3993s - loss: 152.0506 - mean_squared_error: 152.0115 - val_loss: 150.2410 - val_mean_squared_error: 150.2759
Epoch 22/25
 - 4062s - loss: 151.6116 - mean_squared_error: 151.5717 - val_loss: 154.8066 - val_mean_squared_error: 154.4487
Epoch 23/25
 - 4089s - loss: 151.2770 - mean_squared_error: 151.2389 - val_loss: 150.8038 - val_mean_squared_error: 150.8228
Epoch 24/25
 - 4093s - loss: 150.8812 - mean_squared_error: 150.8396 - val_loss: 154.7037 - val_mean_squared_error: 154.4967
/pkg/python/3.6.1-centos7/lib/python3.6/site-packages/h5py/__init__.py:34: FutureWarning: Conversion of the second argument of issubdtype from `float` to `np.floating` is deprecated. In future, it will be treated as `np.float64 == np.dtype(float).type`.
  from ._conv import register_converters as _register_converters
Using TensorFlow backend.
Epoch 25/25
Traceback (most recent call last):
  File "main.py", line 121, in <module>
    net.train(train_gen, valid_gen, trial=trial, client=client)
  File "/home/jott1/Projects/CBRAIN-CAM/notebooks/tbeucler_devlog/hp_opt_conservation/model.py", line 166, in train
    )
  File "/home/jott1/.local/lib/python3.6/site-packages/tensorflow/python/keras/engine/training.py", line 1779, in fit_generator
    initial_epoch=initial_epoch)
  File "/home/jott1/.local/lib/python3.6/site-packages/tensorflow/python/keras/engine/training_generator.py", line 204, in fit_generator
    x, y, sample_weight=sample_weight, class_weight=class_weight)
  File "/home/jott1/.local/lib/python3.6/site-packages/tensorflow/python/keras/engine/training.py", line 1552, in train_on_batch
    outputs = self.train_function(ins)
  File "/home/jott1/.local/lib/python3.6/site-packages/tensorflow/python/keras/backend.py", line 2914, in __call__
    fetched = self._callable_fn(*array_vals)
  File "/home/jott1/.local/lib/python3.6/site-packages/tensorflow/python/client/session.py", line 1382, in __call__
    run_metadata_ptr)
KeyboardInterrupt
