2019-05-26 00:43:57.738587: I tensorflow/core/platform/cpu_feature_guard.cc:141] Your CPU supports instructions that this TensorFlow binary was not compiled to use: AVX2 FMA
2019-05-26 00:44:01.019111: I tensorflow/core/common_runtime/gpu/gpu_device.cc:1405] Found device 0 with properties: 
name: TITAN X (Pascal) major: 6 minor: 1 memoryClockRate(GHz): 1.531
pciBusID: 0000:81:00.0
totalMemory: 11.91GiB freeMemory: 11.32GiB
2019-05-26 00:44:01.019153: I tensorflow/core/common_runtime/gpu/gpu_device.cc:1484] Adding visible gpu devices: 0
2019-05-26 00:44:04.961764: I tensorflow/core/common_runtime/gpu/gpu_device.cc:965] Device interconnect StreamExecutor with strength 1 edge matrix:
2019-05-26 00:44:04.961805: I tensorflow/core/common_runtime/gpu/gpu_device.cc:971]      0 
2019-05-26 00:44:04.961816: I tensorflow/core/common_runtime/gpu/gpu_device.cc:984] 0:   N 
2019-05-26 00:44:04.962156: I tensorflow/core/common_runtime/gpu/gpu_device.cc:1097] Created TensorFlow device (/job:localhost/replica:0/task:0/device:GPU:0 with 10784 MB memory) -> physical GPU (device: 0, name: TITAN X (Pascal), pci bus id: 0000:81:00.0, compute capability: 6.1)
{   'P': 'arcus_gpu.p',
    'alg': 'random',
    'alpha': 0.0035611313215970866,
    'batch_norm': 0,
    'batch_size': 2048,
    'data': 'fluxbypass_aqua',
    'data_dir': '/baldig/chemistry/earth_system_science/',
    'dropout': 0,
    'env': '/home/jott1/Projects/SHERPA_EX/.profile',
    'epochs': 25,
    'gpus': '2,3',
    'l': "hostname='(arcus-1|arcus-2|arcus-3|arcus-4|arcus-5|arcus-6|arcus-7|arcus-8|arcus-9|arcus-10)'",
    'layer_0': 512,
    'layer_1': 512,
    'layer_2': 512,
    'layer_3': 512,
    'layer_4': 512,
    'layer_5': 512,
    'layer_6': 512,
    'leaky_relu': 0.3,
    'loss_type': 'weak_loss',
    'lr': 0.001,
    'max_concurrent': 8,
    'max_dense_layers': 7,
    'net_type': 'normal',
    'num_layers': 5,
    'patience': 10,
    'q': 'arcus.q',
    'sch': 'local'}
Epoch 1/25
 - 4149s - loss: 272.8029 - mean_squared_error: 259.7069 - val_loss: 227.8388 - val_mean_squared_error: 225.4542
Epoch 2/25
 - 4172s - loss: 196.7351 - mean_squared_error: 193.4242 - val_loss: 197.8921 - val_mean_squared_error: 194.2325
Epoch 3/25
 - 4049s - loss: 185.6710 - mean_squared_error: 183.2103 - val_loss: 179.8474 - val_mean_squared_error: 179.5906
Epoch 4/25
 - 4078s - loss: 180.2897 - mean_squared_error: 178.1710 - val_loss: 180.1382 - val_mean_squared_error: 177.5379
Epoch 5/25
 - 4399s - loss: 176.9121 - mean_squared_error: 174.9462 - val_loss: 174.0883 - val_mean_squared_error: 173.6383
Epoch 6/25
 - 4083s - loss: 174.2940 - mean_squared_error: 172.4309 - val_loss: 177.0779 - val_mean_squared_error: 170.5455
Epoch 7/25
 - 4170s - loss: 172.4072 - mean_squared_error: 170.5963 - val_loss: 184.1263 - val_mean_squared_error: 178.9384
Epoch 8/25
 - 4139s - loss: 170.8711 - mean_squared_error: 169.0969 - val_loss: 173.3271 - val_mean_squared_error: 172.8363
Epoch 9/25
 - 4014s - loss: 169.7317 - mean_squared_error: 167.9604 - val_loss: 169.5842 - val_mean_squared_error: 169.0293
Epoch 10/25
 - 4054s - loss: 168.9682 - mean_squared_error: 167.1311 - val_loss: 166.1621 - val_mean_squared_error: 165.5923
Epoch 11/25
 - 4011s - loss: 168.2255 - mean_squared_error: 166.4139 - val_loss: 174.1876 - val_mean_squared_error: 173.6890
Epoch 12/25
 - 3898s - loss: 167.5562 - mean_squared_error: 165.7732 - val_loss: 168.9823 - val_mean_squared_error: 166.0331
Epoch 13/25
 - 3947s - loss: 166.9225 - mean_squared_error: 165.1411 - val_loss: 174.4271 - val_mean_squared_error: 171.3410
Epoch 14/25
 - 4014s - loss: 166.4250 - mean_squared_error: 164.6487 - val_loss: 170.9655 - val_mean_squared_error: 170.0610
Epoch 15/25
 - 3847s - loss: 166.0949 - mean_squared_error: 164.2366 - val_loss: 163.5523 - val_mean_squared_error: 163.4062
Epoch 16/25
 - 3954s - loss: 165.7703 - mean_squared_error: 163.8986 - val_loss: 162.1217 - val_mean_squared_error: 161.4319
Epoch 17/25
 - 3969s - loss: 165.5266 - mean_squared_error: 163.6083 - val_loss: 165.3435 - val_mean_squared_error: 165.2624
Epoch 18/25
 - 4028s - loss: 165.2744 - mean_squared_error: 163.3305 - val_loss: 167.5754 - val_mean_squared_error: 161.9787
Epoch 19/25
 - 3927s - loss: 164.9222 - mean_squared_error: 162.9779 - val_loss: 166.1963 - val_mean_squared_error: 163.6726
Epoch 20/25
 - 3896s - loss: 164.7648 - mean_squared_error: 162.6381 - val_loss: 165.1038 - val_mean_squared_error: 165.4015
Epoch 21/25
 - 4410s - loss: 164.4152 - mean_squared_error: 162.3197 - val_loss: 169.7626 - val_mean_squared_error: 167.6383
Epoch 22/25
 - 4076s - loss: 164.2962 - mean_squared_error: 162.1350 - val_loss: 167.0314 - val_mean_squared_error: 163.4684
Epoch 23/25
 - 4322s - loss: 164.2759 - mean_squared_error: 161.9647 - val_loss: 161.5324 - val_mean_squared_error: 160.8253
Epoch 24/25
 - 5780s - loss: 164.1428 - mean_squared_error: 161.7991 - val_loss: 167.4629 - val_mean_squared_error: 163.8032
Epoch 25/25
 - 3990s - loss: 163.8152 - mean_squared_error: 161.5412 - val_loss: 168.1371 - val_mean_squared_error: 163.1417
/pkg/python/3.6.1-centos7/lib/python3.6/site-packages/h5py/__init__.py:34: FutureWarning: Conversion of the second argument of issubdtype from `float` to `np.floating` is deprecated. In future, it will be treated as `np.float64 == np.dtype(float).type`.
  from ._conv import register_converters as _register_converters
Using TensorFlow backend.
Done with trial 24
