2019-05-26 00:43:57.738088: I tensorflow/core/platform/cpu_feature_guard.cc:141] Your CPU supports instructions that this TensorFlow binary was not compiled to use: AVX2 FMA
2019-05-26 00:44:01.018892: I tensorflow/core/common_runtime/gpu/gpu_device.cc:1405] Found device 0 with properties: 
name: TITAN X (Pascal) major: 6 minor: 1 memoryClockRate(GHz): 1.531
pciBusID: 0000:82:00.0
totalMemory: 11.91GiB freeMemory: 10.97GiB
2019-05-26 00:44:01.018933: I tensorflow/core/common_runtime/gpu/gpu_device.cc:1484] Adding visible gpu devices: 0
2019-05-26 00:44:04.953193: I tensorflow/core/common_runtime/gpu/gpu_device.cc:965] Device interconnect StreamExecutor with strength 1 edge matrix:
2019-05-26 00:44:04.953271: I tensorflow/core/common_runtime/gpu/gpu_device.cc:971]      0 
2019-05-26 00:44:04.953283: I tensorflow/core/common_runtime/gpu/gpu_device.cc:984] 0:   N 
2019-05-26 00:44:04.953809: I tensorflow/core/common_runtime/gpu/gpu_device.cc:1097] Created TensorFlow device (/job:localhost/replica:0/task:0/device:GPU:0 with 10491 MB memory) -> physical GPU (device: 0, name: TITAN X (Pascal), pci bus id: 0000:82:00.0, compute capability: 6.1)
{   'P': 'arcus_gpu.p',
    'alg': 'random',
    'alpha': 0.015002196568819154,
    'batch_norm': 0,
    'batch_size': 2048,
    'data': 'fluxbypass_aqua',
    'data_dir': '/baldig/chemistry/earth_system_science/',
    'dropout': 0,
    'env': '/home/jott1/Projects/SHERPA_EX/.profile',
    'epochs': 25,
    'gpus': '2,3',
    'l': "hostname='(arcus-1|arcus-2|arcus-3|arcus-4|arcus-5|arcus-6|arcus-7|arcus-8|arcus-9|arcus-10)'",
    'layer_0': 512,
    'layer_1': 512,
    'layer_2': 512,
    'layer_3': 512,
    'layer_4': 512,
    'layer_5': 512,
    'layer_6': 512,
    'leaky_relu': 0.3,
    'loss_type': 'weak_loss',
    'lr': 0.001,
    'max_concurrent': 8,
    'max_dense_layers': 7,
    'net_type': 'normal',
    'num_layers': 5,
    'patience': 10,
    'q': 'arcus.q',
    'sch': 'local'}
Epoch 1/25
 - 4150s - loss: 304.9627 - mean_squared_error: 274.1267 - val_loss: 235.3681 - val_mean_squared_error: 236.0049
Epoch 2/25
 - 4172s - loss: 202.9350 - mean_squared_error: 196.6102 - val_loss: 203.8759 - val_mean_squared_error: 191.7303
Epoch 3/25
 - 4048s - loss: 189.2500 - mean_squared_error: 185.5730 - val_loss: 225.6523 - val_mean_squared_error: 197.6235
Epoch 4/25
 - 4081s - loss: 182.7811 - mean_squared_error: 180.0703 - val_loss: 184.7705 - val_mean_squared_error: 185.8206
Epoch 5/25
 - 4396s - loss: 178.7933 - mean_squared_error: 176.6082 - val_loss: 193.8027 - val_mean_squared_error: 184.7696
Epoch 6/25
 - 4085s - loss: 176.2171 - mean_squared_error: 174.2669 - val_loss: 177.3410 - val_mean_squared_error: 174.2034
Epoch 7/25
 - 4169s - loss: 174.0546 - mean_squared_error: 172.3465 - val_loss: 179.8589 - val_mean_squared_error: 175.7646
Epoch 8/25
 - 4139s - loss: 172.4854 - mean_squared_error: 170.8607 - val_loss: 174.9194 - val_mean_squared_error: 176.1673
Epoch 9/25
 - 4014s - loss: 171.2881 - mean_squared_error: 169.7364 - val_loss: 169.4877 - val_mean_squared_error: 168.7983
Epoch 10/25
 - 4054s - loss: 170.2195 - mean_squared_error: 168.7283 - val_loss: 167.9252 - val_mean_squared_error: 168.9191
Epoch 11/25
 - 4014s - loss: 169.3153 - mean_squared_error: 167.8086 - val_loss: 163.7537 - val_mean_squared_error: 164.9860
Epoch 12/25
 - 3896s - loss: 168.5064 - mean_squared_error: 167.0339 - val_loss: 170.0529 - val_mean_squared_error: 169.4437
Epoch 13/25
 - 3947s - loss: 167.9477 - mean_squared_error: 166.4288 - val_loss: 167.8640 - val_mean_squared_error: 167.9070
Epoch 14/25
 - 4014s - loss: 167.4202 - mean_squared_error: 165.9223 - val_loss: 166.0331 - val_mean_squared_error: 165.8576
Epoch 15/25
 - 3845s - loss: 167.0438 - mean_squared_error: 165.5196 - val_loss: 167.3646 - val_mean_squared_error: 166.7092
Epoch 16/25
 - 3956s - loss: 166.6436 - mean_squared_error: 165.1228 - val_loss: 167.3273 - val_mean_squared_error: 169.2926
Epoch 17/25
 - 3969s - loss: 166.5346 - mean_squared_error: 164.8800 - val_loss: 166.0499 - val_mean_squared_error: 164.6851
Epoch 18/25
 - 4028s - loss: 166.0382 - mean_squared_error: 164.4923 - val_loss: 164.5120 - val_mean_squared_error: 162.9746
Epoch 19/25
 - 3927s - loss: 165.7661 - mean_squared_error: 164.1716 - val_loss: 165.0866 - val_mean_squared_error: 164.9349
Epoch 20/25
 - 3897s - loss: 165.5540 - mean_squared_error: 163.9253 - val_loss: 161.6946 - val_mean_squared_error: 162.5134
Epoch 21/25
 - 4409s - loss: 165.1570 - mean_squared_error: 163.5975 - val_loss: 165.8486 - val_mean_squared_error: 166.8488
Epoch 22/25
 - 4076s - loss: 164.7319 - mean_squared_error: 163.1707 - val_loss: 163.7664 - val_mean_squared_error: 162.8289
Epoch 23/25
 - 4321s - loss: 164.5083 - mean_squared_error: 162.8945 - val_loss: 166.3725 - val_mean_squared_error: 165.3099
Epoch 24/25
 - 5782s - loss: 164.2197 - mean_squared_error: 162.6275 - val_loss: 168.3559 - val_mean_squared_error: 164.4370
Epoch 25/25
 - 3990s - loss: 163.9363 - mean_squared_error: 162.3602 - val_loss: 166.8363 - val_mean_squared_error: 163.5551
/pkg/python/3.6.1-centos7/lib/python3.6/site-packages/h5py/__init__.py:34: FutureWarning: Conversion of the second argument of issubdtype from `float` to `np.floating` is deprecated. In future, it will be treated as `np.float64 == np.dtype(float).type`.
  from ._conv import register_converters as _register_converters
Using TensorFlow backend.
Done with trial 19
