2019-05-24 17:30:34.156391: I tensorflow/core/platform/cpu_feature_guard.cc:141] Your CPU supports instructions that this TensorFlow binary was not compiled to use: AVX2 FMA
2019-05-24 17:30:36.963516: I tensorflow/core/common_runtime/gpu/gpu_device.cc:1405] Found device 0 with properties: 
name: TITAN X (Pascal) major: 6 minor: 1 memoryClockRate(GHz): 1.531
pciBusID: 0000:82:00.0
totalMemory: 11.91GiB freeMemory: 11.32GiB
2019-05-24 17:30:36.963600: I tensorflow/core/common_runtime/gpu/gpu_device.cc:1484] Adding visible gpu devices: 0
2019-05-24 17:30:41.200641: I tensorflow/core/common_runtime/gpu/gpu_device.cc:965] Device interconnect StreamExecutor with strength 1 edge matrix:
2019-05-24 17:30:41.200693: I tensorflow/core/common_runtime/gpu/gpu_device.cc:971]      0 
2019-05-24 17:30:41.200702: I tensorflow/core/common_runtime/gpu/gpu_device.cc:984] 0:   N 
2019-05-24 17:30:41.201013: I tensorflow/core/common_runtime/gpu/gpu_device.cc:1097] Created TensorFlow device (/job:localhost/replica:0/task:0/device:GPU:0 with 10767 MB memory) -> physical GPU (device: 0, name: TITAN X (Pascal), pci bus id: 0000:82:00.0, compute capability: 6.1)
{   'P': 'arcus_gpu.p',
    'alg': 'random',
    'alpha': 0.013182119061624965,
    'batch_norm': 0,
    'batch_size': 2048,
    'data': 'fluxbypass_aqua',
    'data_dir': '/baldig/chemistry/earth_system_science/',
    'dropout': 0,
    'env': '/home/jott1/Projects/SHERPA_EX/.profile',
    'epochs': 25,
    'gpus': '2,3',
    'l': "hostname='(arcus-1|arcus-2|arcus-3|arcus-4|arcus-5|arcus-6|arcus-7|arcus-8|arcus-9|arcus-10)'",
    'layer_0': 512,
    'layer_1': 512,
    'layer_2': 512,
    'layer_3': 512,
    'layer_4': 512,
    'layer_5': 512,
    'layer_6': 512,
    'leaky_relu': 0.3,
    'loss_type': 'weak_loss',
    'lr': 0.001,
    'max_concurrent': 8,
    'max_dense_layers': 7,
    'net_type': 'normal',
    'num_layers': 5,
    'patience': 10,
    'q': 'arcus.q',
    'sch': 'local'}
Epoch 1/25
 - 4302s - loss: 302.4766 - mean_squared_error: 273.5867 - val_loss: 196.2247 - val_mean_squared_error: 195.5272
Epoch 2/25
 - 4502s - loss: 201.2367 - mean_squared_error: 195.6352 - val_loss: 196.3203 - val_mean_squared_error: 189.4952
Epoch 3/25
 - 4702s - loss: 188.3270 - mean_squared_error: 184.9263 - val_loss: 186.8672 - val_mean_squared_error: 185.2970
Epoch 4/25
 - 4391s - loss: 182.1313 - mean_squared_error: 179.5507 - val_loss: 169.5357 - val_mean_squared_error: 170.6884
Epoch 5/25
 - 4321s - loss: 178.6188 - mean_squared_error: 176.3672 - val_loss: 174.5008 - val_mean_squared_error: 175.3267
Epoch 6/25
 - 4694s - loss: 176.0377 - mean_squared_error: 173.9976 - val_loss: 171.9652 - val_mean_squared_error: 169.8591
Epoch 7/25
 - 4288s - loss: 174.0056 - mean_squared_error: 172.1612 - val_loss: 172.1551 - val_mean_squared_error: 172.5423
Epoch 8/25
 - 4325s - loss: 172.3495 - mean_squared_error: 170.5661 - val_loss: 168.4618 - val_mean_squared_error: 166.8793
Epoch 9/25
 - 4365s - loss: 171.1213 - mean_squared_error: 169.4408 - val_loss: 168.5506 - val_mean_squared_error: 164.8930
Epoch 10/25
 - 4188s - loss: 170.0740 - mean_squared_error: 168.4093 - val_loss: 174.0862 - val_mean_squared_error: 173.2389
Epoch 11/25
 - 4279s - loss: 169.3023 - mean_squared_error: 167.6790 - val_loss: 171.8358 - val_mean_squared_error: 168.1528
Epoch 12/25
 - 4169s - loss: 168.5572 - mean_squared_error: 166.9558 - val_loss: 160.2531 - val_mean_squared_error: 161.9284
Epoch 13/25
 - 4105s - loss: 167.8718 - mean_squared_error: 166.3164 - val_loss: 179.4073 - val_mean_squared_error: 176.5975
Epoch 14/25
 - 4834s - loss: 167.4977 - mean_squared_error: 165.8333 - val_loss: 176.2128 - val_mean_squared_error: 177.5119
Epoch 15/25
 - 4831s - loss: 167.0195 - mean_squared_error: 165.3461 - val_loss: 172.6035 - val_mean_squared_error: 166.8006
Epoch 16/25
 - 4732s - loss: 166.7648 - mean_squared_error: 164.9974 - val_loss: 169.3637 - val_mean_squared_error: 165.0746
Epoch 17/25
 - 4669s - loss: 166.3575 - mean_squared_error: 164.5930 - val_loss: 165.5622 - val_mean_squared_error: 165.6463
Epoch 18/25
 - 4835s - loss: 165.8862 - mean_squared_error: 164.1213 - val_loss: 161.8504 - val_mean_squared_error: 162.1270
Epoch 19/25
 - 4819s - loss: 165.6475 - mean_squared_error: 163.8012 - val_loss: 181.3321 - val_mean_squared_error: 182.0512
Epoch 20/25
 - 4520s - loss: 165.3292 - mean_squared_error: 163.5204 - val_loss: 174.1023 - val_mean_squared_error: 167.5398
Epoch 21/25
 - 4717s - loss: 165.0626 - mean_squared_error: 163.2094 - val_loss: 161.6183 - val_mean_squared_error: 162.5975
Epoch 22/25
 - 4695s - loss: 164.8255 - mean_squared_error: 162.9686 - val_loss: 167.4945 - val_mean_squared_error: 168.4668
/pkg/python/3.6.1-centos7/lib/python3.6/site-packages/h5py/__init__.py:34: FutureWarning: Conversion of the second argument of issubdtype from `float` to `np.floating` is deprecated. In future, it will be treated as `np.float64 == np.dtype(float).type`.
  from ._conv import register_converters as _register_converters
Using TensorFlow backend.
Done with trial 9
