2019-05-27 05:28:56.154967: I tensorflow/core/platform/cpu_feature_guard.cc:141] Your CPU supports instructions that this TensorFlow binary was not compiled to use: AVX2 FMA
2019-05-27 05:28:59.331336: I tensorflow/core/common_runtime/gpu/gpu_device.cc:1405] Found device 0 with properties: 
name: TITAN X (Pascal) major: 6 minor: 1 memoryClockRate(GHz): 1.531
pciBusID: 0000:81:00.0
totalMemory: 11.91GiB freeMemory: 11.32GiB
2019-05-27 05:28:59.331374: I tensorflow/core/common_runtime/gpu/gpu_device.cc:1484] Adding visible gpu devices: 0
2019-05-27 05:29:02.707893: I tensorflow/core/common_runtime/gpu/gpu_device.cc:965] Device interconnect StreamExecutor with strength 1 edge matrix:
2019-05-27 05:29:02.707935: I tensorflow/core/common_runtime/gpu/gpu_device.cc:971]      0 
2019-05-27 05:29:02.707949: I tensorflow/core/common_runtime/gpu/gpu_device.cc:984] 0:   N 
2019-05-27 05:29:02.708409: I tensorflow/core/common_runtime/gpu/gpu_device.cc:1097] Created TensorFlow device (/job:localhost/replica:0/task:0/device:GPU:0 with 10767 MB memory) -> physical GPU (device: 0, name: TITAN X (Pascal), pci bus id: 0000:81:00.0, compute capability: 6.1)
{   'P': 'arcus_gpu.p',
    'alg': 'random',
    'alpha': 0.006437398786208933,
    'batch_norm': 0,
    'batch_size': 2048,
    'data': 'fluxbypass_aqua',
    'data_dir': '/baldig/chemistry/earth_system_science/',
    'dropout': 0,
    'env': '/home/jott1/Projects/SHERPA_EX/.profile',
    'epochs': 25,
    'gpus': '2,3',
    'l': "hostname='(arcus-1|arcus-2|arcus-3|arcus-4|arcus-5|arcus-6|arcus-7|arcus-8|arcus-9|arcus-10)'",
    'layer_0': 512,
    'layer_1': 512,
    'layer_2': 512,
    'layer_3': 512,
    'layer_4': 512,
    'layer_5': 512,
    'layer_6': 512,
    'leaky_relu': 0.3,
    'loss_type': 'weak_loss',
    'lr': 0.001,
    'max_concurrent': 8,
    'max_dense_layers': 7,
    'net_type': 'normal',
    'num_layers': 5,
    'patience': 10,
    'q': 'arcus.q',
    'sch': 'local'}
Epoch 1/25
 - 4000s - loss: 280.8674 - mean_squared_error: 262.6027 - val_loss: 238.4376 - val_mean_squared_error: 238.1909
Epoch 2/25
 - 4071s - loss: 198.2484 - mean_squared_error: 194.1057 - val_loss: 189.8853 - val_mean_squared_error: 186.3313
Epoch 3/25
 - 4074s - loss: 186.5539 - mean_squared_error: 183.6318 - val_loss: 191.2252 - val_mean_squared_error: 191.1554
Epoch 4/25
 - 4035s - loss: 180.9017 - mean_squared_error: 178.4248 - val_loss: 174.8468 - val_mean_squared_error: 175.6004
Epoch 5/25
 - 4167s - loss: 177.4457 - mean_squared_error: 175.2119 - val_loss: 188.6379 - val_mean_squared_error: 179.0234
Epoch 6/25
 - 4083s - loss: 174.8960 - mean_squared_error: 172.8343 - val_loss: 177.6158 - val_mean_squared_error: 174.4129
Epoch 7/25
 - 4099s - loss: 173.2503 - mean_squared_error: 171.1918 - val_loss: 174.4179 - val_mean_squared_error: 174.3575
Epoch 8/25
 - 4217s - loss: 171.7730 - mean_squared_error: 169.7602 - val_loss: 175.4640 - val_mean_squared_error: 173.2384
Epoch 9/25
 - 3934s - loss: 170.6159 - mean_squared_error: 168.6281 - val_loss: 198.3211 - val_mean_squared_error: 178.4707
Epoch 10/25
 - 3953s - loss: 169.7071 - mean_squared_error: 167.7097 - val_loss: 163.5469 - val_mean_squared_error: 163.3207
Epoch 11/25
 - 3944s - loss: 169.0619 - mean_squared_error: 167.0604 - val_loss: 167.7050 - val_mean_squared_error: 165.8220
Epoch 12/25
 - 4180s - loss: 168.4970 - mean_squared_error: 166.4996 - val_loss: 172.7487 - val_mean_squared_error: 170.7428
Epoch 13/25
 - 3945s - loss: 167.9621 - mean_squared_error: 165.8704 - val_loss: 170.1469 - val_mean_squared_error: 168.7500
Epoch 14/25
 - 3959s - loss: 167.4201 - mean_squared_error: 165.3206 - val_loss: 167.1227 - val_mean_squared_error: 166.1453
Epoch 15/25
 - 3887s - loss: 166.8784 - mean_squared_error: 164.7596 - val_loss: 175.3049 - val_mean_squared_error: 169.5067
Epoch 16/25
 - 3802s - loss: 166.5953 - mean_squared_error: 164.3398 - val_loss: 166.1063 - val_mean_squared_error: 163.4268
Epoch 17/25
 - 4067s - loss: 166.1384 - mean_squared_error: 163.9652 - val_loss: 168.1509 - val_mean_squared_error: 167.4747
Epoch 18/25
 - 4015s - loss: 165.8524 - mean_squared_error: 163.6340 - val_loss: 166.5084 - val_mean_squared_error: 164.6385
Epoch 19/25
 - 4018s - loss: 165.6595 - mean_squared_error: 163.3674 - val_loss: 161.1870 - val_mean_squared_error: 160.7701
Epoch 20/25
 - 3970s - loss: 165.5302 - mean_squared_error: 163.1167 - val_loss: 167.7781 - val_mean_squared_error: 165.3727
Epoch 21/25
 - 3803s - loss: 165.4818 - mean_squared_error: 163.0049 - val_loss: 169.4309 - val_mean_squared_error: 165.2505
Epoch 22/25
 - 3790s - loss: 165.2224 - mean_squared_error: 162.7861 - val_loss: 159.9995 - val_mean_squared_error: 160.2078
Epoch 23/25
 - 3944s - loss: 164.8641 - mean_squared_error: 162.5273 - val_loss: 168.2628 - val_mean_squared_error: 163.9080
Epoch 24/25
 - 3934s - loss: 164.6707 - mean_squared_error: 162.2848 - val_loss: 168.8135 - val_mean_squared_error: 163.1683
Epoch 25/25
 - 4038s - loss: 164.5685 - mean_squared_error: 162.1026 - val_loss: 165.8076 - val_mean_squared_error: 164.4798
/pkg/python/3.6.1-centos7/lib/python3.6/site-packages/h5py/__init__.py:34: FutureWarning: Conversion of the second argument of issubdtype from `float` to `np.floating` is deprecated. In future, it will be treated as `np.float64 == np.dtype(float).type`.
  from ._conv import register_converters as _register_converters
Using TensorFlow backend.
Done with trial 29
