2019-05-28 09:16:29.009447: I tensorflow/core/platform/cpu_feature_guard.cc:141] Your CPU supports instructions that this TensorFlow binary was not compiled to use: AVX2 FMA
2019-05-28 09:16:31.011195: I tensorflow/core/common_runtime/gpu/gpu_device.cc:1405] Found device 0 with properties: 
name: TITAN X (Pascal) major: 6 minor: 1 memoryClockRate(GHz): 1.531
pciBusID: 0000:82:00.0
totalMemory: 11.91GiB freeMemory: 10.97GiB
2019-05-28 09:16:31.011274: I tensorflow/core/common_runtime/gpu/gpu_device.cc:1484] Adding visible gpu devices: 0
2019-05-28 09:16:37.371554: I tensorflow/core/common_runtime/gpu/gpu_device.cc:965] Device interconnect StreamExecutor with strength 1 edge matrix:
2019-05-28 09:16:37.371621: I tensorflow/core/common_runtime/gpu/gpu_device.cc:971]      0 
2019-05-28 09:16:37.371631: I tensorflow/core/common_runtime/gpu/gpu_device.cc:984] 0:   N 
2019-05-28 09:16:37.372039: I tensorflow/core/common_runtime/gpu/gpu_device.cc:1097] Created TensorFlow device (/job:localhost/replica:0/task:0/device:GPU:0 with 10499 MB memory) -> physical GPU (device: 0, name: TITAN X (Pascal), pci bus id: 0000:82:00.0, compute capability: 6.1)
{   'P': 'arcus_gpu.p',
    'alg': 'random',
    'alpha': 0.01837846356550628,
    'batch_norm': 0,
    'batch_size': 2048,
    'data': 'fluxbypass_aqua',
    'data_dir': '/baldig/chemistry/earth_system_science/',
    'dropout': 0,
    'env': '/home/jott1/Projects/SHERPA_EX/.profile',
    'epochs': 25,
    'gpus': '2,3',
    'l': "hostname='(arcus-1|arcus-2|arcus-3|arcus-4|arcus-5|arcus-6|arcus-7|arcus-8|arcus-9|arcus-10)'",
    'layer_0': 512,
    'layer_1': 512,
    'layer_2': 512,
    'layer_3': 512,
    'layer_4': 512,
    'layer_5': 512,
    'layer_6': 512,
    'leaky_relu': 0.3,
    'loss_type': 'weak_loss',
    'lr': 0.001,
    'max_concurrent': 8,
    'max_dense_layers': 7,
    'net_type': 'normal',
    'num_layers': 5,
    'patience': 10,
    'q': 'arcus.q',
    'sch': 'local'}
Epoch 1/25
 - 4199s - loss: 256.3318 - mean_squared_error: 245.3054 - val_loss: 195.3852 - val_mean_squared_error: 197.6581
Epoch 2/25
 - 4175s - loss: 186.5907 - mean_squared_error: 185.9720 - val_loss: 193.4881 - val_mean_squared_error: 176.8076
Epoch 3/25
 - 4164s - loss: 175.0967 - mean_squared_error: 175.4418 - val_loss: 172.4439 - val_mean_squared_error: 175.0498
Epoch 4/25
 - 4192s - loss: 169.8410 - mean_squared_error: 170.6148 - val_loss: 166.8221 - val_mean_squared_error: 169.6226
Epoch 5/25
 - 4293s - loss: 166.2317 - mean_squared_error: 167.0484 - val_loss: 160.4472 - val_mean_squared_error: 162.9502
Epoch 6/25
 - 4339s - loss: 163.8961 - mean_squared_error: 164.8972 - val_loss: 163.0436 - val_mean_squared_error: 165.2909
Epoch 7/25
 - 4203s - loss: 162.6343 - mean_squared_error: 163.0889 - val_loss: 158.5799 - val_mean_squared_error: 161.3321
Epoch 8/25
 - 4206s - loss: 160.4975 - mean_squared_error: 161.7832 - val_loss: 161.8948 - val_mean_squared_error: 164.3920
Epoch 9/25
 - 4163s - loss: 161.0566 - mean_squared_error: 160.7664 - val_loss: 181.5185 - val_mean_squared_error: 183.8727
Epoch 10/25
 - 4215s - loss: 158.9889 - mean_squared_error: 159.5706 - val_loss: 163.1755 - val_mean_squared_error: 164.0667
Epoch 11/25
 - 4176s - loss: 157.4983 - mean_squared_error: 158.7440 - val_loss: 155.0025 - val_mean_squared_error: 157.7511
Epoch 12/25
 - 4104s - loss: 158.7104 - mean_squared_error: 158.0145 - val_loss: 155.1633 - val_mean_squared_error: 157.8820
Epoch 13/25
 - 4198s - loss: 156.1742 - mean_squared_error: 157.4087 - val_loss: 168.8092 - val_mean_squared_error: 163.5821
Epoch 14/25
 - 4132s - loss: 155.4762 - mean_squared_error: 156.7036 - val_loss: 156.2742 - val_mean_squared_error: 159.0494
Epoch 15/25
 - 4106s - loss: 156.2736 - mean_squared_error: 156.3982 - val_loss: 153.9743 - val_mean_squared_error: 156.6416
Epoch 16/25
 - 4007s - loss: 155.9257 - mean_squared_error: 155.8281 - val_loss: 162.2090 - val_mean_squared_error: 163.8063
Epoch 17/25
 - 3947s - loss: 162.1312 - mean_squared_error: 156.9412 - val_loss: 152.2842 - val_mean_squared_error: 154.5350
Epoch 18/25
 - 3992s - loss: 152.9736 - mean_squared_error: 154.3708 - val_loss: 163.2384 - val_mean_squared_error: 160.3387
Epoch 19/25
 - 4063s - loss: 170.1247 - mean_squared_error: 158.8684 - val_loss: 154.1538 - val_mean_squared_error: 156.8069
Epoch 20/25
 - 4091s - loss: 158.5876 - mean_squared_error: 155.5170 - val_loss: 151.3754 - val_mean_squared_error: 153.9052
Epoch 21/25
 - 4092s - loss: 152.0762 - mean_squared_error: 153.5473 - val_loss: 151.5414 - val_mean_squared_error: 153.0944
/pkg/python/3.6.1-centos7/lib/python3.6/site-packages/h5py/__init__.py:34: FutureWarning: Conversion of the second argument of issubdtype from `float` to `np.floating` is deprecated. In future, it will be treated as `np.float64 == np.dtype(float).type`.
  from ._conv import register_converters as _register_converters
Using TensorFlow backend.
Epoch 22/25
Traceback (most recent call last):
  File "main.py", line 121, in <module>
    net.train(train_gen, valid_gen, trial=trial, client=client)
  File "/home/jott1/Projects/CBRAIN-CAM/notebooks/tbeucler_devlog/hp_opt_conservation/model.py", line 166, in train
    )
  File "/home/jott1/.local/lib/python3.6/site-packages/tensorflow/python/keras/engine/training.py", line 1779, in fit_generator
    initial_epoch=initial_epoch)
  File "/home/jott1/.local/lib/python3.6/site-packages/tensorflow/python/keras/engine/training_generator.py", line 204, in fit_generator
    x, y, sample_weight=sample_weight, class_weight=class_weight)
  File "/home/jott1/.local/lib/python3.6/site-packages/tensorflow/python/keras/engine/training.py", line 1552, in train_on_batch
    outputs = self.train_function(ins)
  File "/home/jott1/.local/lib/python3.6/site-packages/tensorflow/python/keras/backend.py", line 2914, in __call__
    fetched = self._callable_fn(*array_vals)
  File "/home/jott1/.local/lib/python3.6/site-packages/tensorflow/python/client/session.py", line 1382, in __call__
    run_metadata_ptr)
KeyboardInterrupt
