2019-05-28 09:16:29.009833: I tensorflow/core/platform/cpu_feature_guard.cc:141] Your CPU supports instructions that this TensorFlow binary was not compiled to use: AVX2 FMA
2019-05-28 09:16:31.008403: I tensorflow/core/common_runtime/gpu/gpu_device.cc:1405] Found device 0 with properties: 
name: TITAN X (Pascal) major: 6 minor: 1 memoryClockRate(GHz): 1.531
pciBusID: 0000:81:00.0
totalMemory: 11.91GiB freeMemory: 10.97GiB
2019-05-28 09:16:31.008446: I tensorflow/core/common_runtime/gpu/gpu_device.cc:1484] Adding visible gpu devices: 0
2019-05-28 09:16:37.428349: I tensorflow/core/common_runtime/gpu/gpu_device.cc:965] Device interconnect StreamExecutor with strength 1 edge matrix:
2019-05-28 09:16:37.428394: I tensorflow/core/common_runtime/gpu/gpu_device.cc:971]      0 
2019-05-28 09:16:37.428404: I tensorflow/core/common_runtime/gpu/gpu_device.cc:984] 0:   N 
2019-05-28 09:16:37.428758: I tensorflow/core/common_runtime/gpu/gpu_device.cc:1097] Created TensorFlow device (/job:localhost/replica:0/task:0/device:GPU:0 with 10488 MB memory) -> physical GPU (device: 0, name: TITAN X (Pascal), pci bus id: 0000:81:00.0, compute capability: 6.1)
{   'P': 'arcus_gpu.p',
    'alg': 'random',
    'alpha': 0.012543785095648876,
    'batch_norm': 0,
    'batch_size': 2048,
    'data': 'fluxbypass_aqua',
    'data_dir': '/baldig/chemistry/earth_system_science/',
    'dropout': 0,
    'env': '/home/jott1/Projects/SHERPA_EX/.profile',
    'epochs': 25,
    'gpus': '2,3',
    'l': "hostname='(arcus-1|arcus-2|arcus-3|arcus-4|arcus-5|arcus-6|arcus-7|arcus-8|arcus-9|arcus-10)'",
    'layer_0': 512,
    'layer_1': 512,
    'layer_2': 512,
    'layer_3': 512,
    'layer_4': 512,
    'layer_5': 512,
    'layer_6': 512,
    'leaky_relu': 0.3,
    'loss_type': 'weak_loss',
    'lr': 0.001,
    'max_concurrent': 8,
    'max_dense_layers': 7,
    'net_type': 'normal',
    'num_layers': 5,
    'patience': 10,
    'q': 'arcus.q',
    'sch': 'local'}
Epoch 1/25
 - 4199s - loss: 252.8644 - mean_squared_error: 243.7622 - val_loss: 186.6048 - val_mean_squared_error: 188.1518
Epoch 2/25
 - 4175s - loss: 186.4547 - mean_squared_error: 185.6296 - val_loss: 173.2756 - val_mean_squared_error: 174.8031
Epoch 3/25
 - 4164s - loss: 176.1464 - mean_squared_error: 175.2314 - val_loss: 168.8727 - val_mean_squared_error: 170.4823
Epoch 4/25
 - 4192s - loss: 170.8880 - mean_squared_error: 170.7100 - val_loss: 164.7409 - val_mean_squared_error: 166.6358
Epoch 5/25
 - 4290s - loss: 167.1124 - mean_squared_error: 167.3875 - val_loss: 174.3754 - val_mean_squared_error: 175.3979
Epoch 6/25
 - 4342s - loss: 164.3055 - mean_squared_error: 164.7408 - val_loss: 163.8089 - val_mean_squared_error: 165.5935
Epoch 7/25
 - 4202s - loss: 162.3069 - mean_squared_error: 162.8457 - val_loss: 160.0333 - val_mean_squared_error: 161.5924
Epoch 8/25
 - 4206s - loss: 160.6519 - mean_squared_error: 161.1887 - val_loss: 196.7238 - val_mean_squared_error: 187.5624
Epoch 9/25
 - 4164s - loss: 159.3430 - mean_squared_error: 159.9120 - val_loss: 157.2040 - val_mean_squared_error: 159.0192
Epoch 10/25
 - 4216s - loss: 158.2617 - mean_squared_error: 158.8692 - val_loss: 156.2103 - val_mean_squared_error: 157.7889
Epoch 11/25
 - 4174s - loss: 159.6743 - mean_squared_error: 158.7059 - val_loss: 155.9606 - val_mean_squared_error: 157.7354
Epoch 12/25
 - 4104s - loss: 157.1932 - mean_squared_error: 157.7327 - val_loss: 159.3251 - val_mean_squared_error: 160.8791
Epoch 13/25
 - 4200s - loss: 156.4755 - mean_squared_error: 156.9963 - val_loss: 155.1413 - val_mean_squared_error: 156.8356
Epoch 14/25
 - 4131s - loss: 155.4768 - mean_squared_error: 156.0181 - val_loss: 156.9551 - val_mean_squared_error: 158.7695
Epoch 15/25
 - 4106s - loss: 155.5180 - mean_squared_error: 155.8341 - val_loss: 151.5498 - val_mean_squared_error: 153.3120
Epoch 16/25
 - 4007s - loss: 154.9459 - mean_squared_error: 155.0803 - val_loss: 153.3523 - val_mean_squared_error: 155.1061
Epoch 17/25
 - 3946s - loss: 158.3466 - mean_squared_error: 155.7109 - val_loss: 158.6930 - val_mean_squared_error: 160.5629
Epoch 18/25
 - 3993s - loss: 157.8348 - mean_squared_error: 155.6804 - val_loss: 150.1169 - val_mean_squared_error: 151.2250
Epoch 19/25
 - 4062s - loss: 153.1796 - mean_squared_error: 153.8399 - val_loss: 151.0202 - val_mean_squared_error: 152.8383
Epoch 20/25
 - 4089s - loss: 153.1533 - mean_squared_error: 153.4691 - val_loss: 154.6606 - val_mean_squared_error: 154.4765
Epoch 21/25
 - 4093s - loss: 152.8149 - mean_squared_error: 153.1558 - val_loss: 156.7576 - val_mean_squared_error: 158.1364
/pkg/python/3.6.1-centos7/lib/python3.6/site-packages/h5py/__init__.py:34: FutureWarning: Conversion of the second argument of issubdtype from `float` to `np.floating` is deprecated. In future, it will be treated as `np.float64 == np.dtype(float).type`.
  from ._conv import register_converters as _register_converters
Using TensorFlow backend.
Epoch 22/25
Traceback (most recent call last):
  File "main.py", line 121, in <module>
    net.train(train_gen, valid_gen, trial=trial, client=client)
  File "/home/jott1/Projects/CBRAIN-CAM/notebooks/tbeucler_devlog/hp_opt_conservation/model.py", line 166, in train
    )
  File "/home/jott1/.local/lib/python3.6/site-packages/tensorflow/python/keras/engine/training.py", line 1779, in fit_generator
    initial_epoch=initial_epoch)
  File "/home/jott1/.local/lib/python3.6/site-packages/tensorflow/python/keras/engine/training_generator.py", line 204, in fit_generator
    x, y, sample_weight=sample_weight, class_weight=class_weight)
  File "/home/jott1/.local/lib/python3.6/site-packages/tensorflow/python/keras/engine/training.py", line 1552, in train_on_batch
    outputs = self.train_function(ins)
  File "/home/jott1/.local/lib/python3.6/site-packages/tensorflow/python/keras/backend.py", line 2914, in __call__
    fetched = self._callable_fn(*array_vals)
  File "/home/jott1/.local/lib/python3.6/site-packages/tensorflow/python/client/session.py", line 1382, in __call__
    run_metadata_ptr)
KeyboardInterrupt
