2019-05-24 17:30:34.156670: I tensorflow/core/platform/cpu_feature_guard.cc:141] Your CPU supports instructions that this TensorFlow binary was not compiled to use: AVX2 FMA
2019-05-24 17:30:36.964127: I tensorflow/core/common_runtime/gpu/gpu_device.cc:1405] Found device 0 with properties: 
name: TITAN X (Pascal) major: 6 minor: 1 memoryClockRate(GHz): 1.531
pciBusID: 0000:82:00.0
totalMemory: 11.91GiB freeMemory: 11.32GiB
2019-05-24 17:30:36.964162: I tensorflow/core/common_runtime/gpu/gpu_device.cc:1484] Adding visible gpu devices: 0
2019-05-24 17:30:41.033821: I tensorflow/core/common_runtime/gpu/gpu_device.cc:965] Device interconnect StreamExecutor with strength 1 edge matrix:
2019-05-24 17:30:41.033879: I tensorflow/core/common_runtime/gpu/gpu_device.cc:971]      0 
2019-05-24 17:30:41.033890: I tensorflow/core/common_runtime/gpu/gpu_device.cc:984] 0:   N 
2019-05-24 17:30:41.034277: I tensorflow/core/common_runtime/gpu/gpu_device.cc:1097] Created TensorFlow device (/job:localhost/replica:0/task:0/device:GPU:0 with 10833 MB memory) -> physical GPU (device: 0, name: TITAN X (Pascal), pci bus id: 0000:82:00.0, compute capability: 6.1)
{   'P': 'arcus_gpu.p',
    'alg': 'random',
    'alpha': 0.003814046792330752,
    'batch_norm': 0,
    'batch_size': 2048,
    'data': 'fluxbypass_aqua',
    'data_dir': '/baldig/chemistry/earth_system_science/',
    'dropout': 0,
    'env': '/home/jott1/Projects/SHERPA_EX/.profile',
    'epochs': 25,
    'gpus': '2,3',
    'l': "hostname='(arcus-1|arcus-2|arcus-3|arcus-4|arcus-5|arcus-6|arcus-7|arcus-8|arcus-9|arcus-10)'",
    'layer_0': 512,
    'layer_1': 512,
    'layer_2': 512,
    'layer_3': 512,
    'layer_4': 512,
    'layer_5': 512,
    'layer_6': 512,
    'leaky_relu': 0.3,
    'loss_type': 'weak_loss',
    'lr': 0.001,
    'max_concurrent': 8,
    'max_dense_layers': 7,
    'net_type': 'normal',
    'num_layers': 5,
    'patience': 10,
    'q': 'arcus.q',
    'sch': 'local'}
Epoch 1/25
 - 4302s - loss: 272.3918 - mean_squared_error: 258.9536 - val_loss: 195.1413 - val_mean_squared_error: 193.2733
Epoch 2/25
 - 4503s - loss: 196.8576 - mean_squared_error: 193.4214 - val_loss: 189.5880 - val_mean_squared_error: 187.8148
Epoch 3/25
 - 4700s - loss: 186.0397 - mean_squared_error: 183.4967 - val_loss: 196.3657 - val_mean_squared_error: 191.5121
Epoch 4/25
 - 4390s - loss: 180.4025 - mean_squared_error: 178.2130 - val_loss: 190.9861 - val_mean_squared_error: 182.8292
Epoch 5/25
 - 4324s - loss: 176.7662 - mean_squared_error: 174.7599 - val_loss: 170.5677 - val_mean_squared_error: 169.6406
Epoch 6/25
 - 4692s - loss: 174.3282 - mean_squared_error: 172.4153 - val_loss: 172.4909 - val_mean_squared_error: 170.4429
Epoch 7/25
 - 4289s - loss: 172.5174 - mean_squared_error: 170.6528 - val_loss: 168.9075 - val_mean_squared_error: 166.8251
Epoch 8/25
 - 4323s - loss: 171.0685 - mean_squared_error: 169.2556 - val_loss: 181.6186 - val_mean_squared_error: 177.2472
Epoch 9/25
 - 4365s - loss: 170.0868 - mean_squared_error: 168.2643 - val_loss: 172.7864 - val_mean_squared_error: 169.8692
Epoch 10/25
 - 4189s - loss: 169.3045 - mean_squared_error: 167.4606 - val_loss: 167.4472 - val_mean_squared_error: 166.4026
Epoch 11/25
 - 4279s - loss: 168.6141 - mean_squared_error: 166.7983 - val_loss: 166.6079 - val_mean_squared_error: 165.0743
Epoch 12/25
 - 4167s - loss: 168.0273 - mean_squared_error: 166.1694 - val_loss: 177.4706 - val_mean_squared_error: 176.1589
Epoch 13/25
 - 4107s - loss: 167.5291 - mean_squared_error: 165.6395 - val_loss: 165.9440 - val_mean_squared_error: 165.4242
Epoch 14/25
 - 4833s - loss: 166.9792 - mean_squared_error: 165.0592 - val_loss: 178.7103 - val_mean_squared_error: 172.1423
Epoch 15/25
 - 4831s - loss: 166.4069 - mean_squared_error: 164.4794 - val_loss: 174.0404 - val_mean_squared_error: 170.1300
Epoch 16/25
 - 4732s - loss: 166.0272 - mean_squared_error: 164.0195 - val_loss: 168.1238 - val_mean_squared_error: 167.7287
Epoch 17/25
 - 4671s - loss: 165.7648 - mean_squared_error: 163.6759 - val_loss: 163.3273 - val_mean_squared_error: 162.8008
Epoch 18/25
 - 4834s - loss: 165.6004 - mean_squared_error: 163.4529 - val_loss: 164.3741 - val_mean_squared_error: 162.0240
Epoch 19/25
 - 4819s - loss: 165.4650 - mean_squared_error: 163.1947 - val_loss: 163.7288 - val_mean_squared_error: 162.3639
Epoch 20/25
 - 4521s - loss: 165.3176 - mean_squared_error: 163.0231 - val_loss: 162.3809 - val_mean_squared_error: 162.1093
Epoch 21/25
 - 4716s - loss: 165.1502 - mean_squared_error: 162.7610 - val_loss: 177.6012 - val_mean_squared_error: 176.3756
Epoch 22/25
 - 4695s - loss: 165.0198 - mean_squared_error: 162.5566 - val_loss: 171.5025 - val_mean_squared_error: 170.1211
Epoch 23/25
 - 4387s - loss: 164.7917 - mean_squared_error: 162.3030 - val_loss: 176.0423 - val_mean_squared_error: 172.0753
Epoch 24/25
 - 4420s - loss: 164.5622 - mean_squared_error: 162.0948 - val_loss: 169.3211 - val_mean_squared_error: 166.1126
Epoch 25/25
 - 4194s - loss: 164.4485 - mean_squared_error: 161.8512 - val_loss: 167.0137 - val_mean_squared_error: 159.9779
/pkg/python/3.6.1-centos7/lib/python3.6/site-packages/h5py/__init__.py:34: FutureWarning: Conversion of the second argument of issubdtype from `float` to `np.floating` is deprecated. In future, it will be treated as `np.float64 == np.dtype(float).type`.
  from ._conv import register_converters as _register_converters
Using TensorFlow backend.
Done with trial 11
