2019-05-20 08:05:37.720317: I tensorflow/core/platform/cpu_feature_guard.cc:141] Your CPU supports instructions that this TensorFlow binary was not compiled to use: AVX2 FMA
2019-05-20 08:05:42.867869: I tensorflow/core/common_runtime/gpu/gpu_device.cc:1405] Found device 0 with properties: 
name: GeForce GTX TITAN X major: 5 minor: 2 memoryClockRate(GHz): 1.076
pciBusID: 0000:03:00.0
totalMemory: 11.93GiB freeMemory: 11.70GiB
2019-05-20 08:05:42.867939: I tensorflow/core/common_runtime/gpu/gpu_device.cc:1484] Adding visible gpu devices: 0
2019-05-20 08:05:49.120178: I tensorflow/core/common_runtime/gpu/gpu_device.cc:965] Device interconnect StreamExecutor with strength 1 edge matrix:
2019-05-20 08:05:49.120360: I tensorflow/core/common_runtime/gpu/gpu_device.cc:971]      0 
2019-05-20 08:05:49.120383: I tensorflow/core/common_runtime/gpu/gpu_device.cc:984] 0:   N 
2019-05-20 08:05:49.121100: I tensorflow/core/common_runtime/gpu/gpu_device.cc:1097] Created TensorFlow device (/job:localhost/replica:0/task:0/device:GPU:0 with 11115 MB memory) -> physical GPU (device: 0, name: GeForce GTX TITAN X, pci bus id: 0000:03:00.0, compute capability: 5.2)
Generator will have 71163904 samples in 34748 batches
Features have shape 94; targets have shape 65
Generator will have 72343552 samples in 35324 batches
Features have shape 94; targets have shape 65
Epoch 1/25
 - 5670s - loss: 0.0027 - mean_squared_error: 0.0027 - val_loss: 0.0027 - val_mean_squared_error: 0.0027
Epoch 2/25
 - 4948s - loss: 0.0026 - mean_squared_error: 0.0026 - val_loss: 0.0031 - val_mean_squared_error: 0.0031
Epoch 3/25
 - 4923s - loss: 0.0026 - mean_squared_error: 0.0026 - val_loss: 0.0032 - val_mean_squared_error: 0.0032
Epoch 4/25
 - 5018s - loss: 0.0026 - mean_squared_error: 0.0026 - val_loss: 0.0033 - val_mean_squared_error: 0.0033
Epoch 5/25
 - 5117s - loss: 0.0026 - mean_squared_error: 0.0026 - val_loss: 0.0031 - val_mean_squared_error: 0.0031
Epoch 6/25
 - 4427s - loss: 0.0026 - mean_squared_error: 0.0026 - val_loss: 0.0033 - val_mean_squared_error: 0.0033
