2019-05-21 02:15:37.960457: I tensorflow/core/platform/cpu_feature_guard.cc:141] Your CPU supports instructions that this TensorFlow binary was not compiled to use: AVX2 FMA
2019-05-21 02:15:39.494883: I tensorflow/core/common_runtime/gpu/gpu_device.cc:1405] Found device 0 with properties: 
name: GeForce GTX TITAN X major: 5 minor: 2 memoryClockRate(GHz): 1.076
pciBusID: 0000:02:00.0
totalMemory: 11.93GiB freeMemory: 11.04GiB
2019-05-21 02:15:39.495840: I tensorflow/core/common_runtime/gpu/gpu_device.cc:1484] Adding visible gpu devices: 0
2019-05-21 02:15:54.552065: I tensorflow/core/common_runtime/gpu/gpu_device.cc:965] Device interconnect StreamExecutor with strength 1 edge matrix:
2019-05-21 02:15:54.552502: I tensorflow/core/common_runtime/gpu/gpu_device.cc:971]      0 
2019-05-21 02:15:54.552560: I tensorflow/core/common_runtime/gpu/gpu_device.cc:984] 0:   N 
2019-05-21 02:15:54.554651: I tensorflow/core/common_runtime/gpu/gpu_device.cc:1097] Created TensorFlow device (/job:localhost/replica:0/task:0/device:GPU:0 with 10682 MB memory) -> physical GPU (device: 0, name: GeForce GTX TITAN X, pci bus id: 0000:02:00.0, compute capability: 5.2)
Generator will have 71163904 samples in 34748 batches
Features have shape 94; targets have shape 65
Generator will have 72343552 samples in 35324 batches
Features have shape 94; targets have shape 65
Epoch 1/25
 - 5401s - loss: 0.0043 - mean_squared_error: 0.0043 - val_loss: 0.0036 - val_mean_squared_error: 0.0036
Epoch 2/25
 - 4782s - loss: 0.0039 - mean_squared_error: 0.0039 - val_loss: 0.0033 - val_mean_squared_error: 0.0033
Epoch 3/25
 - 4532s - loss: 0.0040 - mean_squared_error: 0.0040 - val_loss: 0.0031 - val_mean_squared_error: 0.0031
Epoch 4/25
 - 4723s - loss: 0.0037 - mean_squared_error: 0.0037 - val_loss: 0.0032 - val_mean_squared_error: 0.0032
Epoch 5/25
 - 5375s - loss: 0.0037 - mean_squared_error: 0.0037 - val_loss: 0.0034 - val_mean_squared_error: 0.0034
Epoch 6/25
 - 4866s - loss: 0.0037 - mean_squared_error: 0.0037 - val_loss: 0.0041 - val_mean_squared_error: 0.0041
Epoch 7/25
 - 4217s - loss: 0.0037 - mean_squared_error: 0.0037 - val_loss: 0.0038 - val_mean_squared_error: 0.0038
Epoch 8/25
 - 4581s - loss: 0.0038 - mean_squared_error: 0.0038 - val_loss: 0.0035 - val_mean_squared_error: 0.0035
