2019-05-20 08:05:37.786518: I tensorflow/core/platform/cpu_feature_guard.cc:141] Your CPU supports instructions that this TensorFlow binary was not compiled to use: AVX2 FMA
2019-05-20 08:05:42.906778: I tensorflow/core/common_runtime/gpu/gpu_device.cc:1405] Found device 0 with properties: 
name: GeForce GTX 980 major: 5 minor: 2 memoryClockRate(GHz): 1.2155
pciBusID: 0000:82:00.0
totalMemory: 3.95GiB freeMemory: 3.72GiB
2019-05-20 08:05:42.906859: I tensorflow/core/common_runtime/gpu/gpu_device.cc:1484] Adding visible gpu devices: 0
2019-05-20 08:05:49.539800: I tensorflow/core/common_runtime/gpu/gpu_device.cc:965] Device interconnect StreamExecutor with strength 1 edge matrix:
2019-05-20 08:05:49.539854: I tensorflow/core/common_runtime/gpu/gpu_device.cc:971]      0 
2019-05-20 08:05:49.539866: I tensorflow/core/common_runtime/gpu/gpu_device.cc:984] 0:   N 
2019-05-20 08:05:49.540132: I tensorflow/core/common_runtime/gpu/gpu_device.cc:1097] Created TensorFlow device (/job:localhost/replica:0/task:0/device:GPU:0 with 3315 MB memory) -> physical GPU (device: 0, name: GeForce GTX 980, pci bus id: 0000:82:00.0, compute capability: 5.2)
Generator will have 71163904 samples in 34748 batches
Features have shape 94; targets have shape 65
Generator will have 72343552 samples in 35324 batches
Features have shape 94; targets have shape 65
Epoch 1/25
 - 5482s - loss: 0.0037 - mean_squared_error: 0.0037 - val_loss: 0.0038 - val_mean_squared_error: 0.0038
Epoch 2/25
 - 4876s - loss: 0.0037 - mean_squared_error: 0.0037 - val_loss: 0.0041 - val_mean_squared_error: 0.0041
Epoch 3/25
 - 5183s - loss: 0.0037 - mean_squared_error: 0.0037 - val_loss: 0.0038 - val_mean_squared_error: 0.0038
Epoch 4/25
 - 4538s - loss: 0.0037 - mean_squared_error: 0.0037 - val_loss: 0.0041 - val_mean_squared_error: 0.0041
Epoch 5/25
 - 5108s - loss: 0.0037 - mean_squared_error: 0.0037 - val_loss: 0.0043 - val_mean_squared_error: 0.0043
Epoch 6/25
 - 4916s - loss: 0.0037 - mean_squared_error: 0.0037 - val_loss: 0.0044 - val_mean_squared_error: 0.0044
Epoch 7/25
 - 5608s - loss: 0.0037 - mean_squared_error: 0.0037 - val_loss: 0.0038 - val_mean_squared_error: 0.0038
Epoch 8/25
 - 4844s - loss: 0.0037 - mean_squared_error: 0.0037 - val_loss: 0.0038 - val_mean_squared_error: 0.0038
Epoch 9/25
 - 4592s - loss: 0.0037 - mean_squared_error: 0.0037 - val_loss: 0.0038 - val_mean_squared_error: 0.0038
Epoch 10/25
 - 5361s - loss: 0.0037 - mean_squared_error: 0.0037 - val_loss: 0.0039 - val_mean_squared_error: 0.0039
Epoch 11/25
 - 5309s - loss: 0.0037 - mean_squared_error: 0.0037 - val_loss: 0.0039 - val_mean_squared_error: 0.0039
Epoch 12/25
 - 4598s - loss: 0.0037 - mean_squared_error: 0.0037 - val_loss: 0.0042 - val_mean_squared_error: 0.0042
Epoch 13/25
 - 4983s - loss: 0.0037 - mean_squared_error: 0.0037 - val_loss: 0.0038 - val_mean_squared_error: 0.0038
/pkg/python/3.6.1-centos7/lib/python3.6/site-packages/h5py/__init__.py:34: FutureWarning: Conversion of the second argument of issubdtype from `float` to `np.floating` is deprecated. In future, it will be treated as `np.float64 == np.dtype(float).type`.
  from ._conv import register_converters as _register_converters
Using TensorFlow backend.
Done with trial 5
