2019-05-20 08:05:37.720449: I tensorflow/core/platform/cpu_feature_guard.cc:141] Your CPU supports instructions that this TensorFlow binary was not compiled to use: AVX2 FMA
2019-05-20 08:05:42.913015: I tensorflow/core/common_runtime/gpu/gpu_device.cc:1405] Found device 0 with properties: 
name: GeForce GTX TITAN X major: 5 minor: 2 memoryClockRate(GHz): 1.076
pciBusID: 0000:02:00.0
totalMemory: 11.93GiB freeMemory: 11.60GiB
2019-05-20 08:05:42.913095: I tensorflow/core/common_runtime/gpu/gpu_device.cc:1484] Adding visible gpu devices: 0
2019-05-20 08:05:48.999736: I tensorflow/core/common_runtime/gpu/gpu_device.cc:965] Device interconnect StreamExecutor with strength 1 edge matrix:
2019-05-20 08:05:49.000108: I tensorflow/core/common_runtime/gpu/gpu_device.cc:971]      0 
2019-05-20 08:05:49.000135: I tensorflow/core/common_runtime/gpu/gpu_device.cc:984] 0:   N 
2019-05-20 08:05:49.001319: I tensorflow/core/common_runtime/gpu/gpu_device.cc:1097] Created TensorFlow device (/job:localhost/replica:0/task:0/device:GPU:0 with 11140 MB memory) -> physical GPU (device: 0, name: GeForce GTX TITAN X, pci bus id: 0000:02:00.0, compute capability: 5.2)
Generator will have 71163904 samples in 34748 batches
Features have shape 94; targets have shape 65
Generator will have 72343552 samples in 35324 batches
Features have shape 94; targets have shape 65
Epoch 1/25
 - 6231s - loss: 0.0039 - mean_squared_error: 0.0039 - val_loss: 0.0027 - val_mean_squared_error: 0.0027
Epoch 2/25
 - 8268s - loss: 0.0034 - mean_squared_error: 0.0034 - val_loss: 0.0032 - val_mean_squared_error: 0.0032
Epoch 3/25
 - 6255s - loss: 0.0034 - mean_squared_error: 0.0034 - val_loss: 0.0031 - val_mean_squared_error: 0.0031
Epoch 4/25
 - 5299s - loss: 0.0034 - mean_squared_error: 0.0034 - val_loss: 0.0026 - val_mean_squared_error: 0.0026
Epoch 5/25
 - 7227s - loss: 0.0034 - mean_squared_error: 0.0034 - val_loss: 0.0028 - val_mean_squared_error: 0.0028
Epoch 6/25
 - 7447s - loss: 0.0033 - mean_squared_error: 0.0033 - val_loss: 0.0029 - val_mean_squared_error: 0.0029
Epoch 7/25
 - 5332s - loss: 0.0033 - mean_squared_error: 0.0033 - val_loss: 0.0045 - val_mean_squared_error: 0.0045
Epoch 8/25
 - 4873s - loss: 0.0033 - mean_squared_error: 0.0033 - val_loss: 0.0027 - val_mean_squared_error: 0.0027
Epoch 9/25
 - 5046s - loss: 0.0033 - mean_squared_error: 0.0033 - val_loss: 0.0029 - val_mean_squared_error: 0.0029
Epoch 10/25
 - 4496s - loss: 0.0033 - mean_squared_error: 0.0033 - val_loss: 0.0030 - val_mean_squared_error: 0.0030
Epoch 11/25
 - 4988s - loss: 0.0033 - mean_squared_error: 0.0033 - val_loss: 0.0027 - val_mean_squared_error: 0.0027
Epoch 12/25
 - 5679s - loss: 0.0033 - mean_squared_error: 0.0033 - val_loss: 0.0027 - val_mean_squared_error: 0.0027
Epoch 13/25
 - 5368s - loss: 0.0033 - mean_squared_error: 0.0033 - val_loss: 0.0027 - val_mean_squared_error: 0.0027
Epoch 14/25
 - 8095s - loss: 0.0033 - mean_squared_error: 0.0033 - val_loss: 0.0025 - val_mean_squared_error: 0.0025
Epoch 15/25
 - 5764s - loss: 0.0033 - mean_squared_error: 0.0033 - val_loss: 0.0024 - val_mean_squared_error: 0.0024
Epoch 16/25
 - 6067s - loss: 0.0033 - mean_squared_error: 0.0033 - val_loss: 0.0028 - val_mean_squared_error: 0.0028
Epoch 17/25
 - 7781s - loss: 0.0033 - mean_squared_error: 0.0033 - val_loss: 0.0028 - val_mean_squared_error: 0.0028
