2019-05-20 08:05:37.743520: I tensorflow/core/platform/cpu_feature_guard.cc:141] Your CPU supports instructions that this TensorFlow binary was not compiled to use: AVX2 FMA
2019-05-20 08:05:42.914922: I tensorflow/core/common_runtime/gpu/gpu_device.cc:1405] Found device 0 with properties: 
name: GeForce GTX TITAN X major: 5 minor: 2 memoryClockRate(GHz): 1.076
pciBusID: 0000:02:00.0
totalMemory: 11.93GiB freeMemory: 11.60GiB
2019-05-20 08:05:42.915039: I tensorflow/core/common_runtime/gpu/gpu_device.cc:1484] Adding visible gpu devices: 0
2019-05-20 08:05:49.643352: I tensorflow/core/common_runtime/gpu/gpu_device.cc:965] Device interconnect StreamExecutor with strength 1 edge matrix:
2019-05-20 08:05:49.643447: I tensorflow/core/common_runtime/gpu/gpu_device.cc:971]      0 
2019-05-20 08:05:49.643462: I tensorflow/core/common_runtime/gpu/gpu_device.cc:984] 0:   N 
2019-05-20 08:05:49.643931: I tensorflow/core/common_runtime/gpu/gpu_device.cc:1097] Created TensorFlow device (/job:localhost/replica:0/task:0/device:GPU:0 with 11098 MB memory) -> physical GPU (device: 0, name: GeForce GTX TITAN X, pci bus id: 0000:02:00.0, compute capability: 5.2)
Generator will have 71163904 samples in 34748 batches
Features have shape 94; targets have shape 65
Generator will have 72343552 samples in 35324 batches
Features have shape 94; targets have shape 65
Epoch 1/25
 - 5713s - loss: 3408.5432 - mean_squared_error: 3408.5432 - val_loss: 22.3455 - val_mean_squared_error: 22.3455
Epoch 2/25
 - 5103s - loss: 2768.0921 - mean_squared_error: 2768.0921 - val_loss: 0.5441 - val_mean_squared_error: 0.5441
Epoch 3/25
 - 4724s - loss: 2741.1034 - mean_squared_error: 2741.1034 - val_loss: 0.0263 - val_mean_squared_error: 0.0263
Epoch 4/25
 - 5001s - loss: 1957.2327 - mean_squared_error: 1957.2327 - val_loss: 0.0304 - val_mean_squared_error: 0.0304
Epoch 5/25
 - 5137s - loss: 2078.8847 - mean_squared_error: 2078.8847 - val_loss: 6.5685 - val_mean_squared_error: 6.5685
Epoch 6/25
 - 4425s - loss: 2298.8412 - mean_squared_error: 2298.8412 - val_loss: 0.0613 - val_mean_squared_error: 0.0613
Epoch 7/25
 - 5609s - loss: 3226.6673 - mean_squared_error: 3226.6673 - val_loss: 0.4898 - val_mean_squared_error: 0.4898
Epoch 8/25
 - 5029s - loss: 1908.0792 - mean_squared_error: 1908.0792 - val_loss: 0.5133 - val_mean_squared_error: 0.5133
Epoch 9/25
 - 4430s - loss: 1905.1547 - mean_squared_error: 1905.1547 - val_loss: 178.0733 - val_mean_squared_error: 178.0733
Epoch 10/25
 - 5095s - loss: 1399.7203 - mean_squared_error: 1399.7203 - val_loss: 17.2925 - val_mean_squared_error: 17.2925
Epoch 11/25
 - 5164s - loss: 1712.9642 - mean_squared_error: 1712.9642 - val_loss: 1.1730 - val_mean_squared_error: 1.1730
Epoch 12/25
 - 4846s - loss: 1374.0424 - mean_squared_error: 1374.0424 - val_loss: 0.0553 - val_mean_squared_error: 0.0553
Epoch 13/25
 - 5015s - loss: 2165.8546 - mean_squared_error: 2165.8546 - val_loss: 0.3979 - val_mean_squared_error: 0.3979
/pkg/python/3.6.1-centos7/lib/python3.6/site-packages/h5py/__init__.py:34: FutureWarning: Conversion of the second argument of issubdtype from `float` to `np.floating` is deprecated. In future, it will be treated as `np.float64 == np.dtype(float).type`.
  from ._conv import register_converters as _register_converters
Using TensorFlow backend.
Done with trial 11
