2019-05-20 08:05:37.783476: I tensorflow/core/platform/cpu_feature_guard.cc:141] Your CPU supports instructions that this TensorFlow binary was not compiled to use: AVX2 FMA
2019-05-20 08:05:42.897392: I tensorflow/core/common_runtime/gpu/gpu_device.cc:1405] Found device 0 with properties: 
name: GeForce GTX 980 major: 5 minor: 2 memoryClockRate(GHz): 1.2155
pciBusID: 0000:82:00.0
totalMemory: 3.95GiB freeMemory: 3.79GiB
2019-05-20 08:05:42.897475: I tensorflow/core/common_runtime/gpu/gpu_device.cc:1484] Adding visible gpu devices: 0
2019-05-20 08:05:49.533310: I tensorflow/core/common_runtime/gpu/gpu_device.cc:965] Device interconnect StreamExecutor with strength 1 edge matrix:
2019-05-20 08:05:49.533378: I tensorflow/core/common_runtime/gpu/gpu_device.cc:971]      0 
2019-05-20 08:05:49.533390: I tensorflow/core/common_runtime/gpu/gpu_device.cc:984] 0:   N 
2019-05-20 08:05:49.533671: I tensorflow/core/common_runtime/gpu/gpu_device.cc:1097] Created TensorFlow device (/job:localhost/replica:0/task:0/device:GPU:0 with 3317 MB memory) -> physical GPU (device: 0, name: GeForce GTX 980, pci bus id: 0000:82:00.0, compute capability: 5.2)
Generator will have 71163904 samples in 34748 batches
Features have shape 94; targets have shape 65
Generator will have 72343552 samples in 35324 batches
Features have shape 94; targets have shape 65
Epoch 1/25
 - 5639s - loss: 0.0040 - mean_squared_error: 0.0040 - val_loss: 0.0034 - val_mean_squared_error: 0.0034
Epoch 2/25
 - 4973s - loss: 0.0039 - mean_squared_error: 0.0039 - val_loss: 0.0038 - val_mean_squared_error: 0.0038
Epoch 3/25
 - 4928s - loss: 0.0039 - mean_squared_error: 0.0039 - val_loss: 0.0038 - val_mean_squared_error: 0.0038
Epoch 4/25
 - 5015s - loss: 0.0039 - mean_squared_error: 0.0039 - val_loss: 0.0036 - val_mean_squared_error: 0.0036
Epoch 5/25
 - 5072s - loss: 0.0039 - mean_squared_error: 0.0039 - val_loss: 0.0041 - val_mean_squared_error: 0.0041
Epoch 6/25
 - 4475s - loss: 0.0039 - mean_squared_error: 0.0039 - val_loss: 0.0036 - val_mean_squared_error: 0.0036
