Running from arcus-4.ics.uci.edu
2019-05-17 10:40:43.233758: I tensorflow/core/common_runtime/gpu/gpu_device.cc:1405] Found device 0 with properties: 
name: GeForce GTX TITAN Black major: 3 minor: 5 memoryClockRate(GHz): 0.98
pciBusID: 0000:02:00.0
totalMemory: 5.94GiB freeMemory: 5.86GiB
2019-05-17 10:40:43.234023: I tensorflow/core/common_runtime/gpu/gpu_device.cc:1484] Adding visible gpu devices: 0
2019-05-17 10:40:51.673695: I tensorflow/core/common_runtime/gpu/gpu_device.cc:965] Device interconnect StreamExecutor with strength 1 edge matrix:
2019-05-17 10:40:51.674025: I tensorflow/core/common_runtime/gpu/gpu_device.cc:971]      0 
2019-05-17 10:40:51.674044: I tensorflow/core/common_runtime/gpu/gpu_device.cc:984] 0:   N 
2019-05-17 10:40:51.674317: I tensorflow/core/common_runtime/gpu/gpu_device.cc:1097] Created TensorFlow device (/job:localhost/replica:0/task:0/device:GPU:0 with 5658 MB memory) -> physical GPU (device: 0, name: GeForce GTX TITAN Black, pci bus id: 0000:02:00.0, compute capability: 3.5)
Epoch 1/25
 - 4213s - loss: 316.3233 - mean_squared_error: 316.3233 - val_loss: 237.0324 - val_mean_squared_error: 237.0324
Epoch 2/25
 - 5494s - loss: 257.0845 - mean_squared_error: 257.0845 - val_loss: 205.4768 - val_mean_squared_error: 205.4768
Epoch 3/25
 - 5332s - loss: 246.7898 - mean_squared_error: 246.7898 - val_loss: 209.7992 - val_mean_squared_error: 209.7992
Epoch 4/25
 - 7164s - loss: 241.6466 - mean_squared_error: 241.6466 - val_loss: 226.9807 - val_mean_squared_error: 226.9807
Epoch 5/25
 - 7121s - loss: 238.3447 - mean_squared_error: 238.3447 - val_loss: 199.6461 - val_mean_squared_error: 199.6461
Epoch 6/25
 - 7258s - loss: 236.0270 - mean_squared_error: 236.0270 - val_loss: 209.7471 - val_mean_squared_error: 209.7471
Epoch 7/25
 - 6012s - loss: 234.4133 - mean_squared_error: 234.4133 - val_loss: 223.3323 - val_mean_squared_error: 223.3323
Epoch 8/25
 - 6034s - loss: 233.1140 - mean_squared_error: 233.1140 - val_loss: 189.0878 - val_mean_squared_error: 189.0878
Epoch 9/25
 - 7628s - loss: 231.9320 - mean_squared_error: 231.9320 - val_loss: 206.9907 - val_mean_squared_error: 206.9907
Epoch 10/25
 - 6101s - loss: 230.6429 - mean_squared_error: 230.6429 - val_loss: 190.6463 - val_mean_squared_error: 190.6463
Epoch 11/25
 - 6143s - loss: 229.8004 - mean_squared_error: 229.8004 - val_loss: 219.5239 - val_mean_squared_error: 219.5239
Epoch 12/25
 - 5917s - loss: 228.9802 - mean_squared_error: 228.9802 - val_loss: 201.3544 - val_mean_squared_error: 201.3544
Epoch 13/25
 - 5172s - loss: 228.0953 - mean_squared_error: 228.0953 - val_loss: 209.3399 - val_mean_squared_error: 209.3399
Epoch 14/25
 - 5649s - loss: 227.4612 - mean_squared_error: 227.4612 - val_loss: 217.5591 - val_mean_squared_error: 217.5591
Epoch 15/25
 - 5233s - loss: 226.9601 - mean_squared_error: 226.9601 - val_loss: 205.7972 - val_mean_squared_error: 205.7972
Epoch 16/25
 - 4948s - loss: 225.9616 - mean_squared_error: 225.9616 - val_loss: 248.1295 - val_mean_squared_error: 248.1295
Epoch 17/25
 - 4660s - loss: 225.0748 - mean_squared_error: 225.0748 - val_loss: 231.1062 - val_mean_squared_error: 231.1062
Epoch 18/25
 - 4819s - loss: 224.5768 - mean_squared_error: 224.5768 - val_loss: 253.0439 - val_mean_squared_error: 253.0439
/pkg/python/3.6.1-centos7/lib/python3.6/site-packages/h5py/__init__.py:34: FutureWarning: Conversion of the second argument of issubdtype from `float` to `np.floating` is deprecated. In future, it will be treated as `np.float64 == np.dtype(float).type`.
  from ._conv import register_converters as _register_converters
Using TensorFlow backend.
Done with trial 3
