Running from arcus-8
2019-05-18 16:08:40.261956: I tensorflow/core/platform/cpu_feature_guard.cc:141] Your CPU supports instructions that this TensorFlow binary was not compiled to use: AVX2 FMA
2019-05-18 16:08:42.366527: E tensorflow/stream_executor/cuda/cuda_driver.cc:397] failed call to cuInit: CUDA_ERROR_NO_DEVICE
2019-05-18 16:08:42.366657: I tensorflow/stream_executor/cuda/cuda_diagnostics.cc:163] retrieving CUDA diagnostic information for host: arcus-8
2019-05-18 16:08:42.366683: I tensorflow/stream_executor/cuda/cuda_diagnostics.cc:170] hostname: arcus-8
2019-05-18 16:08:42.366791: I tensorflow/stream_executor/cuda/cuda_diagnostics.cc:194] libcuda reported version is: 396.26.0
2019-05-18 16:08:42.366931: I tensorflow/stream_executor/cuda/cuda_diagnostics.cc:198] kernel reported version is: 396.26.0
2019-05-18 16:08:42.366950: I tensorflow/stream_executor/cuda/cuda_diagnostics.cc:305] kernel version seems to match DSO: 396.26.0
Epoch 1/25
 - 8768s - loss: 311.0210 - mean_squared_error: 311.0210 - val_loss: 248.2502 - val_mean_squared_error: 248.2502
Epoch 2/25
 - 9383s - loss: 250.6008 - mean_squared_error: 250.6008 - val_loss: 206.7394 - val_mean_squared_error: 206.7394
Epoch 3/25
 - 9669s - loss: 239.6270 - mean_squared_error: 239.6270 - val_loss: 193.9209 - val_mean_squared_error: 193.9209
Epoch 4/25
 - 9179s - loss: 234.4002 - mean_squared_error: 234.4002 - val_loss: 193.9534 - val_mean_squared_error: 193.9534
Epoch 5/25
 - 8494s - loss: 230.9429 - mean_squared_error: 230.9429 - val_loss: 247.0022 - val_mean_squared_error: 247.0022
Epoch 6/25
 - 8814s - loss: 227.8291 - mean_squared_error: 227.8291 - val_loss: 206.7072 - val_mean_squared_error: 206.7072
Epoch 7/25
 - 8336s - loss: 225.4209 - mean_squared_error: 225.4209 - val_loss: 195.1790 - val_mean_squared_error: 195.1790
Epoch 8/25
 - 11304s - loss: 223.3822 - mean_squared_error: 223.3822 - val_loss: 247.6368 - val_mean_squared_error: 247.6368
Epoch 9/25
 - 9846s - loss: 221.8733 - mean_squared_error: 221.8733 - val_loss: 212.5918 - val_mean_squared_error: 212.5918
Epoch 10/25
 - 9091s - loss: 220.4683 - mean_squared_error: 220.4683 - val_loss: 210.8963 - val_mean_squared_error: 210.8963
/pkg/python/3.6.1-centos7/lib/python3.6/site-packages/h5py/__init__.py:34: FutureWarning: Conversion of the second argument of issubdtype from `float` to `np.floating` is deprecated. In future, it will be treated as `np.float64 == np.dtype(float).type`.
  from ._conv import register_converters as _register_converters
Using TensorFlow backend.
WARNING:tensorflow:Method on_batch_end() is slow compared to the batch update (0.541986). Check your callbacks.
WARNING:tensorflow:Method on_batch_end() is slow compared to the batch update (0.541986). Check your callbacks.
WARNING:tensorflow:Method on_batch_end() is slow compared to the batch update (0.271070). Check your callbacks.
WARNING:tensorflow:Method on_batch_end() is slow compared to the batch update (0.271070). Check your callbacks.
Epoch 11/25
 - 8882s - loss: 219.5053 - mean_squared_error: 219.5053 - val_loss: 232.5860 - val_mean_squared_error: 232.5860
Epoch 12/25
 - 8884s - loss: 218.9877 - mean_squared_error: 218.9877 - val_loss: 231.0804 - val_mean_squared_error: 231.0804
Epoch 13/25
 - 9253s - loss: 218.2326 - mean_squared_error: 218.2326 - val_loss: 227.1729 - val_mean_squared_error: 227.1729
Done with trial 8
