Running from arcus-10
2019-05-17 10:18:35.433097: I tensorflow/core/platform/cpu_feature_guard.cc:141] Your CPU supports instructions that this TensorFlow binary was not compiled to use: AVX2 FMA
2019-05-17 10:18:38.308954: I tensorflow/core/common_runtime/gpu/gpu_device.cc:1405] Found device 0 with properties: 
name: TITAN V major: 7 minor: 0 memoryClockRate(GHz): 1.455
pciBusID: 0000:02:00.0
totalMemory: 11.75GiB freeMemory: 11.34GiB
2019-05-17 10:18:38.309014: I tensorflow/core/common_runtime/gpu/gpu_device.cc:1484] Adding visible gpu devices: 0
2019-05-17 10:18:38.780163: I tensorflow/core/common_runtime/gpu/gpu_device.cc:965] Device interconnect StreamExecutor with strength 1 edge matrix:
2019-05-17 10:18:38.780218: I tensorflow/core/common_runtime/gpu/gpu_device.cc:971]      0 
2019-05-17 10:18:38.780226: I tensorflow/core/common_runtime/gpu/gpu_device.cc:984] 0:   N 
2019-05-17 10:18:38.780505: I tensorflow/core/common_runtime/gpu/gpu_device.cc:1097] Created TensorFlow device (/job:localhost/replica:0/task:0/device:GPU:0 with 10955 MB memory) -> physical GPU (device: 0, name: TITAN V, pci bus id: 0000:02:00.0, compute capability: 7.0)
Epoch 1/25
 - 2162s - loss: 313.5867 - mean_squared_error: 313.5867 - val_loss: 224.8139 - val_mean_squared_error: 224.8139
Epoch 2/25
 - 451s - loss: 255.6849 - mean_squared_error: 255.6849 - val_loss: 256.4066 - val_mean_squared_error: 256.4066
Epoch 3/25
 - 439s - loss: 245.8239 - mean_squared_error: 245.8239 - val_loss: 208.9700 - val_mean_squared_error: 208.9700
Epoch 4/25
 - 441s - loss: 240.4879 - mean_squared_error: 240.4879 - val_loss: 205.6882 - val_mean_squared_error: 205.6882
Epoch 5/25
 - 1977s - loss: 237.2262 - mean_squared_error: 237.2262 - val_loss: 193.0616 - val_mean_squared_error: 193.0616
Epoch 6/25
 - 477s - loss: 234.9446 - mean_squared_error: 234.9446 - val_loss: 189.5556 - val_mean_squared_error: 189.5556
Epoch 7/25
 - 480s - loss: 233.3877 - mean_squared_error: 233.3877 - val_loss: 191.8222 - val_mean_squared_error: 191.8222
Epoch 8/25
 - 486s - loss: 232.0591 - mean_squared_error: 232.0591 - val_loss: 200.3749 - val_mean_squared_error: 200.3749
Epoch 9/25
 - 515s - loss: 230.7943 - mean_squared_error: 230.7943 - val_loss: 195.6178 - val_mean_squared_error: 195.6178
Epoch 10/25
 - 532s - loss: 229.5793 - mean_squared_error: 229.5793 - val_loss: 210.4730 - val_mean_squared_error: 210.4730
Epoch 11/25
 - 512s - loss: 227.5776 - mean_squared_error: 227.5776 - val_loss: 207.0601 - val_mean_squared_error: 207.0601
Epoch 12/25
 - 527s - loss: 226.3725 - mean_squared_error: 226.3725 - val_loss: 234.8810 - val_mean_squared_error: 234.8810
Epoch 13/25
 - 507s - loss: 225.6708 - mean_squared_error: 225.6708 - val_loss: 227.3559 - val_mean_squared_error: 227.3559
Epoch 14/25
 - 504s - loss: 225.1153 - mean_squared_error: 225.1153 - val_loss: 240.0219 - val_mean_squared_error: 240.0219
Epoch 15/25
 - 528s - loss: 224.3653 - mean_squared_error: 224.3653 - val_loss: 217.1682 - val_mean_squared_error: 217.1682
Epoch 16/25
 - 540s - loss: 223.7591 - mean_squared_error: 223.7591 - val_loss: 252.7176 - val_mean_squared_error: 252.7176
/pkg/python/3.6.1-centos7/lib/python3.6/site-packages/h5py/__init__.py:34: FutureWarning: Conversion of the second argument of issubdtype from `float` to `np.floating` is deprecated. In future, it will be treated as `np.float64 == np.dtype(float).type`.
  from ._conv import register_converters as _register_converters
Using TensorFlow backend.
Done with trial 2
