Running from arcus-8
2019-05-17 14:04:23.496361: I tensorflow/core/platform/cpu_feature_guard.cc:141] Your CPU supports instructions that this TensorFlow binary was not compiled to use: AVX2 FMA
2019-05-17 14:04:24.511080: I tensorflow/core/common_runtime/gpu/gpu_device.cc:1405] Found device 0 with properties: 
name: TITAN X (Pascal) major: 6 minor: 1 memoryClockRate(GHz): 1.531
pciBusID: 0000:82:00.0
totalMemory: 11.91GiB freeMemory: 11.75GiB
2019-05-17 14:04:24.511139: I tensorflow/core/common_runtime/gpu/gpu_device.cc:1484] Adding visible gpu devices: 0
2019-05-17 14:04:35.994582: I tensorflow/core/common_runtime/gpu/gpu_device.cc:965] Device interconnect StreamExecutor with strength 1 edge matrix:
2019-05-17 14:04:35.995315: I tensorflow/core/common_runtime/gpu/gpu_device.cc:971]      0 
2019-05-17 14:04:35.995328: I tensorflow/core/common_runtime/gpu/gpu_device.cc:984] 0:   N 
2019-05-17 14:04:35.995663: I tensorflow/core/common_runtime/gpu/gpu_device.cc:1097] Created TensorFlow device (/job:localhost/replica:0/task:0/device:GPU:0 with 11374 MB memory) -> physical GPU (device: 0, name: TITAN X (Pascal), pci bus id: 0000:82:00.0, compute capability: 6.1)
Epoch 1/25
 - 5080s - loss: 314.7858 - mean_squared_error: 314.7858 - val_loss: 218.7772 - val_mean_squared_error: 218.7772
Epoch 2/25
 - 4827s - loss: 256.1052 - mean_squared_error: 256.1052 - val_loss: 244.8283 - val_mean_squared_error: 244.8283
Epoch 3/25
 - 4576s - loss: 245.9818 - mean_squared_error: 245.9818 - val_loss: 204.2052 - val_mean_squared_error: 204.2052
Epoch 4/25
 - 4062s - loss: 240.8569 - mean_squared_error: 240.8569 - val_loss: 213.0950 - val_mean_squared_error: 213.0950
Epoch 5/25
 - 3947s - loss: 237.1173 - mean_squared_error: 237.1173 - val_loss: 202.2767 - val_mean_squared_error: 202.2767
Epoch 6/25
 - 3801s - loss: 235.1925 - mean_squared_error: 235.1925 - val_loss: 197.8148 - val_mean_squared_error: 197.8148
Epoch 7/25
 - 4667s - loss: 233.3992 - mean_squared_error: 233.3992 - val_loss: 201.5614 - val_mean_squared_error: 201.5614
Epoch 8/25
 - 4952s - loss: 232.2014 - mean_squared_error: 232.2014 - val_loss: 211.7982 - val_mean_squared_error: 211.7982
Epoch 9/25
 - 6218s - loss: 230.8463 - mean_squared_error: 230.8463 - val_loss: 255.2438 - val_mean_squared_error: 255.2438
Epoch 10/25
 - 5701s - loss: 229.5594 - mean_squared_error: 229.5594 - val_loss: 187.7140 - val_mean_squared_error: 187.7140
Epoch 11/25
 - 4693s - loss: 228.6528 - mean_squared_error: 228.6528 - val_loss: 218.5569 - val_mean_squared_error: 218.5569
Epoch 12/25
 - 5206s - loss: 227.7856 - mean_squared_error: 227.7856 - val_loss: 205.7468 - val_mean_squared_error: 205.7468
Epoch 13/25
 - 5326s - loss: 226.0504 - mean_squared_error: 226.0504 - val_loss: 211.5294 - val_mean_squared_error: 211.5294
Epoch 14/25
 - 4484s - loss: 225.2276 - mean_squared_error: 225.2276 - val_loss: 202.7126 - val_mean_squared_error: 202.7126
Epoch 15/25
 - 5047s - loss: 224.4899 - mean_squared_error: 224.4899 - val_loss: 246.6103 - val_mean_squared_error: 246.6103
Epoch 16/25
 - 4361s - loss: 223.9897 - mean_squared_error: 223.9897 - val_loss: 223.2102 - val_mean_squared_error: 223.2102
Epoch 17/25
 - 4355s - loss: 223.5488 - mean_squared_error: 223.5488 - val_loss: 230.1056 - val_mean_squared_error: 230.1056
Epoch 18/25
 - 4132s - loss: 223.0645 - mean_squared_error: 223.0645 - val_loss: 222.5456 - val_mean_squared_error: 222.5456
Epoch 19/25
 - 4176s - loss: 222.6734 - mean_squared_error: 222.6734 - val_loss: 225.1431 - val_mean_squared_error: 225.1431
Epoch 20/25
 - 4191s - loss: 222.3698 - mean_squared_error: 222.3698 - val_loss: 241.1882 - val_mean_squared_error: 241.1882
/pkg/python/3.6.1-centos7/lib/python3.6/site-packages/h5py/__init__.py:34: FutureWarning: Conversion of the second argument of issubdtype from `float` to `np.floating` is deprecated. In future, it will be treated as `np.float64 == np.dtype(float).type`.
  from ._conv import register_converters as _register_converters
Using TensorFlow backend.
Done with trial 5
