2019-05-24 12:51:51.850191: I tensorflow/core/platform/cpu_feature_guard.cc:141] Your CPU supports instructions that this TensorFlow binary was not compiled to use: AVX2 FMA
2019-05-24 12:52:09.824946: I tensorflow/core/common_runtime/gpu/gpu_device.cc:1405] Found device 0 with properties: 
name: TITAN V major: 7 minor: 0 memoryClockRate(GHz): 1.455
pciBusID: 0000:03:00.0
totalMemory: 11.75GiB freeMemory: 11.06GiB
2019-05-24 12:52:09.824983: I tensorflow/core/common_runtime/gpu/gpu_device.cc:1484] Adding visible gpu devices: 0
2019-05-24 12:52:10.612297: I tensorflow/core/common_runtime/gpu/gpu_device.cc:965] Device interconnect StreamExecutor with strength 1 edge matrix:
2019-05-24 12:52:10.612349: I tensorflow/core/common_runtime/gpu/gpu_device.cc:971]      0 
2019-05-24 12:52:10.612358: I tensorflow/core/common_runtime/gpu/gpu_device.cc:984] 0:   N 
2019-05-24 12:52:10.612728: I tensorflow/core/common_runtime/gpu/gpu_device.cc:1097] Created TensorFlow device (/job:localhost/replica:0/task:0/device:GPU:0 with 8186 MB memory) -> physical GPU (device: 0, name: TITAN V, pci bus id: 0000:03:00.0, compute capability: 7.0)
{   'P': 'arcus_gpu.p',
    'alg': 'random',
    'batch_norm': 1,
    'batch_size': 2048,
    'data': '8col',
    'data_dir': '/baldig/chemistry/earth_system_science/',
    'dropout': 0.0,
    'env': '/home/jott1/Projects/SHERPA_EX/.profile',
    'epochs': 30,
    'gpus': '0,1,2,3',
    'l': "hostname='(arcus-1|arcus-2|arcus-3|arcus-4|arcus-5|arcus-6|arcus-7|arcus-8|arcus-9|arcus-10)'",
    'layer_0': 213,
    'layer_1': 298,
    'layer_10': 297,
    'layer_11': 264,
    'layer_2': 250,
    'layer_3': 279,
    'layer_4': 266,
    'layer_5': 207,
    'layer_6': 249,
    'layer_7': 208,
    'layer_8': 202,
    'layer_9': 263,
    'leaky_relu': 0.35461570313555785,
    'loss_type': 'mse',
    'lr': 0.0017829064005061854,
    'max_concurrent': 28,
    'max_dense_layers': 7,
    'net_type': 'normal',
    'new_trial': 1,
    'num_layers': 10,
    'patience': 10,
    'q': 'arcus.q',
    'sch': 'local'}
Generator will have 71163904 samples in 34748 batches
Features have shape 94; targets have shape 65
Generator will have 72343552 samples in 35324 batches
Features have shape 94; targets have shape 65
Epoch 1/30
 - 1700s - loss: 0.0028 - mean_squared_error: 0.0028 - val_loss: 0.0021 - val_mean_squared_error: 0.0021
Epoch 2/30
 - 1730s - loss: 0.0020 - mean_squared_error: 0.0020 - val_loss: 0.0020 - val_mean_squared_error: 0.0020
Epoch 3/30
 - 1743s - loss: 0.0019 - mean_squared_error: 0.0019 - val_loss: 0.0019 - val_mean_squared_error: 0.0019
Epoch 4/30
 - 1740s - loss: 0.0019 - mean_squared_error: 0.0019 - val_loss: 0.0019 - val_mean_squared_error: 0.0019
Epoch 5/30
 - 1750s - loss: 0.0019 - mean_squared_error: 0.0019 - val_loss: 0.0019 - val_mean_squared_error: 0.0019
Epoch 6/30
 - 1736s - loss: 0.0018 - mean_squared_error: 0.0018 - val_loss: 0.0019 - val_mean_squared_error: 0.0019
Epoch 7/30
 - 1746s - loss: 0.0018 - mean_squared_error: 0.0018 - val_loss: 0.0019 - val_mean_squared_error: 0.0019
Epoch 8/30
 - 1750s - loss: 0.0018 - mean_squared_error: 0.0018 - val_loss: 0.0019 - val_mean_squared_error: 0.0019
Epoch 9/30
 - 1734s - loss: 0.0018 - mean_squared_error: 0.0018 - val_loss: 0.0018 - val_mean_squared_error: 0.0018
Epoch 10/30
 - 1756s - loss: 0.0018 - mean_squared_error: 0.0018 - val_loss: 0.0018 - val_mean_squared_error: 0.0018
Epoch 11/30
 - 1739s - loss: 0.0018 - mean_squared_error: 0.0018 - val_loss: 0.0018 - val_mean_squared_error: 0.0018
Epoch 12/30
 - 1746s - loss: 0.0018 - mean_squared_error: 0.0018 - val_loss: 0.0018 - val_mean_squared_error: 0.0018
Epoch 13/30
 - 1738s - loss: 0.0018 - mean_squared_error: 0.0018 - val_loss: 0.0018 - val_mean_squared_error: 0.0018
Epoch 14/30
 - 1745s - loss: 0.0018 - mean_squared_error: 0.0018 - val_loss: 0.0018 - val_mean_squared_error: 0.0018
Epoch 15/30
 - 1742s - loss: 0.0018 - mean_squared_error: 0.0018 - val_loss: 0.0018 - val_mean_squared_error: 0.0018
Epoch 16/30
 - 1747s - loss: 0.0018 - mean_squared_error: 0.0018 - val_loss: 0.0018 - val_mean_squared_error: 0.0018
Epoch 17/30
 - 1771s - loss: 0.0018 - mean_squared_error: 0.0018 - val_loss: 0.0018 - val_mean_squared_error: 0.0018
Epoch 18/30
 - 1785s - loss: 0.0018 - mean_squared_error: 0.0018 - val_loss: 0.0018 - val_mean_squared_error: 0.0018
Epoch 19/30
 - 1777s - loss: 0.0018 - mean_squared_error: 0.0018 - val_loss: 0.0018 - val_mean_squared_error: 0.0018
Epoch 20/30
 - 1777s - loss: 0.0018 - mean_squared_error: 0.0018 - val_loss: 0.0018 - val_mean_squared_error: 0.0018
Epoch 21/30
 - 1861s - loss: 0.0018 - mean_squared_error: 0.0018 - val_loss: 0.0018 - val_mean_squared_error: 0.0018
Epoch 22/30
 - 1794s - loss: 0.0018 - mean_squared_error: 0.0018 - val_loss: 0.0018 - val_mean_squared_error: 0.0018
Epoch 23/30
 - 1800s - loss: 0.0018 - mean_squared_error: 0.0018 - val_loss: 0.0018 - val_mean_squared_error: 0.0018
Epoch 24/30
 - 1802s - loss: 0.0018 - mean_squared_error: 0.0018 - val_loss: 0.0018 - val_mean_squared_error: 0.0018
Epoch 25/30
 - 1806s - loss: 0.0018 - mean_squared_error: 0.0018 - val_loss: 0.0018 - val_mean_squared_error: 0.0018
Epoch 26/30
 - 1821s - loss: 0.0018 - mean_squared_error: 0.0018 - val_loss: 0.0018 - val_mean_squared_error: 0.0018
Epoch 27/30
 - 1854s - loss: 0.0018 - mean_squared_error: 0.0018 - val_loss: 0.0018 - val_mean_squared_error: 0.0018
/pkg/python/3.6.1-centos7/lib/python3.6/site-packages/h5py/__init__.py:34: FutureWarning: Conversion of the second argument of issubdtype from `float` to `np.floating` is deprecated. In future, it will be treated as `np.float64 == np.dtype(float).type`.
  from ._conv import register_converters as _register_converters
Using TensorFlow backend.
Done with trial 21
