2019-05-24 12:51:52.682350: I tensorflow/core/platform/cpu_feature_guard.cc:141] Your CPU supports instructions that this TensorFlow binary was not compiled to use: AVX2 FMA
2019-05-24 12:52:09.772692: I tensorflow/core/common_runtime/gpu/gpu_device.cc:1405] Found device 0 with properties: 
name: TITAN V major: 7 minor: 0 memoryClockRate(GHz): 1.455
pciBusID: 0000:83:00.0
totalMemory: 11.75GiB freeMemory: 11.06GiB
2019-05-24 12:52:09.772749: I tensorflow/core/common_runtime/gpu/gpu_device.cc:1484] Adding visible gpu devices: 0
2019-05-24 12:52:10.569846: I tensorflow/core/common_runtime/gpu/gpu_device.cc:965] Device interconnect StreamExecutor with strength 1 edge matrix:
2019-05-24 12:52:10.569925: I tensorflow/core/common_runtime/gpu/gpu_device.cc:971]      0 
2019-05-24 12:52:10.569937: I tensorflow/core/common_runtime/gpu/gpu_device.cc:984] 0:   N 
2019-05-24 12:52:10.570632: I tensorflow/core/common_runtime/gpu/gpu_device.cc:1097] Created TensorFlow device (/job:localhost/replica:0/task:0/device:GPU:0 with 8215 MB memory) -> physical GPU (device: 0, name: TITAN V, pci bus id: 0000:83:00.0, compute capability: 7.0)
{   'P': 'arcus_gpu.p',
    'alg': 'random',
    'batch_norm': 1,
    'batch_size': 2048,
    'data': '8col',
    'data_dir': '/baldig/chemistry/earth_system_science/',
    'dropout': 0.2,
    'env': '/home/jott1/Projects/SHERPA_EX/.profile',
    'epochs': 30,
    'gpus': '0,1,2,3',
    'l': "hostname='(arcus-1|arcus-2|arcus-3|arcus-4|arcus-5|arcus-6|arcus-7|arcus-8|arcus-9|arcus-10)'",
    'layer_0': 242,
    'layer_1': 287,
    'layer_10': 206,
    'layer_11': 287,
    'layer_2': 200,
    'layer_3': 296,
    'layer_4': 215,
    'layer_5': 276,
    'layer_6': 255,
    'layer_7': 202,
    'layer_8': 228,
    'layer_9': 246,
    'leaky_relu': 0.31411504774263244,
    'loss_type': 'mse',
    'lr': 0.0031589090301300123,
    'max_concurrent': 28,
    'max_dense_layers': 7,
    'net_type': 'normal',
    'new_trial': 1,
    'num_layers': 10,
    'patience': 10,
    'q': 'arcus.q',
    'sch': 'local'}
Generator will have 71163904 samples in 34748 batches
Features have shape 94; targets have shape 65
Generator will have 72343552 samples in 35324 batches
Features have shape 94; targets have shape 65
Epoch 1/30
 - 1798s - loss: 0.0031 - mean_squared_error: 0.0031 - val_loss: 0.0024 - val_mean_squared_error: 0.0024
Epoch 2/30
 - 1820s - loss: 0.0024 - mean_squared_error: 0.0024 - val_loss: 0.0023 - val_mean_squared_error: 0.0023
Epoch 3/30
 - 1818s - loss: 0.0023 - mean_squared_error: 0.0023 - val_loss: 0.0021 - val_mean_squared_error: 0.0021
Epoch 4/30
 - 1817s - loss: 0.0023 - mean_squared_error: 0.0023 - val_loss: 0.0021 - val_mean_squared_error: 0.0021
Epoch 5/30
 - 1821s - loss: 0.0023 - mean_squared_error: 0.0023 - val_loss: 0.0021 - val_mean_squared_error: 0.0021
Epoch 6/30
 - 1817s - loss: 0.0023 - mean_squared_error: 0.0023 - val_loss: 0.0021 - val_mean_squared_error: 0.0021
Epoch 7/30
 - 1809s - loss: 0.0023 - mean_squared_error: 0.0023 - val_loss: 0.0021 - val_mean_squared_error: 0.0021
Epoch 8/30
 - 1823s - loss: 0.0023 - mean_squared_error: 0.0023 - val_loss: 0.0021 - val_mean_squared_error: 0.0021
Epoch 9/30
 - 1812s - loss: 0.0022 - mean_squared_error: 0.0022 - val_loss: 0.0021 - val_mean_squared_error: 0.0021
Epoch 10/30
 - 1807s - loss: 0.0022 - mean_squared_error: 0.0022 - val_loss: 0.0021 - val_mean_squared_error: 0.0021
Epoch 11/30
 - 1824s - loss: 0.0022 - mean_squared_error: 0.0022 - val_loss: 0.0021 - val_mean_squared_error: 0.0021
Epoch 12/30
 - 1815s - loss: 0.0022 - mean_squared_error: 0.0022 - val_loss: 0.0021 - val_mean_squared_error: 0.0021
Epoch 13/30
 - 1824s - loss: 0.0022 - mean_squared_error: 0.0022 - val_loss: 0.0021 - val_mean_squared_error: 0.0021
Epoch 14/30
 - 1815s - loss: 0.0022 - mean_squared_error: 0.0022 - val_loss: 0.0021 - val_mean_squared_error: 0.0021
Epoch 15/30
 - 1824s - loss: 0.0022 - mean_squared_error: 0.0022 - val_loss: 0.0021 - val_mean_squared_error: 0.0021
Epoch 16/30
 - 1819s - loss: 0.0022 - mean_squared_error: 0.0022 - val_loss: 0.0021 - val_mean_squared_error: 0.0021
Epoch 17/30
 - 1814s - loss: 0.0022 - mean_squared_error: 0.0022 - val_loss: 0.0021 - val_mean_squared_error: 0.0021
Epoch 18/30
 - 1825s - loss: 0.0022 - mean_squared_error: 0.0022 - val_loss: 0.0021 - val_mean_squared_error: 0.0021
Epoch 19/30
 - 1805s - loss: 0.0022 - mean_squared_error: 0.0022 - val_loss: 0.0021 - val_mean_squared_error: 0.0021
Epoch 20/30
 - 1819s - loss: 0.0022 - mean_squared_error: 0.0022 - val_loss: 0.0021 - val_mean_squared_error: 0.0021
Epoch 21/30
 - 1829s - loss: 0.0022 - mean_squared_error: 0.0022 - val_loss: 0.0021 - val_mean_squared_error: 0.0021
Epoch 22/30
 - 1947s - loss: 0.0022 - mean_squared_error: 0.0022 - val_loss: 0.0021 - val_mean_squared_error: 0.0021
Epoch 23/30
 - 1839s - loss: 0.0022 - mean_squared_error: 0.0022 - val_loss: 0.0021 - val_mean_squared_error: 0.0021
Epoch 24/30
 - 1804s - loss: 0.0022 - mean_squared_error: 0.0022 - val_loss: 0.0021 - val_mean_squared_error: 0.0021
Epoch 25/30
 - 1843s - loss: 0.0022 - mean_squared_error: 0.0022 - val_loss: 0.0021 - val_mean_squared_error: 0.0021
Epoch 26/30
 - 1835s - loss: 0.0022 - mean_squared_error: 0.0022 - val_loss: 0.0021 - val_mean_squared_error: 0.0021
Epoch 27/30
 - 1792s - loss: 0.0022 - mean_squared_error: 0.0022 - val_loss: 0.0021 - val_mean_squared_error: 0.0021
Epoch 28/30
 - 1789s - loss: 0.0022 - mean_squared_error: 0.0022 - val_loss: 0.0021 - val_mean_squared_error: 0.0021
Epoch 29/30
 - 1793s - loss: 0.0022 - mean_squared_error: 0.0022 - val_loss: 0.0021 - val_mean_squared_error: 0.0021
Epoch 30/30
 - 1806s - loss: 0.0022 - mean_squared_error: 0.0022 - val_loss: 0.0021 - val_mean_squared_error: 0.0021
/pkg/python/3.6.1-centos7/lib/python3.6/site-packages/h5py/__init__.py:34: FutureWarning: Conversion of the second argument of issubdtype from `float` to `np.floating` is deprecated. In future, it will be treated as `np.float64 == np.dtype(float).type`.
  from ._conv import register_converters as _register_converters
Using TensorFlow backend.
Done with trial 3
