2019-05-24 23:17:56.734990: I tensorflow/core/platform/cpu_feature_guard.cc:141] Your CPU supports instructions that this TensorFlow binary was not compiled to use: AVX2 FMA
2019-05-24 23:17:57.251299: I tensorflow/core/common_runtime/gpu/gpu_device.cc:1405] Found device 0 with properties: 
name: TITAN V major: 7 minor: 0 memoryClockRate(GHz): 1.455
pciBusID: 0000:02:00.0
totalMemory: 11.75GiB freeMemory: 7.01GiB
2019-05-24 23:17:57.251357: I tensorflow/core/common_runtime/gpu/gpu_device.cc:1484] Adding visible gpu devices: 0
2019-05-24 23:17:59.112726: I tensorflow/core/common_runtime/gpu/gpu_device.cc:965] Device interconnect StreamExecutor with strength 1 edge matrix:
2019-05-24 23:17:59.112787: I tensorflow/core/common_runtime/gpu/gpu_device.cc:971]      0 
2019-05-24 23:17:59.112796: I tensorflow/core/common_runtime/gpu/gpu_device.cc:984] 0:   N 
2019-05-24 23:17:59.113212: I tensorflow/core/common_runtime/gpu/gpu_device.cc:1097] Created TensorFlow device (/job:localhost/replica:0/task:0/device:GPU:0 with 6741 MB memory) -> physical GPU (device: 0, name: TITAN V, pci bus id: 0000:02:00.0, compute capability: 7.0)
{   'P': 'arcus_gpu.p',
    'alg': 'random',
    'batch_norm': 1,
    'batch_size': 2048,
    'data': '8col',
    'data_dir': '/baldig/chemistry/earth_system_science/',
    'dropout': 0.0,
    'env': '/home/jott1/Projects/SHERPA_EX/.profile',
    'epochs': 30,
    'gpus': '0,1,2,3',
    'l': "hostname='(arcus-1|arcus-2|arcus-3|arcus-4|arcus-5|arcus-6|arcus-7|arcus-8|arcus-9|arcus-10)'",
    'layer_0': 252,
    'layer_1': 223,
    'layer_10': 228,
    'layer_11': 288,
    'layer_2': 260,
    'layer_3': 294,
    'layer_4': 275,
    'layer_5': 212,
    'layer_6': 214,
    'layer_7': 203,
    'layer_8': 238,
    'layer_9': 295,
    'leaky_relu': 0.3585996248432175,
    'loss_type': 'mse',
    'lr': 0.0022625363257193117,
    'max_concurrent': 28,
    'max_dense_layers': 7,
    'net_type': 'normal',
    'new_trial': 1,
    'num_layers': 10,
    'patience': 10,
    'q': 'arcus.q',
    'sch': 'local'}
Generator will have 71163904 samples in 34748 batches
Features have shape 94; targets have shape 65
Generator will have 72343552 samples in 35324 batches
Features have shape 94; targets have shape 65
Epoch 1/30
 - 1792s - loss: 0.0029 - mean_squared_error: 0.0029 - val_loss: 0.0021 - val_mean_squared_error: 0.0021
Epoch 2/30
 - 1795s - loss: 0.0020 - mean_squared_error: 0.0020 - val_loss: 0.0020 - val_mean_squared_error: 0.0020
Epoch 3/30
 - 1775s - loss: 0.0019 - mean_squared_error: 0.0019 - val_loss: 0.0019 - val_mean_squared_error: 0.0019
Epoch 4/30
 - 1833s - loss: 0.0019 - mean_squared_error: 0.0019 - val_loss: 0.0019 - val_mean_squared_error: 0.0019
Epoch 5/30
 - 1854s - loss: 0.0019 - mean_squared_error: 0.0019 - val_loss: 0.0019 - val_mean_squared_error: 0.0019
Epoch 6/30
 - 1864s - loss: 0.0018 - mean_squared_error: 0.0018 - val_loss: 0.0019 - val_mean_squared_error: 0.0019
Epoch 7/30
 - 1859s - loss: 0.0018 - mean_squared_error: 0.0018 - val_loss: 0.0019 - val_mean_squared_error: 0.0019
Epoch 8/30
 - 1874s - loss: 0.0018 - mean_squared_error: 0.0018 - val_loss: 0.0019 - val_mean_squared_error: 0.0019
Epoch 9/30
 - 1871s - loss: 0.0018 - mean_squared_error: 0.0018 - val_loss: 0.0019 - val_mean_squared_error: 0.0019
Epoch 10/30
 - 1870s - loss: 0.0018 - mean_squared_error: 0.0018 - val_loss: 0.0019 - val_mean_squared_error: 0.0019
Epoch 11/30
 - 1871s - loss: 0.0018 - mean_squared_error: 0.0018 - val_loss: 0.0019 - val_mean_squared_error: 0.0019
Epoch 12/30
 - 1869s - loss: 0.0018 - mean_squared_error: 0.0018 - val_loss: 0.0019 - val_mean_squared_error: 0.0019
Epoch 13/30
 - 1873s - loss: 0.0018 - mean_squared_error: 0.0018 - val_loss: 0.0019 - val_mean_squared_error: 0.0019
Epoch 14/30
 - 1875s - loss: 0.0018 - mean_squared_error: 0.0018 - val_loss: 0.0019 - val_mean_squared_error: 0.0019
Epoch 15/30
 - 1873s - loss: 0.0018 - mean_squared_error: 0.0018 - val_loss: 0.0019 - val_mean_squared_error: 0.0019
Epoch 16/30
 - 1869s - loss: 0.0018 - mean_squared_error: 0.0018 - val_loss: 0.0019 - val_mean_squared_error: 0.0019
Epoch 17/30
 - 1881s - loss: 0.0018 - mean_squared_error: 0.0018 - val_loss: 0.0019 - val_mean_squared_error: 0.0019
Epoch 18/30
 - 1864s - loss: 0.0018 - mean_squared_error: 0.0018 - val_loss: 0.0019 - val_mean_squared_error: 0.0019
Epoch 19/30
 - 1872s - loss: 0.0018 - mean_squared_error: 0.0018 - val_loss: 0.0019 - val_mean_squared_error: 0.0019
/pkg/python/3.6.1-centos7/lib/python3.6/site-packages/h5py/__init__.py:34: FutureWarning: Conversion of the second argument of issubdtype from `float` to `np.floating` is deprecated. In future, it will be treated as `np.float64 == np.dtype(float).type`.
  from ._conv import register_converters as _register_converters
Using TensorFlow backend.
Epoch 20/30
Traceback (most recent call last):
  File "main.py", line 121, in <module>
    net.train(train_gen, valid_gen, trial=trial, client=client)
  File "/home/jott1/Projects/CBRAIN-CAM/notebooks/tbeucler_devlog/hp_opt_conservation/model.py", line 175, in train
    callbacks=callbacks,
  File "/home/jott1/.local/lib/python3.6/site-packages/tensorflow/python/keras/engine/training.py", line 1779, in fit_generator
    initial_epoch=initial_epoch)
  File "/home/jott1/.local/lib/python3.6/site-packages/tensorflow/python/keras/engine/training_generator.py", line 204, in fit_generator
    x, y, sample_weight=sample_weight, class_weight=class_weight)
  File "/home/jott1/.local/lib/python3.6/site-packages/tensorflow/python/keras/engine/training.py", line 1552, in train_on_batch
    outputs = self.train_function(ins)
  File "/home/jott1/.local/lib/python3.6/site-packages/tensorflow/python/keras/backend.py", line 2914, in __call__
    fetched = self._callable_fn(*array_vals)
  File "/home/jott1/.local/lib/python3.6/site-packages/tensorflow/python/client/session.py", line 1382, in __call__
    run_metadata_ptr)
KeyboardInterrupt
