2019-05-25 03:43:10.027201: I tensorflow/core/platform/cpu_feature_guard.cc:141] Your CPU supports instructions that this TensorFlow binary was not compiled to use: AVX2 FMA
2019-05-25 03:43:10.578111: I tensorflow/core/common_runtime/gpu/gpu_device.cc:1405] Found device 0 with properties: 
name: TITAN V major: 7 minor: 0 memoryClockRate(GHz): 1.455
pciBusID: 0000:03:00.0
totalMemory: 11.75GiB freeMemory: 6.76GiB
2019-05-25 03:43:10.578176: I tensorflow/core/common_runtime/gpu/gpu_device.cc:1484] Adding visible gpu devices: 0
2019-05-25 03:43:12.838191: I tensorflow/core/common_runtime/gpu/gpu_device.cc:965] Device interconnect StreamExecutor with strength 1 edge matrix:
2019-05-25 03:43:12.838267: I tensorflow/core/common_runtime/gpu/gpu_device.cc:971]      0 
2019-05-25 03:43:12.838282: I tensorflow/core/common_runtime/gpu/gpu_device.cc:984] 0:   N 
2019-05-25 03:43:12.838792: I tensorflow/core/common_runtime/gpu/gpu_device.cc:1097] Created TensorFlow device (/job:localhost/replica:0/task:0/device:GPU:0 with 6497 MB memory) -> physical GPU (device: 0, name: TITAN V, pci bus id: 0000:03:00.0, compute capability: 7.0)
{   'P': 'arcus_gpu.p',
    'alg': 'random',
    'batch_norm': 0,
    'batch_size': 2048,
    'data': '8col',
    'data_dir': '/baldig/chemistry/earth_system_science/',
    'dropout': 0.0,
    'env': '/home/jott1/Projects/SHERPA_EX/.profile',
    'epochs': 30,
    'gpus': '0,1,2,3',
    'l': "hostname='(arcus-1|arcus-2|arcus-3|arcus-4|arcus-5|arcus-6|arcus-7|arcus-8|arcus-9|arcus-10)'",
    'layer_0': 272,
    'layer_1': 226,
    'layer_10': 238,
    'layer_11': 287,
    'layer_2': 267,
    'layer_3': 271,
    'layer_4': 281,
    'layer_5': 232,
    'layer_6': 217,
    'layer_7': 217,
    'layer_8': 298,
    'layer_9': 206,
    'leaky_relu': 0.35907235110478664,
    'loss_type': 'mse',
    'lr': 0.0018744226290314326,
    'max_concurrent': 28,
    'max_dense_layers': 7,
    'net_type': 'normal',
    'new_trial': 1,
    'num_layers': 10,
    'patience': 10,
    'q': 'arcus.q',
    'sch': 'local'}
Generator will have 71163904 samples in 34748 batches
Features have shape 94; targets have shape 65
Generator will have 72343552 samples in 35324 batches
Features have shape 94; targets have shape 65
Epoch 1/30
 - 1400s - loss: 0.0024 - mean_squared_error: 0.0024 - val_loss: 0.0022 - val_mean_squared_error: 0.0022
Epoch 2/30
 - 1399s - loss: 0.0022 - mean_squared_error: 0.0022 - val_loss: 0.0022 - val_mean_squared_error: 0.0022
Epoch 3/30
 - 1411s - loss: 0.0020 - mean_squared_error: 0.0020 - val_loss: 0.0020 - val_mean_squared_error: 0.0020
Epoch 4/30
 - 1405s - loss: 0.0019 - mean_squared_error: 0.0019 - val_loss: 0.0019 - val_mean_squared_error: 0.0019
Epoch 5/30
 - 1394s - loss: 0.0019 - mean_squared_error: 0.0019 - val_loss: 0.0019 - val_mean_squared_error: 0.0019
Epoch 6/30
 - 1393s - loss: 0.0019 - mean_squared_error: 0.0019 - val_loss: 0.0019 - val_mean_squared_error: 0.0019
Epoch 7/30
 - 1412s - loss: 0.0018 - mean_squared_error: 0.0018 - val_loss: 0.0019 - val_mean_squared_error: 0.0019
Epoch 8/30
 - 1408s - loss: 0.0018 - mean_squared_error: 0.0018 - val_loss: 0.0019 - val_mean_squared_error: 0.0019
Epoch 9/30
 - 1407s - loss: 0.0018 - mean_squared_error: 0.0018 - val_loss: 0.0018 - val_mean_squared_error: 0.0018
Epoch 10/30
 - 1395s - loss: 0.0018 - mean_squared_error: 0.0018 - val_loss: 0.0018 - val_mean_squared_error: 0.0018
Epoch 11/30
 - 1398s - loss: 0.0018 - mean_squared_error: 0.0018 - val_loss: 0.0018 - val_mean_squared_error: 0.0018
Epoch 12/30
 - 1412s - loss: 0.0018 - mean_squared_error: 0.0018 - val_loss: 0.0018 - val_mean_squared_error: 0.0018
Epoch 13/30
 - 1403s - loss: 0.0018 - mean_squared_error: 0.0018 - val_loss: 0.0018 - val_mean_squared_error: 0.0018
/pkg/python/3.6.1-centos7/lib/python3.6/site-packages/h5py/__init__.py:34: FutureWarning: Conversion of the second argument of issubdtype from `float` to `np.floating` is deprecated. In future, it will be treated as `np.float64 == np.dtype(float).type`.
  from ._conv import register_converters as _register_converters
Using TensorFlow backend.
Epoch 14/30
Traceback (most recent call last):
  File "main.py", line 121, in <module>
    net.train(train_gen, valid_gen, trial=trial, client=client)
  File "/home/jott1/Projects/CBRAIN-CAM/notebooks/tbeucler_devlog/hp_opt_conservation/model.py", line 175, in train
    callbacks=callbacks,
  File "/home/jott1/.local/lib/python3.6/site-packages/tensorflow/python/keras/engine/training.py", line 1779, in fit_generator
    initial_epoch=initial_epoch)
  File "/home/jott1/.local/lib/python3.6/site-packages/tensorflow/python/keras/engine/training_generator.py", line 225, in fit_generator
    max_queue_size=max_queue_size)
  File "/home/jott1/.local/lib/python3.6/site-packages/tensorflow/python/keras/engine/training_generator.py", line 336, in evaluate_generator
    outs = model.test_on_batch(x, y, sample_weight=sample_weight)
  File "/home/jott1/.local/lib/python3.6/site-packages/tensorflow/python/keras/engine/training.py", line 1607, in test_on_batch
    outputs = self.test_function(ins)
  File "/home/jott1/.local/lib/python3.6/site-packages/tensorflow/python/keras/backend.py", line 2914, in __call__
    fetched = self._callable_fn(*array_vals)
  File "/home/jott1/.local/lib/python3.6/site-packages/tensorflow/python/client/session.py", line 1382, in __call__
    run_metadata_ptr)
KeyboardInterrupt
