2019-05-24 14:34:03.808693: I tensorflow/core/platform/cpu_feature_guard.cc:141] Your CPU supports instructions that this TensorFlow binary was not compiled to use: AVX2 FMA
2019-05-24 14:34:04.346181: I tensorflow/core/common_runtime/gpu/gpu_device.cc:1405] Found device 0 with properties: 
name: TITAN V major: 7 minor: 0 memoryClockRate(GHz): 1.455
pciBusID: 0000:02:00.0
totalMemory: 11.75GiB freeMemory: 7.14GiB
2019-05-24 14:34:04.346248: I tensorflow/core/common_runtime/gpu/gpu_device.cc:1484] Adding visible gpu devices: 0
2019-05-24 14:34:06.961613: I tensorflow/core/common_runtime/gpu/gpu_device.cc:965] Device interconnect StreamExecutor with strength 1 edge matrix:
2019-05-24 14:34:06.961702: I tensorflow/core/common_runtime/gpu/gpu_device.cc:971]      0 
2019-05-24 14:34:06.961720: I tensorflow/core/common_runtime/gpu/gpu_device.cc:984] 0:   N 
2019-05-24 14:34:06.962200: I tensorflow/core/common_runtime/gpu/gpu_device.cc:1097] Created TensorFlow device (/job:localhost/replica:0/task:0/device:GPU:0 with 6862 MB memory) -> physical GPU (device: 0, name: TITAN V, pci bus id: 0000:02:00.0, compute capability: 7.0)
{   'P': 'arcus_gpu.p',
    'alg': 'random',
    'batch_norm': 0,
    'batch_size': 2048,
    'data': '8col',
    'data_dir': '/baldig/chemistry/earth_system_science/',
    'dropout': 0.15,
    'env': '/home/jott1/Projects/SHERPA_EX/.profile',
    'epochs': 30,
    'gpus': '0,1,2,3',
    'l': "hostname='(arcus-1|arcus-2|arcus-3|arcus-4|arcus-5|arcus-6|arcus-7|arcus-8|arcus-9|arcus-10)'",
    'layer_0': 240,
    'layer_1': 248,
    'layer_10': 245,
    'layer_11': 248,
    'layer_2': 236,
    'layer_3': 288,
    'layer_4': 273,
    'layer_5': 298,
    'layer_6': 240,
    'layer_7': 294,
    'layer_8': 209,
    'layer_9': 204,
    'leaky_relu': 0.3434631905855136,
    'loss_type': 'mse',
    'lr': 0.00032657232523598795,
    'max_concurrent': 28,
    'max_dense_layers': 7,
    'net_type': 'normal',
    'new_trial': 1,
    'num_layers': 9,
    'patience': 10,
    'q': 'arcus.q',
    'sch': 'local'}
Generator will have 71163904 samples in 34748 batches
Features have shape 94; targets have shape 65
Generator will have 72343552 samples in 35324 batches
Features have shape 94; targets have shape 65
Epoch 1/30
 - 1262s - loss: 0.0025 - mean_squared_error: 0.0025 - val_loss: 0.0022 - val_mean_squared_error: 0.0022
Epoch 2/30
 - 1254s - loss: 0.0023 - mean_squared_error: 0.0023 - val_loss: 0.0022 - val_mean_squared_error: 0.0022
Epoch 3/30
 - 1263s - loss: 0.0022 - mean_squared_error: 0.0022 - val_loss: 0.0021 - val_mean_squared_error: 0.0021
Epoch 4/30
 - 1259s - loss: 0.0022 - mean_squared_error: 0.0022 - val_loss: 0.0021 - val_mean_squared_error: 0.0021
Epoch 5/30
 - 1256s - loss: 0.0022 - mean_squared_error: 0.0022 - val_loss: 0.0021 - val_mean_squared_error: 0.0021
Epoch 6/30
 - 1269s - loss: 0.0022 - mean_squared_error: 0.0022 - val_loss: 0.0021 - val_mean_squared_error: 0.0021
Epoch 7/30
 - 1267s - loss: 0.0022 - mean_squared_error: 0.0022 - val_loss: 0.0021 - val_mean_squared_error: 0.0021
Epoch 8/30
 - 1249s - loss: 0.0022 - mean_squared_error: 0.0022 - val_loss: 0.0021 - val_mean_squared_error: 0.0021
Epoch 9/30
 - 1253s - loss: 0.0022 - mean_squared_error: 0.0022 - val_loss: 0.0021 - val_mean_squared_error: 0.0021
Epoch 10/30
 - 1259s - loss: 0.0022 - mean_squared_error: 0.0022 - val_loss: 0.0020 - val_mean_squared_error: 0.0020
Epoch 11/30
 - 1265s - loss: 0.0022 - mean_squared_error: 0.0022 - val_loss: 0.0020 - val_mean_squared_error: 0.0020
Epoch 12/30
 - 1255s - loss: 0.0022 - mean_squared_error: 0.0022 - val_loss: 0.0020 - val_mean_squared_error: 0.0020
Epoch 13/30
 - 1259s - loss: 0.0022 - mean_squared_error: 0.0022 - val_loss: 0.0020 - val_mean_squared_error: 0.0020
Epoch 14/30
 - 1252s - loss: 0.0022 - mean_squared_error: 0.0022 - val_loss: 0.0020 - val_mean_squared_error: 0.0020
Epoch 15/30
 - 1252s - loss: 0.0022 - mean_squared_error: 0.0022 - val_loss: 0.0020 - val_mean_squared_error: 0.0020
Epoch 16/30
 - 1263s - loss: 0.0022 - mean_squared_error: 0.0022 - val_loss: 0.0020 - val_mean_squared_error: 0.0020
Epoch 17/30
 - 1259s - loss: 0.0022 - mean_squared_error: 0.0022 - val_loss: 0.0020 - val_mean_squared_error: 0.0020
Epoch 18/30
 - 1260s - loss: 0.0022 - mean_squared_error: 0.0022 - val_loss: 0.0020 - val_mean_squared_error: 0.0020
Epoch 19/30
 - 1262s - loss: 0.0022 - mean_squared_error: 0.0022 - val_loss: 0.0020 - val_mean_squared_error: 0.0020
Epoch 20/30
 - 1257s - loss: 0.0022 - mean_squared_error: 0.0022 - val_loss: 0.0020 - val_mean_squared_error: 0.0020
Epoch 21/30
 - 1250s - loss: 0.0022 - mean_squared_error: 0.0022 - val_loss: 0.0020 - val_mean_squared_error: 0.0020
Epoch 22/30
 - 1237s - loss: 0.0022 - mean_squared_error: 0.0022 - val_loss: 0.0020 - val_mean_squared_error: 0.0020
Epoch 23/30
 - 1298s - loss: 0.0022 - mean_squared_error: 0.0022 - val_loss: 0.0020 - val_mean_squared_error: 0.0020
Epoch 24/30
 - 1312s - loss: 0.0022 - mean_squared_error: 0.0022 - val_loss: 0.0020 - val_mean_squared_error: 0.0020
Epoch 25/30
 - 1263s - loss: 0.0022 - mean_squared_error: 0.0022 - val_loss: 0.0020 - val_mean_squared_error: 0.0020
Epoch 26/30
 - 1319s - loss: 0.0022 - mean_squared_error: 0.0022 - val_loss: 0.0020 - val_mean_squared_error: 0.0020
Epoch 27/30
 - 1330s - loss: 0.0022 - mean_squared_error: 0.0022 - val_loss: 0.0020 - val_mean_squared_error: 0.0020
Epoch 28/30
 - 1315s - loss: 0.0022 - mean_squared_error: 0.0022 - val_loss: 0.0020 - val_mean_squared_error: 0.0020
Epoch 29/30
 - 1312s - loss: 0.0022 - mean_squared_error: 0.0022 - val_loss: 0.0020 - val_mean_squared_error: 0.0020
Epoch 30/30
 - 1359s - loss: 0.0022 - mean_squared_error: 0.0022 - val_loss: 0.0020 - val_mean_squared_error: 0.0020
/pkg/python/3.6.1-centos7/lib/python3.6/site-packages/h5py/__init__.py:34: FutureWarning: Conversion of the second argument of issubdtype from `float` to `np.floating` is deprecated. In future, it will be treated as `np.float64 == np.dtype(float).type`.
  from ._conv import register_converters as _register_converters
Using TensorFlow backend.
Done with trial 50
