2019-05-24 12:51:52.282922: I tensorflow/core/platform/cpu_feature_guard.cc:141] Your CPU supports instructions that this TensorFlow binary was not compiled to use: AVX2 FMA
2019-05-24 12:52:09.883799: I tensorflow/core/common_runtime/gpu/gpu_device.cc:1405] Found device 0 with properties: 
name: TITAN V major: 7 minor: 0 memoryClockRate(GHz): 1.455
pciBusID: 0000:82:00.0
totalMemory: 11.75GiB freeMemory: 9.66GiB
2019-05-24 12:52:09.883847: I tensorflow/core/common_runtime/gpu/gpu_device.cc:1484] Adding visible gpu devices: 0
2019-05-24 12:52:10.700068: I tensorflow/core/common_runtime/gpu/gpu_device.cc:965] Device interconnect StreamExecutor with strength 1 edge matrix:
2019-05-24 12:52:10.700106: I tensorflow/core/common_runtime/gpu/gpu_device.cc:971]      0 
2019-05-24 12:52:10.700121: I tensorflow/core/common_runtime/gpu/gpu_device.cc:984] 0:   N 
2019-05-24 12:52:10.700538: I tensorflow/core/common_runtime/gpu/gpu_device.cc:1097] Created TensorFlow device (/job:localhost/replica:0/task:0/device:GPU:0 with 8131 MB memory) -> physical GPU (device: 0, name: TITAN V, pci bus id: 0000:82:00.0, compute capability: 7.0)
{   'P': 'arcus_gpu.p',
    'alg': 'random',
    'batch_norm': 1,
    'batch_size': 2048,
    'data': '8col',
    'data_dir': '/baldig/chemistry/earth_system_science/',
    'dropout': 0.0,
    'env': '/home/jott1/Projects/SHERPA_EX/.profile',
    'epochs': 30,
    'gpus': '0,1,2,3',
    'l': "hostname='(arcus-1|arcus-2|arcus-3|arcus-4|arcus-5|arcus-6|arcus-7|arcus-8|arcus-9|arcus-10)'",
    'layer_0': 275,
    'layer_1': 245,
    'layer_10': 230,
    'layer_11': 291,
    'layer_2': 207,
    'layer_3': 227,
    'layer_4': 233,
    'layer_5': 295,
    'layer_6': 295,
    'layer_7': 224,
    'layer_8': 251,
    'layer_9': 202,
    'leaky_relu': 0.13057400528372565,
    'loss_type': 'mse',
    'lr': 0.0003490688686440747,
    'max_concurrent': 28,
    'max_dense_layers': 7,
    'net_type': 'normal',
    'new_trial': 1,
    'num_layers': 9,
    'patience': 10,
    'q': 'arcus.q',
    'sch': 'local'}
Generator will have 71163904 samples in 34748 batches
Features have shape 94; targets have shape 65
Generator will have 72343552 samples in 35324 batches
Features have shape 94; targets have shape 65
Epoch 1/30
 - 1738s - loss: 0.0029 - mean_squared_error: 0.0029 - val_loss: 0.0023 - val_mean_squared_error: 0.0023
Epoch 2/30
 - 1735s - loss: 0.0021 - mean_squared_error: 0.0021 - val_loss: 0.0021 - val_mean_squared_error: 0.0021
Epoch 3/30
 - 1764s - loss: 0.0019 - mean_squared_error: 0.0019 - val_loss: 0.0019 - val_mean_squared_error: 0.0019
Epoch 4/30
 - 1756s - loss: 0.0019 - mean_squared_error: 0.0019 - val_loss: 0.0019 - val_mean_squared_error: 0.0019
Epoch 5/30
 - 1760s - loss: 0.0019 - mean_squared_error: 0.0019 - val_loss: 0.0019 - val_mean_squared_error: 0.0019
Epoch 6/30
 - 1757s - loss: 0.0018 - mean_squared_error: 0.0018 - val_loss: 0.0019 - val_mean_squared_error: 0.0019
Epoch 7/30
 - 1765s - loss: 0.0018 - mean_squared_error: 0.0018 - val_loss: 0.0019 - val_mean_squared_error: 0.0019
Epoch 8/30
 - 1761s - loss: 0.0018 - mean_squared_error: 0.0018 - val_loss: 0.0019 - val_mean_squared_error: 0.0019
Epoch 9/30
 - 1759s - loss: 0.0018 - mean_squared_error: 0.0018 - val_loss: 0.0019 - val_mean_squared_error: 0.0019
Epoch 10/30
 - 1759s - loss: 0.0018 - mean_squared_error: 0.0018 - val_loss: 0.0019 - val_mean_squared_error: 0.0019
Epoch 11/30
 - 1761s - loss: 0.0018 - mean_squared_error: 0.0018 - val_loss: 0.0019 - val_mean_squared_error: 0.0019
Epoch 12/30
 - 1761s - loss: 0.0018 - mean_squared_error: 0.0018 - val_loss: 0.0019 - val_mean_squared_error: 0.0019
Epoch 13/30
 - 1756s - loss: 0.0018 - mean_squared_error: 0.0018 - val_loss: 0.0019 - val_mean_squared_error: 0.0019
Epoch 14/30
 - 1759s - loss: 0.0018 - mean_squared_error: 0.0018 - val_loss: 0.0019 - val_mean_squared_error: 0.0019
Epoch 15/30
 - 1764s - loss: 0.0018 - mean_squared_error: 0.0018 - val_loss: 0.0019 - val_mean_squared_error: 0.0019
Epoch 16/30
 - 1757s - loss: 0.0018 - mean_squared_error: 0.0018 - val_loss: 0.0019 - val_mean_squared_error: 0.0019
Epoch 17/30
 - 1757s - loss: 0.0018 - mean_squared_error: 0.0018 - val_loss: 0.0019 - val_mean_squared_error: 0.0019
Epoch 18/30
 - 1763s - loss: 0.0018 - mean_squared_error: 0.0018 - val_loss: 0.0019 - val_mean_squared_error: 0.0019
Epoch 19/30
 - 1760s - loss: 0.0018 - mean_squared_error: 0.0018 - val_loss: 0.0019 - val_mean_squared_error: 0.0019
Epoch 20/30
 - 1766s - loss: 0.0018 - mean_squared_error: 0.0018 - val_loss: 0.0019 - val_mean_squared_error: 0.0019
Epoch 21/30
 - 1810s - loss: 0.0018 - mean_squared_error: 0.0018 - val_loss: 0.0019 - val_mean_squared_error: 0.0019
Epoch 22/30
 - 1770s - loss: 0.0018 - mean_squared_error: 0.0018 - val_loss: 0.0019 - val_mean_squared_error: 0.0019
Epoch 23/30
 - 1755s - loss: 0.0018 - mean_squared_error: 0.0018 - val_loss: 0.0019 - val_mean_squared_error: 0.0019
Epoch 24/30
 - 1765s - loss: 0.0018 - mean_squared_error: 0.0018 - val_loss: 0.0019 - val_mean_squared_error: 0.0019
Epoch 25/30
 - 1779s - loss: 0.0018 - mean_squared_error: 0.0018 - val_loss: 0.0019 - val_mean_squared_error: 0.0019
Epoch 26/30
 - 1835s - loss: 0.0018 - mean_squared_error: 0.0018 - val_loss: 0.0019 - val_mean_squared_error: 0.0019
Epoch 27/30
 - 1836s - loss: 0.0018 - mean_squared_error: 0.0018 - val_loss: 0.0019 - val_mean_squared_error: 0.0019
Epoch 28/30
 - 1822s - loss: 0.0018 - mean_squared_error: 0.0018 - val_loss: 0.0019 - val_mean_squared_error: 0.0019
Epoch 29/30
 - 1831s - loss: 0.0018 - mean_squared_error: 0.0018 - val_loss: 0.0019 - val_mean_squared_error: 0.0019
Epoch 30/30
 - 1832s - loss: 0.0018 - mean_squared_error: 0.0018 - val_loss: 0.0019 - val_mean_squared_error: 0.0019
/pkg/python/3.6.1-centos7/lib/python3.6/site-packages/h5py/__init__.py:34: FutureWarning: Conversion of the second argument of issubdtype from `float` to `np.floating` is deprecated. In future, it will be treated as `np.float64 == np.dtype(float).type`.
  from ._conv import register_converters as _register_converters
Using TensorFlow backend.
Done with trial 10
