2019-05-25 00:46:21.979450: I tensorflow/core/platform/cpu_feature_guard.cc:141] Your CPU supports instructions that this TensorFlow binary was not compiled to use: AVX2 FMA
2019-05-25 00:46:22.556763: I tensorflow/core/common_runtime/gpu/gpu_device.cc:1405] Found device 0 with properties: 
name: TITAN V major: 7 minor: 0 memoryClockRate(GHz): 1.455
pciBusID: 0000:02:00.0
totalMemory: 11.75GiB freeMemory: 7.01GiB
2019-05-25 00:46:22.556830: I tensorflow/core/common_runtime/gpu/gpu_device.cc:1484] Adding visible gpu devices: 0
2019-05-25 00:46:25.110362: I tensorflow/core/common_runtime/gpu/gpu_device.cc:965] Device interconnect StreamExecutor with strength 1 edge matrix:
2019-05-25 00:46:25.110427: I tensorflow/core/common_runtime/gpu/gpu_device.cc:971]      0 
2019-05-25 00:46:25.110444: I tensorflow/core/common_runtime/gpu/gpu_device.cc:984] 0:   N 
2019-05-25 00:46:25.111003: I tensorflow/core/common_runtime/gpu/gpu_device.cc:1097] Created TensorFlow device (/job:localhost/replica:0/task:0/device:GPU:0 with 6741 MB memory) -> physical GPU (device: 0, name: TITAN V, pci bus id: 0000:02:00.0, compute capability: 7.0)
{   'P': 'arcus_gpu.p',
    'alg': 'random',
    'batch_norm': 1,
    'batch_size': 2048,
    'data': '8col',
    'data_dir': '/baldig/chemistry/earth_system_science/',
    'dropout': 0.15,
    'env': '/home/jott1/Projects/SHERPA_EX/.profile',
    'epochs': 30,
    'gpus': '0,1,2,3',
    'l': "hostname='(arcus-1|arcus-2|arcus-3|arcus-4|arcus-5|arcus-6|arcus-7|arcus-8|arcus-9|arcus-10)'",
    'layer_0': 204,
    'layer_1': 260,
    'layer_10': 255,
    'layer_11': 213,
    'layer_2': 226,
    'layer_3': 259,
    'layer_4': 268,
    'layer_5': 295,
    'layer_6': 240,
    'layer_7': 243,
    'layer_8': 208,
    'layer_9': 294,
    'leaky_relu': 0.35414719942559075,
    'loss_type': 'mse',
    'lr': 0.005202212117038714,
    'max_concurrent': 28,
    'max_dense_layers': 7,
    'net_type': 'normal',
    'new_trial': 1,
    'num_layers': 10,
    'patience': 10,
    'q': 'arcus.q',
    'sch': 'local'}
Generator will have 71163904 samples in 34748 batches
Features have shape 94; targets have shape 65
Generator will have 72343552 samples in 35324 batches
Features have shape 94; targets have shape 65
Epoch 1/30
 - 1888s - loss: 0.0036 - mean_squared_error: 0.0036 - val_loss: 0.0024 - val_mean_squared_error: 0.0024
Epoch 2/30
 - 1897s - loss: 0.0024 - mean_squared_error: 0.0024 - val_loss: 0.0023 - val_mean_squared_error: 0.0023
Epoch 3/30
 - 1906s - loss: 0.0023 - mean_squared_error: 0.0023 - val_loss: 0.0021 - val_mean_squared_error: 0.0021
Epoch 4/30
 - 1909s - loss: 0.0022 - mean_squared_error: 0.0022 - val_loss: 0.0021 - val_mean_squared_error: 0.0021
Epoch 5/30
 - 1918s - loss: 0.0022 - mean_squared_error: 0.0022 - val_loss: 0.0021 - val_mean_squared_error: 0.0021
Epoch 6/30
 - 1928s - loss: 0.0022 - mean_squared_error: 0.0022 - val_loss: 0.0021 - val_mean_squared_error: 0.0021
Epoch 7/30
 - 1917s - loss: 0.0022 - mean_squared_error: 0.0022 - val_loss: 0.0021 - val_mean_squared_error: 0.0021
Epoch 8/30
 - 1923s - loss: 0.0022 - mean_squared_error: 0.0022 - val_loss: 0.0021 - val_mean_squared_error: 0.0021
Epoch 9/30
 - 1919s - loss: 0.0022 - mean_squared_error: 0.0022 - val_loss: 0.0021 - val_mean_squared_error: 0.0021
Epoch 10/30
 - 1917s - loss: 0.0022 - mean_squared_error: 0.0022 - val_loss: 0.0021 - val_mean_squared_error: 0.0021
Epoch 11/30
 - 1913s - loss: 0.0022 - mean_squared_error: 0.0022 - val_loss: 0.0021 - val_mean_squared_error: 0.0021
Epoch 12/30
 - 1913s - loss: 0.0022 - mean_squared_error: 0.0022 - val_loss: 0.0021 - val_mean_squared_error: 0.0021
Epoch 13/30
 - 1928s - loss: 0.0022 - mean_squared_error: 0.0022 - val_loss: 0.0021 - val_mean_squared_error: 0.0021
Epoch 14/30
 - 1909s - loss: 0.0022 - mean_squared_error: 0.0022 - val_loss: 0.0021 - val_mean_squared_error: 0.0021
Epoch 15/30
 - 1921s - loss: 0.0022 - mean_squared_error: 0.0022 - val_loss: 0.0021 - val_mean_squared_error: 0.0021
/pkg/python/3.6.1-centos7/lib/python3.6/site-packages/h5py/__init__.py:34: FutureWarning: Conversion of the second argument of issubdtype from `float` to `np.floating` is deprecated. In future, it will be treated as `np.float64 == np.dtype(float).type`.
  from ._conv import register_converters as _register_converters
Using TensorFlow backend.
Epoch 16/30
Traceback (most recent call last):
  File "main.py", line 121, in <module>
    net.train(train_gen, valid_gen, trial=trial, client=client)
  File "/home/jott1/Projects/CBRAIN-CAM/notebooks/tbeucler_devlog/hp_opt_conservation/model.py", line 175, in train
    callbacks=callbacks,
  File "/home/jott1/.local/lib/python3.6/site-packages/tensorflow/python/keras/engine/training.py", line 1779, in fit_generator
    initial_epoch=initial_epoch)
  File "/home/jott1/.local/lib/python3.6/site-packages/tensorflow/python/keras/engine/training_generator.py", line 204, in fit_generator
    x, y, sample_weight=sample_weight, class_weight=class_weight)
  File "/home/jott1/.local/lib/python3.6/site-packages/tensorflow/python/keras/engine/training.py", line 1552, in train_on_batch
    outputs = self.train_function(ins)
  File "/home/jott1/.local/lib/python3.6/site-packages/tensorflow/python/keras/backend.py", line 2876, in __call__
    session = get_session()
  File "/home/jott1/.local/lib/python3.6/site-packages/tensorflow/python/keras/backend.py", line 444, in get_session
    _initialize_variables(session)
  File "/home/jott1/.local/lib/python3.6/site-packages/tensorflow/python/keras/backend.py", line 662, in _initialize_variables
    if not getattr(v, '_keras_initialized', False):
KeyboardInterrupt
