2019-05-24 13:11:28.608948: I tensorflow/core/platform/cpu_feature_guard.cc:141] Your CPU supports instructions that this TensorFlow binary was not compiled to use: AVX2 FMA
2019-05-24 13:11:29.098376: I tensorflow/core/common_runtime/gpu/gpu_device.cc:1405] Found device 0 with properties: 
name: TITAN V major: 7 minor: 0 memoryClockRate(GHz): 1.455
pciBusID: 0000:82:00.0
totalMemory: 11.75GiB freeMemory: 7.67GiB
2019-05-24 13:11:29.098442: I tensorflow/core/common_runtime/gpu/gpu_device.cc:1484] Adding visible gpu devices: 0
2019-05-24 13:11:30.844059: I tensorflow/core/common_runtime/gpu/gpu_device.cc:965] Device interconnect StreamExecutor with strength 1 edge matrix:
2019-05-24 13:11:30.844128: I tensorflow/core/common_runtime/gpu/gpu_device.cc:971]      0 
2019-05-24 13:11:30.844143: I tensorflow/core/common_runtime/gpu/gpu_device.cc:984] 0:   N 
2019-05-24 13:11:30.844660: I tensorflow/core/common_runtime/gpu/gpu_device.cc:1097] Created TensorFlow device (/job:localhost/replica:0/task:0/device:GPU:0 with 7382 MB memory) -> physical GPU (device: 0, name: TITAN V, pci bus id: 0000:82:00.0, compute capability: 7.0)
{   'P': 'arcus_gpu.p',
    'alg': 'random',
    'batch_norm': 0,
    'batch_size': 2048,
    'data': '8col',
    'data_dir': '/baldig/chemistry/earth_system_science/',
    'dropout': 0.2,
    'env': '/home/jott1/Projects/SHERPA_EX/.profile',
    'epochs': 30,
    'gpus': '0,1,2,3',
    'l': "hostname='(arcus-1|arcus-2|arcus-3|arcus-4|arcus-5|arcus-6|arcus-7|arcus-8|arcus-9|arcus-10)'",
    'layer_0': 251,
    'layer_1': 239,
    'layer_10': 261,
    'layer_11': 257,
    'layer_2': 279,
    'layer_3': 247,
    'layer_4': 213,
    'layer_5': 231,
    'layer_6': 247,
    'layer_7': 247,
    'layer_8': 294,
    'layer_9': 201,
    'leaky_relu': 0.06479249285545356,
    'loss_type': 'mse',
    'lr': 0.006446905665669398,
    'max_concurrent': 28,
    'max_dense_layers': 7,
    'net_type': 'normal',
    'new_trial': 1,
    'num_layers': 10,
    'patience': 10,
    'q': 'arcus.q',
    'sch': 'local'}
Generator will have 71163904 samples in 34748 batches
Features have shape 94; targets have shape 65
Generator will have 72343552 samples in 35324 batches
Features have shape 94; targets have shape 65
Epoch 1/30
Epoch 00000: early stopping THR
 - 1409s - loss: 4802372.0115 - mean_squared_error: 4802372.0115 - val_loss: 0.3967 - val_mean_squared_error: 0.3967
/pkg/python/3.6.1-centos7/lib/python3.6/site-packages/h5py/__init__.py:34: FutureWarning: Conversion of the second argument of issubdtype from `float` to `np.floating` is deprecated. In future, it will be treated as `np.float64 == np.dtype(float).type`.
  from ._conv import register_converters as _register_converters
Using TensorFlow backend.
Done with trial 36
