2019-05-24 12:51:53.256338: I tensorflow/core/platform/cpu_feature_guard.cc:141] Your CPU supports instructions that this TensorFlow binary was not compiled to use: AVX2 FMA
2019-05-24 12:52:09.870092: I tensorflow/core/common_runtime/gpu/gpu_device.cc:1405] Found device 0 with properties: 
name: TITAN V major: 7 minor: 0 memoryClockRate(GHz): 1.455
pciBusID: 0000:02:00.0
totalMemory: 11.75GiB freeMemory: 8.95GiB
2019-05-24 12:52:09.870151: I tensorflow/core/common_runtime/gpu/gpu_device.cc:1484] Adding visible gpu devices: 0
2019-05-24 12:52:10.742006: I tensorflow/core/common_runtime/gpu/gpu_device.cc:965] Device interconnect StreamExecutor with strength 1 edge matrix:
2019-05-24 12:52:10.742060: I tensorflow/core/common_runtime/gpu/gpu_device.cc:971]      0 
2019-05-24 12:52:10.742077: I tensorflow/core/common_runtime/gpu/gpu_device.cc:984] 0:   N 
2019-05-24 12:52:10.742450: I tensorflow/core/common_runtime/gpu/gpu_device.cc:1097] Created TensorFlow device (/job:localhost/replica:0/task:0/device:GPU:0 with 8131 MB memory) -> physical GPU (device: 0, name: TITAN V, pci bus id: 0000:02:00.0, compute capability: 7.0)
{   'P': 'arcus_gpu.p',
    'alg': 'random',
    'batch_norm': 1,
    'batch_size': 2048,
    'data': '8col',
    'data_dir': '/baldig/chemistry/earth_system_science/',
    'dropout': 0.0,
    'env': '/home/jott1/Projects/SHERPA_EX/.profile',
    'epochs': 30,
    'gpus': '0,1,2,3',
    'l': "hostname='(arcus-1|arcus-2|arcus-3|arcus-4|arcus-5|arcus-6|arcus-7|arcus-8|arcus-9|arcus-10)'",
    'layer_0': 292,
    'layer_1': 232,
    'layer_10': 282,
    'layer_11': 227,
    'layer_2': 269,
    'layer_3': 232,
    'layer_4': 212,
    'layer_5': 286,
    'layer_6': 233,
    'layer_7': 282,
    'layer_8': 250,
    'layer_9': 293,
    'leaky_relu': 0.13732227615445547,
    'loss_type': 'mse',
    'lr': 0.004693241662049951,
    'max_concurrent': 28,
    'max_dense_layers': 7,
    'net_type': 'normal',
    'new_trial': 1,
    'num_layers': 8,
    'patience': 10,
    'q': 'arcus.q',
    'sch': 'local'}
Generator will have 71163904 samples in 34748 batches
Features have shape 94; targets have shape 65
Generator will have 72343552 samples in 35324 batches
Features have shape 94; targets have shape 65
Epoch 1/30
 - 1540s - loss: 0.0029 - mean_squared_error: 0.0029 - val_loss: 0.0021 - val_mean_squared_error: 0.0021
Epoch 2/30
 - 1557s - loss: 0.0020 - mean_squared_error: 0.0020 - val_loss: 0.0020 - val_mean_squared_error: 0.0020
Epoch 3/30
 - 1563s - loss: 0.0019 - mean_squared_error: 0.0019 - val_loss: 0.0019 - val_mean_squared_error: 0.0019
Epoch 4/30
 - 1564s - loss: 0.0019 - mean_squared_error: 0.0019 - val_loss: 0.0019 - val_mean_squared_error: 0.0019
Epoch 5/30
 - 1557s - loss: 0.0018 - mean_squared_error: 0.0018 - val_loss: 0.0019 - val_mean_squared_error: 0.0019
Epoch 6/30
 - 1565s - loss: 0.0018 - mean_squared_error: 0.0018 - val_loss: 0.0019 - val_mean_squared_error: 0.0019
Epoch 7/30
 - 1553s - loss: 0.0018 - mean_squared_error: 0.0018 - val_loss: 0.0018 - val_mean_squared_error: 0.0018
Epoch 8/30
 - 1565s - loss: 0.0018 - mean_squared_error: 0.0018 - val_loss: 0.0018 - val_mean_squared_error: 0.0018
Epoch 9/30
 - 1562s - loss: 0.0018 - mean_squared_error: 0.0018 - val_loss: 0.0018 - val_mean_squared_error: 0.0018
Epoch 10/30
 - 1572s - loss: 0.0018 - mean_squared_error: 0.0018 - val_loss: 0.0018 - val_mean_squared_error: 0.0018
Epoch 11/30
 - 1567s - loss: 0.0018 - mean_squared_error: 0.0018 - val_loss: 0.0018 - val_mean_squared_error: 0.0018
Epoch 12/30
 - 1555s - loss: 0.0018 - mean_squared_error: 0.0018 - val_loss: 0.0018 - val_mean_squared_error: 0.0018
Epoch 13/30
 - 1571s - loss: 0.0018 - mean_squared_error: 0.0018 - val_loss: 0.0018 - val_mean_squared_error: 0.0018
Epoch 14/30
 - 1559s - loss: 0.0018 - mean_squared_error: 0.0018 - val_loss: 0.0018 - val_mean_squared_error: 0.0018
Epoch 15/30
 - 1572s - loss: 0.0018 - mean_squared_error: 0.0018 - val_loss: 0.0018 - val_mean_squared_error: 0.0018
Epoch 16/30
 - 1547s - loss: 0.0018 - mean_squared_error: 0.0018 - val_loss: 0.0018 - val_mean_squared_error: 0.0018
Epoch 17/30
 - 1561s - loss: 0.0018 - mean_squared_error: 0.0018 - val_loss: 0.0018 - val_mean_squared_error: 0.0018
Epoch 18/30
 - 1560s - loss: 0.0018 - mean_squared_error: 0.0018 - val_loss: 0.0018 - val_mean_squared_error: 0.0018
Epoch 19/30
 - 1560s - loss: 0.0018 - mean_squared_error: 0.0018 - val_loss: 0.0018 - val_mean_squared_error: 0.0018
Epoch 20/30
 - 1555s - loss: 0.0018 - mean_squared_error: 0.0018 - val_loss: 0.0018 - val_mean_squared_error: 0.0018
Epoch 21/30
 - 1548s - loss: 0.0018 - mean_squared_error: 0.0018 - val_loss: 0.0018 - val_mean_squared_error: 0.0018
Epoch 22/30
 - 1565s - loss: 0.0018 - mean_squared_error: 0.0018 - val_loss: 0.0018 - val_mean_squared_error: 0.0018
Epoch 23/30
 - 1616s - loss: 0.0018 - mean_squared_error: 0.0018 - val_loss: 0.0018 - val_mean_squared_error: 0.0018
Epoch 24/30
 - 1591s - loss: 0.0018 - mean_squared_error: 0.0018 - val_loss: 0.0018 - val_mean_squared_error: 0.0018
/pkg/python/3.6.1-centos7/lib/python3.6/site-packages/h5py/__init__.py:34: FutureWarning: Conversion of the second argument of issubdtype from `float` to `np.floating` is deprecated. In future, it will be treated as `np.float64 == np.dtype(float).type`.
  from ._conv import register_converters as _register_converters
Using TensorFlow backend.
Done with trial 27
