2019-05-24 12:51:53.523730: I tensorflow/core/platform/cpu_feature_guard.cc:141] Your CPU supports instructions that this TensorFlow binary was not compiled to use: AVX2 FMA
2019-05-24 12:52:09.887656: I tensorflow/core/common_runtime/gpu/gpu_device.cc:1405] Found device 0 with properties: 
name: TITAN V major: 7 minor: 0 memoryClockRate(GHz): 1.455
pciBusID: 0000:03:00.0
totalMemory: 11.75GiB freeMemory: 9.66GiB
2019-05-24 12:52:09.887724: I tensorflow/core/common_runtime/gpu/gpu_device.cc:1484] Adding visible gpu devices: 0
2019-05-24 12:52:10.657146: I tensorflow/core/common_runtime/gpu/gpu_device.cc:965] Device interconnect StreamExecutor with strength 1 edge matrix:
2019-05-24 12:52:10.657205: I tensorflow/core/common_runtime/gpu/gpu_device.cc:971]      0 
2019-05-24 12:52:10.657213: I tensorflow/core/common_runtime/gpu/gpu_device.cc:984] 0:   N 
2019-05-24 12:52:10.657779: I tensorflow/core/common_runtime/gpu/gpu_device.cc:1097] Created TensorFlow device (/job:localhost/replica:0/task:0/device:GPU:0 with 8158 MB memory) -> physical GPU (device: 0, name: TITAN V, pci bus id: 0000:03:00.0, compute capability: 7.0)
{   'P': 'arcus_gpu.p',
    'alg': 'random',
    'batch_norm': 1,
    'batch_size': 2048,
    'data': '8col',
    'data_dir': '/baldig/chemistry/earth_system_science/',
    'dropout': 0.05,
    'env': '/home/jott1/Projects/SHERPA_EX/.profile',
    'epochs': 30,
    'gpus': '0,1,2,3',
    'l': "hostname='(arcus-1|arcus-2|arcus-3|arcus-4|arcus-5|arcus-6|arcus-7|arcus-8|arcus-9|arcus-10)'",
    'layer_0': 219,
    'layer_1': 287,
    'layer_10': 236,
    'layer_11': 275,
    'layer_2': 274,
    'layer_3': 219,
    'layer_4': 222,
    'layer_5': 249,
    'layer_6': 296,
    'layer_7': 254,
    'layer_8': 221,
    'layer_9': 280,
    'leaky_relu': 0.1666091695270805,
    'loss_type': 'mse',
    'lr': 0.004865997191824957,
    'max_concurrent': 28,
    'max_dense_layers': 7,
    'net_type': 'normal',
    'new_trial': 1,
    'num_layers': 8,
    'patience': 10,
    'q': 'arcus.q',
    'sch': 'local'}
Generator will have 71163904 samples in 34748 batches
Features have shape 94; targets have shape 65
Generator will have 72343552 samples in 35324 batches
Features have shape 94; targets have shape 65
Epoch 1/30
 - 1626s - loss: 0.0029 - mean_squared_error: 0.0029 - val_loss: 0.0022 - val_mean_squared_error: 0.0022
Epoch 2/30
 - 1667s - loss: 0.0022 - mean_squared_error: 0.0022 - val_loss: 0.0022 - val_mean_squared_error: 0.0022
Epoch 3/30
 - 1680s - loss: 0.0020 - mean_squared_error: 0.0020 - val_loss: 0.0020 - val_mean_squared_error: 0.0020
Epoch 4/30
 - 1681s - loss: 0.0020 - mean_squared_error: 0.0020 - val_loss: 0.0020 - val_mean_squared_error: 0.0020
Epoch 5/30
 - 1683s - loss: 0.0020 - mean_squared_error: 0.0020 - val_loss: 0.0020 - val_mean_squared_error: 0.0020
Epoch 6/30
 - 1676s - loss: 0.0020 - mean_squared_error: 0.0020 - val_loss: 0.0019 - val_mean_squared_error: 0.0019
Epoch 7/30
 - 1678s - loss: 0.0020 - mean_squared_error: 0.0020 - val_loss: 0.0019 - val_mean_squared_error: 0.0019
Epoch 8/30
 - 1679s - loss: 0.0020 - mean_squared_error: 0.0020 - val_loss: 0.0019 - val_mean_squared_error: 0.0019
Epoch 9/30
 - 1691s - loss: 0.0020 - mean_squared_error: 0.0020 - val_loss: 0.0019 - val_mean_squared_error: 0.0019
Epoch 10/30
 - 1675s - loss: 0.0020 - mean_squared_error: 0.0020 - val_loss: 0.0019 - val_mean_squared_error: 0.0019
Epoch 11/30
 - 1677s - loss: 0.0020 - mean_squared_error: 0.0020 - val_loss: 0.0019 - val_mean_squared_error: 0.0019
Epoch 12/30
 - 1682s - loss: 0.0020 - mean_squared_error: 0.0020 - val_loss: 0.0019 - val_mean_squared_error: 0.0019
Epoch 13/30
 - 1690s - loss: 0.0020 - mean_squared_error: 0.0020 - val_loss: 0.0019 - val_mean_squared_error: 0.0019
Epoch 14/30
 - 1673s - loss: 0.0020 - mean_squared_error: 0.0020 - val_loss: 0.0019 - val_mean_squared_error: 0.0019
Epoch 15/30
 - 1683s - loss: 0.0020 - mean_squared_error: 0.0020 - val_loss: 0.0019 - val_mean_squared_error: 0.0019
Epoch 16/30
 - 1676s - loss: 0.0020 - mean_squared_error: 0.0020 - val_loss: 0.0019 - val_mean_squared_error: 0.0019
Epoch 17/30
 - 1714s - loss: 0.0020 - mean_squared_error: 0.0020 - val_loss: 0.0019 - val_mean_squared_error: 0.0019
Epoch 18/30
 - 1721s - loss: 0.0020 - mean_squared_error: 0.0020 - val_loss: 0.0019 - val_mean_squared_error: 0.0019
Epoch 19/30
 - 1726s - loss: 0.0020 - mean_squared_error: 0.0020 - val_loss: 0.0019 - val_mean_squared_error: 0.0019
Epoch 20/30
 - 1728s - loss: 0.0020 - mean_squared_error: 0.0020 - val_loss: 0.0019 - val_mean_squared_error: 0.0019
Epoch 21/30
 - 1730s - loss: 0.0020 - mean_squared_error: 0.0020 - val_loss: 0.0019 - val_mean_squared_error: 0.0019
Epoch 22/30
 - 1713s - loss: 0.0020 - mean_squared_error: 0.0020 - val_loss: 0.0019 - val_mean_squared_error: 0.0019
Epoch 23/30
 - 1728s - loss: 0.0020 - mean_squared_error: 0.0020 - val_loss: 0.0019 - val_mean_squared_error: 0.0019
Epoch 24/30
 - 1720s - loss: 0.0020 - mean_squared_error: 0.0020 - val_loss: 0.0019 - val_mean_squared_error: 0.0019
Epoch 25/30
 - 1735s - loss: 0.0020 - mean_squared_error: 0.0020 - val_loss: 0.0019 - val_mean_squared_error: 0.0019
Epoch 26/30
 - 1744s - loss: 0.0020 - mean_squared_error: 0.0020 - val_loss: 0.0019 - val_mean_squared_error: 0.0019
Epoch 27/30
 - 1762s - loss: 0.0020 - mean_squared_error: 0.0020 - val_loss: 0.0019 - val_mean_squared_error: 0.0019
Epoch 28/30
 - 1790s - loss: 0.0020 - mean_squared_error: 0.0020 - val_loss: 0.0019 - val_mean_squared_error: 0.0019
Epoch 29/30
 - 1785s - loss: 0.0020 - mean_squared_error: 0.0020 - val_loss: 0.0019 - val_mean_squared_error: 0.0019
Epoch 30/30
 - 1791s - loss: 0.0020 - mean_squared_error: 0.0020 - val_loss: 0.0019 - val_mean_squared_error: 0.0019
/pkg/python/3.6.1-centos7/lib/python3.6/site-packages/h5py/__init__.py:34: FutureWarning: Conversion of the second argument of issubdtype from `float` to `np.floating` is deprecated. In future, it will be treated as `np.float64 == np.dtype(float).type`.
  from ._conv import register_converters as _register_converters
Using TensorFlow backend.
Done with trial 16
