2019-05-18 15:16:22.605973: I tensorflow/core/platform/cpu_feature_guard.cc:141] Your CPU supports instructions that this TensorFlow binary was not compiled to use: AVX2 FMA
2019-05-18 15:16:22.994391: I tensorflow/core/common_runtime/gpu/gpu_device.cc:1405] Found device 0 with properties: 
name: TITAN V major: 7 minor: 0 memoryClockRate(GHz): 1.455
pciBusID: 0000:02:00.0
totalMemory: 11.75GiB freeMemory: 10.09GiB
2019-05-18 15:16:22.994475: I tensorflow/core/common_runtime/gpu/gpu_device.cc:1484] Adding visible gpu devices: 0
2019-05-18 15:16:23.742664: I tensorflow/core/common_runtime/gpu/gpu_device.cc:965] Device interconnect StreamExecutor with strength 1 edge matrix:
2019-05-18 15:16:23.742742: I tensorflow/core/common_runtime/gpu/gpu_device.cc:971]      0 
2019-05-18 15:16:23.742755: I tensorflow/core/common_runtime/gpu/gpu_device.cc:984] 0:   N 
2019-05-18 15:16:23.743170: I tensorflow/core/common_runtime/gpu/gpu_device.cc:1097] Created TensorFlow device (/job:localhost/replica:0/task:0/device:GPU:0 with 9733 MB memory) -> physical GPU (device: 0, name: TITAN V, pci bus id: 0000:02:00.0, compute capability: 7.0)
Generator will have 200378880 samples in 97841 batches
Features have shape 64; targets have shape 65
Generator will have 200378880 samples in 97841 batches
Features have shape 64; targets have shape 65
Epoch 1/25
 - 1615s - loss: 0.0057 - mean_squared_error: 0.0057 - val_loss: 0.0051 - val_mean_squared_error: 0.0051
Epoch 2/25
 - 1731s - loss: 0.0057 - mean_squared_error: 0.0057 - val_loss: 0.0058 - val_mean_squared_error: 0.0058
Epoch 3/25
 - 1694s - loss: 0.0057 - mean_squared_error: 0.0057 - val_loss: 0.0063 - val_mean_squared_error: 0.0063
Epoch 4/25
 - 1693s - loss: 0.0056 - mean_squared_error: 0.0056 - val_loss: 0.0050 - val_mean_squared_error: 0.0050
Epoch 5/25
 - 1528s - loss: 0.0056 - mean_squared_error: 0.0056 - val_loss: 0.0048 - val_mean_squared_error: 0.0048
Epoch 6/25
 - 1832s - loss: 0.0056 - mean_squared_error: 0.0056 - val_loss: 0.0057 - val_mean_squared_error: 0.0057
Epoch 7/25
 - 1720s - loss: 0.0056 - mean_squared_error: 0.0056 - val_loss: 0.0055 - val_mean_squared_error: 0.0055
Epoch 8/25
 - 1681s - loss: 0.0056 - mean_squared_error: 0.0056 - val_loss: 0.0050 - val_mean_squared_error: 0.0050
Epoch 9/25
 - 1755s - loss: 0.0056 - mean_squared_error: 0.0056 - val_loss: 0.0050 - val_mean_squared_error: 0.0050
Epoch 10/25
 - 1626s - loss: 0.0056 - mean_squared_error: 0.0056 - val_loss: 0.0057 - val_mean_squared_error: 0.0057
Epoch 11/25
 - 1721s - loss: 0.0056 - mean_squared_error: 0.0056 - val_loss: 0.0048 - val_mean_squared_error: 0.0048
Epoch 12/25
 - 1688s - loss: 0.0056 - mean_squared_error: 0.0056 - val_loss: 0.0056 - val_mean_squared_error: 0.0056
Epoch 13/25
 - 1569s - loss: 0.0056 - mean_squared_error: 0.0056 - val_loss: 0.0059 - val_mean_squared_error: 0.0059
Epoch 14/25
 - 1435s - loss: 0.0056 - mean_squared_error: 0.0056 - val_loss: 0.0049 - val_mean_squared_error: 0.0049
Epoch 15/25
 - 1193s - loss: 0.0056 - mean_squared_error: 0.0056 - val_loss: 0.0051 - val_mean_squared_error: 0.0051
Epoch 16/25
 - 1320s - loss: 0.0056 - mean_squared_error: 0.0056 - val_loss: 0.0052 - val_mean_squared_error: 0.0052
Epoch 17/25
 - 1395s - loss: 0.0056 - mean_squared_error: 0.0056 - val_loss: 0.0057 - val_mean_squared_error: 0.0057
Epoch 18/25
 - 1392s - loss: 0.0056 - mean_squared_error: 0.0056 - val_loss: 0.0049 - val_mean_squared_error: 0.0049
Epoch 19/25
 - 1317s - loss: 0.0056 - mean_squared_error: 0.0056 - val_loss: 0.0047 - val_mean_squared_error: 0.0047
Epoch 20/25
 - 1276s - loss: 0.0056 - mean_squared_error: 0.0056 - val_loss: 0.0054 - val_mean_squared_error: 0.0054
Epoch 21/25
 - 1039s - loss: 0.0056 - mean_squared_error: 0.0056 - val_loss: 0.0051 - val_mean_squared_error: 0.0051
Epoch 22/25
 - 1125s - loss: 0.0056 - mean_squared_error: 0.0056 - val_loss: 0.0055 - val_mean_squared_error: 0.0055
Epoch 23/25
 - 1071s - loss: 0.0056 - mean_squared_error: 0.0056 - val_loss: 0.0052 - val_mean_squared_error: 0.0052
Epoch 24/25
 - 1088s - loss: 0.0056 - mean_squared_error: 0.0056 - val_loss: 0.0050 - val_mean_squared_error: 0.0050
Epoch 25/25
 - 1109s - loss: 0.0056 - mean_squared_error: 0.0056 - val_loss: 0.0050 - val_mean_squared_error: 0.0050
/pkg/python/3.6.1-centos7/lib/python3.6/site-packages/h5py/__init__.py:34: FutureWarning: Conversion of the second argument of issubdtype from `float` to `np.floating` is deprecated. In future, it will be treated as `np.float64 == np.dtype(float).type`.
  from ._conv import register_converters as _register_converters
Using TensorFlow backend.
Done with trial 20
