2019-05-18 03:22:20.440658: I tensorflow/core/platform/cpu_feature_guard.cc:141] Your CPU supports instructions that this TensorFlow binary was not compiled to use: AVX2 FMA
2019-05-18 03:22:20.764296: I tensorflow/core/common_runtime/gpu/gpu_device.cc:1405] Found device 0 with properties: 
name: TITAN V major: 7 minor: 0 memoryClockRate(GHz): 1.455
pciBusID: 0000:03:00.0
totalMemory: 11.75GiB freeMemory: 10.09GiB
2019-05-18 03:22:20.764347: I tensorflow/core/common_runtime/gpu/gpu_device.cc:1484] Adding visible gpu devices: 0
2019-05-18 03:22:21.414493: I tensorflow/core/common_runtime/gpu/gpu_device.cc:965] Device interconnect StreamExecutor with strength 1 edge matrix:
2019-05-18 03:22:21.414545: I tensorflow/core/common_runtime/gpu/gpu_device.cc:971]      0 
2019-05-18 03:22:21.414553: I tensorflow/core/common_runtime/gpu/gpu_device.cc:984] 0:   N 
2019-05-18 03:22:21.414881: I tensorflow/core/common_runtime/gpu/gpu_device.cc:1097] Created TensorFlow device (/job:localhost/replica:0/task:0/device:GPU:0 with 9733 MB memory) -> physical GPU (device: 0, name: TITAN V, pci bus id: 0000:03:00.0, compute capability: 7.0)
Generator will have 200378880 samples in 97841 batches
Features have shape 64; targets have shape 65
Generator will have 200378880 samples in 97841 batches
Features have shape 64; targets have shape 65
Epoch 1/25
 - 1382s - loss: 0.0042 - mean_squared_error: 0.0042 - val_loss: 0.0033 - val_mean_squared_error: 0.0033
Epoch 2/25
 - 1445s - loss: 0.0037 - mean_squared_error: 0.0037 - val_loss: 0.0033 - val_mean_squared_error: 0.0033
Epoch 3/25
 - 1412s - loss: 0.0037 - mean_squared_error: 0.0037 - val_loss: 0.0034 - val_mean_squared_error: 0.0034
Epoch 4/25
 - 1395s - loss: 0.0037 - mean_squared_error: 0.0037 - val_loss: 0.0033 - val_mean_squared_error: 0.0033
Epoch 5/25
 - 1442s - loss: 0.0037 - mean_squared_error: 0.0037 - val_loss: 0.0033 - val_mean_squared_error: 0.0033
Epoch 6/25
 - 1387s - loss: 0.0037 - mean_squared_error: 0.0037 - val_loss: 0.0034 - val_mean_squared_error: 0.0034
Epoch 7/25
 - 1395s - loss: 0.0037 - mean_squared_error: 0.0037 - val_loss: 0.0034 - val_mean_squared_error: 0.0034
Epoch 8/25
 - 1370s - loss: 0.0037 - mean_squared_error: 0.0037 - val_loss: 0.0033 - val_mean_squared_error: 0.0033
Epoch 9/25
 - 1361s - loss: 0.0037 - mean_squared_error: 0.0037 - val_loss: 0.0033 - val_mean_squared_error: 0.0033
Epoch 10/25
 - 1487s - loss: 0.0037 - mean_squared_error: 0.0037 - val_loss: 0.0034 - val_mean_squared_error: 0.0034
Epoch 11/25
 - 1554s - loss: 0.0037 - mean_squared_error: 0.0037 - val_loss: 0.0033 - val_mean_squared_error: 0.0033
Epoch 12/25
 - 1557s - loss: 0.0037 - mean_squared_error: 0.0037 - val_loss: 0.0033 - val_mean_squared_error: 0.0033
Epoch 13/25
 - 1556s - loss: 0.0037 - mean_squared_error: 0.0037 - val_loss: 0.0033 - val_mean_squared_error: 0.0033
Epoch 14/25
 - 1553s - loss: 0.0037 - mean_squared_error: 0.0037 - val_loss: 0.0033 - val_mean_squared_error: 0.0033
Epoch 15/25
 - 1366s - loss: 0.0037 - mean_squared_error: 0.0037 - val_loss: 0.0033 - val_mean_squared_error: 0.0033
Epoch 16/25
 - 1351s - loss: 0.0037 - mean_squared_error: 0.0037 - val_loss: 0.0033 - val_mean_squared_error: 0.0033
Epoch 17/25
 - 1405s - loss: 0.0037 - mean_squared_error: 0.0037 - val_loss: 0.0033 - val_mean_squared_error: 0.0033
Epoch 18/25
 - 1387s - loss: 0.0037 - mean_squared_error: 0.0037 - val_loss: 0.0033 - val_mean_squared_error: 0.0033
Epoch 19/25
 - 1519s - loss: 0.0037 - mean_squared_error: 0.0037 - val_loss: 0.0033 - val_mean_squared_error: 0.0033
Epoch 20/25
 - 1589s - loss: 0.0037 - mean_squared_error: 0.0037 - val_loss: 0.0033 - val_mean_squared_error: 0.0033
Epoch 21/25
 - 1561s - loss: 0.0037 - mean_squared_error: 0.0037 - val_loss: 0.0033 - val_mean_squared_error: 0.0033
Epoch 22/25
 - 1536s - loss: 0.0037 - mean_squared_error: 0.0037 - val_loss: 0.0033 - val_mean_squared_error: 0.0033
Epoch 23/25
 - 1634s - loss: 0.0037 - mean_squared_error: 0.0037 - val_loss: 0.0033 - val_mean_squared_error: 0.0033
Epoch 24/25
 - 1605s - loss: 0.0037 - mean_squared_error: 0.0037 - val_loss: 0.0033 - val_mean_squared_error: 0.0033
Epoch 25/25
 - 1641s - loss: 0.0037 - mean_squared_error: 0.0037 - val_loss: 0.0033 - val_mean_squared_error: 0.0033
/pkg/python/3.6.1-centos7/lib/python3.6/site-packages/h5py/__init__.py:34: FutureWarning: Conversion of the second argument of issubdtype from `float` to `np.floating` is deprecated. In future, it will be treated as `np.float64 == np.dtype(float).type`.
  from ._conv import register_converters as _register_converters
Using TensorFlow backend.
Done with trial 13
