2019-05-18 09:31:01.337419: I tensorflow/core/platform/cpu_feature_guard.cc:141] Your CPU supports instructions that this TensorFlow binary was not compiled to use: AVX2 FMA
2019-05-18 09:31:01.685398: I tensorflow/core/common_runtime/gpu/gpu_device.cc:1405] Found device 0 with properties: 
name: TITAN V major: 7 minor: 0 memoryClockRate(GHz): 1.455
pciBusID: 0000:02:00.0
totalMemory: 11.75GiB freeMemory: 10.03GiB
2019-05-18 09:31:01.685441: I tensorflow/core/common_runtime/gpu/gpu_device.cc:1484] Adding visible gpu devices: 0
2019-05-18 09:31:02.516384: I tensorflow/core/common_runtime/gpu/gpu_device.cc:965] Device interconnect StreamExecutor with strength 1 edge matrix:
2019-05-18 09:31:02.516431: I tensorflow/core/common_runtime/gpu/gpu_device.cc:971]      0 
2019-05-18 09:31:02.516438: I tensorflow/core/common_runtime/gpu/gpu_device.cc:984] 0:   N 
2019-05-18 09:31:02.516771: I tensorflow/core/common_runtime/gpu/gpu_device.cc:1097] Created TensorFlow device (/job:localhost/replica:0/task:0/device:GPU:0 with 9672 MB memory) -> physical GPU (device: 0, name: TITAN V, pci bus id: 0000:02:00.0, compute capability: 7.0)
Generator will have 200378880 samples in 97841 batches
Features have shape 64; targets have shape 65
Generator will have 200378880 samples in 97841 batches
Features have shape 64; targets have shape 65
Epoch 1/25
 - 1103s - loss: 0.0036 - mean_squared_error: 0.0036 - val_loss: 0.0032 - val_mean_squared_error: 0.0032
Epoch 2/25
 - 1120s - loss: 0.0035 - mean_squared_error: 0.0035 - val_loss: 0.0032 - val_mean_squared_error: 0.0032
Epoch 3/25
 - 1108s - loss: 0.0035 - mean_squared_error: 0.0035 - val_loss: 0.0032 - val_mean_squared_error: 0.0032
Epoch 4/25
 - 1133s - loss: 0.0035 - mean_squared_error: 0.0035 - val_loss: 0.0031 - val_mean_squared_error: 0.0031
Epoch 5/25
 - 1112s - loss: 0.0035 - mean_squared_error: 0.0035 - val_loss: 0.0031 - val_mean_squared_error: 0.0031
Epoch 6/25
 - 1098s - loss: 0.0035 - mean_squared_error: 0.0035 - val_loss: 0.0032 - val_mean_squared_error: 0.0032
Epoch 7/25
 - 1062s - loss: 0.0035 - mean_squared_error: 0.0035 - val_loss: 0.0032 - val_mean_squared_error: 0.0032
Epoch 8/25
 - 1053s - loss: 0.0035 - mean_squared_error: 0.0035 - val_loss: 0.0032 - val_mean_squared_error: 0.0032
Epoch 9/25
 - 1068s - loss: 0.0035 - mean_squared_error: 0.0035 - val_loss: 0.0033 - val_mean_squared_error: 0.0033
Epoch 10/25
 - 1121s - loss: 0.0035 - mean_squared_error: 0.0035 - val_loss: 0.0031 - val_mean_squared_error: 0.0031
Epoch 11/25
 - 1110s - loss: 0.0035 - mean_squared_error: 0.0035 - val_loss: 0.0031 - val_mean_squared_error: 0.0031
Epoch 12/25
 - 1113s - loss: 0.0035 - mean_squared_error: 0.0035 - val_loss: 0.0031 - val_mean_squared_error: 0.0031
Epoch 13/25
 - 1099s - loss: 0.0035 - mean_squared_error: 0.0035 - val_loss: 0.0032 - val_mean_squared_error: 0.0032
Epoch 14/25
 - 1109s - loss: 0.0035 - mean_squared_error: 0.0035 - val_loss: 0.0031 - val_mean_squared_error: 0.0031
Epoch 15/25
 - 1043s - loss: 0.0035 - mean_squared_error: 0.0035 - val_loss: 0.0034 - val_mean_squared_error: 0.0034
Epoch 16/25
 - 1083s - loss: 0.0035 - mean_squared_error: 0.0035 - val_loss: 0.0033 - val_mean_squared_error: 0.0033
Epoch 17/25
 - 1064s - loss: 0.0035 - mean_squared_error: 0.0035 - val_loss: 0.0031 - val_mean_squared_error: 0.0031
Epoch 18/25
 - 1014s - loss: 0.0035 - mean_squared_error: 0.0035 - val_loss: 0.0032 - val_mean_squared_error: 0.0032
Epoch 19/25
 - 1380s - loss: 0.0035 - mean_squared_error: 0.0035 - val_loss: 0.0031 - val_mean_squared_error: 0.0031
Epoch 20/25
 - 1405s - loss: 0.0035 - mean_squared_error: 0.0035 - val_loss: 0.0031 - val_mean_squared_error: 0.0031
Epoch 21/25
 - 1591s - loss: 0.0035 - mean_squared_error: 0.0035 - val_loss: 0.0033 - val_mean_squared_error: 0.0033
Epoch 22/25
 - 1559s - loss: 0.0035 - mean_squared_error: 0.0035 - val_loss: 0.0032 - val_mean_squared_error: 0.0032
Epoch 23/25
 - 1547s - loss: 0.0035 - mean_squared_error: 0.0035 - val_loss: 0.0032 - val_mean_squared_error: 0.0032
Epoch 24/25
 - 1392s - loss: 0.0035 - mean_squared_error: 0.0035 - val_loss: 0.0031 - val_mean_squared_error: 0.0031
/pkg/python/3.6.1-centos7/lib/python3.6/site-packages/h5py/__init__.py:34: FutureWarning: Conversion of the second argument of issubdtype from `float` to `np.floating` is deprecated. In future, it will be treated as `np.float64 == np.dtype(float).type`.
  from ._conv import register_converters as _register_converters
Using TensorFlow backend.
Done with trial 16
