2019-05-18 00:04:04.776427: I tensorflow/core/platform/cpu_feature_guard.cc:141] Your CPU supports instructions that this TensorFlow binary was not compiled to use: AVX2 FMA
2019-05-18 00:04:05.146390: I tensorflow/core/common_runtime/gpu/gpu_device.cc:1405] Found device 0 with properties: 
name: TITAN V major: 7 minor: 0 memoryClockRate(GHz): 1.455
pciBusID: 0000:03:00.0
totalMemory: 11.75GiB freeMemory: 10.15GiB
2019-05-18 00:04:05.146465: I tensorflow/core/common_runtime/gpu/gpu_device.cc:1484] Adding visible gpu devices: 0
2019-05-18 00:04:05.915118: I tensorflow/core/common_runtime/gpu/gpu_device.cc:965] Device interconnect StreamExecutor with strength 1 edge matrix:
2019-05-18 00:04:05.915174: I tensorflow/core/common_runtime/gpu/gpu_device.cc:971]      0 
2019-05-18 00:04:05.915182: I tensorflow/core/common_runtime/gpu/gpu_device.cc:984] 0:   N 
2019-05-18 00:04:05.915542: I tensorflow/core/common_runtime/gpu/gpu_device.cc:1097] Created TensorFlow device (/job:localhost/replica:0/task:0/device:GPU:0 with 9794 MB memory) -> physical GPU (device: 0, name: TITAN V, pci bus id: 0000:03:00.0, compute capability: 7.0)
Generator will have 200378880 samples in 97841 batches
Features have shape 64; targets have shape 65
Generator will have 200378880 samples in 97841 batches
Features have shape 64; targets have shape 65
Epoch 1/25
 - 1815s - loss: 0.0038 - mean_squared_error: 0.0038 - val_loss: 0.0034 - val_mean_squared_error: 0.0034
Epoch 2/25
 - 1700s - loss: 0.0036 - mean_squared_error: 0.0036 - val_loss: 0.0034 - val_mean_squared_error: 0.0034
Epoch 3/25
 - 1648s - loss: 0.0036 - mean_squared_error: 0.0036 - val_loss: 0.0034 - val_mean_squared_error: 0.0034
Epoch 4/25
 - 1689s - loss: 0.0035 - mean_squared_error: 0.0035 - val_loss: 0.0033 - val_mean_squared_error: 0.0033
Epoch 5/25
 - 1687s - loss: 0.0035 - mean_squared_error: 0.0035 - val_loss: 0.0034 - val_mean_squared_error: 0.0034
Epoch 6/25
 - 1673s - loss: 0.0035 - mean_squared_error: 0.0035 - val_loss: 0.0034 - val_mean_squared_error: 0.0034
Epoch 7/25
 - 1740s - loss: 0.0035 - mean_squared_error: 0.0035 - val_loss: 0.0034 - val_mean_squared_error: 0.0034
Epoch 8/25
 - 1706s - loss: 0.0035 - mean_squared_error: 0.0035 - val_loss: 0.0033 - val_mean_squared_error: 0.0033
Epoch 9/25
 - 1774s - loss: 0.0035 - mean_squared_error: 0.0035 - val_loss: 0.0033 - val_mean_squared_error: 0.0033
Epoch 10/25
 - 1709s - loss: 0.0035 - mean_squared_error: 0.0035 - val_loss: 0.0034 - val_mean_squared_error: 0.0034
Epoch 11/25
 - 1780s - loss: 0.0035 - mean_squared_error: 0.0035 - val_loss: 0.0034 - val_mean_squared_error: 0.0034
Epoch 12/25
 - 1658s - loss: 0.0035 - mean_squared_error: 0.0035 - val_loss: 0.0034 - val_mean_squared_error: 0.0034
Epoch 13/25
 - 1641s - loss: 0.0035 - mean_squared_error: 0.0035 - val_loss: 0.0033 - val_mean_squared_error: 0.0033
Epoch 14/25
 - 1683s - loss: 0.0035 - mean_squared_error: 0.0035 - val_loss: 0.0034 - val_mean_squared_error: 0.0034
/pkg/python/3.6.1-centos7/lib/python3.6/site-packages/h5py/__init__.py:34: FutureWarning: Conversion of the second argument of issubdtype from `float` to `np.floating` is deprecated. In future, it will be treated as `np.float64 == np.dtype(float).type`.
  from ._conv import register_converters as _register_converters
Using TensorFlow backend.
Done with trial 10
