2019-05-17 23:16:58.098476: I tensorflow/core/platform/cpu_feature_guard.cc:141] Your CPU supports instructions that this TensorFlow binary was not compiled to use: AVX2 FMA
2019-05-17 23:16:58.454035: I tensorflow/core/common_runtime/gpu/gpu_device.cc:1405] Found device 0 with properties: 
name: TITAN V major: 7 minor: 0 memoryClockRate(GHz): 1.455
pciBusID: 0000:02:00.0
totalMemory: 11.75GiB freeMemory: 10.09GiB
2019-05-17 23:16:58.454080: I tensorflow/core/common_runtime/gpu/gpu_device.cc:1484] Adding visible gpu devices: 0
2019-05-17 23:16:59.264203: I tensorflow/core/common_runtime/gpu/gpu_device.cc:965] Device interconnect StreamExecutor with strength 1 edge matrix:
2019-05-17 23:16:59.264252: I tensorflow/core/common_runtime/gpu/gpu_device.cc:971]      0 
2019-05-17 23:16:59.264260: I tensorflow/core/common_runtime/gpu/gpu_device.cc:984] 0:   N 
2019-05-17 23:16:59.264564: I tensorflow/core/common_runtime/gpu/gpu_device.cc:1097] Created TensorFlow device (/job:localhost/replica:0/task:0/device:GPU:0 with 9733 MB memory) -> physical GPU (device: 0, name: TITAN V, pci bus id: 0000:02:00.0, compute capability: 7.0)
Generator will have 200378880 samples in 97841 batches
Features have shape 64; targets have shape 65
Generator will have 200378880 samples in 97841 batches
Features have shape 64; targets have shape 65
Epoch 1/25
 - 1455s - loss: 0.0035 - mean_squared_error: 0.0035 - val_loss: 0.0030 - val_mean_squared_error: 0.0030
Epoch 2/25
 - 1534s - loss: 0.0029 - mean_squared_error: 0.0029 - val_loss: 0.0028 - val_mean_squared_error: 0.0028
Epoch 3/25
 - 1491s - loss: 0.0028 - mean_squared_error: 0.0028 - val_loss: 0.0028 - val_mean_squared_error: 0.0028
Epoch 4/25
 - 1433s - loss: 0.0028 - mean_squared_error: 0.0028 - val_loss: 0.0028 - val_mean_squared_error: 0.0028
Epoch 5/25
 - 1364s - loss: 0.0028 - mean_squared_error: 0.0028 - val_loss: 0.0028 - val_mean_squared_error: 0.0028
Epoch 6/25
 - 1400s - loss: 0.0028 - mean_squared_error: 0.0028 - val_loss: 0.0028 - val_mean_squared_error: 0.0028
Epoch 7/25
 - 1457s - loss: 0.0028 - mean_squared_error: 0.0028 - val_loss: 0.0028 - val_mean_squared_error: 0.0028
Epoch 8/25
 - 1392s - loss: 0.0028 - mean_squared_error: 0.0028 - val_loss: 0.0027 - val_mean_squared_error: 0.0027
Epoch 9/25
 - 1392s - loss: 0.0028 - mean_squared_error: 0.0028 - val_loss: 0.0028 - val_mean_squared_error: 0.0028
Epoch 10/25
 - 1456s - loss: 0.0028 - mean_squared_error: 0.0028 - val_loss: 0.0028 - val_mean_squared_error: 0.0028
Epoch 11/25
 - 1381s - loss: 0.0028 - mean_squared_error: 0.0028 - val_loss: 0.0027 - val_mean_squared_error: 0.0027
Epoch 12/25
 - 1386s - loss: 0.0028 - mean_squared_error: 0.0028 - val_loss: 0.0027 - val_mean_squared_error: 0.0027
Epoch 13/25
 - 1422s - loss: 0.0028 - mean_squared_error: 0.0028 - val_loss: 0.0027 - val_mean_squared_error: 0.0027
Epoch 14/25
 - 1400s - loss: 0.0027 - mean_squared_error: 0.0027 - val_loss: 0.0027 - val_mean_squared_error: 0.0027
Epoch 15/25
 - 1473s - loss: 0.0027 - mean_squared_error: 0.0027 - val_loss: 0.0027 - val_mean_squared_error: 0.0027
Epoch 16/25
 - 1423s - loss: 0.0027 - mean_squared_error: 0.0027 - val_loss: 0.0027 - val_mean_squared_error: 0.0027
Epoch 17/25
 - 1478s - loss: 0.0027 - mean_squared_error: 0.0027 - val_loss: 0.0027 - val_mean_squared_error: 0.0027
Epoch 18/25
 - 1489s - loss: 0.0027 - mean_squared_error: 0.0027 - val_loss: 0.0027 - val_mean_squared_error: 0.0027
Epoch 19/25
 - 1492s - loss: 0.0027 - mean_squared_error: 0.0027 - val_loss: 0.0027 - val_mean_squared_error: 0.0027
Epoch 20/25
 - 1575s - loss: 0.0027 - mean_squared_error: 0.0027 - val_loss: 0.0027 - val_mean_squared_error: 0.0027
Epoch 21/25
 - 1619s - loss: 0.0027 - mean_squared_error: 0.0027 - val_loss: 0.0027 - val_mean_squared_error: 0.0027
Epoch 22/25
 - 1635s - loss: 0.0027 - mean_squared_error: 0.0027 - val_loss: 0.0027 - val_mean_squared_error: 0.0027
Epoch 23/25
 - 1620s - loss: 0.0027 - mean_squared_error: 0.0027 - val_loss: 0.0027 - val_mean_squared_error: 0.0027
Epoch 24/25
 - 1578s - loss: 0.0027 - mean_squared_error: 0.0027 - val_loss: 0.0027 - val_mean_squared_error: 0.0027
Epoch 25/25
 - 1484s - loss: 0.0027 - mean_squared_error: 0.0027 - val_loss: 0.0027 - val_mean_squared_error: 0.0027
/pkg/python/3.6.1-centos7/lib/python3.6/site-packages/h5py/__init__.py:34: FutureWarning: Conversion of the second argument of issubdtype from `float` to `np.floating` is deprecated. In future, it will be treated as `np.float64 == np.dtype(float).type`.
  from ._conv import register_converters as _register_converters
Using TensorFlow backend.
Done with trial 7
