2019-05-18 01:59:59.964113: I tensorflow/core/platform/cpu_feature_guard.cc:141] Your CPU supports instructions that this TensorFlow binary was not compiled to use: AVX2 FMA
2019-05-18 02:00:00.302991: I tensorflow/core/common_runtime/gpu/gpu_device.cc:1405] Found device 0 with properties: 
name: TITAN V major: 7 minor: 0 memoryClockRate(GHz): 1.455
pciBusID: 0000:03:00.0
totalMemory: 11.75GiB freeMemory: 10.09GiB
2019-05-18 02:00:00.303038: I tensorflow/core/common_runtime/gpu/gpu_device.cc:1484] Adding visible gpu devices: 0
2019-05-18 02:00:00.996569: I tensorflow/core/common_runtime/gpu/gpu_device.cc:965] Device interconnect StreamExecutor with strength 1 edge matrix:
2019-05-18 02:00:00.996630: I tensorflow/core/common_runtime/gpu/gpu_device.cc:971]      0 
2019-05-18 02:00:00.996647: I tensorflow/core/common_runtime/gpu/gpu_device.cc:984] 0:   N 
2019-05-18 02:00:00.997058: I tensorflow/core/common_runtime/gpu/gpu_device.cc:1097] Created TensorFlow device (/job:localhost/replica:0/task:0/device:GPU:0 with 9733 MB memory) -> physical GPU (device: 0, name: TITAN V, pci bus id: 0000:03:00.0, compute capability: 7.0)
Generator will have 200378880 samples in 97841 batches
Features have shape 64; targets have shape 65
Generator will have 200378880 samples in 97841 batches
Features have shape 64; targets have shape 65
Epoch 1/25
 - 1213s - loss: 0.0039 - mean_squared_error: 0.0039 - val_loss: 0.0032 - val_mean_squared_error: 0.0032
Epoch 2/25
 - 1184s - loss: 0.0033 - mean_squared_error: 0.0033 - val_loss: 0.0033 - val_mean_squared_error: 0.0033
Epoch 3/25
 - 1178s - loss: 0.0033 - mean_squared_error: 0.0033 - val_loss: 0.0032 - val_mean_squared_error: 0.0032
Epoch 4/25
 - 1250s - loss: 0.0033 - mean_squared_error: 0.0033 - val_loss: 0.0032 - val_mean_squared_error: 0.0032
Epoch 5/25
 - 1226s - loss: 0.0033 - mean_squared_error: 0.0033 - val_loss: 0.0031 - val_mean_squared_error: 0.0031
Epoch 6/25
 - 1228s - loss: 0.0033 - mean_squared_error: 0.0033 - val_loss: 0.0032 - val_mean_squared_error: 0.0032
Epoch 7/25
 - 1280s - loss: 0.0033 - mean_squared_error: 0.0033 - val_loss: 0.0031 - val_mean_squared_error: 0.0031
Epoch 8/25
 - 1237s - loss: 0.0033 - mean_squared_error: 0.0033 - val_loss: 0.0031 - val_mean_squared_error: 0.0031
Epoch 9/25
 - 1282s - loss: 0.0033 - mean_squared_error: 0.0033 - val_loss: 0.0031 - val_mean_squared_error: 0.0031
Epoch 10/25
 - 1243s - loss: 0.0033 - mean_squared_error: 0.0033 - val_loss: 0.0031 - val_mean_squared_error: 0.0031
Epoch 11/25
 - 1235s - loss: 0.0033 - mean_squared_error: 0.0033 - val_loss: 0.0031 - val_mean_squared_error: 0.0031
Epoch 12/25
 - 1231s - loss: 0.0033 - mean_squared_error: 0.0033 - val_loss: 0.0031 - val_mean_squared_error: 0.0031
Epoch 13/25
 - 1236s - loss: 0.0033 - mean_squared_error: 0.0033 - val_loss: 0.0031 - val_mean_squared_error: 0.0031
Epoch 14/25
 - 1207s - loss: 0.0033 - mean_squared_error: 0.0033 - val_loss: 0.0031 - val_mean_squared_error: 0.0031
Epoch 15/25
 - 1252s - loss: 0.0033 - mean_squared_error: 0.0033 - val_loss: 0.0031 - val_mean_squared_error: 0.0031
Epoch 16/25
 - 1323s - loss: 0.0033 - mean_squared_error: 0.0033 - val_loss: 0.0031 - val_mean_squared_error: 0.0031
Epoch 17/25
 - 1353s - loss: 0.0033 - mean_squared_error: 0.0033 - val_loss: 0.0031 - val_mean_squared_error: 0.0031
Epoch 18/25
 - 1355s - loss: 0.0033 - mean_squared_error: 0.0033 - val_loss: 0.0031 - val_mean_squared_error: 0.0031
Epoch 19/25
 - 1340s - loss: 0.0033 - mean_squared_error: 0.0033 - val_loss: 0.0031 - val_mean_squared_error: 0.0031
Epoch 20/25
 - 1352s - loss: 0.0033 - mean_squared_error: 0.0033 - val_loss: 0.0031 - val_mean_squared_error: 0.0031
Epoch 21/25
 - 1201s - loss: 0.0033 - mean_squared_error: 0.0033 - val_loss: 0.0032 - val_mean_squared_error: 0.0032
Epoch 22/25
 - 1185s - loss: 0.0033 - mean_squared_error: 0.0033 - val_loss: 0.0031 - val_mean_squared_error: 0.0031
Epoch 23/25
 - 1228s - loss: 0.0033 - mean_squared_error: 0.0033 - val_loss: 0.0031 - val_mean_squared_error: 0.0031
Epoch 24/25
 - 1220s - loss: 0.0033 - mean_squared_error: 0.0033 - val_loss: 0.0031 - val_mean_squared_error: 0.0031
Epoch 25/25
 - 1221s - loss: 0.0033 - mean_squared_error: 0.0033 - val_loss: 0.0031 - val_mean_squared_error: 0.0031
/pkg/python/3.6.1-centos7/lib/python3.6/site-packages/h5py/__init__.py:34: FutureWarning: Conversion of the second argument of issubdtype from `float` to `np.floating` is deprecated. In future, it will be treated as `np.float64 == np.dtype(float).type`.
  from ._conv import register_converters as _register_converters
Using TensorFlow backend.
Done with trial 11
