2019-05-17 16:59:12.542693: I tensorflow/core/platform/cpu_feature_guard.cc:141] Your CPU supports instructions that this TensorFlow binary was not compiled to use: AVX2 FMA
2019-05-17 16:59:18.656071: I tensorflow/core/common_runtime/gpu/gpu_device.cc:1405] Found device 0 with properties: 
name: TITAN V major: 7 minor: 0 memoryClockRate(GHz): 1.455
pciBusID: 0000:02:00.0
totalMemory: 11.75GiB freeMemory: 10.90GiB
2019-05-17 16:59:18.656164: I tensorflow/core/common_runtime/gpu/gpu_device.cc:1484] Adding visible gpu devices: 0
2019-05-17 16:59:19.288977: I tensorflow/core/common_runtime/gpu/gpu_device.cc:965] Device interconnect StreamExecutor with strength 1 edge matrix:
2019-05-17 16:59:19.289037: I tensorflow/core/common_runtime/gpu/gpu_device.cc:971]      0 
2019-05-17 16:59:19.289047: I tensorflow/core/common_runtime/gpu/gpu_device.cc:984] 0:   N 
2019-05-17 16:59:19.289405: I tensorflow/core/common_runtime/gpu/gpu_device.cc:1097] Created TensorFlow device (/job:localhost/replica:0/task:0/device:GPU:0 with 10020 MB memory) -> physical GPU (device: 0, name: TITAN V, pci bus id: 0000:02:00.0, compute capability: 7.0)
Generator will have 200378880 samples in 97841 batches
Features have shape 64; targets have shape 65
Generator will have 200378880 samples in 97841 batches
Features have shape 64; targets have shape 65
Epoch 1/25
 - 1471s - loss: 0.0040 - mean_squared_error: 0.0040 - val_loss: 0.0087 - val_mean_squared_error: 0.0087
Epoch 2/25
 - 1459s - loss: 0.0034 - mean_squared_error: 0.0034 - val_loss: 0.0032 - val_mean_squared_error: 0.0032
Epoch 3/25
 - 1672s - loss: 0.0034 - mean_squared_error: 0.0034 - val_loss: 0.0033 - val_mean_squared_error: 0.0033
Epoch 4/25
 - 1660s - loss: 0.0034 - mean_squared_error: 0.0034 - val_loss: 0.0032 - val_mean_squared_error: 0.0032
Epoch 5/25
 - 1650s - loss: 0.0033 - mean_squared_error: 0.0033 - val_loss: 0.0050 - val_mean_squared_error: 0.0050
Epoch 6/25
 - 1652s - loss: 0.0033 - mean_squared_error: 0.0033 - val_loss: 0.0064 - val_mean_squared_error: 0.0064
Epoch 7/25
 - 1658s - loss: 0.0033 - mean_squared_error: 0.0033 - val_loss: 0.0033 - val_mean_squared_error: 0.0033
Epoch 8/25
 - 1540s - loss: 0.0033 - mean_squared_error: 0.0033 - val_loss: 0.0033 - val_mean_squared_error: 0.0033
Epoch 9/25
 - 1537s - loss: 0.0033 - mean_squared_error: 0.0033 - val_loss: 0.0032 - val_mean_squared_error: 0.0032
Epoch 10/25
 - 1565s - loss: 0.0033 - mean_squared_error: 0.0033 - val_loss: 0.0032 - val_mean_squared_error: 0.0032
Epoch 11/25
 - 1551s - loss: 0.0033 - mean_squared_error: 0.0033 - val_loss: 0.0031 - val_mean_squared_error: 0.0031
Epoch 12/25
 - 1431s - loss: 0.0033 - mean_squared_error: 0.0033 - val_loss: 0.0034 - val_mean_squared_error: 0.0034
Epoch 13/25
 - 1393s - loss: 0.0033 - mean_squared_error: 0.0033 - val_loss: 0.0033 - val_mean_squared_error: 0.0033
Epoch 14/25
 - 1415s - loss: 0.0033 - mean_squared_error: 0.0033 - val_loss: 0.0033 - val_mean_squared_error: 0.0033
Epoch 15/25
 - 1405s - loss: 0.0033 - mean_squared_error: 0.0033 - val_loss: 0.0032 - val_mean_squared_error: 0.0032
Epoch 16/25
 - 1595s - loss: 0.0033 - mean_squared_error: 0.0033 - val_loss: 0.0032 - val_mean_squared_error: 0.0032
Epoch 17/25
 - 1677s - loss: 0.0033 - mean_squared_error: 0.0033 - val_loss: 0.0033 - val_mean_squared_error: 0.0033
Epoch 18/25
 - 1648s - loss: 0.0033 - mean_squared_error: 0.0033 - val_loss: 0.0033 - val_mean_squared_error: 0.0033
Epoch 19/25
 - 1483s - loss: 0.0033 - mean_squared_error: 0.0033 - val_loss: 0.0033 - val_mean_squared_error: 0.0033
Epoch 20/25
 - 1519s - loss: 0.0033 - mean_squared_error: 0.0033 - val_loss: 0.0033 - val_mean_squared_error: 0.0033
Epoch 21/25
 - 1558s - loss: 0.0033 - mean_squared_error: 0.0033 - val_loss: 0.0032 - val_mean_squared_error: 0.0032
/pkg/python/3.6.1-centos7/lib/python3.6/site-packages/h5py/__init__.py:34: FutureWarning: Conversion of the second argument of issubdtype from `float` to `np.floating` is deprecated. In future, it will be treated as `np.float64 == np.dtype(float).type`.
  from ._conv import register_converters as _register_converters
Using TensorFlow backend.
Done with trial 5
