2019-05-18 17:46:40.430647: I tensorflow/core/platform/cpu_feature_guard.cc:141] Your CPU supports instructions that this TensorFlow binary was not compiled to use: AVX2 FMA
2019-05-18 17:46:40.856502: I tensorflow/core/common_runtime/gpu/gpu_device.cc:1405] Found device 0 with properties: 
name: TITAN V major: 7 minor: 0 memoryClockRate(GHz): 1.455
pciBusID: 0000:03:00.0
totalMemory: 11.75GiB freeMemory: 10.15GiB
2019-05-18 17:46:40.856571: I tensorflow/core/common_runtime/gpu/gpu_device.cc:1484] Adding visible gpu devices: 0
2019-05-18 17:46:41.600903: I tensorflow/core/common_runtime/gpu/gpu_device.cc:965] Device interconnect StreamExecutor with strength 1 edge matrix:
2019-05-18 17:46:41.600975: I tensorflow/core/common_runtime/gpu/gpu_device.cc:971]      0 
2019-05-18 17:46:41.600987: I tensorflow/core/common_runtime/gpu/gpu_device.cc:984] 0:   N 
2019-05-18 17:46:41.601370: I tensorflow/core/common_runtime/gpu/gpu_device.cc:1097] Created TensorFlow device (/job:localhost/replica:0/task:0/device:GPU:0 with 9794 MB memory) -> physical GPU (device: 0, name: TITAN V, pci bus id: 0000:03:00.0, compute capability: 7.0)
Generator will have 200378880 samples in 97841 batches
Features have shape 64; targets have shape 65
Generator will have 200378880 samples in 97841 batches
Features have shape 64; targets have shape 65
Epoch 1/25
 - 2087s - loss: 0.0036 - mean_squared_error: 0.0036 - val_loss: 0.0028 - val_mean_squared_error: 0.0028
Epoch 2/25
 - 1715s - loss: 0.0028 - mean_squared_error: 0.0028 - val_loss: 0.0029 - val_mean_squared_error: 0.0029
Epoch 3/25
 - 2150s - loss: 0.0027 - mean_squared_error: 0.0027 - val_loss: 0.0028 - val_mean_squared_error: 0.0028
Epoch 4/25
 - 1839s - loss: 0.0027 - mean_squared_error: 0.0027 - val_loss: 0.0028 - val_mean_squared_error: 0.0028
Epoch 5/25
 - 1922s - loss: 0.0027 - mean_squared_error: 0.0027 - val_loss: 0.0028 - val_mean_squared_error: 0.0028
Epoch 6/25
 - 1930s - loss: 0.0027 - mean_squared_error: 0.0027 - val_loss: 0.0028 - val_mean_squared_error: 0.0028
Epoch 7/25
 - 1804s - loss: 0.0027 - mean_squared_error: 0.0027 - val_loss: 0.0028 - val_mean_squared_error: 0.0028
Epoch 8/25
 - 1666s - loss: 0.0027 - mean_squared_error: 0.0027 - val_loss: 0.0028 - val_mean_squared_error: 0.0028
Epoch 9/25
 - 1452s - loss: 0.0027 - mean_squared_error: 0.0027 - val_loss: 0.0028 - val_mean_squared_error: 0.0028
Epoch 10/25
 - 1680s - loss: 0.0027 - mean_squared_error: 0.0027 - val_loss: 0.0028 - val_mean_squared_error: 0.0028
Epoch 11/25
 - 1632s - loss: 0.0027 - mean_squared_error: 0.0027 - val_loss: 0.0028 - val_mean_squared_error: 0.0028
Epoch 12/25
 - 1570s - loss: 0.0027 - mean_squared_error: 0.0027 - val_loss: 0.0027 - val_mean_squared_error: 0.0027
Epoch 13/25
 - 1505s - loss: 0.0027 - mean_squared_error: 0.0027 - val_loss: 0.0028 - val_mean_squared_error: 0.0028
Epoch 14/25
 - 1503s - loss: 0.0027 - mean_squared_error: 0.0027 - val_loss: 0.0027 - val_mean_squared_error: 0.0027
Epoch 15/25
 - 1461s - loss: 0.0027 - mean_squared_error: 0.0027 - val_loss: 0.0027 - val_mean_squared_error: 0.0027
Epoch 16/25
 - 1542s - loss: 0.0027 - mean_squared_error: 0.0027 - val_loss: 0.0028 - val_mean_squared_error: 0.0028
Epoch 17/25
 - 1409s - loss: 0.0027 - mean_squared_error: 0.0027 - val_loss: 0.0027 - val_mean_squared_error: 0.0027
Epoch 18/25
 - 1396s - loss: 0.0027 - mean_squared_error: 0.0027 - val_loss: 0.0027 - val_mean_squared_error: 0.0027
Epoch 19/25
 - 1441s - loss: 0.0027 - mean_squared_error: 0.0027 - val_loss: 0.0027 - val_mean_squared_error: 0.0027
Epoch 20/25
 - 1404s - loss: 0.0027 - mean_squared_error: 0.0027 - val_loss: 0.0027 - val_mean_squared_error: 0.0027
Epoch 21/25
 - 1409s - loss: 0.0027 - mean_squared_error: 0.0027 - val_loss: 0.0027 - val_mean_squared_error: 0.0027
Epoch 22/25
 - 1339s - loss: 0.0027 - mean_squared_error: 0.0027 - val_loss: 0.0027 - val_mean_squared_error: 0.0027
Epoch 23/25
 - 1250s - loss: 0.0026 - mean_squared_error: 0.0026 - val_loss: 0.0027 - val_mean_squared_error: 0.0027
Epoch 24/25
 - 1310s - loss: 0.0026 - mean_squared_error: 0.0026 - val_loss: 0.0027 - val_mean_squared_error: 0.0027
Epoch 25/25
 - 1251s - loss: 0.0026 - mean_squared_error: 0.0026 - val_loss: 0.0027 - val_mean_squared_error: 0.0027
/pkg/python/3.6.1-centos7/lib/python3.6/site-packages/h5py/__init__.py:34: FutureWarning: Conversion of the second argument of issubdtype from `float` to `np.floating` is deprecated. In future, it will be treated as `np.float64 == np.dtype(float).type`.
  from ._conv import register_converters as _register_converters
Using TensorFlow backend.
Done with trial 23
