2019-05-18 05:21:38.983424: I tensorflow/core/platform/cpu_feature_guard.cc:141] Your CPU supports instructions that this TensorFlow binary was not compiled to use: AVX2 FMA
2019-05-18 05:21:39.308269: I tensorflow/core/common_runtime/gpu/gpu_device.cc:1405] Found device 0 with properties: 
name: TITAN V major: 7 minor: 0 memoryClockRate(GHz): 1.455
pciBusID: 0000:02:00.0
totalMemory: 11.75GiB freeMemory: 10.03GiB
2019-05-18 05:21:39.308314: I tensorflow/core/common_runtime/gpu/gpu_device.cc:1484] Adding visible gpu devices: 0
2019-05-18 05:21:39.962748: I tensorflow/core/common_runtime/gpu/gpu_device.cc:965] Device interconnect StreamExecutor with strength 1 edge matrix:
2019-05-18 05:21:39.962794: I tensorflow/core/common_runtime/gpu/gpu_device.cc:971]      0 
2019-05-18 05:21:39.962802: I tensorflow/core/common_runtime/gpu/gpu_device.cc:984] 0:   N 
2019-05-18 05:21:39.963098: I tensorflow/core/common_runtime/gpu/gpu_device.cc:1097] Created TensorFlow device (/job:localhost/replica:0/task:0/device:GPU:0 with 9672 MB memory) -> physical GPU (device: 0, name: TITAN V, pci bus id: 0000:02:00.0, compute capability: 7.0)
Generator will have 200378880 samples in 97841 batches
Features have shape 64; targets have shape 65
Generator will have 200378880 samples in 97841 batches
Features have shape 64; targets have shape 65
Epoch 1/25
 - 1992s - loss: 0.0035 - mean_squared_error: 0.0035 - val_loss: 0.0029 - val_mean_squared_error: 0.0029
Epoch 2/25
 - 1999s - loss: 0.0030 - mean_squared_error: 0.0030 - val_loss: 0.0029 - val_mean_squared_error: 0.0029
Epoch 3/25
 - 2028s - loss: 0.0030 - mean_squared_error: 0.0030 - val_loss: 0.0029 - val_mean_squared_error: 0.0029
Epoch 4/25
 - 2234s - loss: 0.0030 - mean_squared_error: 0.0030 - val_loss: 0.0028 - val_mean_squared_error: 0.0028
Epoch 5/25
 - 2250s - loss: 0.0030 - mean_squared_error: 0.0030 - val_loss: 0.0029 - val_mean_squared_error: 0.0029
Epoch 6/25
 - 2238s - loss: 0.0030 - mean_squared_error: 0.0030 - val_loss: 0.0029 - val_mean_squared_error: 0.0029
Epoch 7/25
 - 1969s - loss: 0.0030 - mean_squared_error: 0.0030 - val_loss: 0.0029 - val_mean_squared_error: 0.0029
Epoch 8/25
 - 1968s - loss: 0.0030 - mean_squared_error: 0.0030 - val_loss: 0.0028 - val_mean_squared_error: 0.0028
Epoch 9/25
 - 1940s - loss: 0.0029 - mean_squared_error: 0.0029 - val_loss: 0.0029 - val_mean_squared_error: 0.0029
Epoch 10/25
 - 2019s - loss: 0.0029 - mean_squared_error: 0.0029 - val_loss: 0.0028 - val_mean_squared_error: 0.0028
Epoch 11/25
 - 2018s - loss: 0.0029 - mean_squared_error: 0.0029 - val_loss: 0.0028 - val_mean_squared_error: 0.0028
Epoch 12/25
 - 1934s - loss: 0.0029 - mean_squared_error: 0.0029 - val_loss: 0.0028 - val_mean_squared_error: 0.0028
Epoch 13/25
 - 2078s - loss: 0.0029 - mean_squared_error: 0.0029 - val_loss: 0.0028 - val_mean_squared_error: 0.0028
Epoch 14/25
 - 2098s - loss: 0.0029 - mean_squared_error: 0.0029 - val_loss: 0.0028 - val_mean_squared_error: 0.0028
Epoch 15/25
 - 2106s - loss: 0.0029 - mean_squared_error: 0.0029 - val_loss: 0.0028 - val_mean_squared_error: 0.0028
Epoch 16/25
 - 2000s - loss: 0.0029 - mean_squared_error: 0.0029 - val_loss: 0.0028 - val_mean_squared_error: 0.0028
Epoch 17/25
 - 2002s - loss: 0.0029 - mean_squared_error: 0.0029 - val_loss: 0.0028 - val_mean_squared_error: 0.0028
Epoch 18/25
 - 2731s - loss: 0.0029 - mean_squared_error: 0.0029 - val_loss: 0.0028 - val_mean_squared_error: 0.0028
Epoch 19/25
 - 2998s - loss: 0.0029 - mean_squared_error: 0.0029 - val_loss: 0.0028 - val_mean_squared_error: 0.0028
Epoch 20/25
 - 2712s - loss: 0.0029 - mean_squared_error: 0.0029 - val_loss: 0.0028 - val_mean_squared_error: 0.0028
Epoch 21/25
 - 2958s - loss: 0.0029 - mean_squared_error: 0.0029 - val_loss: 0.0028 - val_mean_squared_error: 0.0028
Epoch 22/25
 - 2731s - loss: 0.0029 - mean_squared_error: 0.0029 - val_loss: 0.0028 - val_mean_squared_error: 0.0028
Epoch 23/25
 - 2751s - loss: 0.0029 - mean_squared_error: 0.0029 - val_loss: 0.0028 - val_mean_squared_error: 0.0028
Epoch 24/25
 - 2889s - loss: 0.0029 - mean_squared_error: 0.0029 - val_loss: 0.0028 - val_mean_squared_error: 0.0028
Epoch 25/25
 - 2806s - loss: 0.0029 - mean_squared_error: 0.0029 - val_loss: 0.0028 - val_mean_squared_error: 0.0028
/pkg/python/3.6.1-centos7/lib/python3.6/site-packages/h5py/__init__.py:34: FutureWarning: Conversion of the second argument of issubdtype from `float` to `np.floating` is deprecated. In future, it will be treated as `np.float64 == np.dtype(float).type`.
  from ._conv import register_converters as _register_converters
Using TensorFlow backend.
Done with trial 14
