2019-05-17 16:59:12.443473: I tensorflow/core/platform/cpu_feature_guard.cc:141] Your CPU supports instructions that this TensorFlow binary was not compiled to use: AVX2 FMA
2019-05-17 16:59:18.666310: I tensorflow/core/common_runtime/gpu/gpu_device.cc:1405] Found device 0 with properties: 
name: TITAN V major: 7 minor: 0 memoryClockRate(GHz): 1.455
pciBusID: 0000:02:00.0
totalMemory: 11.75GiB freeMemory: 10.55GiB
2019-05-17 16:59:18.666379: I tensorflow/core/common_runtime/gpu/gpu_device.cc:1484] Adding visible gpu devices: 0
2019-05-17 16:59:19.301764: I tensorflow/core/common_runtime/gpu/gpu_device.cc:965] Device interconnect StreamExecutor with strength 1 edge matrix:
2019-05-17 16:59:19.301791: I tensorflow/core/common_runtime/gpu/gpu_device.cc:971]      0 
2019-05-17 16:59:19.301799: I tensorflow/core/common_runtime/gpu/gpu_device.cc:984] 0:   N 
2019-05-17 16:59:19.302114: I tensorflow/core/common_runtime/gpu/gpu_device.cc:1097] Created TensorFlow device (/job:localhost/replica:0/task:0/device:GPU:0 with 10014 MB memory) -> physical GPU (device: 0, name: TITAN V, pci bus id: 0000:02:00.0, compute capability: 7.0)
Generator will have 200378880 samples in 97841 batches
Features have shape 64; targets have shape 65
Generator will have 200378880 samples in 97841 batches
Features have shape 64; targets have shape 65
Epoch 1/25
 - 919s - loss: 0.0040 - mean_squared_error: 0.0040 - val_loss: 0.0034 - val_mean_squared_error: 0.0034
Epoch 2/25
 - 1023s - loss: 0.0039 - mean_squared_error: 0.0039 - val_loss: 0.0037 - val_mean_squared_error: 0.0037
Epoch 3/25
 - 1040s - loss: 0.0039 - mean_squared_error: 0.0039 - val_loss: 0.0036 - val_mean_squared_error: 0.0036
Epoch 4/25
 - 1110s - loss: 0.0039 - mean_squared_error: 0.0039 - val_loss: 0.0035 - val_mean_squared_error: 0.0035
Epoch 5/25
 - 1133s - loss: 0.0038 - mean_squared_error: 0.0038 - val_loss: 0.0038 - val_mean_squared_error: 0.0038
Epoch 6/25
 - 1092s - loss: 0.0038 - mean_squared_error: 0.0038 - val_loss: 0.0036 - val_mean_squared_error: 0.0036
Epoch 7/25
 - 1142s - loss: 0.0038 - mean_squared_error: 0.0038 - val_loss: 0.0037 - val_mean_squared_error: 0.0037
Epoch 8/25
 - 1091s - loss: 0.0038 - mean_squared_error: 0.0038 - val_loss: 0.0035 - val_mean_squared_error: 0.0035
Epoch 9/25
 - 1129s - loss: 0.0038 - mean_squared_error: 0.0038 - val_loss: 0.0035 - val_mean_squared_error: 0.0035
Epoch 10/25
 - 1079s - loss: 0.0038 - mean_squared_error: 0.0038 - val_loss: 0.0038 - val_mean_squared_error: 0.0038
Epoch 11/25
 - 1026s - loss: 0.0038 - mean_squared_error: 0.0038 - val_loss: 0.0034 - val_mean_squared_error: 0.0034
Epoch 12/25
 - 1020s - loss: 0.0038 - mean_squared_error: 0.0038 - val_loss: 0.0035 - val_mean_squared_error: 0.0035
Epoch 13/25
 - 1022s - loss: 0.0038 - mean_squared_error: 0.0038 - val_loss: 0.0035 - val_mean_squared_error: 0.0035
Epoch 14/25
 - 1059s - loss: 0.0038 - mean_squared_error: 0.0038 - val_loss: 0.0033 - val_mean_squared_error: 0.0033
Epoch 15/25
 - 1041s - loss: 0.0038 - mean_squared_error: 0.0038 - val_loss: 0.0035 - val_mean_squared_error: 0.0035
Epoch 16/25
 - 1024s - loss: 0.0038 - mean_squared_error: 0.0038 - val_loss: 0.0038 - val_mean_squared_error: 0.0038
Epoch 17/25
 - 1026s - loss: 0.0038 - mean_squared_error: 0.0038 - val_loss: 0.0038 - val_mean_squared_error: 0.0038
Epoch 18/25
 - 1020s - loss: 0.0038 - mean_squared_error: 0.0038 - val_loss: 0.0034 - val_mean_squared_error: 0.0034
Epoch 19/25
 - 1018s - loss: 0.0038 - mean_squared_error: 0.0038 - val_loss: 0.0036 - val_mean_squared_error: 0.0036
Epoch 20/25
 - 993s - loss: 0.0038 - mean_squared_error: 0.0038 - val_loss: 0.0037 - val_mean_squared_error: 0.0037
Epoch 21/25
 - 1008s - loss: 0.0038 - mean_squared_error: 0.0038 - val_loss: 0.0037 - val_mean_squared_error: 0.0037
Epoch 22/25
 - 1031s - loss: 0.0038 - mean_squared_error: 0.0038 - val_loss: 0.0037 - val_mean_squared_error: 0.0037
Epoch 23/25
 - 1146s - loss: 0.0038 - mean_squared_error: 0.0038 - val_loss: 0.0039 - val_mean_squared_error: 0.0039
Epoch 24/25
 - 1171s - loss: 0.0038 - mean_squared_error: 0.0038 - val_loss: 0.0035 - val_mean_squared_error: 0.0035
/pkg/python/3.6.1-centos7/lib/python3.6/site-packages/h5py/__init__.py:34: FutureWarning: Conversion of the second argument of issubdtype from `float` to `np.floating` is deprecated. In future, it will be treated as `np.float64 == np.dtype(float).type`.
  from ._conv import register_converters as _register_converters
Using TensorFlow backend.
Done with trial 4
