2019-05-18 15:19:05.453504: I tensorflow/core/platform/cpu_feature_guard.cc:141] Your CPU supports instructions that this TensorFlow binary was not compiled to use: AVX2 FMA
2019-05-18 15:19:05.835955: I tensorflow/core/common_runtime/gpu/gpu_device.cc:1405] Found device 0 with properties: 
name: TITAN V major: 7 minor: 0 memoryClockRate(GHz): 1.455
pciBusID: 0000:03:00.0
totalMemory: 11.75GiB freeMemory: 10.09GiB
2019-05-18 15:19:05.836028: I tensorflow/core/common_runtime/gpu/gpu_device.cc:1484] Adding visible gpu devices: 0
2019-05-18 15:19:06.588377: I tensorflow/core/common_runtime/gpu/gpu_device.cc:965] Device interconnect StreamExecutor with strength 1 edge matrix:
2019-05-18 15:19:06.588446: I tensorflow/core/common_runtime/gpu/gpu_device.cc:971]      0 
2019-05-18 15:19:06.588460: I tensorflow/core/common_runtime/gpu/gpu_device.cc:984] 0:   N 
2019-05-18 15:19:06.588895: I tensorflow/core/common_runtime/gpu/gpu_device.cc:1097] Created TensorFlow device (/job:localhost/replica:0/task:0/device:GPU:0 with 9733 MB memory) -> physical GPU (device: 0, name: TITAN V, pci bus id: 0000:03:00.0, compute capability: 7.0)
Generator will have 200378880 samples in 97841 batches
Features have shape 64; targets have shape 65
Generator will have 200378880 samples in 97841 batches
Features have shape 64; targets have shape 65
Epoch 1/25
 - 1990s - loss: 0.0034 - mean_squared_error: 0.0034 - val_loss: 0.0031 - val_mean_squared_error: 0.0031
Epoch 2/25
 - 2201s - loss: 0.0031 - mean_squared_error: 0.0031 - val_loss: 0.0030 - val_mean_squared_error: 0.0030
Epoch 3/25
 - 2113s - loss: 0.0031 - mean_squared_error: 0.0031 - val_loss: 0.0030 - val_mean_squared_error: 0.0030
Epoch 4/25
 - 1870s - loss: 0.0031 - mean_squared_error: 0.0031 - val_loss: 0.0030 - val_mean_squared_error: 0.0030
Epoch 5/25
 - 2154s - loss: 0.0031 - mean_squared_error: 0.0031 - val_loss: 0.0030 - val_mean_squared_error: 0.0030
Epoch 6/25
 - 1809s - loss: 0.0031 - mean_squared_error: 0.0031 - val_loss: 0.0030 - val_mean_squared_error: 0.0030
Epoch 7/25
 - 2068s - loss: 0.0031 - mean_squared_error: 0.0031 - val_loss: 0.0030 - val_mean_squared_error: 0.0030
Epoch 8/25
 - 1780s - loss: 0.0031 - mean_squared_error: 0.0031 - val_loss: 0.0030 - val_mean_squared_error: 0.0030
Epoch 9/25
 - 2008s - loss: 0.0031 - mean_squared_error: 0.0031 - val_loss: 0.0030 - val_mean_squared_error: 0.0030
Epoch 10/25
 - 1871s - loss: 0.0031 - mean_squared_error: 0.0031 - val_loss: 0.0030 - val_mean_squared_error: 0.0030
Epoch 11/25
 - 1853s - loss: 0.0031 - mean_squared_error: 0.0031 - val_loss: 0.0030 - val_mean_squared_error: 0.0030
Epoch 12/25
 - 1799s - loss: 0.0031 - mean_squared_error: 0.0031 - val_loss: 0.0030 - val_mean_squared_error: 0.0030
Epoch 13/25
 - 1447s - loss: 0.0031 - mean_squared_error: 0.0031 - val_loss: 0.0030 - val_mean_squared_error: 0.0030
Epoch 14/25
 - 1777s - loss: 0.0031 - mean_squared_error: 0.0031 - val_loss: 0.0031 - val_mean_squared_error: 0.0031
Epoch 15/25
 - 1698s - loss: 0.0031 - mean_squared_error: 0.0031 - val_loss: 0.0030 - val_mean_squared_error: 0.0030
Epoch 16/25
 - 1637s - loss: 0.0031 - mean_squared_error: 0.0031 - val_loss: 0.0030 - val_mean_squared_error: 0.0030
Epoch 17/25
 - 1605s - loss: 0.0031 - mean_squared_error: 0.0031 - val_loss: 0.0031 - val_mean_squared_error: 0.0031
Epoch 18/25
 - 1577s - loss: 0.0030 - mean_squared_error: 0.0030 - val_loss: 0.0030 - val_mean_squared_error: 0.0030
Epoch 19/25
 - 1570s - loss: 0.0030 - mean_squared_error: 0.0030 - val_loss: 0.0029 - val_mean_squared_error: 0.0029
Epoch 20/25
 - 1627s - loss: 0.0030 - mean_squared_error: 0.0030 - val_loss: 0.0030 - val_mean_squared_error: 0.0030
Epoch 21/25
 - 1473s - loss: 0.0030 - mean_squared_error: 0.0030 - val_loss: 0.0030 - val_mean_squared_error: 0.0030
Epoch 22/25
 - 1465s - loss: 0.0030 - mean_squared_error: 0.0030 - val_loss: 0.0030 - val_mean_squared_error: 0.0030
Epoch 23/25
 - 1503s - loss: 0.0030 - mean_squared_error: 0.0030 - val_loss: 0.0030 - val_mean_squared_error: 0.0030
Epoch 24/25
 - 1471s - loss: 0.0030 - mean_squared_error: 0.0030 - val_loss: 0.0030 - val_mean_squared_error: 0.0030
Epoch 25/25
 - 1450s - loss: 0.0030 - mean_squared_error: 0.0030 - val_loss: 0.0030 - val_mean_squared_error: 0.0030
/pkg/python/3.6.1-centos7/lib/python3.6/site-packages/h5py/__init__.py:34: FutureWarning: Conversion of the second argument of issubdtype from `float` to `np.floating` is deprecated. In future, it will be treated as `np.float64 == np.dtype(float).type`.
  from ._conv import register_converters as _register_converters
Using TensorFlow backend.
Done with trial 21
