2019-05-18 10:48:04.038770: I tensorflow/core/platform/cpu_feature_guard.cc:141] Your CPU supports instructions that this TensorFlow binary was not compiled to use: AVX2 FMA
2019-05-18 10:48:04.403238: I tensorflow/core/common_runtime/gpu/gpu_device.cc:1405] Found device 0 with properties: 
name: TITAN V major: 7 minor: 0 memoryClockRate(GHz): 1.455
pciBusID: 0000:02:00.0
totalMemory: 11.75GiB freeMemory: 10.09GiB
2019-05-18 10:48:04.403321: I tensorflow/core/common_runtime/gpu/gpu_device.cc:1484] Adding visible gpu devices: 0
2019-05-18 10:48:05.107636: I tensorflow/core/common_runtime/gpu/gpu_device.cc:965] Device interconnect StreamExecutor with strength 1 edge matrix:
2019-05-18 10:48:05.107711: I tensorflow/core/common_runtime/gpu/gpu_device.cc:971]      0 
2019-05-18 10:48:05.107724: I tensorflow/core/common_runtime/gpu/gpu_device.cc:984] 0:   N 
2019-05-18 10:48:05.108111: I tensorflow/core/common_runtime/gpu/gpu_device.cc:1097] Created TensorFlow device (/job:localhost/replica:0/task:0/device:GPU:0 with 9733 MB memory) -> physical GPU (device: 0, name: TITAN V, pci bus id: 0000:02:00.0, compute capability: 7.0)
Generator will have 200378880 samples in 97841 batches
Features have shape 64; targets have shape 65
Generator will have 200378880 samples in 97841 batches
Features have shape 64; targets have shape 65
Epoch 1/25
 - 1173s - loss: 0.0042 - mean_squared_error: 0.0042 - val_loss: 0.0039 - val_mean_squared_error: 0.0039
Epoch 2/25
 - 1099s - loss: 0.0042 - mean_squared_error: 0.0042 - val_loss: 0.0039 - val_mean_squared_error: 0.0039
Epoch 3/25
 - 1059s - loss: 0.0041 - mean_squared_error: 0.0041 - val_loss: 0.0039 - val_mean_squared_error: 0.0039
Epoch 4/25
 - 1083s - loss: 0.0041 - mean_squared_error: 0.0041 - val_loss: 0.0038 - val_mean_squared_error: 0.0038
Epoch 5/25
 - 1022s - loss: 0.0041 - mean_squared_error: 0.0041 - val_loss: 0.0038 - val_mean_squared_error: 0.0038
Epoch 6/25
 - 1156s - loss: 0.0041 - mean_squared_error: 0.0041 - val_loss: 0.0039 - val_mean_squared_error: 0.0039
Epoch 7/25
 - 1184s - loss: 0.0041 - mean_squared_error: 0.0041 - val_loss: 0.0041 - val_mean_squared_error: 0.0041
Epoch 8/25
 - 1193s - loss: 0.0041 - mean_squared_error: 0.0041 - val_loss: 0.0043 - val_mean_squared_error: 0.0043
Epoch 9/25
 - 1204s - loss: 0.0041 - mean_squared_error: 0.0041 - val_loss: 0.0044 - val_mean_squared_error: 0.0044
Epoch 10/25
 - 1182s - loss: 0.0041 - mean_squared_error: 0.0041 - val_loss: 0.0038 - val_mean_squared_error: 0.0038
Epoch 11/25
 - 1105s - loss: 0.0041 - mean_squared_error: 0.0041 - val_loss: 0.0040 - val_mean_squared_error: 0.0040
Epoch 12/25
 - 1156s - loss: 0.0041 - mean_squared_error: 0.0041 - val_loss: 0.0040 - val_mean_squared_error: 0.0040
Epoch 13/25
 - 1097s - loss: 0.0041 - mean_squared_error: 0.0041 - val_loss: 0.0039 - val_mean_squared_error: 0.0039
Epoch 14/25
 - 1370s - loss: 0.0041 - mean_squared_error: 0.0041 - val_loss: 0.0038 - val_mean_squared_error: 0.0038
/pkg/python/3.6.1-centos7/lib/python3.6/site-packages/h5py/__init__.py:34: FutureWarning: Conversion of the second argument of issubdtype from `float` to `np.floating` is deprecated. In future, it will be treated as `np.float64 == np.dtype(float).type`.
  from ._conv import register_converters as _register_converters
Using TensorFlow backend.
Done with trial 18
