2019-05-17 17:20:26.978761: I tensorflow/core/platform/cpu_feature_guard.cc:141] Your CPU supports instructions that this TensorFlow binary was not compiled to use: AVX2 FMA
2019-05-17 17:20:30.397180: I tensorflow/core/common_runtime/gpu/gpu_device.cc:1405] Found device 0 with properties: 
name: GeForce GTX TITAN X major: 5 minor: 2 memoryClockRate(GHz): 1.076
pciBusID: 0000:02:00.0
totalMemory: 11.93GiB freeMemory: 11.80GiB
2019-05-17 17:20:30.397309: I tensorflow/core/common_runtime/gpu/gpu_device.cc:1484] Adding visible gpu devices: 0
2019-05-17 17:20:35.851181: I tensorflow/core/common_runtime/gpu/gpu_device.cc:965] Device interconnect StreamExecutor with strength 1 edge matrix:
2019-05-17 17:20:35.851276: I tensorflow/core/common_runtime/gpu/gpu_device.cc:971]      0 
2019-05-17 17:20:35.851295: I tensorflow/core/common_runtime/gpu/gpu_device.cc:984] 0:   N 
2019-05-17 17:20:35.851910: I tensorflow/core/common_runtime/gpu/gpu_device.cc:1097] Created TensorFlow device (/job:localhost/replica:0/task:0/device:GPU:0 with 11114 MB memory) -> physical GPU (device: 0, name: GeForce GTX TITAN X, pci bus id: 0000:02:00.0, compute capability: 5.2)
Epoch 1/25
 - 7248s - loss: 950.8107 - mean_squared_error: 830.3260 - val_loss: 669.0725 - val_mean_squared_error: 353.0524
Epoch 2/25
 - 8717s - loss: 447.8711 - mean_squared_error: 375.4109 - val_loss: 339.8184 - val_mean_squared_error: 306.1378
Epoch 3/25
 - 7686s - loss: 371.4671 - mean_squared_error: 331.4185 - val_loss: 314.0773 - val_mean_squared_error: 374.4500
Epoch 4/25
 - 9683s - loss: 334.8967 - mean_squared_error: 313.7595 - val_loss: 431.3157 - val_mean_squared_error: 348.0097
Epoch 5/25
 - 9250s - loss: 311.9338 - mean_squared_error: 302.6457 - val_loss: 358.0238 - val_mean_squared_error: 317.1405
Epoch 6/25
 - 10247s - loss: 297.9606 - mean_squared_error: 294.9975 - val_loss: 245.6427 - val_mean_squared_error: 347.2023
Epoch 7/25
 - 8553s - loss: 287.0735 - mean_squared_error: 289.4385 - val_loss: 367.8196 - val_mean_squared_error: 311.0566
Epoch 8/25
 - 9466s - loss: 278.2230 - mean_squared_error: 284.4977 - val_loss: 554.2143 - val_mean_squared_error: 366.8788
Epoch 9/25
 - 10712s - loss: 271.1343 - mean_squared_error: 280.3536 - val_loss: 491.9944 - val_mean_squared_error: 359.3746
Epoch 10/25
 - 7328s - loss: 265.1348 - mean_squared_error: 277.3217 - val_loss: 400.3291 - val_mean_squared_error: 336.8988
Epoch 11/25
 - 7583s - loss: 259.9619 - mean_squared_error: 275.0374 - val_loss: 499.0088 - val_mean_squared_error: 376.3307
Epoch 12/25
 - 9198s - loss: 256.1419 - mean_squared_error: 273.2864 - val_loss: 503.4075 - val_mean_squared_error: 376.5004
/pkg/python/3.6.1-centos7/lib/python3.6/site-packages/h5py/__init__.py:34: FutureWarning: Conversion of the second argument of issubdtype from `float` to `np.floating` is deprecated. In future, it will be treated as `np.float64 == np.dtype(float).type`.
  from ._conv import register_converters as _register_converters
Using TensorFlow backend.
Done with trial 5
