2019-05-17 17:20:27.017920: I tensorflow/core/platform/cpu_feature_guard.cc:141] Your CPU supports instructions that this TensorFlow binary was not compiled to use: AVX2 FMA
2019-05-17 17:20:30.421250: I tensorflow/core/common_runtime/gpu/gpu_device.cc:1405] Found device 0 with properties: 
name: GeForce GTX TITAN X major: 5 minor: 2 memoryClockRate(GHz): 1.076
pciBusID: 0000:03:00.0
totalMemory: 11.93GiB freeMemory: 11.60GiB
2019-05-17 17:20:30.421330: I tensorflow/core/common_runtime/gpu/gpu_device.cc:1484] Adding visible gpu devices: 0
2019-05-17 17:20:36.200804: I tensorflow/core/common_runtime/gpu/gpu_device.cc:965] Device interconnect StreamExecutor with strength 1 edge matrix:
2019-05-17 17:20:36.200889: I tensorflow/core/common_runtime/gpu/gpu_device.cc:971]      0 
2019-05-17 17:20:36.200902: I tensorflow/core/common_runtime/gpu/gpu_device.cc:984] 0:   N 
2019-05-17 17:20:36.201451: I tensorflow/core/common_runtime/gpu/gpu_device.cc:1097] Created TensorFlow device (/job:localhost/replica:0/task:0/device:GPU:0 with 11098 MB memory) -> physical GPU (device: 0, name: GeForce GTX TITAN X, pci bus id: 0000:03:00.0, compute capability: 5.2)
Epoch 1/25
 - 13258s - loss: 1171.9846 - mean_squared_error: 808.4844 - val_loss: 504.9176 - val_mean_squared_error: 463.3648
Epoch 2/25
 - 10391s - loss: 913.0145 - mean_squared_error: 565.3511 - val_loss: 591.2012 - val_mean_squared_error: 423.8660
Epoch 3/25
 - 9684s - loss: 871.1040 - mean_squared_error: 550.1840 - val_loss: 484.3190 - val_mean_squared_error: 386.8635
Epoch 4/25
 - 10087s - loss: 848.5713 - mean_squared_error: 542.2732 - val_loss: 651.2857 - val_mean_squared_error: 412.1679
Epoch 5/25
 - 12737s - loss: 833.2227 - mean_squared_error: 537.1440 - val_loss: 440.7392 - val_mean_squared_error: 380.9780
Epoch 6/25
 - 11158s - loss: 822.0197 - mean_squared_error: 533.6038 - val_loss: 428.8486 - val_mean_squared_error: 384.8906
Epoch 7/25
 - 11962s - loss: 813.6677 - mean_squared_error: 530.8064 - val_loss: 587.6823 - val_mean_squared_error: 381.1935
Epoch 8/25
 - 9638s - loss: 808.1287 - mean_squared_error: 529.0353 - val_loss: 431.9060 - val_mean_squared_error: 412.2354
Epoch 9/25
 - 7556s - loss: 802.1445 - mean_squared_error: 527.2753 - val_loss: 428.7315 - val_mean_squared_error: 370.6664
Epoch 10/25
 - 9198s - loss: 799.2954 - mean_squared_error: 526.8385 - val_loss: 420.8496 - val_mean_squared_error: 378.9061
Epoch 11/25
 - 10083s - loss: 795.6019 - mean_squared_error: 525.9287 - val_loss: 440.8862 - val_mean_squared_error: 382.8347
Epoch 12/25
 - 6923s - loss: 792.8514 - mean_squared_error: 524.9919 - val_loss: 582.1381 - val_mean_squared_error: 384.2511
Epoch 13/25
 - 8323s - loss: 788.3234 - mean_squared_error: 522.8395 - val_loss: 365.2358 - val_mean_squared_error: 372.4787
Epoch 14/25
 - 7148s - loss: 785.7112 - mean_squared_error: 521.8918 - val_loss: 391.1112 - val_mean_squared_error: 368.8298
Epoch 15/25
 - 8673s - loss: 785.0571 - mean_squared_error: 521.9414 - val_loss: 390.0546 - val_mean_squared_error: 372.3398
Epoch 16/25
 - 6381s - loss: 782.5252 - mean_squared_error: 520.9970 - val_loss: 394.6252 - val_mean_squared_error: 386.6710
Epoch 17/25
 - 6520s - loss: 781.9629 - mean_squared_error: 521.1850 - val_loss: 384.0543 - val_mean_squared_error: 364.0860
Epoch 18/25
 - 5432s - loss: 780.7433 - mean_squared_error: 520.6667 - val_loss: 367.3029 - val_mean_squared_error: 349.7730
Epoch 19/25
 - 6054s - loss: 778.5735 - mean_squared_error: 519.5520 - val_loss: 352.2008 - val_mean_squared_error: 384.7235
Epoch 20/25
 - 5481s - loss: 777.7444 - mean_squared_error: 519.7172 - val_loss: 428.6882 - val_mean_squared_error: 379.8523
Epoch 21/25
 - 4919s - loss: 775.8393 - mean_squared_error: 518.7951 - val_loss: 400.4784 - val_mean_squared_error: 367.2319
Epoch 22/25
 - 4965s - loss: 775.4169 - mean_squared_error: 518.8781 - val_loss: 404.3008 - val_mean_squared_error: 359.4889
Epoch 23/25
 - 5197s - loss: 772.9459 - mean_squared_error: 518.0753 - val_loss: 437.7465 - val_mean_squared_error: 362.1374
Epoch 24/25
 - 5203s - loss: 771.9906 - mean_squared_error: 517.2902 - val_loss: 454.8230 - val_mean_squared_error: 386.5836
Epoch 25/25
 - 6302s - loss: 771.5236 - mean_squared_error: 517.5144 - val_loss: 428.0032 - val_mean_squared_error: 354.2710
/pkg/python/3.6.1-centos7/lib/python3.6/site-packages/h5py/__init__.py:34: FutureWarning: Conversion of the second argument of issubdtype from `float` to `np.floating` is deprecated. In future, it will be treated as `np.float64 == np.dtype(float).type`.
  from ._conv import register_converters as _register_converters
Using TensorFlow backend.
Done with trial 3
