2019-05-18 14:00:28.228106: I tensorflow/core/platform/cpu_feature_guard.cc:141] Your CPU supports instructions that this TensorFlow binary was not compiled to use: AVX2 FMA
2019-05-18 14:00:28.570246: I tensorflow/core/common_runtime/gpu/gpu_device.cc:1405] Found device 0 with properties: 
name: TITAN V major: 7 minor: 0 memoryClockRate(GHz): 1.455
pciBusID: 0000:82:00.0
totalMemory: 11.75GiB freeMemory: 9.78GiB
2019-05-18 14:00:28.570366: I tensorflow/core/common_runtime/gpu/gpu_device.cc:1484] Adding visible gpu devices: 0
2019-05-18 14:00:29.245663: I tensorflow/core/common_runtime/gpu/gpu_device.cc:965] Device interconnect StreamExecutor with strength 1 edge matrix:
2019-05-18 14:00:29.245721: I tensorflow/core/common_runtime/gpu/gpu_device.cc:971]      0 
2019-05-18 14:00:29.245730: I tensorflow/core/common_runtime/gpu/gpu_device.cc:984] 0:   N 
2019-05-18 14:00:29.246057: I tensorflow/core/common_runtime/gpu/gpu_device.cc:1097] Created TensorFlow device (/job:localhost/replica:0/task:0/device:GPU:0 with 9429 MB memory) -> physical GPU (device: 0, name: TITAN V, pci bus id: 0000:82:00.0, compute capability: 7.0)
Epoch 1/25
 - 1164s - loss: 329.2379 - mean_squared_error: 329.2379 - val_loss: 243.0481 - val_mean_squared_error: 243.0481
Epoch 2/25
 - 773s - loss: 254.4370 - mean_squared_error: 254.4370 - val_loss: 210.1364 - val_mean_squared_error: 210.1364
Epoch 3/25
 - 1756s - loss: 242.2504 - mean_squared_error: 242.2504 - val_loss: 214.4547 - val_mean_squared_error: 214.4547
Epoch 4/25
 - 2263s - loss: 236.4743 - mean_squared_error: 236.4743 - val_loss: 196.6730 - val_mean_squared_error: 196.6730
Epoch 5/25
 - 1069s - loss: 232.9239 - mean_squared_error: 232.9239 - val_loss: 204.8025 - val_mean_squared_error: 204.8025
Epoch 6/25
 - 1139s - loss: 230.3824 - mean_squared_error: 230.3824 - val_loss: 191.9976 - val_mean_squared_error: 191.9976
Epoch 7/25
 - 1032s - loss: 228.4269 - mean_squared_error: 228.4269 - val_loss: 207.0604 - val_mean_squared_error: 207.0604
Epoch 8/25
 - 998s - loss: 227.2530 - mean_squared_error: 227.2530 - val_loss: 198.4411 - val_mean_squared_error: 198.4411
Epoch 9/25
 - 1156s - loss: 226.0235 - mean_squared_error: 226.0235 - val_loss: 193.7505 - val_mean_squared_error: 193.7505
Epoch 10/25
 - 1576s - loss: 224.3539 - mean_squared_error: 224.3539 - val_loss: 190.3082 - val_mean_squared_error: 190.3082
Epoch 11/25
 - 1035s - loss: 223.3716 - mean_squared_error: 223.3716 - val_loss: 209.6845 - val_mean_squared_error: 209.6845
Epoch 12/25
 - 1042s - loss: 222.3131 - mean_squared_error: 222.3131 - val_loss: 232.3818 - val_mean_squared_error: 232.3818
Epoch 13/25
 - 985s - loss: 221.6779 - mean_squared_error: 221.6779 - val_loss: 224.0935 - val_mean_squared_error: 224.0935
Epoch 14/25
 - 1913s - loss: 221.0748 - mean_squared_error: 221.0748 - val_loss: 200.6196 - val_mean_squared_error: 200.6196
Epoch 15/25
 - 1053s - loss: 220.2644 - mean_squared_error: 220.2644 - val_loss: 217.1085 - val_mean_squared_error: 217.1085
Epoch 16/25
 - 1083s - loss: 219.6936 - mean_squared_error: 219.6936 - val_loss: 229.9375 - val_mean_squared_error: 229.9375
Epoch 17/25
 - 1917s - loss: 218.7379 - mean_squared_error: 218.7379 - val_loss: 216.9829 - val_mean_squared_error: 216.9829
Epoch 18/25
 - 967s - loss: 218.0005 - mean_squared_error: 218.0005 - val_loss: 213.9378 - val_mean_squared_error: 213.9378
Epoch 19/25
 - 957s - loss: 217.3106 - mean_squared_error: 217.3106 - val_loss: 211.7623 - val_mean_squared_error: 211.7623
Epoch 20/25
 - 1006s - loss: 216.8485 - mean_squared_error: 216.8485 - val_loss: 256.6230 - val_mean_squared_error: 256.6230
/pkg/python/3.6.1-centos7/lib/python3.6/site-packages/h5py/__init__.py:34: FutureWarning: Conversion of the second argument of issubdtype from `float` to `np.floating` is deprecated. In future, it will be treated as `np.float64 == np.dtype(float).type`.
  from ._conv import register_converters as _register_converters
Using TensorFlow backend.
Done with trial 25
