2019-05-18 11:47:46.705820: I tensorflow/core/platform/cpu_feature_guard.cc:141] Your CPU supports instructions that this TensorFlow binary was not compiled to use: AVX2 FMA
2019-05-18 11:47:47.023575: I tensorflow/core/common_runtime/gpu/gpu_device.cc:1405] Found device 0 with properties: 
name: TITAN V major: 7 minor: 0 memoryClockRate(GHz): 1.455
pciBusID: 0000:83:00.0
totalMemory: 11.75GiB freeMemory: 9.78GiB
2019-05-18 11:47:47.023629: I tensorflow/core/common_runtime/gpu/gpu_device.cc:1484] Adding visible gpu devices: 0
2019-05-18 11:47:47.535383: I tensorflow/core/common_runtime/gpu/gpu_device.cc:965] Device interconnect StreamExecutor with strength 1 edge matrix:
2019-05-18 11:47:47.535431: I tensorflow/core/common_runtime/gpu/gpu_device.cc:971]      0 
2019-05-18 11:47:47.535439: I tensorflow/core/common_runtime/gpu/gpu_device.cc:984] 0:   N 
2019-05-18 11:47:47.535753: I tensorflow/core/common_runtime/gpu/gpu_device.cc:1097] Created TensorFlow device (/job:localhost/replica:0/task:0/device:GPU:0 with 9429 MB memory) -> physical GPU (device: 0, name: TITAN V, pci bus id: 0000:83:00.0, compute capability: 7.0)
Epoch 1/25
 - 1996s - loss: 319.7275 - mean_squared_error: 319.7275 - val_loss: 246.5738 - val_mean_squared_error: 246.5738
Epoch 2/25
 - 649s - loss: 249.2136 - mean_squared_error: 249.2136 - val_loss: 223.6843 - val_mean_squared_error: 223.6843
Epoch 3/25
 - 623s - loss: 238.1870 - mean_squared_error: 238.1870 - val_loss: 275.4156 - val_mean_squared_error: 275.4156
Epoch 4/25
 - 628s - loss: 232.7458 - mean_squared_error: 232.7458 - val_loss: 200.9278 - val_mean_squared_error: 200.9278
Epoch 5/25
 - 623s - loss: 229.4912 - mean_squared_error: 229.4912 - val_loss: 226.2750 - val_mean_squared_error: 226.2750
Epoch 6/25
 - 633s - loss: 227.2563 - mean_squared_error: 227.2563 - val_loss: 203.4582 - val_mean_squared_error: 203.4582
Epoch 7/25
 - 632s - loss: 225.6178 - mean_squared_error: 225.6178 - val_loss: 195.9208 - val_mean_squared_error: 195.9208
Epoch 8/25
 - 643s - loss: 224.4609 - mean_squared_error: 224.4609 - val_loss: 225.7736 - val_mean_squared_error: 225.7736
Epoch 9/25
 - 633s - loss: 223.5748 - mean_squared_error: 223.5748 - val_loss: 192.5388 - val_mean_squared_error: 192.5388
Epoch 10/25
 - 602s - loss: 222.7888 - mean_squared_error: 222.7888 - val_loss: 193.1713 - val_mean_squared_error: 193.1713
Epoch 11/25
 - 1452s - loss: 222.1325 - mean_squared_error: 222.1325 - val_loss: 202.1420 - val_mean_squared_error: 202.1420
Epoch 12/25
 - 632s - loss: 221.6199 - mean_squared_error: 221.6199 - val_loss: 200.5176 - val_mean_squared_error: 200.5176
Epoch 13/25
 - 1912s - loss: 221.0105 - mean_squared_error: 221.0105 - val_loss: 206.2921 - val_mean_squared_error: 206.2921
Epoch 14/25
 - 2263s - loss: 220.2336 - mean_squared_error: 220.2336 - val_loss: 196.2903 - val_mean_squared_error: 196.2903
Epoch 15/25
 - 841s - loss: 219.6059 - mean_squared_error: 219.6059 - val_loss: 213.5360 - val_mean_squared_error: 213.5360
Epoch 16/25
 - 925s - loss: 219.1801 - mean_squared_error: 219.1801 - val_loss: 191.6495 - val_mean_squared_error: 191.6495
Epoch 17/25
 - 899s - loss: 218.5641 - mean_squared_error: 218.5641 - val_loss: 208.2826 - val_mean_squared_error: 208.2826
Epoch 18/25
 - 860s - loss: 218.1734 - mean_squared_error: 218.1734 - val_loss: 198.9743 - val_mean_squared_error: 198.9743
Epoch 19/25
 - 861s - loss: 217.7745 - mean_squared_error: 217.7745 - val_loss: 199.1003 - val_mean_squared_error: 199.1003
Epoch 20/25
 - 899s - loss: 217.3715 - mean_squared_error: 217.3715 - val_loss: 212.2667 - val_mean_squared_error: 212.2667
Epoch 21/25
 - 1653s - loss: 216.9085 - mean_squared_error: 216.9085 - val_loss: 201.7067 - val_mean_squared_error: 201.7067
Epoch 22/25
 - 880s - loss: 216.7234 - mean_squared_error: 216.7234 - val_loss: 206.0599 - val_mean_squared_error: 206.0599
Epoch 23/25
 - 872s - loss: 216.4468 - mean_squared_error: 216.4468 - val_loss: 196.2310 - val_mean_squared_error: 196.2310
Epoch 24/25
 - 862s - loss: 216.1151 - mean_squared_error: 216.1151 - val_loss: 210.4068 - val_mean_squared_error: 210.4068
Epoch 25/25
 - 795s - loss: 215.9550 - mean_squared_error: 215.9550 - val_loss: 217.0517 - val_mean_squared_error: 217.0517
/pkg/python/3.6.1-centos7/lib/python3.6/site-packages/h5py/__init__.py:34: FutureWarning: Conversion of the second argument of issubdtype from `float` to `np.floating` is deprecated. In future, it will be treated as `np.float64 == np.dtype(float).type`.
  from ._conv import register_converters as _register_converters
Using TensorFlow backend.
Done with trial 24
