2019-05-18 03:17:40.844460: I tensorflow/core/platform/cpu_feature_guard.cc:141] Your CPU supports instructions that this TensorFlow binary was not compiled to use: AVX2 FMA
2019-05-18 03:17:41.184721: I tensorflow/core/common_runtime/gpu/gpu_device.cc:1405] Found device 0 with properties: 
name: TITAN V major: 7 minor: 0 memoryClockRate(GHz): 1.455
pciBusID: 0000:83:00.0
totalMemory: 11.75GiB freeMemory: 9.78GiB
2019-05-18 03:17:41.184771: I tensorflow/core/common_runtime/gpu/gpu_device.cc:1484] Adding visible gpu devices: 0
2019-05-18 03:17:41.939881: I tensorflow/core/common_runtime/gpu/gpu_device.cc:965] Device interconnect StreamExecutor with strength 1 edge matrix:
2019-05-18 03:17:41.939932: I tensorflow/core/common_runtime/gpu/gpu_device.cc:971]      0 
2019-05-18 03:17:41.939940: I tensorflow/core/common_runtime/gpu/gpu_device.cc:984] 0:   N 
2019-05-18 03:17:41.940269: I tensorflow/core/common_runtime/gpu/gpu_device.cc:1097] Created TensorFlow device (/job:localhost/replica:0/task:0/device:GPU:0 with 9429 MB memory) -> physical GPU (device: 0, name: TITAN V, pci bus id: 0000:83:00.0, compute capability: 7.0)
Epoch 1/25
 - 2675s - loss: 335.7305 - mean_squared_error: 335.7305 - val_loss: 318.8869 - val_mean_squared_error: 318.8869
Epoch 2/25
 - 1237s - loss: 256.0349 - mean_squared_error: 256.0349 - val_loss: 228.0297 - val_mean_squared_error: 228.0297
Epoch 3/25
 - 2129s - loss: 243.6389 - mean_squared_error: 243.6389 - val_loss: 207.7227 - val_mean_squared_error: 207.7227
Epoch 4/25
 - 768s - loss: 237.5444 - mean_squared_error: 237.5444 - val_loss: 257.9033 - val_mean_squared_error: 257.9033
Epoch 5/25
 - 3324s - loss: 233.6855 - mean_squared_error: 233.6855 - val_loss: 193.1405 - val_mean_squared_error: 193.1405
Epoch 6/25
 - 3182s - loss: 231.3168 - mean_squared_error: 231.3168 - val_loss: 193.7666 - val_mean_squared_error: 193.7666
Epoch 7/25
 - 774s - loss: 229.0473 - mean_squared_error: 229.0473 - val_loss: 206.9222 - val_mean_squared_error: 206.9222
Epoch 8/25
 - 753s - loss: 227.1158 - mean_squared_error: 227.1158 - val_loss: 214.5156 - val_mean_squared_error: 214.5156
Epoch 9/25
 - 755s - loss: 225.6239 - mean_squared_error: 225.6239 - val_loss: 216.0845 - val_mean_squared_error: 216.0845
Epoch 10/25
 - 751s - loss: 224.4177 - mean_squared_error: 224.4177 - val_loss: 198.0568 - val_mean_squared_error: 198.0568
Epoch 11/25
 - 748s - loss: 223.6506 - mean_squared_error: 223.6506 - val_loss: 197.8653 - val_mean_squared_error: 197.8653
Epoch 12/25
 - 771s - loss: 222.7899 - mean_squared_error: 222.7899 - val_loss: 192.5842 - val_mean_squared_error: 192.5842
Epoch 13/25
 - 754s - loss: 222.0677 - mean_squared_error: 222.0677 - val_loss: 193.8240 - val_mean_squared_error: 193.8240
Epoch 14/25
 - 767s - loss: 221.5296 - mean_squared_error: 221.5296 - val_loss: 216.2110 - val_mean_squared_error: 216.2110
Epoch 15/25
 - 773s - loss: 221.0375 - mean_squared_error: 221.0375 - val_loss: 222.6710 - val_mean_squared_error: 222.6710
Epoch 16/25
 - 2473s - loss: 220.4227 - mean_squared_error: 220.4227 - val_loss: 248.9917 - val_mean_squared_error: 248.9917
Epoch 17/25
 - 1790s - loss: 219.9308 - mean_squared_error: 219.9308 - val_loss: 216.6485 - val_mean_squared_error: 216.6485
Epoch 18/25
 - 2291s - loss: 219.4232 - mean_squared_error: 219.4232 - val_loss: 247.1815 - val_mean_squared_error: 247.1815
Epoch 19/25
 - 725s - loss: 218.7728 - mean_squared_error: 218.7728 - val_loss: 225.8935 - val_mean_squared_error: 225.8935
Epoch 20/25
 - 753s - loss: 218.2334 - mean_squared_error: 218.2334 - val_loss: 226.1050 - val_mean_squared_error: 226.1050
Epoch 21/25
 - 731s - loss: 217.7667 - mean_squared_error: 217.7667 - val_loss: 278.1276 - val_mean_squared_error: 278.1276
Epoch 22/25
 - 1646s - loss: 217.3003 - mean_squared_error: 217.3003 - val_loss: 231.8414 - val_mean_squared_error: 231.8414
/pkg/python/3.6.1-centos7/lib/python3.6/site-packages/h5py/__init__.py:34: FutureWarning: Conversion of the second argument of issubdtype from `float` to `np.floating` is deprecated. In future, it will be treated as `np.float64 == np.dtype(float).type`.
  from ._conv import register_converters as _register_converters
Using TensorFlow backend.
Done with trial 15
