2019-05-18 17:13:35.334336: I tensorflow/core/platform/cpu_feature_guard.cc:141] Your CPU supports instructions that this TensorFlow binary was not compiled to use: AVX2 FMA
2019-05-18 17:13:35.745420: I tensorflow/core/common_runtime/gpu/gpu_device.cc:1405] Found device 0 with properties: 
name: TITAN V major: 7 minor: 0 memoryClockRate(GHz): 1.455
pciBusID: 0000:83:00.0
totalMemory: 11.75GiB freeMemory: 9.78GiB
2019-05-18 17:13:35.745534: I tensorflow/core/common_runtime/gpu/gpu_device.cc:1484] Adding visible gpu devices: 0
2019-05-18 17:13:36.429585: I tensorflow/core/common_runtime/gpu/gpu_device.cc:965] Device interconnect StreamExecutor with strength 1 edge matrix:
2019-05-18 17:13:36.429644: I tensorflow/core/common_runtime/gpu/gpu_device.cc:971]      0 
2019-05-18 17:13:36.429654: I tensorflow/core/common_runtime/gpu/gpu_device.cc:984] 0:   N 
2019-05-18 17:13:36.430031: I tensorflow/core/common_runtime/gpu/gpu_device.cc:1097] Created TensorFlow device (/job:localhost/replica:0/task:0/device:GPU:0 with 9429 MB memory) -> physical GPU (device: 0, name: TITAN V, pci bus id: 0000:83:00.0, compute capability: 7.0)
Epoch 1/25
 - 1351s - loss: 324.2908 - mean_squared_error: 324.2908 - val_loss: 264.7325 - val_mean_squared_error: 264.7325
Epoch 2/25
 - 1100s - loss: 247.3517 - mean_squared_error: 247.3517 - val_loss: 242.2477 - val_mean_squared_error: 242.2477
Epoch 3/25
 - 1100s - loss: 235.4202 - mean_squared_error: 235.4202 - val_loss: 198.7593 - val_mean_squared_error: 198.7593
Epoch 4/25
 - 988s - loss: 229.8585 - mean_squared_error: 229.8585 - val_loss: 224.8571 - val_mean_squared_error: 224.8571
Epoch 5/25
 - 1765s - loss: 226.2895 - mean_squared_error: 226.2895 - val_loss: 196.3758 - val_mean_squared_error: 196.3758
Epoch 6/25
 - 1078s - loss: 223.8306 - mean_squared_error: 223.8306 - val_loss: 184.1659 - val_mean_squared_error: 184.1659
Epoch 7/25
 - 1255s - loss: 222.1148 - mean_squared_error: 222.1148 - val_loss: 192.5605 - val_mean_squared_error: 192.5605
Epoch 8/25
 - 1733s - loss: 220.2978 - mean_squared_error: 220.2978 - val_loss: 201.0759 - val_mean_squared_error: 201.0759
Epoch 9/25
 - 969s - loss: 218.7698 - mean_squared_error: 218.7698 - val_loss: 194.4439 - val_mean_squared_error: 194.4439
Epoch 10/25
 - 963s - loss: 217.5825 - mean_squared_error: 217.5825 - val_loss: 214.9213 - val_mean_squared_error: 214.9213
Epoch 11/25
 - 999s - loss: 216.3891 - mean_squared_error: 216.3891 - val_loss: 208.6010 - val_mean_squared_error: 208.6010
Epoch 12/25
 - 869s - loss: 214.8606 - mean_squared_error: 214.8606 - val_loss: 207.0938 - val_mean_squared_error: 207.0938
Epoch 13/25
 - 891s - loss: 213.4461 - mean_squared_error: 213.4461 - val_loss: 214.7818 - val_mean_squared_error: 214.7818
Epoch 14/25
 - 881s - loss: 212.6354 - mean_squared_error: 212.6354 - val_loss: 261.8551 - val_mean_squared_error: 261.8551
Epoch 15/25
 - 847s - loss: 211.7889 - mean_squared_error: 211.7889 - val_loss: 243.7527 - val_mean_squared_error: 243.7527
Epoch 16/25
 - 2671s - loss: 211.2387 - mean_squared_error: 211.2387 - val_loss: 211.2570 - val_mean_squared_error: 211.2570
/pkg/python/3.6.1-centos7/lib/python3.6/site-packages/h5py/__init__.py:34: FutureWarning: Conversion of the second argument of issubdtype from `float` to `np.floating` is deprecated. In future, it will be treated as `np.float64 == np.dtype(float).type`.
  from ._conv import register_converters as _register_converters
Using TensorFlow backend.
Done with trial 29
