2019-05-17 17:12:29.793605: I tensorflow/core/platform/cpu_feature_guard.cc:141] Your CPU supports instructions that this TensorFlow binary was not compiled to use: AVX2 FMA
2019-05-17 17:12:33.187265: I tensorflow/core/common_runtime/gpu/gpu_device.cc:1405] Found device 0 with properties: 
name: TITAN V major: 7 minor: 0 memoryClockRate(GHz): 1.455
pciBusID: 0000:82:00.0
totalMemory: 11.75GiB freeMemory: 11.25GiB
2019-05-17 17:12:33.187303: I tensorflow/core/common_runtime/gpu/gpu_device.cc:1484] Adding visible gpu devices: 0
2019-05-17 17:12:33.719675: I tensorflow/core/common_runtime/gpu/gpu_device.cc:965] Device interconnect StreamExecutor with strength 1 edge matrix:
2019-05-17 17:12:33.719723: I tensorflow/core/common_runtime/gpu/gpu_device.cc:971]      0 
2019-05-17 17:12:33.719731: I tensorflow/core/common_runtime/gpu/gpu_device.cc:984] 0:   N 
2019-05-17 17:12:33.720034: I tensorflow/core/common_runtime/gpu/gpu_device.cc:1097] Created TensorFlow device (/job:localhost/replica:0/task:0/device:GPU:0 with 10029 MB memory) -> physical GPU (device: 0, name: TITAN V, pci bus id: 0000:82:00.0, compute capability: 7.0)
Epoch 1/25
 - 2027s - loss: 359.5433 - mean_squared_error: 359.5433 - val_loss: 226.7451 - val_mean_squared_error: 226.7451
Epoch 2/25
 - 795s - loss: 281.4734 - mean_squared_error: 281.4734 - val_loss: 228.6656 - val_mean_squared_error: 228.6656
Epoch 3/25
 - 777s - loss: 270.0882 - mean_squared_error: 270.0882 - val_loss: 224.6774 - val_mean_squared_error: 224.6774
Epoch 4/25
 - 767s - loss: 264.9653 - mean_squared_error: 264.9653 - val_loss: 224.5755 - val_mean_squared_error: 224.5755
Epoch 5/25
 - 779s - loss: 261.8340 - mean_squared_error: 261.8340 - val_loss: 245.8878 - val_mean_squared_error: 245.8878
Epoch 6/25
 - 769s - loss: 259.6440 - mean_squared_error: 259.6440 - val_loss: 216.3325 - val_mean_squared_error: 216.3325
Epoch 7/25
 - 744s - loss: 258.0638 - mean_squared_error: 258.0638 - val_loss: 206.9833 - val_mean_squared_error: 206.9833
Epoch 8/25
 - 765s - loss: 256.2416 - mean_squared_error: 256.2416 - val_loss: 212.0017 - val_mean_squared_error: 212.0017
Epoch 9/25
 - 768s - loss: 255.5057 - mean_squared_error: 255.5057 - val_loss: 239.9323 - val_mean_squared_error: 239.9323
Epoch 10/25
 - 760s - loss: 254.1921 - mean_squared_error: 254.1921 - val_loss: 222.6318 - val_mean_squared_error: 222.6318
Epoch 11/25
 - 759s - loss: 253.0962 - mean_squared_error: 253.0962 - val_loss: 254.5155 - val_mean_squared_error: 254.5155
Epoch 12/25
 - 751s - loss: 252.5077 - mean_squared_error: 252.5077 - val_loss: 263.2728 - val_mean_squared_error: 263.2728
Epoch 13/25
 - 1660s - loss: 251.6540 - mean_squared_error: 251.6540 - val_loss: 240.4166 - val_mean_squared_error: 240.4166
Epoch 14/25
 - 1751s - loss: 251.0995 - mean_squared_error: 251.0995 - val_loss: 271.0677 - val_mean_squared_error: 271.0677
Epoch 15/25
 - 790s - loss: 250.4775 - mean_squared_error: 250.4775 - val_loss: 277.5670 - val_mean_squared_error: 277.5670
Epoch 16/25
 - 1925s - loss: 249.6039 - mean_squared_error: 249.6039 - val_loss: 237.1697 - val_mean_squared_error: 237.1697
Epoch 17/25
 - 3047s - loss: 248.8422 - mean_squared_error: 248.8422 - val_loss: 333.8326 - val_mean_squared_error: 333.8326
/pkg/python/3.6.1-centos7/lib/python3.6/site-packages/h5py/__init__.py:34: FutureWarning: Conversion of the second argument of issubdtype from `float` to `np.floating` is deprecated. In future, it will be treated as `np.float64 == np.dtype(float).type`.
  from ._conv import register_converters as _register_converters
Using TensorFlow backend.
Done with trial 6
