2019-05-17 17:12:29.799482: I tensorflow/core/platform/cpu_feature_guard.cc:141] Your CPU supports instructions that this TensorFlow binary was not compiled to use: AVX2 FMA
2019-05-17 17:12:33.193501: I tensorflow/core/common_runtime/gpu/gpu_device.cc:1405] Found device 0 with properties: 
name: TITAN V major: 7 minor: 0 memoryClockRate(GHz): 1.455
pciBusID: 0000:82:00.0
totalMemory: 11.75GiB freeMemory: 10.55GiB
2019-05-17 17:12:33.193558: I tensorflow/core/common_runtime/gpu/gpu_device.cc:1484] Adding visible gpu devices: 0
2019-05-17 17:12:33.730789: I tensorflow/core/common_runtime/gpu/gpu_device.cc:965] Device interconnect StreamExecutor with strength 1 edge matrix:
2019-05-17 17:12:33.730833: I tensorflow/core/common_runtime/gpu/gpu_device.cc:971]      0 
2019-05-17 17:12:33.730841: I tensorflow/core/common_runtime/gpu/gpu_device.cc:984] 0:   N 
2019-05-17 17:12:33.731141: I tensorflow/core/common_runtime/gpu/gpu_device.cc:1097] Created TensorFlow device (/job:localhost/replica:0/task:0/device:GPU:0 with 10024 MB memory) -> physical GPU (device: 0, name: TITAN V, pci bus id: 0000:82:00.0, compute capability: 7.0)
Epoch 1/25
 - 2028s - loss: 345.6638 - mean_squared_error: 345.6638 - val_loss: 233.1169 - val_mean_squared_error: 233.1169
Epoch 2/25
 - 790s - loss: 264.5737 - mean_squared_error: 264.5737 - val_loss: 203.4787 - val_mean_squared_error: 203.4787
Epoch 3/25
 - 736s - loss: 252.0482 - mean_squared_error: 252.0482 - val_loss: 241.3608 - val_mean_squared_error: 241.3608
Epoch 4/25
 - 745s - loss: 246.7747 - mean_squared_error: 246.7747 - val_loss: 208.6342 - val_mean_squared_error: 208.6342
Epoch 5/25
 - 767s - loss: 243.0722 - mean_squared_error: 243.0722 - val_loss: 202.3202 - val_mean_squared_error: 202.3202
Epoch 6/25
 - 776s - loss: 240.2993 - mean_squared_error: 240.2993 - val_loss: 196.6083 - val_mean_squared_error: 196.6083
Epoch 7/25
 - 768s - loss: 236.9485 - mean_squared_error: 236.9485 - val_loss: 221.7419 - val_mean_squared_error: 221.7419
Epoch 8/25
 - 770s - loss: 235.1133 - mean_squared_error: 235.1133 - val_loss: 214.6861 - val_mean_squared_error: 214.6861
Epoch 9/25
 - 759s - loss: 233.4641 - mean_squared_error: 233.4641 - val_loss: 205.3299 - val_mean_squared_error: 205.3299
Epoch 10/25
 - 748s - loss: 232.0440 - mean_squared_error: 232.0440 - val_loss: 245.0308 - val_mean_squared_error: 245.0308
Epoch 11/25
 - 741s - loss: 230.8540 - mean_squared_error: 230.8540 - val_loss: 241.3048 - val_mean_squared_error: 241.3048
Epoch 12/25
 - 750s - loss: 229.9339 - mean_squared_error: 229.9339 - val_loss: 225.1685 - val_mean_squared_error: 225.1685
Epoch 13/25
 - 1744s - loss: 229.0415 - mean_squared_error: 229.0415 - val_loss: 248.3989 - val_mean_squared_error: 248.3989
Epoch 14/25
 - 1751s - loss: 228.1610 - mean_squared_error: 228.1610 - val_loss: 268.8385 - val_mean_squared_error: 268.8385
Epoch 15/25
 - 780s - loss: 227.0899 - mean_squared_error: 227.0899 - val_loss: 304.9161 - val_mean_squared_error: 304.9161
Epoch 16/25
 - 1938s - loss: 226.2973 - mean_squared_error: 226.2973 - val_loss: 225.3598 - val_mean_squared_error: 225.3598
/pkg/python/3.6.1-centos7/lib/python3.6/site-packages/h5py/__init__.py:34: FutureWarning: Conversion of the second argument of issubdtype from `float` to `np.floating` is deprecated. In future, it will be treated as `np.float64 == np.dtype(float).type`.
  from ._conv import register_converters as _register_converters
Using TensorFlow backend.
Done with trial 5
