2019-05-18 11:47:42.847896: I tensorflow/core/platform/cpu_feature_guard.cc:141] Your CPU supports instructions that this TensorFlow binary was not compiled to use: AVX2 FMA
2019-05-18 11:47:43.176392: I tensorflow/core/common_runtime/gpu/gpu_device.cc:1405] Found device 0 with properties: 
name: TITAN V major: 7 minor: 0 memoryClockRate(GHz): 1.455
pciBusID: 0000:82:00.0
totalMemory: 11.75GiB freeMemory: 9.78GiB
2019-05-18 11:47:43.176452: I tensorflow/core/common_runtime/gpu/gpu_device.cc:1484] Adding visible gpu devices: 0
2019-05-18 11:47:43.883602: I tensorflow/core/common_runtime/gpu/gpu_device.cc:965] Device interconnect StreamExecutor with strength 1 edge matrix:
2019-05-18 11:47:43.883661: I tensorflow/core/common_runtime/gpu/gpu_device.cc:971]      0 
2019-05-18 11:47:43.883679: I tensorflow/core/common_runtime/gpu/gpu_device.cc:984] 0:   N 
2019-05-18 11:47:43.884112: I tensorflow/core/common_runtime/gpu/gpu_device.cc:1097] Created TensorFlow device (/job:localhost/replica:0/task:0/device:GPU:0 with 9429 MB memory) -> physical GPU (device: 0, name: TITAN V, pci bus id: 0000:82:00.0, compute capability: 7.0)
Epoch 1/25
 - 1996s - loss: 332.8663 - mean_squared_error: 332.8663 - val_loss: 220.2648 - val_mean_squared_error: 220.2648
Epoch 2/25
 - 792s - loss: 254.6346 - mean_squared_error: 254.6346 - val_loss: 221.9709 - val_mean_squared_error: 221.9709
Epoch 3/25
 - 767s - loss: 241.7069 - mean_squared_error: 241.7069 - val_loss: 236.1678 - val_mean_squared_error: 236.1678
Epoch 4/25
 - 770s - loss: 236.0366 - mean_squared_error: 236.0366 - val_loss: 243.8152 - val_mean_squared_error: 243.8152
Epoch 5/25
 - 755s - loss: 232.2434 - mean_squared_error: 232.2434 - val_loss: 209.9125 - val_mean_squared_error: 209.9125
Epoch 6/25
 - 729s - loss: 229.7900 - mean_squared_error: 229.7900 - val_loss: 200.8140 - val_mean_squared_error: 200.8140
Epoch 7/25
 - 763s - loss: 228.0391 - mean_squared_error: 228.0391 - val_loss: 201.8580 - val_mean_squared_error: 201.8580
Epoch 8/25
 - 729s - loss: 226.4911 - mean_squared_error: 226.4911 - val_loss: 188.7775 - val_mean_squared_error: 188.7775
Epoch 9/25
 - 1114s - loss: 224.8957 - mean_squared_error: 224.8957 - val_loss: 192.0674 - val_mean_squared_error: 192.0674
Epoch 10/25
 - 786s - loss: 223.1228 - mean_squared_error: 223.1228 - val_loss: 204.3045 - val_mean_squared_error: 204.3045
Epoch 11/25
 - 857s - loss: 221.9641 - mean_squared_error: 221.9641 - val_loss: 206.8890 - val_mean_squared_error: 206.8890
Epoch 12/25
 - 1601s - loss: 221.2515 - mean_squared_error: 221.2515 - val_loss: 215.1321 - val_mean_squared_error: 215.1321
Epoch 13/25
 - 2263s - loss: 220.3930 - mean_squared_error: 220.3930 - val_loss: 227.4897 - val_mean_squared_error: 227.4897
Epoch 14/25
 - 1051s - loss: 219.7177 - mean_squared_error: 219.7177 - val_loss: 245.6173 - val_mean_squared_error: 245.6173
Epoch 15/25
 - 1116s - loss: 219.2576 - mean_squared_error: 219.2576 - val_loss: 240.9906 - val_mean_squared_error: 240.9906
Epoch 16/25
 - 1039s - loss: 218.7251 - mean_squared_error: 218.7251 - val_loss: 217.8650 - val_mean_squared_error: 217.8650
Epoch 17/25
 - 1005s - loss: 218.1847 - mean_squared_error: 218.1847 - val_loss: 229.8593 - val_mean_squared_error: 229.8593
Epoch 18/25
 - 1052s - loss: 217.7918 - mean_squared_error: 217.7918 - val_loss: 219.5121 - val_mean_squared_error: 219.5121
/pkg/python/3.6.1-centos7/lib/python3.6/site-packages/h5py/__init__.py:34: FutureWarning: Conversion of the second argument of issubdtype from `float` to `np.floating` is deprecated. In future, it will be treated as `np.float64 == np.dtype(float).type`.
  from ._conv import register_converters as _register_converters
Using TensorFlow backend.
Done with trial 23
