2019-05-18 04:14:09.086253: I tensorflow/core/platform/cpu_feature_guard.cc:141] Your CPU supports instructions that this TensorFlow binary was not compiled to use: AVX2 FMA
2019-05-18 04:14:09.421583: I tensorflow/core/common_runtime/gpu/gpu_device.cc:1405] Found device 0 with properties: 
name: TITAN V major: 7 minor: 0 memoryClockRate(GHz): 1.455
pciBusID: 0000:82:00.0
totalMemory: 11.75GiB freeMemory: 9.78GiB
2019-05-18 04:14:09.421642: I tensorflow/core/common_runtime/gpu/gpu_device.cc:1484] Adding visible gpu devices: 0
2019-05-18 04:14:10.044532: I tensorflow/core/common_runtime/gpu/gpu_device.cc:965] Device interconnect StreamExecutor with strength 1 edge matrix:
2019-05-18 04:14:10.044581: I tensorflow/core/common_runtime/gpu/gpu_device.cc:971]      0 
2019-05-18 04:14:10.044589: I tensorflow/core/common_runtime/gpu/gpu_device.cc:984] 0:   N 
2019-05-18 04:14:10.044909: I tensorflow/core/common_runtime/gpu/gpu_device.cc:1097] Created TensorFlow device (/job:localhost/replica:0/task:0/device:GPU:0 with 9429 MB memory) -> physical GPU (device: 0, name: TITAN V, pci bus id: 0000:82:00.0, compute capability: 7.0)
Epoch 1/25
 - 2657s - loss: 333.8914 - mean_squared_error: 333.8914 - val_loss: 226.0672 - val_mean_squared_error: 226.0672
Epoch 2/25
 - 678s - loss: 255.5352 - mean_squared_error: 255.5352 - val_loss: 205.7718 - val_mean_squared_error: 205.7718
Epoch 3/25
 - 3411s - loss: 243.2543 - mean_squared_error: 243.2543 - val_loss: 212.5134 - val_mean_squared_error: 212.5134
Epoch 4/25
 - 3182s - loss: 237.2643 - mean_squared_error: 237.2643 - val_loss: 211.3421 - val_mean_squared_error: 211.3421
Epoch 5/25
 - 697s - loss: 233.8217 - mean_squared_error: 233.8217 - val_loss: 199.1265 - val_mean_squared_error: 199.1265
Epoch 6/25
 - 702s - loss: 231.3917 - mean_squared_error: 231.3917 - val_loss: 235.8080 - val_mean_squared_error: 235.8080
Epoch 7/25
 - 697s - loss: 229.4091 - mean_squared_error: 229.4091 - val_loss: 203.3653 - val_mean_squared_error: 203.3653
Epoch 8/25
 - 701s - loss: 227.8930 - mean_squared_error: 227.8930 - val_loss: 201.5939 - val_mean_squared_error: 201.5939
Epoch 9/25
 - 693s - loss: 226.7530 - mean_squared_error: 226.7530 - val_loss: 202.6680 - val_mean_squared_error: 202.6680
Epoch 10/25
 - 701s - loss: 225.8090 - mean_squared_error: 225.8090 - val_loss: 210.6809 - val_mean_squared_error: 210.6809
Epoch 11/25
 - 694s - loss: 224.9028 - mean_squared_error: 224.9028 - val_loss: 203.2469 - val_mean_squared_error: 203.2469
Epoch 12/25
 - 681s - loss: 223.3082 - mean_squared_error: 223.3082 - val_loss: 202.6283 - val_mean_squared_error: 202.6283
Epoch 13/25
 - 683s - loss: 222.0170 - mean_squared_error: 222.0170 - val_loss: 208.7430 - val_mean_squared_error: 208.7430
Epoch 14/25
 - 686s - loss: 221.0596 - mean_squared_error: 221.0596 - val_loss: 219.8649 - val_mean_squared_error: 219.8649
Epoch 15/25
 - 2385s - loss: 220.3252 - mean_squared_error: 220.3252 - val_loss: 228.1184 - val_mean_squared_error: 228.1184
/pkg/python/3.6.1-centos7/lib/python3.6/site-packages/h5py/__init__.py:34: FutureWarning: Conversion of the second argument of issubdtype from `float` to `np.floating` is deprecated. In future, it will be treated as `np.float64 == np.dtype(float).type`.
  from ._conv import register_converters as _register_converters
Using TensorFlow backend.
Done with trial 16
