2019-05-18 11:20:37.333561: I tensorflow/core/platform/cpu_feature_guard.cc:141] Your CPU supports instructions that this TensorFlow binary was not compiled to use: AVX2 FMA
2019-05-18 11:20:37.656741: I tensorflow/core/common_runtime/gpu/gpu_device.cc:1405] Found device 0 with properties: 
name: TITAN V major: 7 minor: 0 memoryClockRate(GHz): 1.455
pciBusID: 0000:83:00.0
totalMemory: 11.75GiB freeMemory: 9.78GiB
2019-05-18 11:20:37.656790: I tensorflow/core/common_runtime/gpu/gpu_device.cc:1484] Adding visible gpu devices: 0
2019-05-18 11:20:38.333561: I tensorflow/core/common_runtime/gpu/gpu_device.cc:965] Device interconnect StreamExecutor with strength 1 edge matrix:
2019-05-18 11:20:38.333614: I tensorflow/core/common_runtime/gpu/gpu_device.cc:971]      0 
2019-05-18 11:20:38.333622: I tensorflow/core/common_runtime/gpu/gpu_device.cc:984] 0:   N 
2019-05-18 11:20:38.333946: I tensorflow/core/common_runtime/gpu/gpu_device.cc:1097] Created TensorFlow device (/job:localhost/replica:0/task:0/device:GPU:0 with 9429 MB memory) -> physical GPU (device: 0, name: TITAN V, pci bus id: 0000:83:00.0, compute capability: 7.0)
Epoch 1/25
 - 1598s - loss: 330.3812 - mean_squared_error: 330.3812 - val_loss: 224.3511 - val_mean_squared_error: 224.3511
Epoch 2/25
 - 2022s - loss: 253.9887 - mean_squared_error: 253.9887 - val_loss: 213.3228 - val_mean_squared_error: 213.3228
Epoch 3/25
 - 689s - loss: 242.0716 - mean_squared_error: 242.0716 - val_loss: 206.6670 - val_mean_squared_error: 206.6670
Epoch 4/25
 - 649s - loss: 236.2794 - mean_squared_error: 236.2794 - val_loss: 210.6439 - val_mean_squared_error: 210.6439
Epoch 5/25
 - 619s - loss: 232.6039 - mean_squared_error: 232.6039 - val_loss: 208.0968 - val_mean_squared_error: 208.0968
Epoch 6/25
 - 635s - loss: 230.3243 - mean_squared_error: 230.3243 - val_loss: 195.9403 - val_mean_squared_error: 195.9403
Epoch 7/25
 - 625s - loss: 228.4874 - mean_squared_error: 228.4874 - val_loss: 227.4712 - val_mean_squared_error: 227.4712
Epoch 8/25
 - 636s - loss: 227.2025 - mean_squared_error: 227.2025 - val_loss: 204.9970 - val_mean_squared_error: 204.9970
Epoch 9/25
 - 649s - loss: 225.4740 - mean_squared_error: 225.4740 - val_loss: 208.2564 - val_mean_squared_error: 208.2564
Epoch 10/25
 - 640s - loss: 224.1913 - mean_squared_error: 224.1913 - val_loss: 190.6136 - val_mean_squared_error: 190.6136
Epoch 11/25
 - 627s - loss: 223.3852 - mean_squared_error: 223.3852 - val_loss: 188.5413 - val_mean_squared_error: 188.5413
Epoch 12/25
 - 1356s - loss: 222.3991 - mean_squared_error: 222.3991 - val_loss: 196.3664 - val_mean_squared_error: 196.3664
Epoch 13/25
 - 688s - loss: 221.6701 - mean_squared_error: 221.6701 - val_loss: 243.7616 - val_mean_squared_error: 243.7616
Epoch 14/25
 - 1849s - loss: 220.9930 - mean_squared_error: 220.9930 - val_loss: 225.5463 - val_mean_squared_error: 225.5463
Epoch 15/25
 - 2263s - loss: 220.2492 - mean_squared_error: 220.2492 - val_loss: 204.4005 - val_mean_squared_error: 204.4005
Epoch 16/25
 - 906s - loss: 219.6864 - mean_squared_error: 219.6864 - val_loss: 241.2128 - val_mean_squared_error: 241.2128
Epoch 17/25
 - 951s - loss: 218.8673 - mean_squared_error: 218.8673 - val_loss: 212.2969 - val_mean_squared_error: 212.2969
Epoch 18/25
 - 886s - loss: 218.1745 - mean_squared_error: 218.1745 - val_loss: 203.9734 - val_mean_squared_error: 203.9734
Epoch 19/25
 - 851s - loss: 217.3424 - mean_squared_error: 217.3424 - val_loss: 237.0153 - val_mean_squared_error: 237.0153
Epoch 20/25
 - 864s - loss: 216.8100 - mean_squared_error: 216.8100 - val_loss: 213.6477 - val_mean_squared_error: 213.6477
Epoch 21/25
 - 1138s - loss: 216.3239 - mean_squared_error: 216.3239 - val_loss: 256.2506 - val_mean_squared_error: 256.2506
/pkg/python/3.6.1-centos7/lib/python3.6/site-packages/h5py/__init__.py:34: FutureWarning: Conversion of the second argument of issubdtype from `float` to `np.floating` is deprecated. In future, it will be treated as `np.float64 == np.dtype(float).type`.
  from ._conv import register_converters as _register_converters
Using TensorFlow backend.
Done with trial 22
