2019-05-17 20:12:27.010933: I tensorflow/core/platform/cpu_feature_guard.cc:141] Your CPU supports instructions that this TensorFlow binary was not compiled to use: AVX2 FMA
2019-05-17 20:12:27.366876: I tensorflow/core/common_runtime/gpu/gpu_device.cc:1405] Found device 0 with properties: 
name: TITAN V major: 7 minor: 0 memoryClockRate(GHz): 1.455
pciBusID: 0000:83:00.0
totalMemory: 11.75GiB freeMemory: 9.78GiB
2019-05-17 20:12:27.366959: I tensorflow/core/common_runtime/gpu/gpu_device.cc:1484] Adding visible gpu devices: 0
2019-05-17 20:12:28.113737: I tensorflow/core/common_runtime/gpu/gpu_device.cc:965] Device interconnect StreamExecutor with strength 1 edge matrix:
2019-05-17 20:12:28.113786: I tensorflow/core/common_runtime/gpu/gpu_device.cc:971]      0 
2019-05-17 20:12:28.113794: I tensorflow/core/common_runtime/gpu/gpu_device.cc:984] 0:   N 
2019-05-17 20:12:28.114123: I tensorflow/core/common_runtime/gpu/gpu_device.cc:1097] Created TensorFlow device (/job:localhost/replica:0/task:0/device:GPU:0 with 9429 MB memory) -> physical GPU (device: 0, name: TITAN V, pci bus id: 0000:83:00.0, compute capability: 7.0)
Epoch 1/25
 - 1327s - loss: 344.3230 - mean_squared_error: 344.3230 - val_loss: 232.1978 - val_mean_squared_error: 232.1978
Epoch 2/25
 - 1751s - loss: 264.3941 - mean_squared_error: 264.3941 - val_loss: 227.8485 - val_mean_squared_error: 227.8485
Epoch 3/25
 - 666s - loss: 252.3437 - mean_squared_error: 252.3437 - val_loss: 204.1278 - val_mean_squared_error: 204.1278
Epoch 4/25
 - 2036s - loss: 246.7579 - mean_squared_error: 246.7579 - val_loss: 227.9453 - val_mean_squared_error: 227.9453
Epoch 5/25
 - 3060s - loss: 242.9223 - mean_squared_error: 242.9223 - val_loss: 208.1392 - val_mean_squared_error: 208.1392
Epoch 6/25
 - 3183s - loss: 240.4919 - mean_squared_error: 240.4919 - val_loss: 209.4723 - val_mean_squared_error: 209.4723
Epoch 7/25
 - 717s - loss: 238.3113 - mean_squared_error: 238.3113 - val_loss: 207.5375 - val_mean_squared_error: 207.5375
Epoch 8/25
 - 688s - loss: 236.4531 - mean_squared_error: 236.4531 - val_loss: 227.5999 - val_mean_squared_error: 227.5999
Epoch 9/25
 - 658s - loss: 233.6437 - mean_squared_error: 233.6437 - val_loss: 215.0952 - val_mean_squared_error: 215.0952
Epoch 10/25
 - 667s - loss: 232.0128 - mean_squared_error: 232.0128 - val_loss: 229.7749 - val_mean_squared_error: 229.7749
Epoch 11/25
 - 669s - loss: 230.8124 - mean_squared_error: 230.8124 - val_loss: 219.7673 - val_mean_squared_error: 219.7673
Epoch 12/25
 - 652s - loss: 229.7986 - mean_squared_error: 229.7986 - val_loss: 221.9458 - val_mean_squared_error: 221.9458
Epoch 13/25
 - 656s - loss: 228.9611 - mean_squared_error: 228.9611 - val_loss: 266.4039 - val_mean_squared_error: 266.4039
/pkg/python/3.6.1-centos7/lib/python3.6/site-packages/h5py/__init__.py:34: FutureWarning: Conversion of the second argument of issubdtype from `float` to `np.floating` is deprecated. In future, it will be treated as `np.float64 == np.dtype(float).type`.
  from ._conv import register_converters as _register_converters
Using TensorFlow backend.
Done with trial 7
