2019-05-18 18:32:49.050542: I tensorflow/core/platform/cpu_feature_guard.cc:141] Your CPU supports instructions that this TensorFlow binary was not compiled to use: AVX2 FMA
2019-05-18 18:32:49.444071: I tensorflow/core/common_runtime/gpu/gpu_device.cc:1405] Found device 0 with properties: 
name: TITAN V major: 7 minor: 0 memoryClockRate(GHz): 1.455
pciBusID: 0000:83:00.0
totalMemory: 11.75GiB freeMemory: 9.78GiB
2019-05-18 18:32:49.444134: I tensorflow/core/common_runtime/gpu/gpu_device.cc:1484] Adding visible gpu devices: 0
2019-05-18 18:32:50.191688: I tensorflow/core/common_runtime/gpu/gpu_device.cc:965] Device interconnect StreamExecutor with strength 1 edge matrix:
2019-05-18 18:32:50.191755: I tensorflow/core/common_runtime/gpu/gpu_device.cc:971]      0 
2019-05-18 18:32:50.191765: I tensorflow/core/common_runtime/gpu/gpu_device.cc:984] 0:   N 
2019-05-18 18:32:50.192163: I tensorflow/core/common_runtime/gpu/gpu_device.cc:1097] Created TensorFlow device (/job:localhost/replica:0/task:0/device:GPU:0 with 9429 MB memory) -> physical GPU (device: 0, name: TITAN V, pci bus id: 0000:83:00.0, compute capability: 7.0)
Epoch 1/25
 - 1750s - loss: 352.8359 - mean_squared_error: 352.8359 - val_loss: 230.2587 - val_mean_squared_error: 230.2587
Epoch 2/25
 - 1055s - loss: 268.8551 - mean_squared_error: 268.8551 - val_loss: 255.1793 - val_mean_squared_error: 255.1793
Epoch 3/25
 - 1630s - loss: 256.5231 - mean_squared_error: 256.5231 - val_loss: 215.7654 - val_mean_squared_error: 215.7654
Epoch 4/25
 - 1157s - loss: 250.3944 - mean_squared_error: 250.3944 - val_loss: 214.1132 - val_mean_squared_error: 214.1132
Epoch 5/25
 - 956s - loss: 245.1432 - mean_squared_error: 245.1432 - val_loss: 238.7502 - val_mean_squared_error: 238.7502
Epoch 6/25
 - 930s - loss: 241.3078 - mean_squared_error: 241.3078 - val_loss: 203.3377 - val_mean_squared_error: 203.3377
Epoch 7/25
 - 959s - loss: 239.2166 - mean_squared_error: 239.2166 - val_loss: 251.6134 - val_mean_squared_error: 251.6134
Epoch 8/25
 - 890s - loss: 237.3301 - mean_squared_error: 237.3301 - val_loss: 199.4943 - val_mean_squared_error: 199.4943
Epoch 9/25
 - 892s - loss: 235.2087 - mean_squared_error: 235.2087 - val_loss: 262.0881 - val_mean_squared_error: 262.0881
Epoch 10/25
 - 896s - loss: 233.0812 - mean_squared_error: 233.0812 - val_loss: 228.3001 - val_mean_squared_error: 228.3001
Epoch 11/25
 - 846s - loss: 232.1306 - mean_squared_error: 232.1306 - val_loss: 199.9839 - val_mean_squared_error: 199.9839
Epoch 12/25
 - 2728s - loss: 231.1654 - mean_squared_error: 231.1654 - val_loss: 216.9054 - val_mean_squared_error: 216.9054
Epoch 13/25
 - 768s - loss: 230.5111 - mean_squared_error: 230.5111 - val_loss: 311.8973 - val_mean_squared_error: 311.8973
Epoch 14/25
 - 794s - loss: 229.7643 - mean_squared_error: 229.7643 - val_loss: 222.6831 - val_mean_squared_error: 222.6831
Epoch 15/25
 - 784s - loss: 228.9998 - mean_squared_error: 228.9998 - val_loss: 251.4848 - val_mean_squared_error: 251.4848
Epoch 16/25
 - 752s - loss: 228.0799 - mean_squared_error: 228.0799 - val_loss: 262.8316 - val_mean_squared_error: 262.8316
Epoch 17/25
 - 741s - loss: 227.5252 - mean_squared_error: 227.5252 - val_loss: 256.1946 - val_mean_squared_error: 256.1946
Epoch 18/25
 - 761s - loss: 226.9873 - mean_squared_error: 226.9873 - val_loss: 242.0833 - val_mean_squared_error: 242.0833
/pkg/python/3.6.1-centos7/lib/python3.6/site-packages/h5py/__init__.py:34: FutureWarning: Conversion of the second argument of issubdtype from `float` to `np.floating` is deprecated. In future, it will be treated as `np.float64 == np.dtype(float).type`.
  from ._conv import register_converters as _register_converters
Using TensorFlow backend.
Done with trial 30
