2019-05-17 17:12:29.804408: I tensorflow/core/platform/cpu_feature_guard.cc:141] Your CPU supports instructions that this TensorFlow binary was not compiled to use: AVX2 FMA
2019-05-17 17:12:33.201815: I tensorflow/core/common_runtime/gpu/gpu_device.cc:1405] Found device 0 with properties: 
name: TITAN V major: 7 minor: 0 memoryClockRate(GHz): 1.455
pciBusID: 0000:83:00.0
totalMemory: 11.75GiB freeMemory: 10.54GiB
2019-05-17 17:12:33.201900: I tensorflow/core/common_runtime/gpu/gpu_device.cc:1484] Adding visible gpu devices: 0
2019-05-17 17:12:33.784615: I tensorflow/core/common_runtime/gpu/gpu_device.cc:965] Device interconnect StreamExecutor with strength 1 edge matrix:
2019-05-17 17:12:33.784667: I tensorflow/core/common_runtime/gpu/gpu_device.cc:971]      0 
2019-05-17 17:12:33.784675: I tensorflow/core/common_runtime/gpu/gpu_device.cc:984] 0:   N 
2019-05-17 17:12:33.785008: I tensorflow/core/common_runtime/gpu/gpu_device.cc:1097] Created TensorFlow device (/job:localhost/replica:0/task:0/device:GPU:0 with 10014 MB memory) -> physical GPU (device: 0, name: TITAN V, pci bus id: 0000:83:00.0, compute capability: 7.0)
Epoch 1/25
 - 2028s - loss: 356.1762 - mean_squared_error: 356.1762 - val_loss: 235.0518 - val_mean_squared_error: 235.0518
Epoch 2/25
 - 675s - loss: 274.4404 - mean_squared_error: 274.4404 - val_loss: 227.5242 - val_mean_squared_error: 227.5242
Epoch 3/25
 - 631s - loss: 262.4661 - mean_squared_error: 262.4661 - val_loss: 213.6136 - val_mean_squared_error: 213.6136
Epoch 4/25
 - 608s - loss: 256.7230 - mean_squared_error: 256.7230 - val_loss: 224.1232 - val_mean_squared_error: 224.1232
Epoch 5/25
 - 612s - loss: 253.0878 - mean_squared_error: 253.0878 - val_loss: 205.8593 - val_mean_squared_error: 205.8593
Epoch 6/25
 - 640s - loss: 250.2383 - mean_squared_error: 250.2383 - val_loss: 218.9475 - val_mean_squared_error: 218.9475
Epoch 7/25
 - 647s - loss: 247.1004 - mean_squared_error: 247.1004 - val_loss: 207.9432 - val_mean_squared_error: 207.9432
Epoch 8/25
 - 652s - loss: 244.8928 - mean_squared_error: 244.8928 - val_loss: 239.1161 - val_mean_squared_error: 239.1161
Epoch 9/25
 - 607s - loss: 243.3647 - mean_squared_error: 243.3647 - val_loss: 227.4657 - val_mean_squared_error: 227.4657
Epoch 10/25
 - 602s - loss: 242.4386 - mean_squared_error: 242.4386 - val_loss: 269.6065 - val_mean_squared_error: 269.6065
Epoch 11/25
 - 606s - loss: 241.3341 - mean_squared_error: 241.3341 - val_loss: 218.2806 - val_mean_squared_error: 218.2806
Epoch 12/25
 - 598s - loss: 240.6116 - mean_squared_error: 240.6116 - val_loss: 292.9619 - val_mean_squared_error: 292.9619
Epoch 13/25
 - 626s - loss: 239.9205 - mean_squared_error: 239.9205 - val_loss: 230.6504 - val_mean_squared_error: 230.6504
Epoch 14/25
 - 628s - loss: 239.2032 - mean_squared_error: 239.2032 - val_loss: 265.3788 - val_mean_squared_error: 265.3788
Epoch 15/25
 - 602s - loss: 238.6808 - mean_squared_error: 238.6808 - val_loss: 260.0097 - val_mean_squared_error: 260.0097
/pkg/python/3.6.1-centos7/lib/python3.6/site-packages/h5py/__init__.py:34: FutureWarning: Conversion of the second argument of issubdtype from `float` to `np.floating` is deprecated. In future, it will be treated as `np.float64 == np.dtype(float).type`.
  from ._conv import register_converters as _register_converters
Using TensorFlow backend.
Done with trial 2
