2019-05-18 10:05:24.600070: I tensorflow/core/platform/cpu_feature_guard.cc:141] Your CPU supports instructions that this TensorFlow binary was not compiled to use: AVX2 FMA
2019-05-18 10:05:24.926964: I tensorflow/core/common_runtime/gpu/gpu_device.cc:1405] Found device 0 with properties: 
name: TITAN V major: 7 minor: 0 memoryClockRate(GHz): 1.455
pciBusID: 0000:82:00.0
totalMemory: 11.75GiB freeMemory: 9.78GiB
2019-05-18 10:05:24.927018: I tensorflow/core/common_runtime/gpu/gpu_device.cc:1484] Adding visible gpu devices: 0
2019-05-18 10:05:25.691568: I tensorflow/core/common_runtime/gpu/gpu_device.cc:965] Device interconnect StreamExecutor with strength 1 edge matrix:
2019-05-18 10:05:25.691624: I tensorflow/core/common_runtime/gpu/gpu_device.cc:971]      0 
2019-05-18 10:05:25.691632: I tensorflow/core/common_runtime/gpu/gpu_device.cc:984] 0:   N 
2019-05-18 10:05:25.691972: I tensorflow/core/common_runtime/gpu/gpu_device.cc:1097] Created TensorFlow device (/job:localhost/replica:0/task:0/device:GPU:0 with 9429 MB memory) -> physical GPU (device: 0, name: TITAN V, pci bus id: 0000:82:00.0, compute capability: 7.0)
Epoch 1/25
 - 2255s - loss: 364.8550 - mean_squared_error: 364.8550 - val_loss: 338.4969 - val_mean_squared_error: 338.4969
Epoch 2/25
 - 857s - loss: 291.1881 - mean_squared_error: 291.1881 - val_loss: 308.7628 - val_mean_squared_error: 308.7628
Epoch 3/25
 - 855s - loss: 283.9165 - mean_squared_error: 283.9165 - val_loss: 336.5673 - val_mean_squared_error: 336.5673
Epoch 4/25
 - 2146s - loss: 280.2887 - mean_squared_error: 280.2887 - val_loss: 327.2595 - val_mean_squared_error: 327.2595
Epoch 5/25
 - 2020s - loss: 278.0553 - mean_squared_error: 278.0553 - val_loss: 315.5001 - val_mean_squared_error: 315.5001
Epoch 6/25
 - 868s - loss: 276.6029 - mean_squared_error: 276.6029 - val_loss: 362.6811 - val_mean_squared_error: 362.6811
Epoch 7/25
 - 839s - loss: 275.6204 - mean_squared_error: 275.6204 - val_loss: 347.2252 - val_mean_squared_error: 347.2252
Epoch 8/25
 - 863s - loss: 274.9524 - mean_squared_error: 274.9524 - val_loss: 335.3945 - val_mean_squared_error: 335.3945
Epoch 9/25
 - 860s - loss: 274.4136 - mean_squared_error: 274.4136 - val_loss: 360.9412 - val_mean_squared_error: 360.9412
Epoch 10/25
 - 827s - loss: 274.0155 - mean_squared_error: 274.0155 - val_loss: 360.8034 - val_mean_squared_error: 360.8034
Epoch 11/25
 - 842s - loss: 273.6751 - mean_squared_error: 273.6751 - val_loss: 361.6488 - val_mean_squared_error: 361.6488
Epoch 12/25
 - 835s - loss: 273.5141 - mean_squared_error: 273.5141 - val_loss: 348.1365 - val_mean_squared_error: 348.1365
/pkg/python/3.6.1-centos7/lib/python3.6/site-packages/h5py/__init__.py:34: FutureWarning: Conversion of the second argument of issubdtype from `float` to `np.floating` is deprecated. In future, it will be treated as `np.float64 == np.dtype(float).type`.
  from ._conv import register_converters as _register_converters
Using TensorFlow backend.
Done with trial 21
