Running from arcus-5
2019-05-11 14:12:26.121552: I tensorflow/core/platform/cpu_feature_guard.cc:141] Your CPU supports instructions that this TensorFlow binary was not compiled to use: AVX2 FMA
2019-05-11 14:12:28.031513: I tensorflow/core/common_runtime/gpu/gpu_device.cc:1405] Found device 0 with properties: 
name: GeForce GTX 980 major: 5 minor: 2 memoryClockRate(GHz): 1.2155
pciBusID: 0000:82:00.0
totalMemory: 3.95GiB freeMemory: 3.87GiB
2019-05-11 14:12:28.031632: I tensorflow/core/common_runtime/gpu/gpu_device.cc:1484] Adding visible gpu devices: 0
2019-05-11 14:12:35.932234: I tensorflow/core/common_runtime/gpu/gpu_device.cc:965] Device interconnect StreamExecutor with strength 1 edge matrix:
2019-05-11 14:12:35.932565: I tensorflow/core/common_runtime/gpu/gpu_device.cc:971]      0 
2019-05-11 14:12:35.932594: I tensorflow/core/common_runtime/gpu/gpu_device.cc:984] 0:   N 
2019-05-11 14:12:35.933171: I tensorflow/core/common_runtime/gpu/gpu_device.cc:1097] Created TensorFlow device (/job:localhost/replica:0/task:0/device:GPU:0 with 3594 MB memory) -> physical GPU (device: 0, name: GeForce GTX 980, pci bus id: 0000:82:00.0, compute capability: 5.2)
{'alpha': 0.20884042767842115, 'dropout': 0.3895607841972732, 'lr': 0.006336073501995622, 'leaky_relu': 0.008819287698998923, 'batch_norm': 1, 'loss_type': 'weak_loss', 'num_layers': 5, 'layer_0': 219, 'layer_1': 499, 'layer_2': 397, 'layer_3': 133, 'layer_4': 77, 'layer_5': 200, 'layer_6': 340, 'layer_7': 478, 'max_concurrent': 3, 'P': 'arcus_gpu.p', 'q': 'arcus.q', 'l': "hostname='(arcus-1|arcus-2|arcus-3|arcus-4|arcus-5|arcus-6|arcus-7|arcus-8|arcus-9|arcus-10)'", 'env': '/home/jott1/Projects/SHERPA_EX/.profile', 'data': 'fluxbypass_aqua', 'run_type': 'hyper_param_opt_conservation', 'batch_size': 2048, 'data_dir': '/baldig/chemistry/earth_system_science/', 'max_dense_layers': 8, 'epochs': 100, 'patience': 10, 'conservation': 1}
Epoch 1/100
 - 6219s - loss: 74.8742 - val_loss: 81.7056
Epoch 2/100
 - 5945s - loss: 66.0198 - val_loss: 88.9068
Epoch 3/100
 - 6221s - loss: 64.6346 - val_loss: 101.2741
Epoch 4/100
 - 6257s - loss: 63.7754 - val_loss: 91.0783
Epoch 5/100
 - 5376s - loss: 63.2358 - val_loss: 96.9782
Epoch 6/100
 - 5508s - loss: 62.8653 - val_loss: 98.8985
Epoch 7/100
 - 6328s - loss: 62.5806 - val_loss: 104.5541
Epoch 8/100
 - 6019s - loss: 62.2989 - val_loss: 98.4185
Epoch 9/100
 - 5851s - loss: 62.1032 - val_loss: 106.8732
Epoch 10/100
 - 6359s - loss: 61.9366 - val_loss: 101.1601
Epoch 11/100
 - 5892s - loss: 61.8158 - val_loss: 106.5819
/pkg/python/3.6.1-centos7/lib/python3.6/site-packages/h5py/__init__.py:34: FutureWarning: Conversion of the second argument of issubdtype from `float` to `np.floating` is deprecated. In future, it will be treated as `np.float64 == np.dtype(float).type`.
  from ._conv import register_converters as _register_converters
Using TensorFlow backend.
Done with trial 4
