ERROR: Only reserved 0 of 1 requested devices. You probably need to clear stale locks in arcus-5:/tmp/gpuLock/.
ERROR: Only reserved 0 of 1 requested devices. You probably need to clear stale locks in arcus-6:/tmp/gpuLock/.
Running from arcus-4.ics.uci.edu
2019-05-14 13:18:07.487051: I tensorflow/core/common_runtime/gpu/gpu_device.cc:1405] Found device 0 with properties: 
name: Tesla K40c major: 3 minor: 5 memoryClockRate(GHz): 0.745
pciBusID: 0000:84:00.0
totalMemory: 11.17GiB freeMemory: 11.09GiB
2019-05-14 13:18:07.487469: I tensorflow/core/common_runtime/gpu/gpu_device.cc:1484] Adding visible gpu devices: 0
2019-05-14 13:18:14.605131: I tensorflow/core/common_runtime/gpu/gpu_device.cc:965] Device interconnect StreamExecutor with strength 1 edge matrix:
2019-05-14 13:18:14.605225: I tensorflow/core/common_runtime/gpu/gpu_device.cc:971]      0 
2019-05-14 13:18:14.605251: I tensorflow/core/common_runtime/gpu/gpu_device.cc:984] 0:   N 
2019-05-14 13:18:14.605913: I tensorflow/core/common_runtime/gpu/gpu_device.cc:1097] Created TensorFlow device (/job:localhost/replica:0/task:0/device:GPU:0 with 10750 MB memory) -> physical GPU (device: 0, name: Tesla K40c, pci bus id: 0000:84:00.0, compute capability: 3.5)
{'alpha': 0.949418724970044, 'dropout': 0.46476578969421134, 'lr': 0.004559866883250675, 'leaky_relu': 0.05710054212282989, 'batch_norm': 1, 'num_layers': 7, 'layer_0': 302, 'layer_1': 411, 'layer_2': 32, 'layer_3': 392, 'layer_4': 309, 'layer_5': 160, 'layer_6': 108, 'layer_7': 182, 'max_concurrent': 3, 'P': 'arcus_gpu.p', 'q': 'arcus.q', 'l': "hostname='(arcus-1|arcus-2|arcus-3|arcus-4|arcus-5|arcus-6|arcus-7|arcus-8|arcus-9|arcus-10)'", 'env': '/home/jott1/Projects/SHERPA_EX/.profile', 'data': 'fluxbypass_aqua', 'net_type': 'conservation', 'loss_type': 'weak_loss', 'batch_size': 2048, 'data_dir': '/baldig/chemistry/earth_system_science/', 'max_dense_layers': 8, 'epochs': 25, 'patience': 10}
Epoch 1/25
 - 6145s - loss: -1.4558e+14 - mean_squared_error: 52035204898354.3594 - val_loss: -4.3633e+14 - val_mean_squared_error: 155963172146740.6562
Epoch 2/25
 - 5399s - loss: -4.4143e+15 - mean_squared_error: 1577844941949085.0000 - val_loss: -1.6479e+16 - val_mean_squared_error: 5890210176630835.0000
Epoch 3/25
 - 5535s - loss: -2.9804e+16 - mean_squared_error: 10653188894384794.0000 - val_loss: -4.2891e+16 - val_mean_squared_error: 15330984379184336.0000
Epoch 4/25
 - 5222s - loss: -1.0986e+17 - mean_squared_error: 39270090655379664.0000 - val_loss: -3.8746e+17 - val_mean_squared_error: 138494483274841104.0000
Epoch 5/25
 - 5511s - loss: -2.9483e+17 - mean_squared_error: 105382935003950208.0000 - val_loss: -5.2049e+17 - val_mean_squared_error: 186042250712811232.0000
Epoch 6/25
 - 5346s - loss: -6.5155e+17 - mean_squared_error: 232889064636306432.0000 - val_loss: -1.1121e+18 - val_mean_squared_error: 397496988784327360.0000
Epoch 7/25
 - 5460s - loss: -1.2636e+18 - mean_squared_error: 451655715159161152.0000 - val_loss: -2.8789e+18 - val_mean_squared_error: 1029017242636850560.0000
Epoch 8/25
 - 6034s - loss: -2.2310e+18 - mean_squared_error: 797449229776375168.0000 - val_loss: -2.8280e+18 - val_mean_squared_error: 1010830932210159104.0000
Epoch 9/25
 - 5050s - loss: -3.6710e+18 - mean_squared_error: 1312164729159982848.0000 - val_loss: -7.6100e+18 - val_mean_squared_error: 2720103654737688064.0000
Epoch 10/25
 - 5328s - loss: -5.7165e+18 - mean_squared_error: 2043300143749892352.0000 - val_loss: -9.6524e+18 - val_mean_squared_error: 3450140465279890944.0000
Epoch 11/25
 - 5205s - loss: -8.5181e+18 - mean_squared_error: 3044691615693403648.0000 - val_loss: -1.2409e+19 - val_mean_squared_error: 4435625041534447104.0000
/pkg/python/3.6.1-centos7/lib/python3.6/site-packages/h5py/__init__.py:34: FutureWarning: Conversion of the second argument of issubdtype from `float` to `np.floating` is deprecated. In future, it will be treated as `np.float64 == np.dtype(float).type`.
  from ._conv import register_converters as _register_converters
Using TensorFlow backend.
Done with trial 2
