Running from arcus-10
2019-05-16 14:52:23.232182: I tensorflow/core/platform/cpu_feature_guard.cc:141] Your CPU supports instructions that this TensorFlow binary was not compiled to use: AVX2 FMA
2019-05-16 14:52:26.044811: I tensorflow/core/common_runtime/gpu/gpu_device.cc:1405] Found device 0 with properties: 
name: TITAN V major: 7 minor: 0 memoryClockRate(GHz): 1.455
pciBusID: 0000:02:00.0
totalMemory: 11.75GiB freeMemory: 11.34GiB
2019-05-16 14:52:26.044865: I tensorflow/core/common_runtime/gpu/gpu_device.cc:1484] Adding visible gpu devices: 0
2019-05-16 14:52:26.500546: I tensorflow/core/common_runtime/gpu/gpu_device.cc:965] Device interconnect StreamExecutor with strength 1 edge matrix:
2019-05-16 14:52:26.500596: I tensorflow/core/common_runtime/gpu/gpu_device.cc:971]      0 
2019-05-16 14:52:26.500602: I tensorflow/core/common_runtime/gpu/gpu_device.cc:984] 0:   N 
2019-05-16 14:52:26.500871: I tensorflow/core/common_runtime/gpu/gpu_device.cc:1097] Created TensorFlow device (/job:localhost/replica:0/task:0/device:GPU:0 with 10955 MB memory) -> physical GPU (device: 0, name: TITAN V, pci bus id: 0000:02:00.0, compute capability: 7.0)
{'alpha': 0.9123352820343243, 'dropout': 0.23352426099407614, 'lr': 0.0069094729755921295, 'leaky_relu': 0.12933646240517688, 'batch_norm': 1, 'num_layers': 4, 'layer_0': 228, 'layer_1': 374, 'layer_2': 176, 'layer_3': 128, 'layer_4': 237, 'layer_5': 122, 'layer_6': 175, 'layer_7': 252, 'max_concurrent': 3, 'P': 'arcus_gpu.p', 'q': 'arcus.q', 'l': "hostname='(arcus-1|arcus-2|arcus-3|arcus-4|arcus-5|arcus-6|arcus-7|arcus-8|arcus-9|arcus-10)'", 'env': '/home/jott1/Projects/SHERPA_EX/.profile', 'data': 'fluxbypass_aqua', 'net_type': 'conservation', 'loss_type': 'weak_loss', 'batch_size': 2048, 'data_dir': '/baldig/chemistry/earth_system_science/', 'max_dense_layers': 8, 'epochs': 25, 'patience': 10}
Epoch 1/25
 - 2331s - loss: -1.1734e+15 - mean_squared_error: 442898764517707.3750 - val_loss: -9.7726e+15 - val_mean_squared_error: 3688702583480770.0000
Epoch 2/25
 - 549s - loss: -3.5591e+16 - mean_squared_error: 13434036022590284.0000 - val_loss: -1.9060e+17 - val_mean_squared_error: 71942774409126784.0000
Epoch 3/25
 - 558s - loss: -2.4029e+17 - mean_squared_error: 90699146039726192.0000 - val_loss: -9.9099e+17 - val_mean_squared_error: 374052920307954624.0000
Epoch 4/25
 - 545s - loss: -8.8594e+17 - mean_squared_error: 334399454374578688.0000 - val_loss: -3.4374e+18 - val_mean_squared_error: 1297454177208407040.0000
Epoch 5/25
 - 544s - loss: -2.3777e+18 - mean_squared_error: 897462238521650944.0000 - val_loss: -5.1866e+18 - val_mean_squared_error: 1957694977904485120.0000
Epoch 6/25
 - 551s - loss: -5.2557e+18 - mean_squared_error: 1983783489698789632.0000 - val_loss: -1.1342e+19 - val_mean_squared_error: 4281104681247853568.0000
Epoch 7/25
 - 1400s - loss: -1.0195e+19 - mean_squared_error: 3848148861305537024.0000 - val_loss: -1.5262e+19 - val_mean_squared_error: 5760861230937687040.0000
Epoch 8/25
 - 1427s - loss: -1.8000e+19 - mean_squared_error: 6794156647638926336.0000 - val_loss: -5.5691e+19 - val_mean_squared_error: 21020768047747895296.0000
Epoch 9/25
 - 551s - loss: -2.9606e+19 - mean_squared_error: 11174853648116553728.0000 - val_loss: -4.8132e+19 - val_mean_squared_error: 18167450927922219008.0000
Epoch 10/25
 - 564s - loss: -4.6094e+19 - mean_squared_error: 17398138185988790272.0000 - val_loss: -7.9193e+19 - val_mean_squared_error: 29891639514090074112.0000
Epoch 11/25
 - 564s - loss: -6.8670e+19 - mean_squared_error: 25919563551600984064.0000 - val_loss: -1.4757e+20 - val_mean_squared_error: 55701570844779937792.0000
/pkg/python/3.6.1-centos7/lib/python3.6/site-packages/h5py/__init__.py:34: FutureWarning: Conversion of the second argument of issubdtype from `float` to `np.floating` is deprecated. In future, it will be treated as `np.float64 == np.dtype(float).type`.
  from ._conv import register_converters as _register_converters
Using TensorFlow backend.
Done with trial 21
