Running from arcus-10
2019-05-16 17:32:42.432596: I tensorflow/core/platform/cpu_feature_guard.cc:141] Your CPU supports instructions that this TensorFlow binary was not compiled to use: AVX2 FMA
2019-05-16 17:32:45.351152: I tensorflow/core/common_runtime/gpu/gpu_device.cc:1405] Found device 0 with properties: 
name: TITAN V major: 7 minor: 0 memoryClockRate(GHz): 1.455
pciBusID: 0000:02:00.0
totalMemory: 11.75GiB freeMemory: 11.34GiB
2019-05-16 17:32:45.351213: I tensorflow/core/common_runtime/gpu/gpu_device.cc:1484] Adding visible gpu devices: 0
2019-05-16 17:32:45.835297: I tensorflow/core/common_runtime/gpu/gpu_device.cc:965] Device interconnect StreamExecutor with strength 1 edge matrix:
2019-05-16 17:32:45.835350: I tensorflow/core/common_runtime/gpu/gpu_device.cc:971]      0 
2019-05-16 17:32:45.835356: I tensorflow/core/common_runtime/gpu/gpu_device.cc:984] 0:   N 
2019-05-16 17:32:45.835659: I tensorflow/core/common_runtime/gpu/gpu_device.cc:1097] Created TensorFlow device (/job:localhost/replica:0/task:0/device:GPU:0 with 10955 MB memory) -> physical GPU (device: 0, name: TITAN V, pci bus id: 0000:02:00.0, compute capability: 7.0)
{'alpha': 0.0639393972706146, 'dropout': 0.24248252144607313, 'lr': 0.0026475944276487086, 'leaky_relu': 0.037234074219361146, 'batch_norm': 0, 'num_layers': 3, 'layer_0': 332, 'layer_1': 347, 'layer_2': 206, 'layer_3': 57, 'layer_4': 206, 'layer_5': 188, 'layer_6': 240, 'layer_7': 256, 'max_concurrent': 3, 'P': 'arcus_gpu.p', 'q': 'arcus.q', 'l': "hostname='(arcus-1|arcus-2|arcus-3|arcus-4|arcus-5|arcus-6|arcus-7|arcus-8|arcus-9|arcus-10)'", 'env': '/home/jott1/Projects/SHERPA_EX/.profile', 'data': 'fluxbypass_aqua', 'net_type': 'conservation', 'loss_type': 'weak_loss', 'batch_size': 2048, 'data_dir': '/baldig/chemistry/earth_system_science/', 'max_dense_layers': 8, 'epochs': 25, 'patience': 10}
Epoch 1/25
 - 2255s - loss: 241.6809 - mean_squared_error: 324.7341 - val_loss: 183.0605 - val_mean_squared_error: 245.9689
Epoch 2/25
 - 474s - loss: 194.2543 - mean_squared_error: 261.0095 - val_loss: 175.5551 - val_mean_squared_error: 235.8842
Epoch 3/25
 - 495s - loss: 186.1480 - mean_squared_error: 250.1174 - val_loss: 169.6223 - val_mean_squared_error: 227.9127
Epoch 4/25
 - 497s - loss: 180.0995 - mean_squared_error: 241.9904 - val_loss: 162.7898 - val_mean_squared_error: 218.7322
Epoch 5/25
 - 498s - loss: 175.8138 - mean_squared_error: 236.2319 - val_loss: 153.4111 - val_mean_squared_error: 206.1305
Epoch 6/25
 - 459s - loss: 173.1203 - mean_squared_error: 232.6127 - val_loss: 186.9083 - val_mean_squared_error: 251.1390
Epoch 7/25
 - 481s - loss: 171.0203 - mean_squared_error: 229.7911 - val_loss: 179.1653 - val_mean_squared_error: 240.7352
Epoch 8/25
 - 2467s - loss: 169.2466 - mean_squared_error: 227.4079 - val_loss: 181.0471 - val_mean_squared_error: 243.2636
Epoch 9/25
 - 521s - loss: 167.9383 - mean_squared_error: 225.6500 - val_loss: 186.7121 - val_mean_squared_error: 250.8753
Epoch 10/25
 - 476s - loss: 166.7974 - mean_squared_error: 224.1171 - val_loss: 169.6757 - val_mean_squared_error: 227.9845
Epoch 11/25
 - 491s - loss: 165.8466 - mean_squared_error: 222.8394 - val_loss: 189.8883 - val_mean_squared_error: 255.1430
Epoch 12/25
 - 484s - loss: 164.9554 - mean_squared_error: 221.6420 - val_loss: 164.5325 - val_mean_squared_error: 221.0739
Epoch 13/25
 - 478s - loss: 164.1436 - mean_squared_error: 220.5513 - val_loss: 157.0792 - val_mean_squared_error: 211.0592
Epoch 14/25
 - 484s - loss: 163.5539 - mean_squared_error: 219.7589 - val_loss: 169.4295 - val_mean_squared_error: 227.6536
Epoch 15/25
 - 484s - loss: 163.0471 - mean_squared_error: 219.0779 - val_loss: 175.3873 - val_mean_squared_error: 235.6588
/pkg/python/3.6.1-centos7/lib/python3.6/site-packages/h5py/__init__.py:34: FutureWarning: Conversion of the second argument of issubdtype from `float` to `np.floating` is deprecated. In future, it will be treated as `np.float64 == np.dtype(float).type`.
  from ._conv import register_converters as _register_converters
Using TensorFlow backend.
Done with trial 22
