Running from arcus-10
2019-05-16 12:12:48.466235: I tensorflow/core/platform/cpu_feature_guard.cc:141] Your CPU supports instructions that this TensorFlow binary was not compiled to use: AVX2 FMA
2019-05-16 12:12:51.355005: I tensorflow/core/common_runtime/gpu/gpu_device.cc:1405] Found device 0 with properties: 
name: TITAN V major: 7 minor: 0 memoryClockRate(GHz): 1.455
pciBusID: 0000:02:00.0
totalMemory: 11.75GiB freeMemory: 11.34GiB
2019-05-16 12:12:51.355075: I tensorflow/core/common_runtime/gpu/gpu_device.cc:1484] Adding visible gpu devices: 0
2019-05-16 12:12:51.910953: I tensorflow/core/common_runtime/gpu/gpu_device.cc:965] Device interconnect StreamExecutor with strength 1 edge matrix:
2019-05-16 12:12:51.911009: I tensorflow/core/common_runtime/gpu/gpu_device.cc:971]      0 
2019-05-16 12:12:51.911019: I tensorflow/core/common_runtime/gpu/gpu_device.cc:984] 0:   N 
2019-05-16 12:12:51.911419: I tensorflow/core/common_runtime/gpu/gpu_device.cc:1097] Created TensorFlow device (/job:localhost/replica:0/task:0/device:GPU:0 with 10955 MB memory) -> physical GPU (device: 0, name: TITAN V, pci bus id: 0000:02:00.0, compute capability: 7.0)
{'alpha': 0.7776403012765646, 'dropout': 0.11341260173294931, 'lr': 0.006692756675618816, 'leaky_relu': 0.0709553538639559, 'batch_norm': 0, 'num_layers': 5, 'layer_0': 45, 'layer_1': 375, 'layer_2': 152, 'layer_3': 198, 'layer_4': 152, 'layer_5': 477, 'layer_6': 271, 'layer_7': 311, 'max_concurrent': 3, 'P': 'arcus_gpu.p', 'q': 'arcus.q', 'l': "hostname='(arcus-1|arcus-2|arcus-3|arcus-4|arcus-5|arcus-6|arcus-7|arcus-8|arcus-9|arcus-10)'", 'env': '/home/jott1/Projects/SHERPA_EX/.profile', 'data': 'fluxbypass_aqua', 'net_type': 'conservation', 'loss_type': 'weak_loss', 'batch_size': 2048, 'data_dir': '/baldig/chemistry/earth_system_science/', 'max_dense_layers': 8, 'epochs': 25, 'patience': 10}
Epoch 1/25
 - 2843s - loss: -2.5177e+24 - mean_squared_error: 1192888189055602203295744.0000 - val_loss: -2.6831e+24 - val_mean_squared_error: 1271253345428613950865408.0000
Epoch 2/25
 - 522s - loss: -2.6420e+24 - mean_squared_error: 1251788545125401464143872.0000 - val_loss: -2.6926e+24 - val_mean_squared_error: 1275787341166467098869760.0000
Epoch 3/25
 - 505s - loss: -2.7102e+24 - mean_squared_error: 1284134085731628104024064.0000 - val_loss: -2.6983e+24 - val_mean_squared_error: 1278496311594148836671488.0000
Epoch 4/25
 - 508s - loss: -2.6676e+24 - mean_squared_error: 1263935351428404704444416.0000 - val_loss: -2.7014e+24 - val_mean_squared_error: 1279959934601473978007552.0000
Epoch 5/25
 - 2205s - loss: -2.6879e+24 - mean_squared_error: 1273540751909575777583104.0000 - val_loss: -2.7046e+24 - val_mean_squared_error: 1281455201634346248175616.0000
Epoch 6/25
 - 497s - loss: -2.6850e+24 - mean_squared_error: 1272161892582376014348288.0000 - val_loss: -2.7078e+24 - val_mean_squared_error: 1282999529338562563538944.0000
Epoch 7/25
 - 510s - loss: -2.6839e+24 - mean_squared_error: 1271641213369777509105664.0000 - val_loss: -2.7111e+24 - val_mean_squared_error: 1284526621328138731257856.0000
Epoch 8/25
 - 481s - loss: -2.7348e+24 - mean_squared_error: 1295759486398030361395200.0000 - val_loss: -2.7141e+24 - val_mean_squared_error: 1285969770487412489715712.0000
Epoch 9/25
 - 474s - loss: -2.7285e+24 - mean_squared_error: 1292798425870109794893824.0000 - val_loss: -2.7172e+24 - val_mean_squared_error: 1287410984018374549307392.0000
Epoch 10/25
 - 482s - loss: -2.6889e+24 - mean_squared_error: 1274021307703226848509952.0000 - val_loss: -2.7202e+24 - val_mean_squared_error: 1288853032380171747852288.0000
Epoch 11/25
 - 513s - loss: -2.6837e+24 - mean_squared_error: 1271577773746258886787072.0000 - val_loss: -2.7232e+24 - val_mean_squared_error: 1290296148610573882359808.0000
/pkg/python/3.6.1-centos7/lib/python3.6/site-packages/h5py/__init__.py:34: FutureWarning: Conversion of the second argument of issubdtype from `float` to `np.floating` is deprecated. In future, it will be treated as `np.float64 == np.dtype(float).type`.
  from ._conv import register_converters as _register_converters
Using TensorFlow backend.
Done with trial 19
