Running from arcus-10
2019-05-16 09:56:17.545615: I tensorflow/core/platform/cpu_feature_guard.cc:141] Your CPU supports instructions that this TensorFlow binary was not compiled to use: AVX2 FMA
2019-05-16 09:56:20.436817: I tensorflow/core/common_runtime/gpu/gpu_device.cc:1405] Found device 0 with properties: 
name: TITAN V major: 7 minor: 0 memoryClockRate(GHz): 1.455
pciBusID: 0000:83:00.0
totalMemory: 11.75GiB freeMemory: 11.34GiB
2019-05-16 09:56:20.436883: I tensorflow/core/common_runtime/gpu/gpu_device.cc:1484] Adding visible gpu devices: 0
2019-05-16 09:56:20.970607: I tensorflow/core/common_runtime/gpu/gpu_device.cc:965] Device interconnect StreamExecutor with strength 1 edge matrix:
2019-05-16 09:56:20.970666: I tensorflow/core/common_runtime/gpu/gpu_device.cc:971]      0 
2019-05-16 09:56:20.970676: I tensorflow/core/common_runtime/gpu/gpu_device.cc:984] 0:   N 
2019-05-16 09:56:20.971042: I tensorflow/core/common_runtime/gpu/gpu_device.cc:1097] Created TensorFlow device (/job:localhost/replica:0/task:0/device:GPU:0 with 10955 MB memory) -> physical GPU (device: 0, name: TITAN V, pci bus id: 0000:83:00.0, compute capability: 7.0)
{'alpha': 0.18412203583804176, 'dropout': 0.23450309047527546, 'lr': 0.0077956860874615255, 'leaky_relu': 0.35148238963753664, 'batch_norm': 0, 'num_layers': 6, 'layer_0': 58, 'layer_1': 142, 'layer_2': 336, 'layer_3': 177, 'layer_4': 136, 'layer_5': 246, 'layer_6': 253, 'layer_7': 115, 'max_concurrent': 3, 'P': 'arcus_gpu.p', 'q': 'arcus.q', 'l': "hostname='(arcus-1|arcus-2|arcus-3|arcus-4|arcus-5|arcus-6|arcus-7|arcus-8|arcus-9|arcus-10)'", 'env': '/home/jott1/Projects/SHERPA_EX/.profile', 'data': 'fluxbypass_aqua', 'net_type': 'conservation', 'loss_type': 'weak_loss', 'batch_size': 2048, 'data_dir': '/baldig/chemistry/earth_system_science/', 'max_dense_layers': 8, 'epochs': 25, 'patience': 10}
Epoch 1/25
 - 2561s - loss: 1521.5931 - mean_squared_error: 5774.2869 - val_loss: 133.6103 - val_mean_squared_error: 507.0370
Epoch 2/25
 - 618s - loss: 266.4103 - mean_squared_error: 1010.9994 - val_loss: 186.1333 - val_mean_squared_error: 706.3563
Epoch 3/25
 - 618s - loss: 387.7769 - mean_squared_error: 1471.5728 - val_loss: 201.9791 - val_mean_squared_error: 766.4894
Epoch 4/25
 - 624s - loss: 244.7649 - mean_squared_error: 928.8574 - val_loss: 102.4899 - val_mean_squared_error: 388.9385
Epoch 5/25
 - 653s - loss: 262.8082 - mean_squared_error: 997.3297 - val_loss: 267.0366 - val_mean_squared_error: 1013.3760
Epoch 6/25
 - 623s - loss: 247.1685 - mean_squared_error: 937.9788 - val_loss: 316.5348 - val_mean_squared_error: 1201.2164
Epoch 7/25
 - 611s - loss: 256.5030 - mean_squared_error: 973.4021 - val_loss: 208.7342 - val_mean_squared_error: 792.1247
Epoch 8/25
 - 599s - loss: 240.1265 - mean_squared_error: 911.2548 - val_loss: 172.4387 - val_mean_squared_error: 654.3870
Epoch 9/25
 - 619s - loss: 261.0714 - mean_squared_error: 990.7388 - val_loss: 262.3675 - val_mean_squared_error: 995.6571
Epoch 10/25
 - 622s - loss: 234.6366 - mean_squared_error: 890.4212 - val_loss: 230.5922 - val_mean_squared_error: 875.0733
Epoch 11/25
 - 2887s - loss: 298.2536 - mean_squared_error: 1131.8412 - val_loss: 219.7231 - val_mean_squared_error: 833.8262
Epoch 12/25
 - 592s - loss: 243.6870 - mean_squared_error: 924.7667 - val_loss: 256.2261 - val_mean_squared_error: 972.3511
Epoch 13/25
 - 586s - loss: 240.9912 - mean_squared_error: 914.5365 - val_loss: 171.2343 - val_mean_squared_error: 649.8165
Epoch 14/25
 - 601s - loss: 233.6286 - mean_squared_error: 886.5962 - val_loss: 103.3265 - val_mean_squared_error: 392.1135
/pkg/python/3.6.1-centos7/lib/python3.6/site-packages/h5py/__init__.py:34: FutureWarning: Conversion of the second argument of issubdtype from `float` to `np.floating` is deprecated. In future, it will be treated as `np.float64 == np.dtype(float).type`.
  from ._conv import register_converters as _register_converters
Using TensorFlow backend.
Done with trial 18
