Running from arcus-10
2019-05-15 04:28:14.418896: I tensorflow/core/platform/cpu_feature_guard.cc:141] Your CPU supports instructions that this TensorFlow binary was not compiled to use: AVX2 FMA
2019-05-15 04:28:17.279641: I tensorflow/core/common_runtime/gpu/gpu_device.cc:1405] Found device 0 with properties: 
name: TITAN V major: 7 minor: 0 memoryClockRate(GHz): 1.455
pciBusID: 0000:02:00.0
totalMemory: 11.75GiB freeMemory: 11.34GiB
2019-05-15 04:28:17.279707: I tensorflow/core/common_runtime/gpu/gpu_device.cc:1484] Adding visible gpu devices: 0
2019-05-15 04:28:17.740131: I tensorflow/core/common_runtime/gpu/gpu_device.cc:965] Device interconnect StreamExecutor with strength 1 edge matrix:
2019-05-15 04:28:17.740195: I tensorflow/core/common_runtime/gpu/gpu_device.cc:971]      0 
2019-05-15 04:28:17.740215: I tensorflow/core/common_runtime/gpu/gpu_device.cc:984] 0:   N 
2019-05-15 04:28:17.740503: I tensorflow/core/common_runtime/gpu/gpu_device.cc:1097] Created TensorFlow device (/job:localhost/replica:0/task:0/device:GPU:0 with 10955 MB memory) -> physical GPU (device: 0, name: TITAN V, pci bus id: 0000:02:00.0, compute capability: 7.0)
{'alpha': 0.6567875633390462, 'dropout': 0.005737368183494296, 'lr': 0.005765962275817585, 'leaky_relu': 0.15689054780040906, 'batch_norm': 1, 'num_layers': 6, 'layer_0': 404, 'layer_1': 142, 'layer_2': 339, 'layer_3': 438, 'layer_4': 137, 'layer_5': 118, 'layer_6': 194, 'layer_7': 306, 'max_concurrent': 3, 'P': 'arcus_gpu.p', 'q': 'arcus.q', 'l': "hostname='(arcus-1|arcus-2|arcus-3|arcus-4|arcus-5|arcus-6|arcus-7|arcus-8|arcus-9|arcus-10)'", 'env': '/home/jott1/Projects/SHERPA_EX/.profile', 'data': 'fluxbypass_aqua', 'net_type': 'conservation', 'loss_type': 'weak_loss', 'batch_size': 2048, 'data_dir': '/baldig/chemistry/earth_system_science/', 'max_dense_layers': 8, 'epochs': 25, 'patience': 10}
Epoch 1/25
 - 2665s - loss: -3.3715e+14 - mean_squared_error: 207205330649762.4375 - val_loss: -2.2529e+16 - val_mean_squared_error: 13845888551283612.0000
Epoch 2/25
 - 730s - loss: -1.0213e+16 - mean_squared_error: 6276921707433056.0000 - val_loss: -9.2236e+17 - val_mean_squared_error: 566853630371559040.0000
Epoch 3/25
 - 752s - loss: -6.8915e+16 - mean_squared_error: 42352927212800312.0000 - val_loss: -1.4347e+18 - val_mean_squared_error: 881704238006101248.0000
Epoch 4/25
 - 752s - loss: -2.5397e+17 - mean_squared_error: 156081213995793760.0000 - val_loss: -3.9525e+19 - val_mean_squared_error: 24290859023112622080.0000
Epoch 5/25
 - 783s - loss: -6.8145e+17 - mean_squared_error: 418802067144915840.0000 - val_loss: -2.6473e+19 - val_mean_squared_error: 16269641535232407552.0000
Epoch 6/25
 - 789s - loss: -1.5060e+18 - mean_squared_error: 925534265902660992.0000 - val_loss: -1.6626e+20 - val_mean_squared_error: 102179433089710538752.0000
Epoch 7/25
 - 755s - loss: -2.9207e+18 - mean_squared_error: 1794986470425201920.0000 - val_loss: -3.3156e+20 - val_mean_squared_error: 203770197494433906688.0000
Epoch 8/25
 - 740s - loss: -5.1571e+18 - mean_squared_error: 3169388506290267136.0000 - val_loss: -4.3007e+20 - val_mean_squared_error: 264308328971226316800.0000
Epoch 9/25
 - 1934s - loss: -8.4851e+18 - mean_squared_error: 5214715788903828480.0000 - val_loss: -6.6147e+20 - val_mean_squared_error: 406523576633466945536.0000
Epoch 10/25
 - 1603s - loss: -1.3207e+19 - mean_squared_error: 8116772557272315904.0000 - val_loss: -7.9540e+20 - val_mean_squared_error: 488832216966518931456.0000
Epoch 11/25
 - 752s - loss: -1.9671e+19 - mean_squared_error: 12089218676531931136.0000 - val_loss: -1.4886e+21 - val_mean_squared_error: 914855824440844484608.0000
/pkg/python/3.6.1-centos7/lib/python3.6/site-packages/h5py/__init__.py:34: FutureWarning: Conversion of the second argument of issubdtype from `float` to `np.floating` is deprecated. In future, it will be treated as `np.float64 == np.dtype(float).type`.
  from ._conv import register_converters as _register_converters
Using TensorFlow backend.
Done with trial 8
