ERROR: Only reserved 0 of 1 requested devices. You probably need to clear stale locks in arcus-2.ics.uci.edu:/tmp/gpuLock/.
Running from arcus-10
2019-05-15 10:23:19.521537: I tensorflow/core/platform/cpu_feature_guard.cc:141] Your CPU supports instructions that this TensorFlow binary was not compiled to use: AVX2 FMA
2019-05-15 10:23:22.340414: I tensorflow/core/common_runtime/gpu/gpu_device.cc:1405] Found device 0 with properties: 
name: TITAN V major: 7 minor: 0 memoryClockRate(GHz): 1.455
pciBusID: 0000:83:00.0
totalMemory: 11.75GiB freeMemory: 11.34GiB
2019-05-15 10:23:22.340472: I tensorflow/core/common_runtime/gpu/gpu_device.cc:1484] Adding visible gpu devices: 0
2019-05-15 10:23:22.888346: I tensorflow/core/common_runtime/gpu/gpu_device.cc:965] Device interconnect StreamExecutor with strength 1 edge matrix:
2019-05-15 10:23:22.888402: I tensorflow/core/common_runtime/gpu/gpu_device.cc:971]      0 
2019-05-15 10:23:22.888412: I tensorflow/core/common_runtime/gpu/gpu_device.cc:984] 0:   N 
2019-05-15 10:23:22.888789: I tensorflow/core/common_runtime/gpu/gpu_device.cc:1097] Created TensorFlow device (/job:localhost/replica:0/task:0/device:GPU:0 with 10955 MB memory) -> physical GPU (device: 0, name: TITAN V, pci bus id: 0000:83:00.0, compute capability: 7.0)
{'alpha': 0.1654953602885364, 'dropout': 0.3237188522213144, 'lr': 0.004515506364665813, 'leaky_relu': 0.40255054417417163, 'batch_norm': 0, 'num_layers': 5, 'layer_0': 218, 'layer_1': 203, 'layer_2': 426, 'layer_3': 294, 'layer_4': 404, 'layer_5': 206, 'layer_6': 240, 'layer_7': 442, 'max_concurrent': 3, 'P': 'arcus_gpu.p', 'q': 'arcus.q', 'l': "hostname='(arcus-1|arcus-2|arcus-3|arcus-4|arcus-5|arcus-6|arcus-7|arcus-8|arcus-9|arcus-10)'", 'env': '/home/jott1/Projects/SHERPA_EX/.profile', 'data': 'fluxbypass_aqua', 'net_type': 'conservation', 'loss_type': 'weak_loss', 'batch_size': 2048, 'data_dir': '/baldig/chemistry/earth_system_science/', 'max_dense_layers': 8, 'epochs': 25, 'patience': 10}
Epoch 1/25
 - 2584s - loss: 572.9796 - mean_squared_error: 1695.1128 - val_loss: 117.2662 - val_mean_squared_error: 346.9225
Epoch 2/25
 - 598s - loss: 229.2088 - mean_squared_error: 678.0954 - val_loss: 107.2377 - val_mean_squared_error: 317.2538
Epoch 3/25
 - 2378s - loss: 217.1665 - mean_squared_error: 642.4692 - val_loss: 232.9970 - val_mean_squared_error: 689.3023
Epoch 4/25
 - 574s - loss: 208.2410 - mean_squared_error: 616.0639 - val_loss: 181.2635 - val_mean_squared_error: 536.2532
Epoch 5/25
 - 581s - loss: 211.5715 - mean_squared_error: 625.9169 - val_loss: 134.0690 - val_mean_squared_error: 396.6320
Epoch 6/25
 - 569s - loss: 220.3443 - mean_squared_error: 651.8703 - val_loss: 150.5296 - val_mean_squared_error: 445.3293
Epoch 7/25
 - 572s - loss: 214.4835 - mean_squared_error: 634.5316 - val_loss: 154.3985 - val_mean_squared_error: 456.7753
Epoch 8/25
 - 603s - loss: 202.1492 - mean_squared_error: 598.0418 - val_loss: 142.1978 - val_mean_squared_error: 420.6805
Epoch 9/25
 - 605s - loss: 201.0812 - mean_squared_error: 594.8820 - val_loss: 161.3230 - val_mean_squared_error: 477.2609
Epoch 10/25
 - 613s - loss: 203.5298 - mean_squared_error: 602.1260 - val_loss: 261.9698 - val_mean_squared_error: 775.0161
Epoch 11/25
 - 628s - loss: 214.7705 - mean_squared_error: 635.3809 - val_loss: 161.8150 - val_mean_squared_error: 478.7162
Epoch 12/25
 - 597s - loss: 199.9553 - mean_squared_error: 591.5511 - val_loss: 217.6111 - val_mean_squared_error: 643.7846
/pkg/python/3.6.1-centos7/lib/python3.6/site-packages/h5py/__init__.py:34: FutureWarning: Conversion of the second argument of issubdtype from `float` to `np.floating` is deprecated. In future, it will be treated as `np.float64 == np.dtype(float).type`.
  from ._conv import register_converters as _register_converters
Using TensorFlow backend.
Done with trial 11
