Running from arcus-10
2019-05-16 19:03:01.429711: I tensorflow/core/platform/cpu_feature_guard.cc:141] Your CPU supports instructions that this TensorFlow binary was not compiled to use: AVX2 FMA
2019-05-16 19:03:04.280658: I tensorflow/core/common_runtime/gpu/gpu_device.cc:1405] Found device 0 with properties: 
name: TITAN V major: 7 minor: 0 memoryClockRate(GHz): 1.455
pciBusID: 0000:83:00.0
totalMemory: 11.75GiB freeMemory: 11.34GiB
2019-05-16 19:03:04.280745: I tensorflow/core/common_runtime/gpu/gpu_device.cc:1484] Adding visible gpu devices: 0
2019-05-16 19:03:04.736272: I tensorflow/core/common_runtime/gpu/gpu_device.cc:965] Device interconnect StreamExecutor with strength 1 edge matrix:
2019-05-16 19:03:04.736329: I tensorflow/core/common_runtime/gpu/gpu_device.cc:971]      0 
2019-05-16 19:03:04.736336: I tensorflow/core/common_runtime/gpu/gpu_device.cc:984] 0:   N 
2019-05-16 19:03:04.736612: I tensorflow/core/common_runtime/gpu/gpu_device.cc:1097] Created TensorFlow device (/job:localhost/replica:0/task:0/device:GPU:0 with 10955 MB memory) -> physical GPU (device: 0, name: TITAN V, pci bus id: 0000:83:00.0, compute capability: 7.0)
{'alpha': 0.1173206099689369, 'dropout': 0.37633263687446067, 'lr': 0.004946190304580194, 'leaky_relu': 0.4898588872599034, 'batch_norm': 1, 'num_layers': 5, 'layer_0': 456, 'layer_1': 206, 'layer_2': 181, 'layer_3': 265, 'layer_4': 272, 'layer_5': 212, 'layer_6': 502, 'layer_7': 340, 'max_concurrent': 3, 'P': 'arcus_gpu.p', 'q': 'arcus.q', 'l': "hostname='(arcus-1|arcus-2|arcus-3|arcus-4|arcus-5|arcus-6|arcus-7|arcus-8|arcus-9|arcus-10)'", 'env': '/home/jott1/Projects/SHERPA_EX/.profile', 'data': 'fluxbypass_aqua', 'net_type': 'conservation', 'loss_type': 'weak_loss', 'batch_size': 2048, 'data_dir': '/baldig/chemistry/earth_system_science/', 'max_dense_layers': 8, 'epochs': 25, 'patience': 10}
Epoch 1/25
 - 2588s - loss: 223.6995 - mean_squared_error: 421.5040 - val_loss: 191.4599 - val_mean_squared_error: 360.7567
Epoch 2/25
 - 730s - loss: 198.5608 - mean_squared_error: 374.1364 - val_loss: 198.8663 - val_mean_squared_error: 374.7121
Epoch 3/25
 - 709s - loss: 195.3636 - mean_squared_error: 368.1121 - val_loss: 185.4023 - val_mean_squared_error: 349.3427
Epoch 4/25
 - 728s - loss: 193.6005 - mean_squared_error: 364.7901 - val_loss: 210.5534 - val_mean_squared_error: 396.7334
Epoch 5/25
 - 714s - loss: 192.8092 - mean_squared_error: 363.2990 - val_loss: 183.1556 - val_mean_squared_error: 345.1094
Epoch 6/25
 - 2904s - loss: 192.1661 - mean_squared_error: 362.0873 - val_loss: 194.9602 - val_mean_squared_error: 367.3521
Epoch 7/25
 - 741s - loss: 191.7009 - mean_squared_error: 361.2109 - val_loss: 203.6494 - val_mean_squared_error: 383.7246
Epoch 8/25
 - 698s - loss: 191.4076 - mean_squared_error: 360.6581 - val_loss: 188.9404 - val_mean_squared_error: 356.0093
Epoch 9/25
 - 723s - loss: 191.1775 - mean_squared_error: 360.2246 - val_loss: 204.1956 - val_mean_squared_error: 384.7538
Epoch 10/25
 - 745s - loss: 190.9560 - mean_squared_error: 359.8072 - val_loss: 219.2157 - val_mean_squared_error: 413.0553
Epoch 11/25
 - 723s - loss: 190.7794 - mean_squared_error: 359.4744 - val_loss: 199.2441 - val_mean_squared_error: 375.4240
Epoch 12/25
 - 731s - loss: 190.8013 - mean_squared_error: 359.5157 - val_loss: 204.4848 - val_mean_squared_error: 385.2988
Epoch 13/25
 - 723s - loss: 190.7677 - mean_squared_error: 359.4524 - val_loss: 217.4620 - val_mean_squared_error: 409.7509
Epoch 14/25
 - 732s - loss: 190.6749 - mean_squared_error: 359.2776 - val_loss: 199.0701 - val_mean_squared_error: 375.0961
Epoch 15/25
 - 723s - loss: 190.6793 - mean_squared_error: 359.2858 - val_loss: 215.5331 - val_mean_squared_error: 406.1164
/pkg/python/3.6.1-centos7/lib/python3.6/site-packages/h5py/__init__.py:34: FutureWarning: Conversion of the second argument of issubdtype from `float` to `np.floating` is deprecated. In future, it will be treated as `np.float64 == np.dtype(float).type`.
  from ._conv import register_converters as _register_converters
Using TensorFlow backend.
Done with trial 23
