Running from arcus-10
2019-05-15 21:24:19.019164: I tensorflow/core/platform/cpu_feature_guard.cc:141] Your CPU supports instructions that this TensorFlow binary was not compiled to use: AVX2 FMA
2019-05-15 21:24:21.848730: I tensorflow/core/common_runtime/gpu/gpu_device.cc:1405] Found device 0 with properties: 
name: TITAN V major: 7 minor: 0 memoryClockRate(GHz): 1.455
pciBusID: 0000:02:00.0
totalMemory: 11.75GiB freeMemory: 11.34GiB
2019-05-15 21:24:21.848811: I tensorflow/core/common_runtime/gpu/gpu_device.cc:1484] Adding visible gpu devices: 0
2019-05-15 21:24:22.403149: I tensorflow/core/common_runtime/gpu/gpu_device.cc:965] Device interconnect StreamExecutor with strength 1 edge matrix:
2019-05-15 21:24:22.403213: I tensorflow/core/common_runtime/gpu/gpu_device.cc:971]      0 
2019-05-15 21:24:22.403223: I tensorflow/core/common_runtime/gpu/gpu_device.cc:984] 0:   N 
2019-05-15 21:24:22.403576: I tensorflow/core/common_runtime/gpu/gpu_device.cc:1097] Created TensorFlow device (/job:localhost/replica:0/task:0/device:GPU:0 with 10955 MB memory) -> physical GPU (device: 0, name: TITAN V, pci bus id: 0000:02:00.0, compute capability: 7.0)
{'alpha': 0.5103971101693446, 'dropout': 0.29586209209811115, 'lr': 0.0006882103739927447, 'leaky_relu': 0.045350073636945376, 'batch_norm': 0, 'num_layers': 3, 'layer_0': 398, 'layer_1': 332, 'layer_2': 34, 'layer_3': 284, 'layer_4': 509, 'layer_5': 61, 'layer_6': 433, 'layer_7': 444, 'max_concurrent': 3, 'P': 'arcus_gpu.p', 'q': 'arcus.q', 'l': "hostname='(arcus-1|arcus-2|arcus-3|arcus-4|arcus-5|arcus-6|arcus-7|arcus-8|arcus-9|arcus-10)'", 'env': '/home/jott1/Projects/SHERPA_EX/.profile', 'data': 'fluxbypass_aqua', 'net_type': 'conservation', 'loss_type': 'weak_loss', 'batch_size': 2048, 'data_dir': '/baldig/chemistry/earth_system_science/', 'max_dense_layers': 8, 'epochs': 25, 'patience': 10}
Epoch 1/25
 - 2679s - loss: -1.0244e+24 - mean_squared_error: 983514631757645578502144.0000 - val_loss: -3.4365e+24 - val_mean_squared_error: 3299324563988329369960448.0000
Epoch 2/25
 - 458s - loss: -7.4467e+24 - mean_squared_error: 7149321446023870617223168.0000 - val_loss: -9.5394e+24 - val_mean_squared_error: 9158494081064157323460608.0000
Epoch 3/25
 - 463s - loss: -1.1059e+25 - mean_squared_error: 10617877643681778112659456.0000 - val_loss: -1.2291e+25 - val_mean_squared_error: 11799955098703596066177024.0000
Epoch 4/25
 - 2834s - loss: -1.4092e+25 - mean_squared_error: 13529169726550464457080832.0000 - val_loss: -1.5528e+25 - val_mean_squared_error: 14907773808253383435354112.0000
Epoch 5/25
 - 464s - loss: -1.7646e+25 - mean_squared_error: 16941261105452656795582464.0000 - val_loss: -1.9264e+25 - val_mean_squared_error: 18494778492802103158767616.0000
Epoch 6/25
 - 470s - loss: -2.1568e+25 - mean_squared_error: 20706570953738267752660992.0000 - val_loss: -2.3290e+25 - val_mean_squared_error: 22360202185368138569220096.0000
Epoch 7/25
 - 471s - loss: -2.5859e+25 - mean_squared_error: 24826769732425913062129664.0000 - val_loss: -2.7725e+25 - val_mean_squared_error: 26617805605449916343123968.0000
Epoch 8/25
 - 481s - loss: -3.0506e+25 - mean_squared_error: 29287769630609940548681728.0000 - val_loss: -3.2427e+25 - val_mean_squared_error: 31132074677608526311849984.0000
Epoch 9/25
 - 480s - loss: -3.5429e+25 - mean_squared_error: 34014753009323360724713472.0000 - val_loss: -3.7458e+25 - val_mean_squared_error: 35962208569786516579024896.0000
Epoch 10/25
 - 474s - loss: -4.0730e+25 - mean_squared_error: 39104204231910781993615360.0000 - val_loss: -4.2886e+25 - val_mean_squared_error: 41174077950698950437634048.0000
Epoch 11/25
 - 468s - loss: -4.6445e+25 - mean_squared_error: 44590608553458838888513536.0000 - val_loss: -4.8720e+25 - val_mean_squared_error: 46774506543203691467374592.0000
/pkg/python/3.6.1-centos7/lib/python3.6/site-packages/h5py/__init__.py:34: FutureWarning: Conversion of the second argument of issubdtype from `float` to `np.floating` is deprecated. In future, it will be treated as `np.float64 == np.dtype(float).type`.
  from ._conv import register_converters as _register_converters
Using TensorFlow backend.
Done with trial 15
