Running from arcus-10
2019-05-16 04:21:19.410445: I tensorflow/core/platform/cpu_feature_guard.cc:141] Your CPU supports instructions that this TensorFlow binary was not compiled to use: AVX2 FMA
2019-05-16 04:21:22.278574: I tensorflow/core/common_runtime/gpu/gpu_device.cc:1405] Found device 0 with properties: 
name: TITAN V major: 7 minor: 0 memoryClockRate(GHz): 1.455
pciBusID: 0000:02:00.0
totalMemory: 11.75GiB freeMemory: 11.34GiB
2019-05-16 04:21:22.278647: I tensorflow/core/common_runtime/gpu/gpu_device.cc:1484] Adding visible gpu devices: 0
2019-05-16 04:21:22.812781: I tensorflow/core/common_runtime/gpu/gpu_device.cc:965] Device interconnect StreamExecutor with strength 1 edge matrix:
2019-05-16 04:21:22.812836: I tensorflow/core/common_runtime/gpu/gpu_device.cc:971]      0 
2019-05-16 04:21:22.812846: I tensorflow/core/common_runtime/gpu/gpu_device.cc:984] 0:   N 
2019-05-16 04:21:22.813242: I tensorflow/core/common_runtime/gpu/gpu_device.cc:1097] Created TensorFlow device (/job:localhost/replica:0/task:0/device:GPU:0 with 10955 MB memory) -> physical GPU (device: 0, name: TITAN V, pci bus id: 0000:02:00.0, compute capability: 7.0)
{'alpha': 0.6980182226791265, 'dropout': 0.49465139964458377, 'lr': 0.004543356027132178, 'leaky_relu': 0.49296746664774416, 'batch_norm': 0, 'num_layers': 7, 'layer_0': 297, 'layer_1': 208, 'layer_2': 281, 'layer_3': 273, 'layer_4': 301, 'layer_5': 425, 'layer_6': 214, 'layer_7': 229, 'max_concurrent': 3, 'P': 'arcus_gpu.p', 'q': 'arcus.q', 'l': "hostname='(arcus-1|arcus-2|arcus-3|arcus-4|arcus-5|arcus-6|arcus-7|arcus-8|arcus-9|arcus-10)'", 'env': '/home/jott1/Projects/SHERPA_EX/.profile', 'data': 'fluxbypass_aqua', 'net_type': 'conservation', 'loss_type': 'weak_loss', 'batch_size': 2048, 'data_dir': '/baldig/chemistry/earth_system_science/', 'max_dense_layers': 8, 'epochs': 25, 'patience': 10}
Epoch 1/25
 - 3700s - loss: -1.5395e+24 - mean_squared_error: 859045126822157787070464.0000 - val_loss: -2.1121e+24 - val_mean_squared_error: 1178553687417897030254592.0000
Epoch 2/25
 - 628s - loss: -2.6655e+24 - mean_squared_error: 1487396545388757410381824.0000 - val_loss: -2.8794e+24 - val_mean_squared_error: 1606755922928244461928448.0000
Epoch 3/25
 - 616s - loss: -3.3513e+24 - mean_squared_error: 1870047140834253698236416.0000 - val_loss: -3.3800e+24 - val_mean_squared_error: 1886105315433931970969600.0000
Epoch 4/25
 - 623s - loss: -3.8365e+24 - mean_squared_error: 2140803763219013337874432.0000 - val_loss: -3.7566e+24 - val_mean_squared_error: 2096229092525288428929024.0000
Epoch 5/25
 - 613s - loss: -4.2492e+24 - mean_squared_error: 2371128586266350446444544.0000 - val_loss: -4.0932e+24 - val_mean_squared_error: 2284072123574170370965504.0000
Epoch 6/25
 - 629s - loss: -4.6365e+24 - mean_squared_error: 2587203725254941787291648.0000 - val_loss: -4.4080e+24 - val_mean_squared_error: 2459716441363291679227904.0000
Epoch 7/25
 - 605s - loss: -5.0025e+24 - mean_squared_error: 2791438913261191735279616.0000 - val_loss: -4.7024e+24 - val_mean_squared_error: 2623983080185170394873856.0000
Epoch 8/25
 - 619s - loss: -5.3436e+24 - mean_squared_error: 2981820788165389049659392.0000 - val_loss: -4.9660e+24 - val_mean_squared_error: 2771071568001872554885120.0000
Epoch 9/25
 - 613s - loss: -5.6630e+24 - mean_squared_error: 3160003524005451865784320.0000 - val_loss: -5.2124e+24 - val_mean_squared_error: 2908596595922229073543168.0000
Epoch 10/25
 - 618s - loss: -5.9669e+24 - mean_squared_error: 3329616865238744179933184.0000 - val_loss: -5.4467e+24 - val_mean_squared_error: 3039343460586266642350080.0000
Epoch 11/25
 - 630s - loss: -6.2659e+24 - mean_squared_error: 3496428467691330111275008.0000 - val_loss: -5.6717e+24 - val_mean_squared_error: 3164873760919179325603840.0000
/pkg/python/3.6.1-centos7/lib/python3.6/site-packages/h5py/__init__.py:34: FutureWarning: Conversion of the second argument of issubdtype from `float` to `np.floating` is deprecated. In future, it will be treated as `np.float64 == np.dtype(float).type`.
  from ._conv import register_converters as _register_converters
Using TensorFlow backend.
Done with trial 17
