Running from arcus-10
2019-05-14 23:03:53.846026: I tensorflow/core/platform/cpu_feature_guard.cc:141] Your CPU supports instructions that this TensorFlow binary was not compiled to use: AVX2 FMA
2019-05-14 23:03:56.638663: I tensorflow/core/common_runtime/gpu/gpu_device.cc:1405] Found device 0 with properties: 
name: TITAN V major: 7 minor: 0 memoryClockRate(GHz): 1.455
pciBusID: 0000:02:00.0
totalMemory: 11.75GiB freeMemory: 11.34GiB
2019-05-14 23:03:56.638741: I tensorflow/core/common_runtime/gpu/gpu_device.cc:1484] Adding visible gpu devices: 0
2019-05-14 23:03:57.182078: I tensorflow/core/common_runtime/gpu/gpu_device.cc:965] Device interconnect StreamExecutor with strength 1 edge matrix:
2019-05-14 23:03:57.182134: I tensorflow/core/common_runtime/gpu/gpu_device.cc:971]      0 
2019-05-14 23:03:57.182143: I tensorflow/core/common_runtime/gpu/gpu_device.cc:984] 0:   N 
2019-05-14 23:03:57.182489: I tensorflow/core/common_runtime/gpu/gpu_device.cc:1097] Created TensorFlow device (/job:localhost/replica:0/task:0/device:GPU:0 with 10955 MB memory) -> physical GPU (device: 0, name: TITAN V, pci bus id: 0000:02:00.0, compute capability: 7.0)
{'alpha': 0.24048185904646946, 'dropout': 0.11446994944525202, 'lr': 0.00963768221132495, 'leaky_relu': 0.3542301264470087, 'batch_norm': 0, 'num_layers': 4, 'layer_0': 203, 'layer_1': 194, 'layer_2': 44, 'layer_3': 38, 'layer_4': 360, 'layer_5': 456, 'layer_6': 476, 'layer_7': 225, 'max_concurrent': 3, 'P': 'arcus_gpu.p', 'q': 'arcus.q', 'l': "hostname='(arcus-1|arcus-2|arcus-3|arcus-4|arcus-5|arcus-6|arcus-7|arcus-8|arcus-9|arcus-10)'", 'env': '/home/jott1/Projects/SHERPA_EX/.profile', 'data': 'fluxbypass_aqua', 'net_type': 'conservation', 'loss_type': 'weak_loss', 'batch_size': 2048, 'data_dir': '/baldig/chemistry/earth_system_science/', 'max_dense_layers': 8, 'epochs': 25, 'patience': 10}
Epoch 1/25
 - 2608s - loss: 18.4843 - mean_squared_error: 485.5008 - val_loss: 16.1969 - val_mean_squared_error: 425.4208
Epoch 2/25
 - 467s - loss: 15.0912 - mean_squared_error: 396.3796 - val_loss: 12.5791 - val_mean_squared_error: 330.3980
Epoch 3/25
 - 488s - loss: 14.7574 - mean_squared_error: 387.6133 - val_loss: 12.7181 - val_mean_squared_error: 334.0499
Epoch 4/25
 - 477s - loss: 14.5693 - mean_squared_error: 382.6717 - val_loss: 9.4133 - val_mean_squared_error: 247.2475
Epoch 5/25
 - 474s - loss: 14.3820 - mean_squared_error: 377.7516 - val_loss: 16.0664 - val_mean_squared_error: 421.9938
Epoch 6/25
 - 480s - loss: 14.3576 - mean_squared_error: 377.1116 - val_loss: 10.4181 - val_mean_squared_error: 273.6383
Epoch 7/25
 - 476s - loss: 14.2901 - mean_squared_error: 375.3379 - val_loss: 12.1050 - val_mean_squared_error: 317.9459
Epoch 8/25
 - 502s - loss: 14.1993 - mean_squared_error: 372.9539 - val_loss: 11.1117 - val_mean_squared_error: 291.8552
Epoch 9/25
 - 487s - loss: 14.1120 - mean_squared_error: 370.6594 - val_loss: 10.2011 - val_mean_squared_error: 267.9385
Epoch 10/25
 - 484s - loss: 14.0752 - mean_squared_error: 369.6936 - val_loss: 11.3455 - val_mean_squared_error: 297.9978
Epoch 11/25
 - 477s - loss: 14.0001 - mean_squared_error: 367.7226 - val_loss: 12.2493 - val_mean_squared_error: 321.7369
Epoch 12/25
 - 483s - loss: 13.9345 - mean_squared_error: 365.9979 - val_loss: 9.6644 - val_mean_squared_error: 253.8416
Epoch 13/25
 - 1514s - loss: 13.9389 - mean_squared_error: 366.1153 - val_loss: 11.2396 - val_mean_squared_error: 295.2153
Epoch 14/25
 - 1199s - loss: 13.8719 - mean_squared_error: 364.3553 - val_loss: 9.8983 - val_mean_squared_error: 259.9847
/pkg/python/3.6.1-centos7/lib/python3.6/site-packages/h5py/__init__.py:34: FutureWarning: Conversion of the second argument of issubdtype from `float` to `np.floating` is deprecated. In future, it will be treated as `np.float64 == np.dtype(float).type`.
  from ._conv import register_converters as _register_converters
Using TensorFlow backend.
Done with trial 6
