Running from arcus-10
2019-05-15 13:25:38.377168: I tensorflow/core/platform/cpu_feature_guard.cc:141] Your CPU supports instructions that this TensorFlow binary was not compiled to use: AVX2 FMA
2019-05-15 13:25:41.338914: I tensorflow/core/common_runtime/gpu/gpu_device.cc:1405] Found device 0 with properties: 
name: TITAN V major: 7 minor: 0 memoryClockRate(GHz): 1.455
pciBusID: 0000:83:00.0
totalMemory: 11.75GiB freeMemory: 11.34GiB
2019-05-15 13:25:41.338988: I tensorflow/core/common_runtime/gpu/gpu_device.cc:1484] Adding visible gpu devices: 0
2019-05-15 13:25:41.892785: I tensorflow/core/common_runtime/gpu/gpu_device.cc:965] Device interconnect StreamExecutor with strength 1 edge matrix:
2019-05-15 13:25:41.892838: I tensorflow/core/common_runtime/gpu/gpu_device.cc:971]      0 
2019-05-15 13:25:41.892848: I tensorflow/core/common_runtime/gpu/gpu_device.cc:984] 0:   N 
2019-05-15 13:25:41.893255: I tensorflow/core/common_runtime/gpu/gpu_device.cc:1097] Created TensorFlow device (/job:localhost/replica:0/task:0/device:GPU:0 with 10955 MB memory) -> physical GPU (device: 0, name: TITAN V, pci bus id: 0000:83:00.0, compute capability: 7.0)
{'alpha': 0.02365871058261726, 'dropout': 0.030131684556233884, 'lr': 0.00848913613043334, 'leaky_relu': 0.07282696091085694, 'batch_norm': 0, 'num_layers': 3, 'layer_0': 50, 'layer_1': 338, 'layer_2': 45, 'layer_3': 359, 'layer_4': 106, 'layer_5': 402, 'layer_6': 423, 'layer_7': 314, 'max_concurrent': 3, 'P': 'arcus_gpu.p', 'q': 'arcus.q', 'l': "hostname='(arcus-1|arcus-2|arcus-3|arcus-4|arcus-5|arcus-6|arcus-7|arcus-8|arcus-9|arcus-10)'", 'env': '/home/jott1/Projects/SHERPA_EX/.profile', 'data': 'fluxbypass_aqua', 'net_type': 'conservation', 'loss_type': 'weak_loss', 'batch_size': 2048, 'data_dir': '/baldig/chemistry/earth_system_science/', 'max_dense_layers': 8, 'epochs': 25, 'patience': 10}
Epoch 1/25
 - 2750s - loss: 286.8129 - mean_squared_error: 316.7925 - val_loss: 218.6474 - val_mean_squared_error: 241.5019
Epoch 2/25
 - 563s - loss: 225.5751 - mean_squared_error: 249.1537 - val_loss: 201.7979 - val_mean_squared_error: 222.8912
Epoch 3/25
 - 582s - loss: 215.4149 - mean_squared_error: 237.9315 - val_loss: 205.8014 - val_mean_squared_error: 227.3132
Epoch 4/25
 - 573s - loss: 209.2487 - mean_squared_error: 231.1208 - val_loss: 197.1115 - val_mean_squared_error: 217.7149
Epoch 5/25
 - 568s - loss: 205.7341 - mean_squared_error: 227.2388 - val_loss: 207.6515 - val_mean_squared_error: 229.3566
Epoch 6/25
 - 578s - loss: 203.4115 - mean_squared_error: 224.6735 - val_loss: 189.7626 - val_mean_squared_error: 209.5979
Epoch 7/25
 - 563s - loss: 201.9660 - mean_squared_error: 223.0768 - val_loss: 210.2903 - val_mean_squared_error: 232.2712
Epoch 8/25
 - 2708s - loss: 200.8002 - mean_squared_error: 221.7892 - val_loss: 181.5157 - val_mean_squared_error: 200.4890
Epoch 9/25
 - 577s - loss: 199.5469 - mean_squared_error: 220.4049 - val_loss: 217.6533 - val_mean_squared_error: 240.4039
Epoch 10/25
 - 556s - loss: 198.7550 - mean_squared_error: 219.5302 - val_loss: 199.8560 - val_mean_squared_error: 220.7463
Epoch 11/25
 - 565s - loss: 197.9312 - mean_squared_error: 218.6203 - val_loss: 178.2487 - val_mean_squared_error: 196.8804
Epoch 12/25
 - 576s - loss: 197.2755 - mean_squared_error: 217.8960 - val_loss: 178.1234 - val_mean_squared_error: 196.7420
Epoch 13/25
 - 584s - loss: 196.6578 - mean_squared_error: 217.2138 - val_loss: 189.3305 - val_mean_squared_error: 209.1206
Epoch 14/25
 - 568s - loss: 196.1283 - mean_squared_error: 216.6289 - val_loss: 195.7095 - val_mean_squared_error: 216.1663
Epoch 15/25
 - 580s - loss: 195.6093 - mean_squared_error: 216.0557 - val_loss: 183.9071 - val_mean_squared_error: 203.1303
Epoch 16/25
 - 556s - loss: 195.3441 - mean_squared_error: 215.7628 - val_loss: 184.9850 - val_mean_squared_error: 204.3209
Epoch 17/25
 - 579s - loss: 195.0004 - mean_squared_error: 215.3832 - val_loss: 187.5251 - val_mean_squared_error: 207.1265
Epoch 18/25
 - 574s - loss: 194.7460 - mean_squared_error: 215.1021 - val_loss: 187.0921 - val_mean_squared_error: 206.6482
Epoch 19/25
 - 551s - loss: 194.3998 - mean_squared_error: 214.7197 - val_loss: 177.7567 - val_mean_squared_error: 196.3370
Epoch 20/25
 - 568s - loss: 194.1457 - mean_squared_error: 214.4391 - val_loss: 185.9225 - val_mean_squared_error: 205.3563
Epoch 21/25
 - 1467s - loss: 193.9897 - mean_squared_error: 214.2668 - val_loss: 188.2149 - val_mean_squared_error: 207.8884
Epoch 22/25
 - 1164s - loss: 193.7477 - mean_squared_error: 213.9995 - val_loss: 176.7500 - val_mean_squared_error: 195.2251
Epoch 23/25
 - 568s - loss: 193.5701 - mean_squared_error: 213.8033 - val_loss: 194.8838 - val_mean_squared_error: 215.2543
Epoch 24/25
 - 538s - loss: 193.4750 - mean_squared_error: 213.6983 - val_loss: 174.7262 - val_mean_squared_error: 192.9898
Epoch 25/25
 - 564s - loss: 193.3741 - mean_squared_error: 213.5869 - val_loss: 174.2713 - val_mean_squared_error: 192.4873
/pkg/python/3.6.1-centos7/lib/python3.6/site-packages/h5py/__init__.py:34: FutureWarning: Conversion of the second argument of issubdtype from `float` to `np.floating` is deprecated. In future, it will be treated as `np.float64 == np.dtype(float).type`.
  from ._conv import register_converters as _register_converters
Using TensorFlow backend.
Done with trial 12
