Running from arcus-10
2019-05-16 13:30:27.919110: I tensorflow/core/platform/cpu_feature_guard.cc:141] Your CPU supports instructions that this TensorFlow binary was not compiled to use: AVX2 FMA
2019-05-16 13:30:30.807859: I tensorflow/core/common_runtime/gpu/gpu_device.cc:1405] Found device 0 with properties: 
name: TITAN V major: 7 minor: 0 memoryClockRate(GHz): 1.455
pciBusID: 0000:83:00.0
totalMemory: 11.75GiB freeMemory: 11.34GiB
2019-05-16 13:30:30.807935: I tensorflow/core/common_runtime/gpu/gpu_device.cc:1484] Adding visible gpu devices: 0
2019-05-16 13:30:31.381638: I tensorflow/core/common_runtime/gpu/gpu_device.cc:965] Device interconnect StreamExecutor with strength 1 edge matrix:
2019-05-16 13:30:31.381699: I tensorflow/core/common_runtime/gpu/gpu_device.cc:971]      0 
2019-05-16 13:30:31.381709: I tensorflow/core/common_runtime/gpu/gpu_device.cc:984] 0:   N 
2019-05-16 13:30:31.382065: I tensorflow/core/common_runtime/gpu/gpu_device.cc:1097] Created TensorFlow device (/job:localhost/replica:0/task:0/device:GPU:0 with 10955 MB memory) -> physical GPU (device: 0, name: TITAN V, pci bus id: 0000:83:00.0, compute capability: 7.0)
{'alpha': 0.26828454686737413, 'dropout': 0.4224769856816665, 'lr': 0.003694528973835067, 'leaky_relu': 0.12278969062505102, 'batch_norm': 1, 'num_layers': 3, 'layer_0': 62, 'layer_1': 184, 'layer_2': 57, 'layer_3': 468, 'layer_4': 493, 'layer_5': 87, 'layer_6': 271, 'layer_7': 427, 'max_concurrent': 3, 'P': 'arcus_gpu.p', 'q': 'arcus.q', 'l': "hostname='(arcus-1|arcus-2|arcus-3|arcus-4|arcus-5|arcus-6|arcus-7|arcus-8|arcus-9|arcus-10)'", 'env': '/home/jott1/Projects/SHERPA_EX/.profile', 'data': 'fluxbypass_aqua', 'net_type': 'conservation', 'loss_type': 'weak_loss', 'batch_size': 2048, 'data_dir': '/baldig/chemistry/earth_system_science/', 'max_dense_layers': 8, 'epochs': 25, 'patience': 10}
Epoch 1/25
 - 2116s - loss: -4.7103e+11 - mean_squared_error: 6440227902537.9893 - val_loss: -3.7599e+12 - val_mean_squared_error: 51408648024497.9922
Epoch 2/25
 - 628s - loss: -1.4262e+13 - mean_squared_error: 194998015408769.4688 - val_loss: -4.3347e+13 - val_mean_squared_error: 592670659387968.5000
Epoch 3/25
 - 676s - loss: -9.6237e+13 - mean_squared_error: 1315821454517902.7500 - val_loss: -2.3161e+14 - val_mean_squared_error: 3166757435981178.0000
Epoch 4/25
 - 638s - loss: -3.5467e+14 - mean_squared_error: 4849275997192243.0000 - val_loss: -4.1712e+14 - val_mean_squared_error: 5703217747234547.0000
Epoch 5/25
 - 624s - loss: -9.5181e+14 - mean_squared_error: 13013841691393096.0000 - val_loss: -1.0151e+15 - val_mean_squared_error: 13879751586331214.0000
Epoch 6/25
 - 2564s - loss: -2.1036e+15 - mean_squared_error: 28761625506334864.0000 - val_loss: -4.6026e+15 - val_mean_squared_error: 62930612738911032.0000
Epoch 7/25
 - 636s - loss: -4.0797e+15 - mean_squared_error: 55780730499919072.0000 - val_loss: -7.4229e+15 - val_mean_squared_error: 101491488354101696.0000
Epoch 8/25
 - 624s - loss: -7.2001e+15 - mean_squared_error: 98445296421319344.0000 - val_loss: -8.6379e+15 - val_mean_squared_error: 118104427436328064.0000
Epoch 9/25
 - 645s - loss: -1.1842e+16 - mean_squared_error: 161906237763608160.0000 - val_loss: -1.7149e+16 - val_mean_squared_error: 234473908672582816.0000
Epoch 10/25
 - 624s - loss: -1.8434e+16 - mean_squared_error: 252037557899226976.0000 - val_loss: -3.1251e+16 - val_mean_squared_error: 427287650075468416.0000
Epoch 11/25
 - 639s - loss: -2.7460e+16 - mean_squared_error: 375448854397427136.0000 - val_loss: -3.2165e+16 - val_mean_squared_error: 439783436253555328.0000
/pkg/python/3.6.1-centos7/lib/python3.6/site-packages/h5py/__init__.py:34: FutureWarning: Conversion of the second argument of issubdtype from `float` to `np.floating` is deprecated. In future, it will be treated as `np.float64 == np.dtype(float).type`.
  from ._conv import register_converters as _register_converters
Using TensorFlow backend.
Done with trial 20
