Running from arcus-8
2019-05-16 02:38:27.752831: I tensorflow/core/platform/cpu_feature_guard.cc:141] Your CPU supports instructions that this TensorFlow binary was not compiled to use: AVX2 FMA
2019-05-16 02:38:31.418690: I tensorflow/core/common_runtime/gpu/gpu_device.cc:1405] Found device 0 with properties: 
name: TITAN X (Pascal) major: 6 minor: 1 memoryClockRate(GHz): 1.531
pciBusID: 0000:03:00.0
totalMemory: 11.91GiB freeMemory: 11.75GiB
2019-05-16 02:38:31.418802: I tensorflow/core/common_runtime/gpu/gpu_device.cc:1484] Adding visible gpu devices: 0
2019-05-16 02:38:40.344741: I tensorflow/core/common_runtime/gpu/gpu_device.cc:965] Device interconnect StreamExecutor with strength 1 edge matrix:
2019-05-16 02:38:40.345253: I tensorflow/core/common_runtime/gpu/gpu_device.cc:971]      0 
2019-05-16 02:38:40.345273: I tensorflow/core/common_runtime/gpu/gpu_device.cc:984] 0:   N 
2019-05-16 02:38:40.345735: I tensorflow/core/common_runtime/gpu/gpu_device.cc:1097] Created TensorFlow device (/job:localhost/replica:0/task:0/device:GPU:0 with 11374 MB memory) -> physical GPU (device: 0, name: TITAN X (Pascal), pci bus id: 0000:03:00.0, compute capability: 6.1)
{'alpha': 0.1523894398753567, 'dropout': 0.1661488521742963, 'lr': 0.00588005581445239, 'leaky_relu': 0.023225091219631955, 'batch_norm': 0, 'num_layers': 3, 'layer_0': 141, 'layer_1': 131, 'layer_2': 197, 'layer_3': 112, 'layer_4': 306, 'layer_5': 363, 'layer_6': 487, 'layer_7': 47, 'max_concurrent': 3, 'P': 'arcus_gpu.p', 'q': 'arcus.q', 'l': "hostname='(arcus-1|arcus-2|arcus-3|arcus-4|arcus-5|arcus-6|arcus-7|arcus-8|arcus-9|arcus-10)'", 'env': '/home/jott1/Projects/SHERPA_EX/.profile', 'data': 'fluxbypass_aqua', 'net_type': 'normal', 'loss_type': 'weak_loss', 'batch_size': 2048, 'data_dir': '/baldig/chemistry/earth_system_science/', 'max_dense_layers': 8, 'epochs': 25, 'patience': 10}
Epoch 1/25
 - 5178s - loss: 986.6393 - mean_squared_error: 1254.3253 - val_loss: 565.3402 - val_mean_squared_error: 963.4787
Epoch 2/25
 - 5233s - loss: 524.4868 - mean_squared_error: 528.0476 - val_loss: 656.9731 - val_mean_squared_error: 668.5016
Epoch 3/25
 - 5131s - loss: 418.5440 - mean_squared_error: 437.9838 - val_loss: 233.1043 - val_mean_squared_error: 387.7279
Epoch 4/25
 - 5501s - loss: 367.2839 - mean_squared_error: 403.6829 - val_loss: 382.6789 - val_mean_squared_error: 543.5287
Epoch 5/25
 - 5124s - loss: 342.3244 - mean_squared_error: 389.6405 - val_loss: 195.6282 - val_mean_squared_error: 371.1581
Epoch 6/25
 - 5068s - loss: 322.5921 - mean_squared_error: 373.0968 - val_loss: 251.9316 - val_mean_squared_error: 375.6012
Epoch 7/25
 - 4664s - loss: 308.2480 - mean_squared_error: 362.0378 - val_loss: 496.1382 - val_mean_squared_error: 410.0955
Epoch 8/25
 - 4463s - loss: 297.3195 - mean_squared_error: 354.0715 - val_loss: 394.7572 - val_mean_squared_error: 368.0670
Epoch 9/25
 - 3337s - loss: 288.9809 - mean_squared_error: 350.2500 - val_loss: 333.2187 - val_mean_squared_error: 322.6789
Epoch 10/25
 - 3116s - loss: 282.3819 - mean_squared_error: 346.8611 - val_loss: 319.7459 - val_mean_squared_error: 349.3019
Epoch 11/25
 - 3193s - loss: 279.6409 - mean_squared_error: 347.3387 - val_loss: 253.9731 - val_mean_squared_error: 351.9984
Epoch 12/25
 - 3259s - loss: 272.4107 - mean_squared_error: 341.7039 - val_loss: 320.8574 - val_mean_squared_error: 323.3777
Epoch 13/25
 - 3253s - loss: 269.7457 - mean_squared_error: 340.8819 - val_loss: 352.2661 - val_mean_squared_error: 400.8298
Epoch 14/25
 - 3604s - loss: 263.7692 - mean_squared_error: 335.3660 - val_loss: 400.1026 - val_mean_squared_error: 316.7590
Epoch 15/25
 - 3350s - loss: 263.3884 - mean_squared_error: 335.5990 - val_loss: 319.7027 - val_mean_squared_error: 346.8013
Epoch 16/25
 - 3471s - loss: 258.9152 - mean_squared_error: 331.5972 - val_loss: 403.2462 - val_mean_squared_error: 353.4307
Epoch 17/25
 - 3264s - loss: 256.8475 - mean_squared_error: 330.9404 - val_loss: 288.4690 - val_mean_squared_error: 351.8085
Epoch 18/25
 - 3555s - loss: 255.8854 - mean_squared_error: 330.2501 - val_loss: 375.1331 - val_mean_squared_error: 288.5983
Epoch 19/25
 - 3383s - loss: 253.5259 - mean_squared_error: 328.9166 - val_loss: 489.2845 - val_mean_squared_error: 386.3964
Epoch 20/25
 - 4708s - loss: 249.9097 - mean_squared_error: 327.2654 - val_loss: 411.8373 - val_mean_squared_error: 358.5962
Epoch 21/25
 - 3683s - loss: 246.3268 - mean_squared_error: 325.0446 - val_loss: 275.2277 - val_mean_squared_error: 332.7647
Epoch 22/25
 - 3486s - loss: 243.0602 - mean_squared_error: 324.0126 - val_loss: 325.1395 - val_mean_squared_error: 312.6454
Epoch 23/25
 - 3556s - loss: 241.3637 - mean_squared_error: 321.9972 - val_loss: 258.3618 - val_mean_squared_error: 303.4685
Epoch 24/25
 - 3626s - loss: 239.8063 - mean_squared_error: 321.7120 - val_loss: 257.3254 - val_mean_squared_error: 300.9733
Epoch 25/25
 - 3888s - loss: 236.9777 - mean_squared_error: 320.1283 - val_loss: 233.2599 - val_mean_squared_error: 307.5481
/pkg/python/3.6.1-centos7/lib/python3.6/site-packages/h5py/__init__.py:34: FutureWarning: Conversion of the second argument of issubdtype from `float` to `np.floating` is deprecated. In future, it will be treated as `np.float64 == np.dtype(float).type`.
  from ._conv import register_converters as _register_converters
Using TensorFlow backend.
Done with trial 8
