ERROR: Only reserved 0 of 1 requested devices. You probably need to clear stale locks in arcus-6:/tmp/gpuLock/.
Running from arcus-1.ics.uci.edu
2019-05-15 03:07:34.291091: I tensorflow/core/common_runtime/gpu/gpu_device.cc:1405] Found device 0 with properties: 
name: GeForce GTX TITAN major: 3 minor: 5 memoryClockRate(GHz): 0.8755
pciBusID: 0000:84:00.0
totalMemory: 5.94GiB freeMemory: 5.87GiB
2019-05-15 03:07:34.291446: I tensorflow/core/common_runtime/gpu/gpu_device.cc:1484] Adding visible gpu devices: 0
2019-05-15 03:07:37.514905: I tensorflow/core/common_runtime/gpu/gpu_device.cc:965] Device interconnect StreamExecutor with strength 1 edge matrix:
2019-05-15 03:07:37.514977: I tensorflow/core/common_runtime/gpu/gpu_device.cc:971]      0 
2019-05-15 03:07:37.514991: I tensorflow/core/common_runtime/gpu/gpu_device.cc:984] 0:   N 
2019-05-15 03:07:37.515283: I tensorflow/core/common_runtime/gpu/gpu_device.cc:1097] Created TensorFlow device (/job:localhost/replica:0/task:0/device:GPU:0 with 5662 MB memory) -> physical GPU (device: 0, name: GeForce GTX TITAN, pci bus id: 0000:84:00.0, compute capability: 3.5)
{'alpha': 0.14619194119294743, 'dropout': 0.2296800196647104, 'lr': 0.008122890919268528, 'leaky_relu': 0.39624564117103855, 'batch_norm': 1, 'num_layers': 4, 'layer_0': 309, 'layer_1': 81, 'layer_2': 487, 'layer_3': 296, 'layer_4': 485, 'layer_5': 471, 'layer_6': 486, 'layer_7': 307, 'max_concurrent': 3, 'P': 'arcus_gpu.p', 'q': 'arcus.q', 'l': "hostname='(arcus-1|arcus-2|arcus-3|arcus-4|arcus-5|arcus-6|arcus-7|arcus-8|arcus-9|arcus-10)'", 'env': '/home/jott1/Projects/SHERPA_EX/.profile', 'data': 'fluxbypass_aqua', 'net_type': 'normal', 'loss_type': 'weak_loss', 'batch_size': 2048, 'data_dir': '/baldig/chemistry/earth_system_science/', 'max_dense_layers': 8, 'epochs': 25, 'patience': 10}
Epoch 1/25
 - 4206s - loss: 1684.8835 - mean_squared_error: 1418.4228 - val_loss: 559.5226 - val_mean_squared_error: 728.9988
Epoch 2/25
 - 4015s - loss: 1248.4411 - mean_squared_error: 900.2616 - val_loss: 517.9509 - val_mean_squared_error: 607.2009
Epoch 3/25
 - 4817s - loss: 1141.0096 - mean_squared_error: 849.7483 - val_loss: 484.0598 - val_mean_squared_error: 573.9798
Epoch 4/25
 - 4526s - loss: 1090.7976 - mean_squared_error: 831.6363 - val_loss: 441.3355 - val_mean_squared_error: 576.9000
Epoch 5/25
 - 4753s - loss: 1062.0276 - mean_squared_error: 824.6044 - val_loss: 535.9786 - val_mean_squared_error: 511.7679
Epoch 6/25
 - 3776s - loss: 1045.2550 - mean_squared_error: 824.1781 - val_loss: 466.5020 - val_mean_squared_error: 449.5330
Epoch 7/25
 - 3727s - loss: 1030.8544 - mean_squared_error: 820.3697 - val_loss: 374.0697 - val_mean_squared_error: 417.4462
Epoch 8/25
 - 3641s - loss: 1021.4168 - mean_squared_error: 822.4345 - val_loss: 420.9483 - val_mean_squared_error: 454.4996
Epoch 9/25
 - 4260s - loss: 1010.6629 - mean_squared_error: 821.1042 - val_loss: 285.6578 - val_mean_squared_error: 448.7640
Epoch 10/25
 - 4186s - loss: 1005.1135 - mean_squared_error: 819.8177 - val_loss: 355.1632 - val_mean_squared_error: 470.1366
Epoch 11/25
 - 4006s - loss: 1000.8094 - mean_squared_error: 821.1251 - val_loss: 426.5524 - val_mean_squared_error: 459.4779
Epoch 12/25
 - 3391s - loss: 997.0740 - mean_squared_error: 821.2805 - val_loss: 491.3342 - val_mean_squared_error: 447.7195
Epoch 13/25
 - 3313s - loss: 992.7055 - mean_squared_error: 821.1258 - val_loss: 479.0724 - val_mean_squared_error: 460.3728
Epoch 14/25
 - 3648s - loss: 989.2325 - mean_squared_error: 820.8424 - val_loss: 494.1057 - val_mean_squared_error: 442.7358
Epoch 15/25
 - 3629s - loss: 985.4680 - mean_squared_error: 820.5330 - val_loss: 382.5674 - val_mean_squared_error: 455.0492
Epoch 16/25
 - 3782s - loss: 984.2960 - mean_squared_error: 821.7594 - val_loss: 426.0023 - val_mean_squared_error: 442.1496
Epoch 17/25
 - 4005s - loss: 982.6125 - mean_squared_error: 822.2023 - val_loss: 392.3133 - val_mean_squared_error: 430.3134
/pkg/python/3.6.1-centos7/lib/python3.6/site-packages/h5py/__init__.py:34: FutureWarning: Conversion of the second argument of issubdtype from `float` to `np.floating` is deprecated. In future, it will be treated as `np.float64 == np.dtype(float).type`.
  from ._conv import register_converters as _register_converters
Using TensorFlow backend.
Done with trial 4
