ERROR: Only reserved 0 of 1 requested devices. You probably need to clear stale locks in arcus-2.ics.uci.edu:/tmp/gpuLock/.
Running from arcus-1.ics.uci.edu
2019-05-14 13:39:23.757192: I tensorflow/core/common_runtime/gpu/gpu_device.cc:1405] Found device 0 with properties: 
name: GeForce GTX TITAN major: 3 minor: 5 memoryClockRate(GHz): 0.8755
pciBusID: 0000:03:00.0
totalMemory: 5.94GiB freeMemory: 5.87GiB
2019-05-14 13:39:23.757465: I tensorflow/core/common_runtime/gpu/gpu_device.cc:1484] Adding visible gpu devices: 0
2019-05-14 13:39:30.004949: I tensorflow/core/common_runtime/gpu/gpu_device.cc:965] Device interconnect StreamExecutor with strength 1 edge matrix:
2019-05-14 13:39:30.005020: I tensorflow/core/common_runtime/gpu/gpu_device.cc:971]      0 
2019-05-14 13:39:30.005035: I tensorflow/core/common_runtime/gpu/gpu_device.cc:984] 0:   N 
2019-05-14 13:39:30.005439: I tensorflow/core/common_runtime/gpu/gpu_device.cc:1097] Created TensorFlow device (/job:localhost/replica:0/task:0/device:GPU:0 with 5662 MB memory) -> physical GPU (device: 0, name: GeForce GTX TITAN, pci bus id: 0000:03:00.0, compute capability: 3.5)
{'alpha': 0.6129342639661327, 'dropout': 0.31006615680329536, 'lr': 0.0001663646758609935, 'leaky_relu': 0.1664882684354071, 'batch_norm': 1, 'num_layers': 3, 'layer_0': 419, 'layer_1': 496, 'layer_2': 428, 'layer_3': 264, 'layer_4': 97, 'layer_5': 159, 'layer_6': 377, 'layer_7': 323, 'max_concurrent': 3, 'P': 'arcus_gpu.p', 'q': 'arcus.q', 'l': "hostname='(arcus-1|arcus-2|arcus-3|arcus-4|arcus-5|arcus-6|arcus-7|arcus-8|arcus-9|arcus-10)'", 'env': '/home/jott1/Projects/SHERPA_EX/.profile', 'data': 'fluxbypass_aqua', 'net_type': 'normal', 'loss_type': 'weak_loss', 'batch_size': 2048, 'data_dir': '/baldig/chemistry/earth_system_science/', 'max_dense_layers': 8, 'epochs': 25, 'patience': 10}
Epoch 1/25
 - 5002s - loss: -3.6447e+04 - mean_squared_error: 28296.2892 - val_loss: -4.7442e+05 - val_mean_squared_error: 330661.5387
Epoch 2/25
 - 3960s - loss: -5.3250e+06 - mean_squared_error: 3694980.0878 - val_loss: -3.9635e+07 - val_mean_squared_error: 27466363.7472
Epoch 3/25
 - 4103s - loss: -6.3884e+07 - mean_squared_error: 44262440.1228 - val_loss: -2.2344e+08 - val_mean_squared_error: 154269706.8646
Epoch 4/25
 - 4173s - loss: -3.1662e+08 - mean_squared_error: 219316654.5402 - val_loss: -1.0811e+09 - val_mean_squared_error: 749017937.0149
Epoch 5/25
 - 4094s - loss: -1.0290e+09 - mean_squared_error: 712799941.9103 - val_loss: -3.2832e+09 - val_mean_squared_error: 2269759446.3631
Epoch 6/25
 - 4410s - loss: -2.5947e+09 - mean_squared_error: 1797351100.0093 - val_loss: -4.9826e+09 - val_mean_squared_error: 3443331642.6388
Epoch 7/25
 - 4572s - loss: -5.5428e+09 - mean_squared_error: 3839552152.9961 - val_loss: -1.4013e+10 - val_mean_squared_error: 9680596933.3921
Epoch 8/25
 - 4520s - loss: -1.0551e+10 - mean_squared_error: 7309179153.2993 - val_loss: -2.4090e+10 - val_mean_squared_error: 16640702885.8995
Epoch 9/25
 - 4427s - loss: -1.8424e+10 - mean_squared_error: 12762489661.1292 - val_loss: -3.1834e+10 - val_mean_squared_error: 21982603165.8005
Epoch 10/25
 - 4908s - loss: -3.0128e+10 - mean_squared_error: 20869813642.7904 - val_loss: -4.5356e+10 - val_mean_squared_error: 31335364742.4687
Epoch 11/25
 - 4269s - loss: -4.6747e+10 - mean_squared_error: 32380424198.9296 - val_loss: -7.7047e+10 - val_mean_squared_error: 53180703587.1678
/pkg/python/3.6.1-centos7/lib/python3.6/site-packages/h5py/__init__.py:34: FutureWarning: Conversion of the second argument of issubdtype from `float` to `np.floating` is deprecated. In future, it will be treated as `np.float64 == np.dtype(float).type`.
  from ._conv import register_converters as _register_converters
Using TensorFlow backend.
Done with trial 1
