Running from arcus-4.ics.uci.edu
2019-05-16 10:49:24.478990: I tensorflow/core/common_runtime/gpu/gpu_device.cc:1405] Found device 0 with properties: 
name: Tesla K40c major: 3 minor: 5 memoryClockRate(GHz): 0.745
pciBusID: 0000:84:00.0
totalMemory: 11.17GiB freeMemory: 11.09GiB
2019-05-16 10:49:24.483195: I tensorflow/core/common_runtime/gpu/gpu_device.cc:1484] Adding visible gpu devices: 0
2019-05-16 10:49:31.324828: I tensorflow/core/common_runtime/gpu/gpu_device.cc:965] Device interconnect StreamExecutor with strength 1 edge matrix:
2019-05-16 10:49:31.325414: I tensorflow/core/common_runtime/gpu/gpu_device.cc:971]      0 
2019-05-16 10:49:31.325439: I tensorflow/core/common_runtime/gpu/gpu_device.cc:984] 0:   N 
2019-05-16 10:49:31.325839: I tensorflow/core/common_runtime/gpu/gpu_device.cc:1097] Created TensorFlow device (/job:localhost/replica:0/task:0/device:GPU:0 with 10750 MB memory) -> physical GPU (device: 0, name: Tesla K40c, pci bus id: 0000:84:00.0, compute capability: 3.5)
{'alpha': 0.4641378082198826, 'dropout': 0.3982334960692828, 'lr': 0.004107408727332206, 'leaky_relu': 0.06379673105024108, 'batch_norm': 0, 'num_layers': 4, 'layer_0': 239, 'layer_1': 239, 'layer_2': 65, 'layer_3': 351, 'layer_4': 267, 'layer_5': 300, 'layer_6': 197, 'layer_7': 216, 'max_concurrent': 3, 'P': 'arcus_gpu.p', 'q': 'arcus.q', 'l': "hostname='(arcus-1|arcus-2|arcus-3|arcus-4|arcus-5|arcus-6|arcus-7|arcus-8|arcus-9|arcus-10)'", 'env': '/home/jott1/Projects/SHERPA_EX/.profile', 'data': 'fluxbypass_aqua', 'net_type': 'normal', 'loss_type': 'weak_loss', 'batch_size': 2048, 'data_dir': '/baldig/chemistry/earth_system_science/', 'max_dense_layers': 8, 'epochs': 25, 'patience': 10}
Epoch 1/25
 - 5601s - loss: -3.3522e+24 - mean_squared_error: 4826019882515820932235264.0000 - val_loss: -1.0752e+25 - val_mean_squared_error: 15600512377372407381360640.0000
Epoch 2/25
 - 6137s - loss: -1.9384e+25 - mean_squared_error: 28371854114328298611802112.0000 - val_loss: -2.5333e+25 - val_mean_squared_error: 36896655113006133876359168.0000
Epoch 3/25
 - 6105s - loss: -2.7202e+25 - mean_squared_error: 39739616735803738479919104.0000 - val_loss: -2.7705e+25 - val_mean_squared_error: 40251374063806416485875712.0000
Epoch 4/25
 - 5994s - loss: -2.8853e+25 - mean_squared_error: 42084022257239129747095552.0000 - val_loss: -2.9203e+25 - val_mean_squared_error: 42370433757942755851501568.0000
Epoch 5/25
 - 6083s - loss: -3.0388e+25 - mean_squared_error: 44268449566354216140668928.0000 - val_loss: -3.0697e+25 - val_mean_squared_error: 44481204295324500968341504.0000
Epoch 6/25
 - 6037s - loss: -3.1894e+25 - mean_squared_error: 46410195564435891923451904.0000 - val_loss: -3.2196e+25 - val_mean_squared_error: 46607260032175447706959872.0000
Epoch 7/25
 - 4598s - loss: -3.3447e+25 - mean_squared_error: 48619800778406933779447808.0000 - val_loss: -3.3760e+25 - val_mean_squared_error: 48859815170725928828403712.0000
Epoch 8/25
 - 5136s - loss: -3.5040e+25 - mean_squared_error: 50885382596364559131344896.0000 - val_loss: -3.5391e+25 - val_mean_squared_error: 51283290184816824466538496.0000
Epoch 9/25
 - 5954s - loss: -3.6680e+25 - mean_squared_error: 53209953063077988993597440.0000 - val_loss: -3.7075e+25 - val_mean_squared_error: 53812643667931435701895168.0000
Epoch 10/25
 - 4975s - loss: -3.8354e+25 - mean_squared_error: 55591486013965076193607680.0000 - val_loss: -3.8770e+25 - val_mean_squared_error: 56326514281490727185678336.0000
Epoch 11/25
 - 4805s - loss: -3.9990e+25 - mean_squared_error: 57925228453080569670008832.0000 - val_loss: -4.0383e+25 - val_mean_squared_error: 58701716031924649720807424.0000
/pkg/python/3.6.1-centos7/lib/python3.6/site-packages/h5py/__init__.py:34: FutureWarning: Conversion of the second argument of issubdtype from `float` to `np.floating` is deprecated. In future, it will be treated as `np.float64 == np.dtype(float).type`.
  from ._conv import register_converters as _register_converters
Using TensorFlow backend.
Done with trial 9
