Running from arcus-10
2019-05-16 16:24:36.912673: I tensorflow/core/platform/cpu_feature_guard.cc:141] Your CPU supports instructions that this TensorFlow binary was not compiled to use: AVX2 FMA
2019-05-16 16:24:39.749377: I tensorflow/core/common_runtime/gpu/gpu_device.cc:1405] Found device 0 with properties: 
name: TITAN V major: 7 minor: 0 memoryClockRate(GHz): 1.455
pciBusID: 0000:83:00.0
totalMemory: 11.75GiB freeMemory: 11.34GiB
2019-05-16 16:24:39.749432: I tensorflow/core/common_runtime/gpu/gpu_device.cc:1484] Adding visible gpu devices: 0
2019-05-16 16:24:40.216914: I tensorflow/core/common_runtime/gpu/gpu_device.cc:965] Device interconnect StreamExecutor with strength 1 edge matrix:
2019-05-16 16:24:40.216959: I tensorflow/core/common_runtime/gpu/gpu_device.cc:971]      0 
2019-05-16 16:24:40.216966: I tensorflow/core/common_runtime/gpu/gpu_device.cc:984] 0:   N 
2019-05-16 16:24:40.217245: I tensorflow/core/common_runtime/gpu/gpu_device.cc:1097] Created TensorFlow device (/job:localhost/replica:0/task:0/device:GPU:0 with 10955 MB memory) -> physical GPU (device: 0, name: TITAN V, pci bus id: 0000:83:00.0, compute capability: 7.0)
{'alpha': 0.9110011083400429, 'dropout': 0.4409729524494049, 'lr': 0.00662318404985104, 'leaky_relu': 0.11625423457757977, 'batch_norm': 0, 'num_layers': 6, 'layer_0': 269, 'layer_1': 504, 'layer_2': 131, 'layer_3': 75, 'layer_4': 109, 'layer_5': 232, 'layer_6': 303, 'layer_7': 173, 'max_concurrent': 3, 'P': 'arcus_gpu.p', 'q': 'arcus.q', 'l': "hostname='(arcus-1|arcus-2|arcus-3|arcus-4|arcus-5|arcus-6|arcus-7|arcus-8|arcus-9|arcus-10)'", 'env': '/home/jott1/Projects/SHERPA_EX/.profile', 'data': 'fluxbypass_aqua', 'net_type': 'normal', 'loss_type': 'weak_loss', 'batch_size': 2048, 'data_dir': '/baldig/chemistry/earth_system_science/', 'max_dense_layers': 8, 'epochs': 25, 'patience': 10}
Epoch 1/25
 - 2386s - loss: -2.0325e+24 - mean_squared_error: 897174127478738746605568.0000 - val_loss: -7.3671e+24 - val_mean_squared_error: 3172504631685108341932032.0000
Epoch 2/25
 - 509s - loss: -8.7230e+24 - mean_squared_error: 3853679480034551996088320.0000 - val_loss: -8.7398e+24 - val_mean_squared_error: 3763576737988635799846912.0000
Epoch 3/25
 - 503s - loss: -9.0668e+24 - mean_squared_error: 4025235271170708968833024.0000 - val_loss: -8.8558e+24 - val_mean_squared_error: 3817072238547814416646144.0000
Epoch 4/25
 - 515s - loss: -9.2216e+24 - mean_squared_error: 4080856439079037116088320.0000 - val_loss: -8.9602e+24 - val_mean_squared_error: 3862388149344497232248832.0000
Epoch 5/25
 - 2428s - loss: -9.3534e+24 - mean_squared_error: 4138176786307914720608256.0000 - val_loss: -9.0640e+24 - val_mean_squared_error: 3907271310402397111582720.0000
Epoch 6/25
 - 520s - loss: -9.4636e+24 - mean_squared_error: 4194807421959350203187200.0000 - val_loss: -9.1663e+24 - val_mean_squared_error: 3951423855258299592081408.0000
Epoch 7/25
 - 518s - loss: -9.5553e+24 - mean_squared_error: 4254649947185768919203840.0000 - val_loss: -9.2685e+24 - val_mean_squared_error: 3995514510449949815078912.0000
Epoch 8/25
 - 533s - loss: -9.7075e+24 - mean_squared_error: 4306610839331187040714752.0000 - val_loss: -9.3701e+24 - val_mean_squared_error: 4039306150931151322087424.0000
Epoch 9/25
 - 519s - loss: -9.7999e+24 - mean_squared_error: 4366207767087617511784448.0000 - val_loss: -9.4722e+24 - val_mean_squared_error: 4083291074678966785671168.0000
Epoch 10/25
 - 519s - loss: -9.9430e+24 - mean_squared_error: 4419250161059508443414528.0000 - val_loss: -9.5747e+24 - val_mean_squared_error: 4127443927848583360937984.0000
Epoch 11/25
 - 521s - loss: -1.0023e+25 - mean_squared_error: 4480210458090589799841792.0000 - val_loss: -9.6764e+24 - val_mean_squared_error: 4171267610998784726663168.0000
/pkg/python/3.6.1-centos7/lib/python3.6/site-packages/h5py/__init__.py:34: FutureWarning: Conversion of the second argument of issubdtype from `float` to `np.floating` is deprecated. In future, it will be treated as `np.float64 == np.dtype(float).type`.
  from ._conv import register_converters as _register_converters
Using TensorFlow backend.
Done with trial 10
