Running from arcus-6
2019-05-14 13:59:43.672327: I tensorflow/core/platform/cpu_feature_guard.cc:141] Your CPU supports instructions that this TensorFlow binary was not compiled to use: AVX2 FMA
2019-05-14 13:59:44.441976: I tensorflow/core/common_runtime/gpu/gpu_device.cc:1405] Found device 0 with properties: 
name: GeForce GTX TITAN X major: 5 minor: 2 memoryClockRate(GHz): 1.076
pciBusID: 0000:03:00.0
totalMemory: 11.93GiB freeMemory: 11.81GiB
2019-05-14 13:59:44.442041: I tensorflow/core/common_runtime/gpu/gpu_device.cc:1484] Adding visible gpu devices: 0
2019-05-14 13:59:44.916211: I tensorflow/core/common_runtime/gpu/gpu_device.cc:965] Device interconnect StreamExecutor with strength 1 edge matrix:
2019-05-14 13:59:44.916260: I tensorflow/core/common_runtime/gpu/gpu_device.cc:971]      0 
2019-05-14 13:59:44.916271: I tensorflow/core/common_runtime/gpu/gpu_device.cc:984] 0:   N 
2019-05-14 13:59:44.916659: I tensorflow/core/common_runtime/gpu/gpu_device.cc:1097] Created TensorFlow device (/job:localhost/replica:0/task:0/device:GPU:0 with 11428 MB memory) -> physical GPU (device: 0, name: GeForce GTX TITAN X, pci bus id: 0000:03:00.0, compute capability: 5.2)
{'alpha': 0.14361179665802748, 'dropout': 0.32455729426314733, 'lr': 0.009547299023768694, 'leaky_relu': 0.19402239153249362, 'batch_norm': 1, 'num_layers': 3, 'layer_0': 211, 'layer_1': 278, 'layer_2': 325, 'layer_3': 41, 'layer_4': 112, 'layer_5': 33, 'layer_6': 144, 'layer_7': 391, 'max_concurrent': 3, 'P': 'arcus_gpu.p', 'q': 'arcus.q', 'l': "hostname='(arcus-1|arcus-2|arcus-3|arcus-4|arcus-5|arcus-6|arcus-7|arcus-8|arcus-9|arcus-10)'", 'env': '/home/jott1/Projects/SHERPA_EX/.profile', 'data': 'fluxbypass_aqua', 'net_type': 'normal', 'loss_type': 'mse', 'batch_size': 2048, 'data_dir': '/baldig/chemistry/earth_system_science/', 'max_dense_layers': 8, 'epochs': 25, 'patience': 10}
Epoch 1/25
 - 4823s - loss: 437.9012 - mean_squared_error: 437.9012 - val_loss: 315.4789 - val_mean_squared_error: 315.4789
Epoch 2/25
 - 3775s - loss: 415.6571 - mean_squared_error: 415.6571 - val_loss: 333.3531 - val_mean_squared_error: 333.3531
Epoch 3/25
 - 4123s - loss: 412.8069 - mean_squared_error: 412.8069 - val_loss: 340.0088 - val_mean_squared_error: 340.0088
Epoch 4/25
 - 3676s - loss: 411.0110 - mean_squared_error: 411.0110 - val_loss: 320.0006 - val_mean_squared_error: 320.0006
Epoch 5/25
 - 3862s - loss: 409.7264 - mean_squared_error: 409.7264 - val_loss: 297.7977 - val_mean_squared_error: 297.7977
Epoch 6/25
 - 4120s - loss: 408.8404 - mean_squared_error: 408.8404 - val_loss: 340.1663 - val_mean_squared_error: 340.1663
Epoch 7/25
 - 4066s - loss: 408.5295 - mean_squared_error: 408.5295 - val_loss: 324.8568 - val_mean_squared_error: 324.8568
Epoch 8/25
 - 3988s - loss: 407.9108 - mean_squared_error: 407.9108 - val_loss: 332.5314 - val_mean_squared_error: 332.5314
Epoch 9/25
 - 3813s - loss: 407.6021 - mean_squared_error: 407.6021 - val_loss: 311.5226 - val_mean_squared_error: 311.5226
Epoch 10/25
 - 4589s - loss: 407.5008 - mean_squared_error: 407.5008 - val_loss: 316.0315 - val_mean_squared_error: 316.0315
Epoch 11/25
 - 3822s - loss: 407.1463 - mean_squared_error: 407.1463 - val_loss: 306.4945 - val_mean_squared_error: 306.4945
Epoch 12/25
 - 3997s - loss: 406.6696 - mean_squared_error: 406.6696 - val_loss: 300.0289 - val_mean_squared_error: 300.0289
Epoch 13/25
 - 4040s - loss: 406.7830 - mean_squared_error: 406.7830 - val_loss: 328.9715 - val_mean_squared_error: 328.9715
Epoch 14/25
 - 3904s - loss: 406.2868 - mean_squared_error: 406.2868 - val_loss: 339.5486 - val_mean_squared_error: 339.5486
Epoch 15/25
 - 4277s - loss: 406.2794 - mean_squared_error: 406.2794 - val_loss: 345.2832 - val_mean_squared_error: 345.2832
/pkg/python/3.6.1-centos7/lib/python3.6/site-packages/h5py/__init__.py:34: FutureWarning: Conversion of the second argument of issubdtype from `float` to `np.floating` is deprecated. In future, it will be treated as `np.float64 == np.dtype(float).type`.
  from ._conv import register_converters as _register_converters
Using TensorFlow backend.
Done with trial 1
