Running from arcus-10
2019-05-15 17:54:57.969041: I tensorflow/core/platform/cpu_feature_guard.cc:141] Your CPU supports instructions that this TensorFlow binary was not compiled to use: AVX2 FMA
2019-05-15 17:55:00.839858: I tensorflow/core/common_runtime/gpu/gpu_device.cc:1405] Found device 0 with properties: 
name: TITAN V major: 7 minor: 0 memoryClockRate(GHz): 1.455
pciBusID: 0000:02:00.0
totalMemory: 11.75GiB freeMemory: 11.34GiB
2019-05-15 17:55:00.839912: I tensorflow/core/common_runtime/gpu/gpu_device.cc:1484] Adding visible gpu devices: 0
2019-05-15 17:55:01.315976: I tensorflow/core/common_runtime/gpu/gpu_device.cc:965] Device interconnect StreamExecutor with strength 1 edge matrix:
2019-05-15 17:55:01.316046: I tensorflow/core/common_runtime/gpu/gpu_device.cc:971]      0 
2019-05-15 17:55:01.316053: I tensorflow/core/common_runtime/gpu/gpu_device.cc:984] 0:   N 
2019-05-15 17:55:01.316334: I tensorflow/core/common_runtime/gpu/gpu_device.cc:1097] Created TensorFlow device (/job:localhost/replica:0/task:0/device:GPU:0 with 10955 MB memory) -> physical GPU (device: 0, name: TITAN V, pci bus id: 0000:02:00.0, compute capability: 7.0)
{'alpha': 0.14465933305690237, 'dropout': 0.13426501389335121, 'lr': 0.009415445471232499, 'leaky_relu': 0.3927941623003927, 'batch_norm': 0, 'num_layers': 5, 'layer_0': 319, 'layer_1': 371, 'layer_2': 388, 'layer_3': 307, 'layer_4': 252, 'layer_5': 174, 'layer_6': 365, 'layer_7': 53, 'max_concurrent': 3, 'P': 'arcus_gpu.p', 'q': 'arcus.q', 'l': "hostname='(arcus-1|arcus-2|arcus-3|arcus-4|arcus-5|arcus-6|arcus-7|arcus-8|arcus-9|arcus-10)'", 'env': '/home/jott1/Projects/SHERPA_EX/.profile', 'data': 'fluxbypass_aqua', 'net_type': 'normal', 'loss_type': 'mse', 'batch_size': 2048, 'data_dir': '/baldig/chemistry/earth_system_science/', 'max_dense_layers': 8, 'epochs': 25, 'patience': 10}
Epoch 1/25
 - 2155s - loss: 4267993.9087 - mean_squared_error: 4267993.9087 - val_loss: 38304.7730 - val_mean_squared_error: 38304.7730
Epoch 2/25
 - 333s - loss: 16976843.8510 - mean_squared_error: 16976843.8510 - val_loss: 9841.3048 - val_mean_squared_error: 9841.3048
Epoch 3/25
 - 342s - loss: 14126962.7491 - mean_squared_error: 14126962.7491 - val_loss: 330120.6534 - val_mean_squared_error: 330120.6534
Epoch 4/25
 - 340s - loss: 27803478.5420 - mean_squared_error: 27803478.5420 - val_loss: 5073.5627 - val_mean_squared_error: 5073.5627
Epoch 5/25
 - 349s - loss: 21695728.0290 - mean_squared_error: 21695728.0290 - val_loss: 26421.4546 - val_mean_squared_error: 26421.4546
Epoch 6/25
 - 353s - loss: 24877465.6018 - mean_squared_error: 24877465.6018 - val_loss: 1989.0814 - val_mean_squared_error: 1989.0814
Epoch 7/25
 - 2327s - loss: 27191509.3415 - mean_squared_error: 27191509.3415 - val_loss: 125415.9425 - val_mean_squared_error: 125415.9425
Epoch 8/25
 - 356s - loss: 26543045.5159 - mean_squared_error: 26543045.5159 - val_loss: 4245.3125 - val_mean_squared_error: 4245.3125
Epoch 9/25
 - 346s - loss: 27544463.1217 - mean_squared_error: 27544463.1217 - val_loss: 5683.1000 - val_mean_squared_error: 5683.1000
Epoch 10/25
 - 344s - loss: 19534995.0580 - mean_squared_error: 19534995.0580 - val_loss: 5008.3765 - val_mean_squared_error: 5008.3765
Epoch 11/25
 - 355s - loss: 23160250.4808 - mean_squared_error: 23160250.4808 - val_loss: 5037.5996 - val_mean_squared_error: 5037.5996
Epoch 12/25
 - 345s - loss: 23839392.5557 - mean_squared_error: 23839392.5557 - val_loss: 121945.2297 - val_mean_squared_error: 121945.2297
Epoch 13/25
 - 342s - loss: 21211153.7599 - mean_squared_error: 21211153.7599 - val_loss: 7693.2880 - val_mean_squared_error: 7693.2880
Epoch 14/25
 - 356s - loss: 24076067.0389 - mean_squared_error: 24076067.0389 - val_loss: 30348.4649 - val_mean_squared_error: 30348.4649
Epoch 15/25
 - 348s - loss: 20190427.2419 - mean_squared_error: 20190427.2419 - val_loss: 835.4778 - val_mean_squared_error: 835.4778
Epoch 16/25
 - 351s - loss: 21102150.4162 - mean_squared_error: 21102150.4162 - val_loss: 7245.1016 - val_mean_squared_error: 7245.1016
Epoch 17/25
 - 353s - loss: 22944671.3019 - mean_squared_error: 22944671.3019 - val_loss: 4217.4739 - val_mean_squared_error: 4217.4739
Epoch 18/25
 - 355s - loss: 31916828.1722 - mean_squared_error: 31916828.1722 - val_loss: 51314.7526 - val_mean_squared_error: 51314.7526
Epoch 19/25
 - 347s - loss: 18674360.1799 - mean_squared_error: 18674360.1799 - val_loss: 1196.5171 - val_mean_squared_error: 1196.5171
Epoch 20/25
 - 357s - loss: 18991797.0221 - mean_squared_error: 18991797.0221 - val_loss: 1820.9836 - val_mean_squared_error: 1820.9836
Epoch 21/25
 - 361s - loss: 25645619.9519 - mean_squared_error: 25645619.9519 - val_loss: 2842.8420 - val_mean_squared_error: 2842.8420
Epoch 22/25
 - 355s - loss: 22084373.2676 - mean_squared_error: 22084373.2676 - val_loss: 51181.0294 - val_mean_squared_error: 51181.0294
Epoch 23/25
 - 355s - loss: 28792425.4871 - mean_squared_error: 28792425.4871 - val_loss: 69761.0424 - val_mean_squared_error: 69761.0424
Epoch 24/25
 - 350s - loss: 21637629.3147 - mean_squared_error: 21637629.3147 - val_loss: 1321258.5567 - val_mean_squared_error: 1321258.5567
Epoch 25/25
 - 351s - loss: 22991755.9352 - mean_squared_error: 22991755.9352 - val_loss: 47442.2479 - val_mean_squared_error: 47442.2479
/pkg/python/3.6.1-centos7/lib/python3.6/site-packages/h5py/__init__.py:34: FutureWarning: Conversion of the second argument of issubdtype from `float` to `np.floating` is deprecated. In future, it will be treated as `np.float64 == np.dtype(float).type`.
  from ._conv import register_converters as _register_converters
Using TensorFlow backend.
Done with trial 7
