2019-05-27 23:32:29.646957: I tensorflow/core/common_runtime/gpu/gpu_device.cc:1405] Found device 0 with properties: 
name: GeForce GTX TITAN Black major: 3 minor: 5 memoryClockRate(GHz): 0.98
pciBusID: 0000:02:00.0
totalMemory: 5.94GiB freeMemory: 5.59GiB
2019-05-27 23:32:29.647012: I tensorflow/core/common_runtime/gpu/gpu_device.cc:1484] Adding visible gpu devices: 0
2019-05-27 23:32:35.311156: I tensorflow/core/common_runtime/gpu/gpu_device.cc:965] Device interconnect StreamExecutor with strength 1 edge matrix:
2019-05-27 23:32:35.311206: I tensorflow/core/common_runtime/gpu/gpu_device.cc:971]      0 
2019-05-27 23:32:35.311217: I tensorflow/core/common_runtime/gpu/gpu_device.cc:984] 0:   N 
2019-05-27 23:32:35.311477: I tensorflow/core/common_runtime/gpu/gpu_device.cc:1097] Created TensorFlow device (/job:localhost/replica:0/task:0/device:GPU:0 with 5197 MB memory) -> physical GPU (device: 0, name: GeForce GTX TITAN Black, pci bus id: 0000:02:00.0, compute capability: 3.5)
{   'P': 'arcus_gpu.p',
    'alg': 'random',
    'alpha': 0.007377050738901565,
    'batch_norm': 0,
    'batch_size': 2048,
    'data': 'fluxbypass_aqua',
    'data_dir': '/baldig/chemistry/earth_system_science/',
    'dropout': 0,
    'env': '/home/jott1/Projects/SHERPA_EX/.profile',
    'epochs': 25,
    'gpus': '0,2,3',
    'l': "hostname='(arcus-1|arcus-2|arcus-3|arcus-4|arcus-5|arcus-6|arcus-7|arcus-8|arcus-9|arcus-10)'",
    'layer_0': 512,
    'layer_1': 512,
    'layer_2': 512,
    'layer_3': 512,
    'layer_4': 512,
    'layer_5': 512,
    'layer_6': 512,
    'leaky_relu': 0.3,
    'loss_type': 'weak_loss',
    'lr': 0.001,
    'max_concurrent': 15,
    'max_dense_layers': 7,
    'net_type': 'conservation',
    'num_layers': 5,
    'patience': 10,
    'q': 'arcus.q',
    'sch': 'local'}
Epoch 1/25
 - 7626s - loss: 254.6436 - mean_squared_error: 256.5361 - val_loss: 218.6071 - val_mean_squared_error: 220.2317
Epoch 2/25
 - 7764s - loss: 205.9024 - mean_squared_error: 207.4326 - val_loss: 189.9574 - val_mean_squared_error: 191.3692
Epoch 3/25
 - 7822s - loss: 180.6442 - mean_squared_error: 181.9867 - val_loss: 172.6674 - val_mean_squared_error: 173.9506
Epoch 4/25
 - 7591s - loss: 173.9987 - mean_squared_error: 175.2918 - val_loss: 170.1194 - val_mean_squared_error: 171.3837
Epoch 5/25
 - 8003s - loss: 169.9610 - mean_squared_error: 171.2242 - val_loss: 174.3713 - val_mean_squared_error: 175.6672
Epoch 6/25
 - 7529s - loss: 167.0212 - mean_squared_error: 168.2625 - val_loss: 179.3889 - val_mean_squared_error: 180.7221
Epoch 7/25
 - 7507s - loss: 204.6004 - mean_squared_error: 206.1209 - val_loss: 166.2190 - val_mean_squared_error: 167.4543
Epoch 8/25
 - 7701s - loss: 163.4726 - mean_squared_error: 164.6875 - val_loss: 161.3208 - val_mean_squared_error: 162.5198
Epoch 9/25
 - 7371s - loss: 162.3767 - mean_squared_error: 163.5835 - val_loss: 161.2675 - val_mean_squared_error: 162.4660
Epoch 10/25
 - 7255s - loss: 166.6339 - mean_squared_error: 167.8723 - val_loss: 158.7207 - val_mean_squared_error: 159.9003
Epoch 11/25
 - 7503s - loss: 160.5174 - mean_squared_error: 161.7103 - val_loss: 160.0986 - val_mean_squared_error: 161.2884
Epoch 12/25
 - 7567s - loss: 159.6773 - mean_squared_error: 160.8640 - val_loss: 159.6670 - val_mean_squared_error: 160.8536
Epoch 13/25
 - 7260s - loss: 158.7082 - mean_squared_error: 159.8876 - val_loss: 163.5866 - val_mean_squared_error: 164.8023
Epoch 14/25
 - 7050s - loss: 233.8309 - mean_squared_error: 235.5686 - val_loss: 167.6565 - val_mean_squared_error: 168.9025
Epoch 15/25
 - 7399s - loss: 176.1054 - mean_squared_error: 177.4142 - val_loss: 154.8999 - val_mean_squared_error: 156.0511
Epoch 16/25
 - 7288s - loss: 157.6893 - mean_squared_error: 158.8612 - val_loss: 153.7822 - val_mean_squared_error: 154.9250
/pkg/python/3.6.1-centos7/lib/python3.6/site-packages/h5py/__init__.py:34: FutureWarning: Conversion of the second argument of issubdtype from `float` to `np.floating` is deprecated. In future, it will be treated as `np.float64 == np.dtype(float).type`.
  from ._conv import register_converters as _register_converters
Using TensorFlow backend.
Epoch 17/25
Traceback (most recent call last):
  File "main.py", line 121, in <module>
    net.train(train_gen, valid_gen, trial=trial, client=client)
  File "/home/jott1/Projects/CBRAIN-CAM/notebooks/tbeucler_devlog/hp_opt_conservation/model.py", line 166, in train
    )
  File "/home/jott1/.local/lib/python3.6/site-packages/tensorflow/python/keras/engine/training.py", line 1779, in fit_generator
    initial_epoch=initial_epoch)
  File "/home/jott1/.local/lib/python3.6/site-packages/tensorflow/python/keras/engine/training_generator.py", line 204, in fit_generator
    x, y, sample_weight=sample_weight, class_weight=class_weight)
  File "/home/jott1/.local/lib/python3.6/site-packages/tensorflow/python/keras/engine/training.py", line 1552, in train_on_batch
    outputs = self.train_function(ins)
  File "/home/jott1/.local/lib/python3.6/site-packages/tensorflow/python/keras/backend.py", line 2914, in __call__
    fetched = self._callable_fn(*array_vals)
  File "/home/jott1/.local/lib/python3.6/site-packages/tensorflow/python/client/session.py", line 1382, in __call__
    run_metadata_ptr)
KeyboardInterrupt
