2019-05-23 13:33:40.118622: I tensorflow/core/common_runtime/gpu/gpu_device.cc:1405] Found device 0 with properties: 
name: GeForce GTX TITAN Black major: 3 minor: 5 memoryClockRate(GHz): 0.98
pciBusID: 0000:83:00.0
totalMemory: 5.94GiB freeMemory: 5.59GiB
2019-05-23 13:33:40.118695: I tensorflow/core/common_runtime/gpu/gpu_device.cc:1484] Adding visible gpu devices: 0
2019-05-23 13:33:44.722397: I tensorflow/core/common_runtime/gpu/gpu_device.cc:965] Device interconnect StreamExecutor with strength 1 edge matrix:
2019-05-23 13:33:44.722447: I tensorflow/core/common_runtime/gpu/gpu_device.cc:971]      0 
2019-05-23 13:33:44.722458: I tensorflow/core/common_runtime/gpu/gpu_device.cc:984] 0:   N 
2019-05-23 13:33:44.722717: I tensorflow/core/common_runtime/gpu/gpu_device.cc:1097] Created TensorFlow device (/job:localhost/replica:0/task:0/device:GPU:0 with 5203 MB memory) -> physical GPU (device: 0, name: GeForce GTX TITAN Black, pci bus id: 0000:83:00.0, compute capability: 3.5)
{   'P': 'arcus_gpu.p',
    'alg': 'random',
    'alpha': 0.011629746111641108,
    'batch_norm': 0,
    'batch_size': 2048,
    'data': 'fluxbypass_aqua',
    'data_dir': '/baldig/chemistry/earth_system_science/',
    'dropout': 0,
    'env': '/home/jott1/Projects/SHERPA_EX/.profile',
    'epochs': 25,
    'gpus': '2',
    'l': "hostname='(arcus-1|arcus-2|arcus-3|arcus-4|arcus-5|arcus-6|arcus-7|arcus-8|arcus-9|arcus-10)'",
    'layer_0': 512,
    'layer_1': 512,
    'layer_2': 512,
    'layer_3': 512,
    'layer_4': 512,
    'layer_5': 512,
    'layer_6': 512,
    'leaky_relu': 0.3,
    'loss_type': 'weak_loss',
    'lr': 0.001,
    'max_concurrent': 5,
    'max_dense_layers': 7,
    'net_type': 'conservation',
    'num_layers': 5,
    'patience': 10,
    'q': 'arcus.q',
    'sch': 'local'}
Epoch 1/25
 - 8182s - loss: 289.7101 - mean_squared_error: 293.1190 - val_loss: 216.2371 - val_mean_squared_error: 218.7815
Epoch 2/25
 - 8475s - loss: 204.6707 - mean_squared_error: 207.0789 - val_loss: 202.3499 - val_mean_squared_error: 204.7308
Epoch 3/25
 - 8707s - loss: 191.4260 - mean_squared_error: 193.6785 - val_loss: 180.0572 - val_mean_squared_error: 182.1759
Epoch 4/25
 - 7877s - loss: 184.9696 - mean_squared_error: 187.1461 - val_loss: 178.1872 - val_mean_squared_error: 180.2839
Epoch 5/25
 - 8990s - loss: 180.8739 - mean_squared_error: 183.0022 - val_loss: 176.0786 - val_mean_squared_error: 178.1504
Epoch 6/25
 - 8836s - loss: 178.1177 - mean_squared_error: 180.2135 - val_loss: 192.3032 - val_mean_squared_error: 194.5660
Epoch 7/25
 - 8010s - loss: 176.2325 - mean_squared_error: 178.3062 - val_loss: 187.2812 - val_mean_squared_error: 189.4849
Epoch 8/25
 - 7628s - loss: 174.6580 - mean_squared_error: 176.7131 - val_loss: 175.8155 - val_mean_squared_error: 177.8843
Epoch 9/25
 - 7713s - loss: 173.3880 - mean_squared_error: 175.4282 - val_loss: 166.5221 - val_mean_squared_error: 168.4815
Epoch 10/25
 - 8110s - loss: 172.3418 - mean_squared_error: 174.3697 - val_loss: 187.9566 - val_mean_squared_error: 190.1682
Epoch 11/25
 - 8010s - loss: 171.5230 - mean_squared_error: 173.5413 - val_loss: 171.2452 - val_mean_squared_error: 173.2602
Epoch 12/25
 - 9007s - loss: 170.6679 - mean_squared_error: 172.6761 - val_loss: 176.1645 - val_mean_squared_error: 178.2374
Epoch 13/25
 - 7659s - loss: 169.9886 - mean_squared_error: 171.9888 - val_loss: 172.2628 - val_mean_squared_error: 174.2898
Epoch 14/25
 - 7806s - loss: 169.4692 - mean_squared_error: 171.4633 - val_loss: 160.5210 - val_mean_squared_error: 162.4098
Epoch 15/25
 - 7444s - loss: 168.9536 - mean_squared_error: 170.9416 - val_loss: 165.7786 - val_mean_squared_error: 167.7293
Epoch 16/25
 - 7613s - loss: 168.4843 - mean_squared_error: 170.4668 - val_loss: 169.3431 - val_mean_squared_error: 171.3357
Epoch 17/25
 - 7237s - loss: 168.1422 - mean_squared_error: 170.1207 - val_loss: 164.9292 - val_mean_squared_error: 166.8699
Epoch 18/25
 - 7524s - loss: 167.8405 - mean_squared_error: 169.8154 - val_loss: 169.3878 - val_mean_squared_error: 171.3809
Epoch 19/25
 - 7254s - loss: 167.6153 - mean_squared_error: 169.5875 - val_loss: 164.4955 - val_mean_squared_error: 166.4310
Epoch 20/25
 - 7343s - loss: 167.1789 - mean_squared_error: 169.1460 - val_loss: 168.7488 - val_mean_squared_error: 170.7344
Epoch 21/25
 - 7714s - loss: 167.0439 - mean_squared_error: 169.0095 - val_loss: 167.8890 - val_mean_squared_error: 169.8645
Epoch 22/25
 - 7489s - loss: 166.9005 - mean_squared_error: 168.8643 - val_loss: 164.8943 - val_mean_squared_error: 166.8345
Epoch 23/25
 - 7581s - loss: 166.6806 - mean_squared_error: 168.6419 - val_loss: 168.1286 - val_mean_squared_error: 170.1069
Epoch 24/25
 - 7570s - loss: 166.5272 - mean_squared_error: 168.4866 - val_loss: 165.3485 - val_mean_squared_error: 167.2941
/pkg/python/3.6.1-centos7/lib/python3.6/site-packages/h5py/__init__.py:34: FutureWarning: Conversion of the second argument of issubdtype from `float` to `np.floating` is deprecated. In future, it will be treated as `np.float64 == np.dtype(float).type`.
  from ._conv import register_converters as _register_converters
Using TensorFlow backend.
Done with trial 9
