2019-05-25 20:26:46.890598: I tensorflow/core/common_runtime/gpu/gpu_device.cc:1405] Found device 0 with properties: 
name: GeForce GTX TITAN Black major: 3 minor: 5 memoryClockRate(GHz): 0.98
pciBusID: 0000:83:00.0
totalMemory: 5.94GiB freeMemory: 5.28GiB
2019-05-25 20:26:46.890661: I tensorflow/core/common_runtime/gpu/gpu_device.cc:1484] Adding visible gpu devices: 0
2019-05-25 20:26:53.862698: I tensorflow/core/common_runtime/gpu/gpu_device.cc:965] Device interconnect StreamExecutor with strength 1 edge matrix:
2019-05-25 20:26:53.862754: I tensorflow/core/common_runtime/gpu/gpu_device.cc:971]      0 
2019-05-25 20:26:53.862768: I tensorflow/core/common_runtime/gpu/gpu_device.cc:984] 0:   N 
2019-05-25 20:26:53.863037: I tensorflow/core/common_runtime/gpu/gpu_device.cc:1097] Created TensorFlow device (/job:localhost/replica:0/task:0/device:GPU:0 with 4920 MB memory) -> physical GPU (device: 0, name: GeForce GTX TITAN Black, pci bus id: 0000:83:00.0, compute capability: 3.5)
{   'P': 'arcus_gpu.p',
    'alg': 'random',
    'alpha': 0.0038653006668303135,
    'batch_norm': 0,
    'batch_size': 2048,
    'data': 'fluxbypass_aqua',
    'data_dir': '/baldig/chemistry/earth_system_science/',
    'dropout': 0,
    'env': '/home/jott1/Projects/SHERPA_EX/.profile',
    'epochs': 25,
    'gpus': '0,2,3',
    'l': "hostname='(arcus-1|arcus-2|arcus-3|arcus-4|arcus-5|arcus-6|arcus-7|arcus-8|arcus-9|arcus-10)'",
    'layer_0': 512,
    'layer_1': 512,
    'layer_2': 512,
    'layer_3': 512,
    'layer_4': 512,
    'layer_5': 512,
    'layer_6': 512,
    'leaky_relu': 0.3,
    'loss_type': 'weak_loss',
    'lr': 0.001,
    'max_concurrent': 15,
    'max_dense_layers': 7,
    'net_type': 'conservation',
    'num_layers': 5,
    'patience': 10,
    'q': 'arcus.q',
    'sch': 'local'}
Epoch 1/25
 - 7416s - loss: 292.1475 - mean_squared_error: 293.2811 - val_loss: 221.7140 - val_mean_squared_error: 222.5743
Epoch 2/25
 - 8037s - loss: 206.2745 - mean_squared_error: 207.0749 - val_loss: 188.3308 - val_mean_squared_error: 189.0616
Epoch 3/25
 - 7988s - loss: 192.9925 - mean_squared_error: 193.7414 - val_loss: 188.8128 - val_mean_squared_error: 189.5455
Epoch 4/25
 - 7486s - loss: 186.3362 - mean_squared_error: 187.0592 - val_loss: 180.5698 - val_mean_squared_error: 181.2705
Epoch 5/25
 - 8055s - loss: 182.4142 - mean_squared_error: 183.1220 - val_loss: 192.1382 - val_mean_squared_error: 192.8837
Epoch 6/25
 - 7412s - loss: 179.6707 - mean_squared_error: 180.3679 - val_loss: 174.7152 - val_mean_squared_error: 175.3932
Epoch 7/25
 - 7297s - loss: 177.5184 - mean_squared_error: 178.2072 - val_loss: 167.3171 - val_mean_squared_error: 167.9663
Epoch 8/25
 - 7501s - loss: 176.0505 - mean_squared_error: 176.7336 - val_loss: 176.3527 - val_mean_squared_error: 177.0370
Epoch 9/25
 - 7074s - loss: 174.8576 - mean_squared_error: 175.5361 - val_loss: 176.5990 - val_mean_squared_error: 177.2843
Epoch 10/25
 - 7110s - loss: 173.8532 - mean_squared_error: 174.5278 - val_loss: 174.8980 - val_mean_squared_error: 175.5766
Epoch 11/25
 - 7063s - loss: 173.2567 - mean_squared_error: 173.9289 - val_loss: 166.5750 - val_mean_squared_error: 167.2213
Epoch 12/25
 - 7319s - loss: 172.5272 - mean_squared_error: 173.1966 - val_loss: 185.3279 - val_mean_squared_error: 186.0470
Epoch 13/25
 - 7155s - loss: 171.9340 - mean_squared_error: 172.6012 - val_loss: 173.4262 - val_mean_squared_error: 174.0991
Epoch 14/25
 - 7748s - loss: 171.2728 - mean_squared_error: 171.9374 - val_loss: 169.9346 - val_mean_squared_error: 170.5940
Epoch 15/25
 - 7165s - loss: 170.8048 - mean_squared_error: 171.4675 - val_loss: 179.3493 - val_mean_squared_error: 180.0452
Epoch 16/25
 - 7546s - loss: 170.3530 - mean_squared_error: 171.0140 - val_loss: 166.6631 - val_mean_squared_error: 167.3098
Epoch 17/25
 - 7221s - loss: 169.8631 - mean_squared_error: 170.5222 - val_loss: 166.4405 - val_mean_squared_error: 167.0864
Epoch 18/25
 - 7097s - loss: 169.5762 - mean_squared_error: 170.2343 - val_loss: 173.8058 - val_mean_squared_error: 174.4802
Epoch 19/25
 - 7093s - loss: 169.2409 - mean_squared_error: 169.8976 - val_loss: 181.5272 - val_mean_squared_error: 182.2316
Epoch 20/25
 - 7269s - loss: 169.1194 - mean_squared_error: 169.7756 - val_loss: 166.6757 - val_mean_squared_error: 167.3224
Epoch 21/25
 - 7253s - loss: 168.9092 - mean_squared_error: 169.5646 - val_loss: 171.8519 - val_mean_squared_error: 172.5187
Epoch 22/25
 - 6943s - loss: 168.6783 - mean_squared_error: 169.3328 - val_loss: 168.7739 - val_mean_squared_error: 169.4288
Epoch 23/25
 - 7162s - loss: 168.7334 - mean_squared_error: 169.3882 - val_loss: 164.1504 - val_mean_squared_error: 164.7873
Epoch 24/25
 - 7298s - loss: 168.2712 - mean_squared_error: 168.9241 - val_loss: 161.9193 - val_mean_squared_error: 162.5476
Epoch 25/25
 - 7023s - loss: 167.9463 - mean_squared_error: 168.5980 - val_loss: 162.3210 - val_mean_squared_error: 162.9508
/pkg/python/3.6.1-centos7/lib/python3.6/site-packages/h5py/__init__.py:34: FutureWarning: Conversion of the second argument of issubdtype from `float` to `np.floating` is deprecated. In future, it will be treated as `np.float64 == np.dtype(float).type`.
  from ._conv import register_converters as _register_converters
Using TensorFlow backend.
Done with trial 24
