2019-05-27 23:32:29.646898: I tensorflow/core/common_runtime/gpu/gpu_device.cc:1405] Found device 0 with properties: 
name: GeForce GTX TITAN Black major: 3 minor: 5 memoryClockRate(GHz): 0.98
pciBusID: 0000:83:00.0
totalMemory: 5.94GiB freeMemory: 5.28GiB
2019-05-27 23:32:29.646965: I tensorflow/core/common_runtime/gpu/gpu_device.cc:1484] Adding visible gpu devices: 0
2019-05-27 23:32:35.248964: I tensorflow/core/common_runtime/gpu/gpu_device.cc:965] Device interconnect StreamExecutor with strength 1 edge matrix:
2019-05-27 23:32:35.249023: I tensorflow/core/common_runtime/gpu/gpu_device.cc:971]      0 
2019-05-27 23:32:35.249036: I tensorflow/core/common_runtime/gpu/gpu_device.cc:984] 0:   N 
2019-05-27 23:32:35.249313: I tensorflow/core/common_runtime/gpu/gpu_device.cc:1097] Created TensorFlow device (/job:localhost/replica:0/task:0/device:GPU:0 with 4949 MB memory) -> physical GPU (device: 0, name: GeForce GTX TITAN Black, pci bus id: 0000:83:00.0, compute capability: 3.5)
{   'P': 'arcus_gpu.p',
    'alg': 'random',
    'alpha': 0.019531867417482775,
    'batch_norm': 0,
    'batch_size': 2048,
    'data': 'fluxbypass_aqua',
    'data_dir': '/baldig/chemistry/earth_system_science/',
    'dropout': 0,
    'env': '/home/jott1/Projects/SHERPA_EX/.profile',
    'epochs': 25,
    'gpus': '0,2,3',
    'l': "hostname='(arcus-1|arcus-2|arcus-3|arcus-4|arcus-5|arcus-6|arcus-7|arcus-8|arcus-9|arcus-10)'",
    'layer_0': 512,
    'layer_1': 512,
    'layer_2': 512,
    'layer_3': 512,
    'layer_4': 512,
    'layer_5': 512,
    'layer_6': 512,
    'leaky_relu': 0.3,
    'loss_type': 'weak_loss',
    'lr': 0.001,
    'max_concurrent': 15,
    'max_dense_layers': 7,
    'net_type': 'conservation',
    'num_layers': 5,
    'patience': 10,
    'q': 'arcus.q',
    'sch': 'local'}
Epoch 1/25
 - 7625s - loss: 242.9076 - mean_squared_error: 247.7466 - val_loss: 208.2143 - val_mean_squared_error: 212.3622
Epoch 2/25
 - 7765s - loss: 186.4482 - mean_squared_error: 190.1624 - val_loss: 174.0447 - val_mean_squared_error: 177.5118
Epoch 3/25
 - 7820s - loss: 197.2872 - mean_squared_error: 201.2173 - val_loss: 175.9587 - val_mean_squared_error: 179.4640
Epoch 4/25
 - 7592s - loss: 171.6743 - mean_squared_error: 175.0942 - val_loss: 170.3236 - val_mean_squared_error: 173.7166
Epoch 5/25
 - 8005s - loss: 167.9298 - mean_squared_error: 171.2751 - val_loss: 162.7576 - val_mean_squared_error: 165.9999
Epoch 6/25
 - 7527s - loss: 164.9298 - mean_squared_error: 168.2153 - val_loss: 172.6855 - val_mean_squared_error: 176.1256
Epoch 7/25
 - 7505s - loss: 163.2063 - mean_squared_error: 166.4575 - val_loss: 169.7578 - val_mean_squared_error: 173.1396
Epoch 8/25
 - 7705s - loss: 162.4922 - mean_squared_error: 165.7292 - val_loss: 160.2138 - val_mean_squared_error: 163.4054
Epoch 9/25
 - 7368s - loss: 160.8128 - mean_squared_error: 164.0163 - val_loss: 162.7900 - val_mean_squared_error: 166.0329
Epoch 10/25
 - 7256s - loss: 158.7111 - mean_squared_error: 161.8727 - val_loss: 165.7432 - val_mean_squared_error: 169.0450
Epoch 11/25
 - 7502s - loss: 288.8347 - mean_squared_error: 294.5885 - val_loss: 179.2872 - val_mean_squared_error: 182.8588
Epoch 12/25
 - 7572s - loss: 158.6224 - mean_squared_error: 161.7823 - val_loss: 157.3434 - val_mean_squared_error: 160.4778
Epoch 13/25
 - 7255s - loss: 158.0448 - mean_squared_error: 161.1932 - val_loss: 155.6873 - val_mean_squared_error: 158.7887
Epoch 14/25
 - 7050s - loss: 156.3229 - mean_squared_error: 159.4370 - val_loss: 158.6988 - val_mean_squared_error: 161.8603
Epoch 15/25
 - 7397s - loss: 156.5771 - mean_squared_error: 159.6962 - val_loss: 150.7763 - val_mean_squared_error: 153.7800
Epoch 16/25
 - 7290s - loss: 155.3011 - mean_squared_error: 158.3949 - val_loss: 171.7604 - val_mean_squared_error: 175.1820
/pkg/python/3.6.1-centos7/lib/python3.6/site-packages/h5py/__init__.py:34: FutureWarning: Conversion of the second argument of issubdtype from `float` to `np.floating` is deprecated. In future, it will be treated as `np.float64 == np.dtype(float).type`.
  from ._conv import register_converters as _register_converters
Using TensorFlow backend.
Epoch 17/25
Traceback (most recent call last):
  File "main.py", line 121, in <module>
    net.train(train_gen, valid_gen, trial=trial, client=client)
  File "/home/jott1/Projects/CBRAIN-CAM/notebooks/tbeucler_devlog/hp_opt_conservation/model.py", line 166, in train
    )
  File "/home/jott1/.local/lib/python3.6/site-packages/tensorflow/python/keras/engine/training.py", line 1779, in fit_generator
    initial_epoch=initial_epoch)
  File "/home/jott1/.local/lib/python3.6/site-packages/tensorflow/python/keras/engine/training_generator.py", line 204, in fit_generator
    x, y, sample_weight=sample_weight, class_weight=class_weight)
  File "/home/jott1/.local/lib/python3.6/site-packages/tensorflow/python/keras/engine/training.py", line 1552, in train_on_batch
    outputs = self.train_function(ins)
  File "/home/jott1/.local/lib/python3.6/site-packages/tensorflow/python/keras/backend.py", line 2914, in __call__
    fetched = self._callable_fn(*array_vals)
  File "/home/jott1/.local/lib/python3.6/site-packages/tensorflow/python/client/session.py", line 1382, in __call__
    run_metadata_ptr)
KeyboardInterrupt
