2019-05-27 23:32:29.646479: I tensorflow/core/common_runtime/gpu/gpu_device.cc:1405] Found device 0 with properties: 
name: Tesla K40c major: 3 minor: 5 memoryClockRate(GHz): 0.745
pciBusID: 0000:84:00.0
totalMemory: 11.17GiB freeMemory: 10.20GiB
2019-05-27 23:32:29.646554: I tensorflow/core/common_runtime/gpu/gpu_device.cc:1484] Adding visible gpu devices: 0
2019-05-27 23:32:35.401039: I tensorflow/core/common_runtime/gpu/gpu_device.cc:965] Device interconnect StreamExecutor with strength 1 edge matrix:
2019-05-27 23:32:35.401070: I tensorflow/core/common_runtime/gpu/gpu_device.cc:971]      0 
2019-05-27 23:32:35.401081: I tensorflow/core/common_runtime/gpu/gpu_device.cc:984] 0:   N 
2019-05-27 23:32:35.401390: I tensorflow/core/common_runtime/gpu/gpu_device.cc:1097] Created TensorFlow device (/job:localhost/replica:0/task:0/device:GPU:0 with 9789 MB memory) -> physical GPU (device: 0, name: Tesla K40c, pci bus id: 0000:84:00.0, compute capability: 3.5)
{   'P': 'arcus_gpu.p',
    'alg': 'random',
    'alpha': 0.01913123115013886,
    'batch_norm': 0,
    'batch_size': 2048,
    'data': 'fluxbypass_aqua',
    'data_dir': '/baldig/chemistry/earth_system_science/',
    'dropout': 0,
    'env': '/home/jott1/Projects/SHERPA_EX/.profile',
    'epochs': 25,
    'gpus': '0,2,3',
    'l': "hostname='(arcus-1|arcus-2|arcus-3|arcus-4|arcus-5|arcus-6|arcus-7|arcus-8|arcus-9|arcus-10)'",
    'layer_0': 512,
    'layer_1': 512,
    'layer_2': 512,
    'layer_3': 512,
    'layer_4': 512,
    'layer_5': 512,
    'layer_6': 512,
    'leaky_relu': 0.3,
    'loss_type': 'weak_loss',
    'lr': 0.001,
    'max_concurrent': 15,
    'max_dense_layers': 7,
    'net_type': 'conservation',
    'num_layers': 5,
    'patience': 10,
    'q': 'arcus.q',
    'sch': 'local'}
Epoch 1/25
 - 7626s - loss: 245.7561 - mean_squared_error: 250.5495 - val_loss: 257.3621 - val_mean_squared_error: 262.3818
Epoch 2/25
 - 7764s - loss: 186.1741 - mean_squared_error: 189.8053 - val_loss: 176.3389 - val_mean_squared_error: 179.7783
Epoch 3/25
 - 7820s - loss: 176.4406 - mean_squared_error: 179.8820 - val_loss: 182.4795 - val_mean_squared_error: 186.0387
Epoch 4/25
 - 7592s - loss: 170.2438 - mean_squared_error: 173.5643 - val_loss: 165.9510 - val_mean_squared_error: 169.1878
Epoch 5/25
 - 8004s - loss: 166.7272 - mean_squared_error: 169.9791 - val_loss: 165.1129 - val_mean_squared_error: 168.3333
Epoch 6/25
 - 7530s - loss: 179.6586 - mean_squared_error: 183.1627 - val_loss: 161.7165 - val_mean_squared_error: 164.8707
Epoch 7/25
 - 7503s - loss: 169.5501 - mean_squared_error: 172.8571 - val_loss: 159.6090 - val_mean_squared_error: 162.7221
Epoch 8/25
 - 7702s - loss: 161.6891 - mean_squared_error: 164.8427 - val_loss: 166.0286 - val_mean_squared_error: 169.2669
Epoch 9/25
 - 7371s - loss: 185.2860 - mean_squared_error: 188.8999 - val_loss: 166.0610 - val_mean_squared_error: 169.2999
Epoch 10/25
 - 7256s - loss: 161.0592 - mean_squared_error: 164.2006 - val_loss: 164.5877 - val_mean_squared_error: 167.7979
Epoch 11/25
 - 7503s - loss: 213.1589 - mean_squared_error: 217.3164 - val_loss: 170.4651 - val_mean_squared_error: 173.7899
Epoch 12/25
 - 7572s - loss: 174.7741 - mean_squared_error: 178.1830 - val_loss: 157.7346 - val_mean_squared_error: 160.8111
Epoch 13/25
 - 7254s - loss: 157.1740 - mean_squared_error: 160.2395 - val_loss: 158.3353 - val_mean_squared_error: 161.4236
Epoch 14/25
 - 7051s - loss: 157.0283 - mean_squared_error: 160.0910 - val_loss: 159.7442 - val_mean_squared_error: 162.8599
Epoch 15/25
 - 7396s - loss: 162.6573 - mean_squared_error: 165.8299 - val_loss: 683.3111 - val_mean_squared_error: 696.6386
Epoch 16/25
 - 7293s - loss: 157.7250 - mean_squared_error: 160.8013 - val_loss: 153.0281 - val_mean_squared_error: 156.0128
/pkg/python/3.6.1-centos7/lib/python3.6/site-packages/h5py/__init__.py:34: FutureWarning: Conversion of the second argument of issubdtype from `float` to `np.floating` is deprecated. In future, it will be treated as `np.float64 == np.dtype(float).type`.
  from ._conv import register_converters as _register_converters
Using TensorFlow backend.
Epoch 17/25
Traceback (most recent call last):
  File "main.py", line 121, in <module>
    net.train(train_gen, valid_gen, trial=trial, client=client)
  File "/home/jott1/Projects/CBRAIN-CAM/notebooks/tbeucler_devlog/hp_opt_conservation/model.py", line 166, in train
    )
  File "/home/jott1/.local/lib/python3.6/site-packages/tensorflow/python/keras/engine/training.py", line 1779, in fit_generator
    initial_epoch=initial_epoch)
  File "/home/jott1/.local/lib/python3.6/site-packages/tensorflow/python/keras/engine/training_generator.py", line 204, in fit_generator
    x, y, sample_weight=sample_weight, class_weight=class_weight)
  File "/home/jott1/.local/lib/python3.6/site-packages/tensorflow/python/keras/engine/training.py", line 1552, in train_on_batch
    outputs = self.train_function(ins)
  File "/home/jott1/.local/lib/python3.6/site-packages/tensorflow/python/keras/backend.py", line 2914, in __call__
    fetched = self._callable_fn(*array_vals)
  File "/home/jott1/.local/lib/python3.6/site-packages/tensorflow/python/client/session.py", line 1382, in __call__
    run_metadata_ptr)
KeyboardInterrupt
