2019-05-18 10:43:14.994671: I tensorflow/core/platform/cpu_feature_guard.cc:141] Your CPU supports instructions that this TensorFlow binary was not compiled to use: AVX2 FMA
2019-05-18 10:43:15.262577: I tensorflow/core/common_runtime/gpu/gpu_device.cc:1405] Found device 0 with properties: 
name: GeForce GTX TITAN X major: 5 minor: 2 memoryClockRate(GHz): 1.076
pciBusID: 0000:83:00.0
totalMemory: 11.93GiB freeMemory: 11.29GiB
2019-05-18 10:43:15.262631: I tensorflow/core/common_runtime/gpu/gpu_device.cc:1484] Adding visible gpu devices: 0
2019-05-18 10:43:22.535368: I tensorflow/core/common_runtime/gpu/gpu_device.cc:965] Device interconnect StreamExecutor with strength 1 edge matrix:
2019-05-18 10:43:22.535436: I tensorflow/core/common_runtime/gpu/gpu_device.cc:971]      0 
2019-05-18 10:43:22.535453: I tensorflow/core/common_runtime/gpu/gpu_device.cc:984] 0:   N 
2019-05-18 10:43:22.535878: I tensorflow/core/common_runtime/gpu/gpu_device.cc:1097] Created TensorFlow device (/job:localhost/replica:0/task:0/device:GPU:0 with 10926 MB memory) -> physical GPU (device: 0, name: GeForce GTX TITAN X, pci bus id: 0000:83:00.0, compute capability: 5.2)
Generator will have 71163904 samples in 34748 batches
Features have shape 94; targets have shape 65
Generator will have 72343552 samples in 35324 batches
Features have shape 94; targets have shape 65
Epoch 1/25
 - 2063s - loss: 0.4171 - mean_squared_error: 0.4171 - val_loss: 0.0060 - val_mean_squared_error: 0.0060
Epoch 2/25
 - 2788s - loss: 0.7583 - mean_squared_error: 0.7583 - val_loss: 0.0050 - val_mean_squared_error: 0.0050
Epoch 3/25
 - 2211s - loss: 1.1584 - mean_squared_error: 1.1584 - val_loss: 0.0033 - val_mean_squared_error: 0.0033
Epoch 4/25
 - 2421s - loss: 0.6813 - mean_squared_error: 0.6813 - val_loss: 0.0034 - val_mean_squared_error: 0.0034
Epoch 5/25
 - 1769s - loss: 0.6760 - mean_squared_error: 0.6760 - val_loss: 0.2601 - val_mean_squared_error: 0.2601
Epoch 6/25
 - 2093s - loss: 0.6591 - mean_squared_error: 0.6591 - val_loss: 0.0103 - val_mean_squared_error: 0.0103
Epoch 7/25
 - 1971s - loss: 0.9364 - mean_squared_error: 0.9364 - val_loss: 0.0100 - val_mean_squared_error: 0.0100
Epoch 8/25
 - 2060s - loss: 0.6535 - mean_squared_error: 0.6535 - val_loss: 0.0042 - val_mean_squared_error: 0.0042
Epoch 9/25
 - 1953s - loss: 0.5701 - mean_squared_error: 0.5701 - val_loss: 0.0207 - val_mean_squared_error: 0.0207
Epoch 10/25
 - 1978s - loss: 0.6130 - mean_squared_error: 0.6130 - val_loss: 0.0051 - val_mean_squared_error: 0.0051
Epoch 11/25
 - 2053s - loss: 0.5943 - mean_squared_error: 0.5943 - val_loss: 0.0037 - val_mean_squared_error: 0.0037
Epoch 12/25
 - 1934s - loss: 0.4518 - mean_squared_error: 0.4518 - val_loss: 0.0057 - val_mean_squared_error: 0.0057
Epoch 13/25
 - 1845s - loss: 0.5272 - mean_squared_error: 0.5272 - val_loss: 0.0049 - val_mean_squared_error: 0.0049
/pkg/python/3.6.1-centos7/lib/python3.6/site-packages/h5py/__init__.py:34: FutureWarning: Conversion of the second argument of issubdtype from `float` to `np.floating` is deprecated. In future, it will be treated as `np.float64 == np.dtype(float).type`.
  from ._conv import register_converters as _register_converters
Using TensorFlow backend.
Done with trial 16
