2019-05-18 18:16:02.290152: I tensorflow/core/platform/cpu_feature_guard.cc:141] Your CPU supports instructions that this TensorFlow binary was not compiled to use: AVX2 FMA
2019-05-18 18:16:02.578443: I tensorflow/core/common_runtime/gpu/gpu_device.cc:1405] Found device 0 with properties: 
name: GeForce GTX TITAN X major: 5 minor: 2 memoryClockRate(GHz): 1.076
pciBusID: 0000:83:00.0
totalMemory: 11.93GiB freeMemory: 11.29GiB
2019-05-18 18:16:02.578500: I tensorflow/core/common_runtime/gpu/gpu_device.cc:1484] Adding visible gpu devices: 0
2019-05-18 18:16:10.765895: I tensorflow/core/common_runtime/gpu/gpu_device.cc:965] Device interconnect StreamExecutor with strength 1 edge matrix:
2019-05-18 18:16:10.765971: I tensorflow/core/common_runtime/gpu/gpu_device.cc:971]      0 
2019-05-18 18:16:10.765989: I tensorflow/core/common_runtime/gpu/gpu_device.cc:984] 0:   N 
2019-05-18 18:16:10.766649: I tensorflow/core/common_runtime/gpu/gpu_device.cc:1097] Created TensorFlow device (/job:localhost/replica:0/task:0/device:GPU:0 with 10926 MB memory) -> physical GPU (device: 0, name: GeForce GTX TITAN X, pci bus id: 0000:83:00.0, compute capability: 5.2)
Generator will have 71163904 samples in 34748 batches
Features have shape 94; targets have shape 65
Generator will have 72343552 samples in 35324 batches
Features have shape 94; targets have shape 65
Epoch 1/25
 - 2872s - loss: 0.0025 - mean_squared_error: 0.0025 - val_loss: 0.0023 - val_mean_squared_error: 0.0023
Epoch 2/25
 - 2787s - loss: 0.0024 - mean_squared_error: 0.0024 - val_loss: 0.0022 - val_mean_squared_error: 0.0022
Epoch 3/25
 - 1660s - loss: 0.0024 - mean_squared_error: 0.0024 - val_loss: 0.0023 - val_mean_squared_error: 0.0023
Epoch 4/25
 - 2540s - loss: 0.0023 - mean_squared_error: 0.0023 - val_loss: 0.0023 - val_mean_squared_error: 0.0023
Epoch 5/25
 - 3411s - loss: 0.0023 - mean_squared_error: 0.0023 - val_loss: 0.0024 - val_mean_squared_error: 0.0024
Epoch 6/25
 - 2676s - loss: 0.0023 - mean_squared_error: 0.0023 - val_loss: 0.0022 - val_mean_squared_error: 0.0022
Epoch 7/25
 - 2148s - loss: 0.0023 - mean_squared_error: 0.0023 - val_loss: 0.0023 - val_mean_squared_error: 0.0023
Epoch 8/25
 - 2000s - loss: 0.0023 - mean_squared_error: 0.0023 - val_loss: 0.0022 - val_mean_squared_error: 0.0022
Epoch 9/25
 - 2139s - loss: 0.0023 - mean_squared_error: 0.0023 - val_loss: 0.0022 - val_mean_squared_error: 0.0022
Epoch 10/25
 - 2226s - loss: 0.0023 - mean_squared_error: 0.0023 - val_loss: 0.0022 - val_mean_squared_error: 0.0022
Epoch 11/25
 - 1837s - loss: 0.0023 - mean_squared_error: 0.0023 - val_loss: 0.0022 - val_mean_squared_error: 0.0022
Epoch 12/25
 - 1740s - loss: 0.0023 - mean_squared_error: 0.0023 - val_loss: 0.0022 - val_mean_squared_error: 0.0022
Epoch 13/25
 - 1741s - loss: 0.0023 - mean_squared_error: 0.0023 - val_loss: 0.0023 - val_mean_squared_error: 0.0023
Epoch 14/25
 - 1833s - loss: 0.0023 - mean_squared_error: 0.0023 - val_loss: 0.0024 - val_mean_squared_error: 0.0024
Epoch 15/25
 - 1830s - loss: 0.0023 - mean_squared_error: 0.0023 - val_loss: 0.0022 - val_mean_squared_error: 0.0022
Epoch 16/25
 - 1697s - loss: 0.0023 - mean_squared_error: 0.0023 - val_loss: 0.0022 - val_mean_squared_error: 0.0022
Epoch 17/25
 - 1589s - loss: 0.0023 - mean_squared_error: 0.0023 - val_loss: 0.0023 - val_mean_squared_error: 0.0023
Epoch 18/25
 - 1466s - loss: 0.0023 - mean_squared_error: 0.0023 - val_loss: 0.0022 - val_mean_squared_error: 0.0022
Epoch 19/25
 - 1669s - loss: 0.0023 - mean_squared_error: 0.0023 - val_loss: 0.0022 - val_mean_squared_error: 0.0022
/pkg/python/3.6.1-centos7/lib/python3.6/site-packages/h5py/__init__.py:34: FutureWarning: Conversion of the second argument of issubdtype from `float` to `np.floating` is deprecated. In future, it will be treated as `np.float64 == np.dtype(float).type`.
  from ._conv import register_converters as _register_converters
Using TensorFlow backend.
Done with trial 26
