2019-05-18 08:14:33.720219: I tensorflow/core/platform/cpu_feature_guard.cc:141] Your CPU supports instructions that this TensorFlow binary was not compiled to use: AVX2 FMA
2019-05-18 08:14:34.003573: I tensorflow/core/common_runtime/gpu/gpu_device.cc:1405] Found device 0 with properties: 
name: GeForce GTX TITAN X major: 5 minor: 2 memoryClockRate(GHz): 1.076
pciBusID: 0000:02:00.0
totalMemory: 11.93GiB freeMemory: 11.04GiB
2019-05-18 08:14:34.003659: I tensorflow/core/common_runtime/gpu/gpu_device.cc:1484] Adding visible gpu devices: 0
2019-05-18 08:14:39.090859: I tensorflow/core/common_runtime/gpu/gpu_device.cc:965] Device interconnect StreamExecutor with strength 1 edge matrix:
2019-05-18 08:14:39.090909: I tensorflow/core/common_runtime/gpu/gpu_device.cc:971]      0 
2019-05-18 08:14:39.090919: I tensorflow/core/common_runtime/gpu/gpu_device.cc:984] 0:   N 
2019-05-18 08:14:39.091352: I tensorflow/core/common_runtime/gpu/gpu_device.cc:1097] Created TensorFlow device (/job:localhost/replica:0/task:0/device:GPU:0 with 10682 MB memory) -> physical GPU (device: 0, name: GeForce GTX TITAN X, pci bus id: 0000:02:00.0, compute capability: 5.2)
Generator will have 71163904 samples in 34748 batches
Features have shape 94; targets have shape 65
Generator will have 72343552 samples in 35324 batches
Features have shape 94; targets have shape 65
Epoch 1/25
 - 2225s - loss: 13.0209 - mean_squared_error: 13.0209 - val_loss: 0.0249 - val_mean_squared_error: 0.0249
Epoch 2/25
 - 3750s - loss: 31.7286 - mean_squared_error: 31.7286 - val_loss: 0.0339 - val_mean_squared_error: 0.0339
Epoch 3/25
 - 2903s - loss: 40.8437 - mean_squared_error: 40.8437 - val_loss: 0.0227 - val_mean_squared_error: 0.0227
Epoch 4/25
 - 2108s - loss: 41.3794 - mean_squared_error: 41.3794 - val_loss: 0.0622 - val_mean_squared_error: 0.0622
Epoch 5/25
 - 2788s - loss: 51.0336 - mean_squared_error: 51.0336 - val_loss: 0.9746 - val_mean_squared_error: 0.9746
Epoch 6/25
 - 2211s - loss: 60.9594 - mean_squared_error: 60.9594 - val_loss: 0.0262 - val_mean_squared_error: 0.0262
Epoch 7/25
 - 2421s - loss: 55.3867 - mean_squared_error: 55.3867 - val_loss: 0.2117 - val_mean_squared_error: 0.2117
Epoch 8/25
 - 1770s - loss: 60.8852 - mean_squared_error: 60.8852 - val_loss: 0.4437 - val_mean_squared_error: 0.4437
Epoch 9/25
 - 2093s - loss: 61.3363 - mean_squared_error: 61.3363 - val_loss: 0.8936 - val_mean_squared_error: 0.8936
Epoch 10/25
 - 1971s - loss: 50.3963 - mean_squared_error: 50.3963 - val_loss: 0.2725 - val_mean_squared_error: 0.2725
Epoch 11/25
 - 2061s - loss: 58.2449 - mean_squared_error: 58.2449 - val_loss: 0.1435 - val_mean_squared_error: 0.1435
Epoch 12/25
 - 1952s - loss: 58.9024 - mean_squared_error: 58.9024 - val_loss: 0.2723 - val_mean_squared_error: 0.2723
Epoch 13/25
 - 1979s - loss: 53.7884 - mean_squared_error: 53.7884 - val_loss: 0.0610 - val_mean_squared_error: 0.0610
/pkg/python/3.6.1-centos7/lib/python3.6/site-packages/h5py/__init__.py:34: FutureWarning: Conversion of the second argument of issubdtype from `float` to `np.floating` is deprecated. In future, it will be treated as `np.float64 == np.dtype(float).type`.
  from ._conv import register_converters as _register_converters
Using TensorFlow backend.
Done with trial 14
