2019-05-17 16:44:48.693778: I tensorflow/core/platform/cpu_feature_guard.cc:141] Your CPU supports instructions that this TensorFlow binary was not compiled to use: AVX2 FMA
2019-05-17 16:44:52.509095: I tensorflow/core/common_runtime/gpu/gpu_device.cc:1405] Found device 0 with properties: 
name: GeForce GTX TITAN X major: 5 minor: 2 memoryClockRate(GHz): 1.076
pciBusID: 0000:83:00.0
totalMemory: 11.93GiB freeMemory: 11.60GiB
2019-05-17 16:44:52.509146: I tensorflow/core/common_runtime/gpu/gpu_device.cc:1484] Adding visible gpu devices: 0
2019-05-17 16:44:53.081409: I tensorflow/core/common_runtime/gpu/gpu_device.cc:965] Device interconnect StreamExecutor with strength 1 edge matrix:
2019-05-17 16:44:53.081466: I tensorflow/core/common_runtime/gpu/gpu_device.cc:971]      0 
2019-05-17 16:44:53.081481: I tensorflow/core/common_runtime/gpu/gpu_device.cc:984] 0:   N 
2019-05-17 16:44:53.081983: I tensorflow/core/common_runtime/gpu/gpu_device.cc:1097] Created TensorFlow device (/job:localhost/replica:0/task:0/device:GPU:0 with 11101 MB memory) -> physical GPU (device: 0, name: GeForce GTX TITAN X, pci bus id: 0000:83:00.0, compute capability: 5.2)
Generator will have 71163904 samples in 34748 batches
Features have shape 94; targets have shape 65
Generator will have 72343552 samples in 35324 batches
Features have shape 94; targets have shape 65
Epoch 1/25
 - 3630s - loss: 0.0031 - mean_squared_error: 0.0031 - val_loss: 0.0032 - val_mean_squared_error: 0.0032
Epoch 2/25
 - 2973s - loss: 0.0030 - mean_squared_error: 0.0030 - val_loss: 0.0031 - val_mean_squared_error: 0.0031
Epoch 3/25
 - 2781s - loss: 0.0030 - mean_squared_error: 0.0030 - val_loss: 0.0033 - val_mean_squared_error: 0.0033
Epoch 4/25
 - 2781s - loss: 0.0030 - mean_squared_error: 0.0030 - val_loss: 0.0038 - val_mean_squared_error: 0.0038
Epoch 5/25
 - 2254s - loss: 0.0030 - mean_squared_error: 0.0030 - val_loss: 0.0033 - val_mean_squared_error: 0.0033
Epoch 6/25
 - 2097s - loss: 0.0030 - mean_squared_error: 0.0030 - val_loss: 0.0037 - val_mean_squared_error: 0.0037
Epoch 7/25
 - 4492s - loss: 0.0030 - mean_squared_error: 0.0030 - val_loss: 0.0036 - val_mean_squared_error: 0.0036
Epoch 8/25
 - 5580s - loss: 0.0030 - mean_squared_error: 0.0030 - val_loss: 0.0036 - val_mean_squared_error: 0.0036
Epoch 9/25
 - 9891s - loss: 0.0030 - mean_squared_error: 0.0030 - val_loss: 0.0034 - val_mean_squared_error: 0.0034
Epoch 10/25
 - 5716s - loss: 0.0030 - mean_squared_error: 0.0030 - val_loss: 0.0037 - val_mean_squared_error: 0.0037
Epoch 11/25
 - 5921s - loss: 0.0030 - mean_squared_error: 0.0030 - val_loss: 0.0034 - val_mean_squared_error: 0.0034
Epoch 12/25
 - 4640s - loss: 0.0030 - mean_squared_error: 0.0030 - val_loss: 0.0033 - val_mean_squared_error: 0.0033
/pkg/python/3.6.1-centos7/lib/python3.6/site-packages/h5py/__init__.py:34: FutureWarning: Conversion of the second argument of issubdtype from `float` to `np.floating` is deprecated. In future, it will be treated as `np.float64 == np.dtype(float).type`.
  from ._conv import register_converters as _register_converters
Using TensorFlow backend.
Done with trial 4
