2019-05-21 09:48:05.562468: I tensorflow/core/common_runtime/gpu/gpu_device.cc:1405] Found device 0 with properties: 
name: GeForce GTX TITAN major: 3 minor: 5 memoryClockRate(GHz): 0.8755
pciBusID: 0000:84:00.0
totalMemory: 5.94GiB freeMemory: 5.68GiB
2019-05-21 09:48:05.562525: I tensorflow/core/common_runtime/gpu/gpu_device.cc:1484] Adding visible gpu devices: 0
2019-05-21 09:48:17.304816: I tensorflow/core/common_runtime/gpu/gpu_device.cc:965] Device interconnect StreamExecutor with strength 1 edge matrix:
2019-05-21 09:48:17.304883: I tensorflow/core/common_runtime/gpu/gpu_device.cc:971]      0 
2019-05-21 09:48:17.304897: I tensorflow/core/common_runtime/gpu/gpu_device.cc:984] 0:   N 
2019-05-21 09:48:17.305216: I tensorflow/core/common_runtime/gpu/gpu_device.cc:1097] Created TensorFlow device (/job:localhost/replica:0/task:0/device:GPU:0 with 5342 MB memory) -> physical GPU (device: 0, name: GeForce GTX TITAN, pci bus id: 0000:84:00.0, compute capability: 3.5)
Generator will have 71163904 samples in 34748 batches
Features have shape 94; targets have shape 65
Generator will have 72343552 samples in 35324 batches
Features have shape 94; targets have shape 65
Epoch 1/25
 - 2836s - loss: 0.0022 - mean_squared_error: 0.0022 - val_loss: 0.0021 - val_mean_squared_error: 0.0021
Epoch 2/25
 - 2239s - loss: 0.0021 - mean_squared_error: 0.0021 - val_loss: 0.0021 - val_mean_squared_error: 0.0021
Epoch 3/25
 - 2950s - loss: 0.0021 - mean_squared_error: 0.0021 - val_loss: 0.0021 - val_mean_squared_error: 0.0021
Epoch 4/25
 - 2928s - loss: 0.0020 - mean_squared_error: 0.0020 - val_loss: 0.0020 - val_mean_squared_error: 0.0020
Epoch 5/25
 - 2980s - loss: 0.0020 - mean_squared_error: 0.0020 - val_loss: 0.0020 - val_mean_squared_error: 0.0020
