2019-05-20 08:34:10.375627: I tensorflow/core/common_runtime/gpu/gpu_device.cc:1405] Found device 0 with properties: 
name: GeForce GTX TITAN major: 3 minor: 5 memoryClockRate(GHz): 0.8755
pciBusID: 0000:03:00.0
totalMemory: 5.94GiB freeMemory: 5.68GiB
2019-05-20 08:34:10.375682: I tensorflow/core/common_runtime/gpu/gpu_device.cc:1484] Adding visible gpu devices: 0
2019-05-20 08:34:31.548253: I tensorflow/core/common_runtime/gpu/gpu_device.cc:965] Device interconnect StreamExecutor with strength 1 edge matrix:
2019-05-20 08:34:31.548322: I tensorflow/core/common_runtime/gpu/gpu_device.cc:971]      0 
2019-05-20 08:34:31.548334: I tensorflow/core/common_runtime/gpu/gpu_device.cc:984] 0:   N 
2019-05-20 08:34:31.548642: I tensorflow/core/common_runtime/gpu/gpu_device.cc:1097] Created TensorFlow device (/job:localhost/replica:0/task:0/device:GPU:0 with 5353 MB memory) -> physical GPU (device: 0, name: GeForce GTX TITAN, pci bus id: 0000:03:00.0, compute capability: 3.5)
Generator will have 71163904 samples in 34748 batches
Features have shape 94; targets have shape 65
Generator will have 72343552 samples in 35324 batches
Features have shape 94; targets have shape 65
Epoch 1/25
 - 2782s - loss: 0.0023 - mean_squared_error: 0.0023 - val_loss: 0.0022 - val_mean_squared_error: 0.0022
Epoch 2/25
 - 2692s - loss: 0.0021 - mean_squared_error: 0.0021 - val_loss: 0.0021 - val_mean_squared_error: 0.0021
Epoch 3/25
 - 2975s - loss: 0.0021 - mean_squared_error: 0.0021 - val_loss: 0.0022 - val_mean_squared_error: 0.0022
Epoch 4/25
 - 2093s - loss: 0.0020 - mean_squared_error: 0.0020 - val_loss: 0.0020 - val_mean_squared_error: 0.0020
Epoch 5/25
 - 2583s - loss: 0.0020 - mean_squared_error: 0.0020 - val_loss: 0.0020 - val_mean_squared_error: 0.0020
Epoch 6/25
 - 2361s - loss: 0.0020 - mean_squared_error: 0.0020 - val_loss: 0.0020 - val_mean_squared_error: 0.0020
Epoch 7/25
 - 2444s - loss: 0.0020 - mean_squared_error: 0.0020 - val_loss: 0.0020 - val_mean_squared_error: 0.0020
Epoch 8/25
 - 2682s - loss: 0.0020 - mean_squared_error: 0.0020 - val_loss: 0.0020 - val_mean_squared_error: 0.0020
Epoch 9/25
 - 2510s - loss: 0.0020 - mean_squared_error: 0.0020 - val_loss: 0.0020 - val_mean_squared_error: 0.0020
Epoch 10/25
 - 2701s - loss: 0.0020 - mean_squared_error: 0.0020 - val_loss: 0.0020 - val_mean_squared_error: 0.0020
Epoch 11/25
 - 2081s - loss: 0.0020 - mean_squared_error: 0.0020 - val_loss: 0.0020 - val_mean_squared_error: 0.0020
