Running from arcus-8
2019-05-11 11:37:05.416599: I tensorflow/core/platform/cpu_feature_guard.cc:141] Your CPU supports instructions that this TensorFlow binary was not compiled to use: AVX2 FMA
2019-05-11 11:37:07.880344: I tensorflow/core/common_runtime/gpu/gpu_device.cc:1405] Found device 0 with properties: 
name: TITAN X (Pascal) major: 6 minor: 1 memoryClockRate(GHz): 1.531
pciBusID: 0000:02:00.0
totalMemory: 11.91GiB freeMemory: 11.75GiB
2019-05-11 11:37:07.880399: I tensorflow/core/common_runtime/gpu/gpu_device.cc:1484] Adding visible gpu devices: 0
2019-05-11 11:37:12.587868: I tensorflow/core/common_runtime/gpu/gpu_device.cc:965] Device interconnect StreamExecutor with strength 1 edge matrix:
2019-05-11 11:37:12.587919: I tensorflow/core/common_runtime/gpu/gpu_device.cc:971]      0 
2019-05-11 11:37:12.587930: I tensorflow/core/common_runtime/gpu/gpu_device.cc:984] 0:   N 
2019-05-11 11:37:12.588336: I tensorflow/core/common_runtime/gpu/gpu_device.cc:1097] Created TensorFlow device (/job:localhost/replica:0/task:0/device:GPU:0 with 11374 MB memory) -> physical GPU (device: 0, name: TITAN X (Pascal), pci bus id: 0000:02:00.0, compute capability: 6.1)
{'alpha': 0.38824137847825, 'dropout': 0.4523806923838769, 'lr': 0.0012513182336501005, 'leaky_relu': 0.37909487774712514, 'batch_norm': 0, 'loss_type': 'weak_loss', 'num_layers': 4, 'layer_0': 390, 'layer_1': 201, 'layer_2': 429, 'layer_3': 458, 'layer_4': 292, 'layer_5': 90, 'layer_6': 176, 'layer_7': 283, 'max_concurrent': 3, 'P': 'arcus_gpu.p', 'q': 'arcus.q', 'l': "hostname='(arcus-1|arcus-2|arcus-3|arcus-4|arcus-5|arcus-6|arcus-7|arcus-8|arcus-9|arcus-10)'", 'env': '/home/jott1/Projects/SHERPA_EX/.profile', 'data': 'fluxbypass_aqua', 'run_type': 'hyper_param_opt_conservation', 'batch_size': 2048, 'data_dir': '/baldig/chemistry/earth_system_science/', 'max_dense_layers': 8, 'epochs': 100, 'patience': 10, 'conservation': 0}
Epoch 1/100
 - 3056s - loss: 39563.9544 - val_loss: -1.1725e+03
Epoch 2/100
 - 3087s - loss: 286650.7206 - val_loss: 16315.1566
Epoch 3/100
 - 3449s - loss: -8.5058e+22 - val_loss: -4.1416e+24
Epoch 4/100
 - 6284s - loss: -7.0534e+24 - val_loss: -9.0275e+24
Epoch 5/100
 - 5134s - loss: -1.0429e+25 - val_loss: -1.2340e+25
Epoch 6/100
 - 4375s - loss: -1.2613e+25 - val_loss: -1.4288e+25
Epoch 7/100
 - 4020s - loss: -1.4021e+25 - val_loss: -1.5790e+25
Epoch 8/100
 - 5080s - loss: -1.5130e+25 - val_loss: -1.7087e+25
Epoch 9/100
 - 4200s - loss: -1.5957e+25 - val_loss: -1.8025e+25
Epoch 10/100
 - 3499s - loss: -1.6552e+25 - val_loss: -1.8727e+25
Epoch 11/100
 - 3847s - loss: -1.7066e+25 - val_loss: -1.9297e+25
Epoch 12/100
 - 5154s - loss: -1.7536e+25 - val_loss: -1.9815e+25
Epoch 13/100
 - 4419s - loss: -1.7962e+25 - val_loss: -2.0297e+25
Epoch 14/100
 - 3900s - loss: -1.8352e+25 - val_loss: -2.0742e+25
Epoch 15/100
 - 4056s - loss: -1.8707e+25 - val_loss: -2.1150e+25
Epoch 16/100
 - 3331s - loss: -1.9030e+25 - val_loss: -2.1525e+25
Epoch 17/100
 - 3755s - loss: -1.9333e+25 - val_loss: -2.1879e+25
Epoch 18/100
 - 3467s - loss: -1.9625e+25 - val_loss: -2.2223e+25
Epoch 19/100
 - 3651s - loss: -1.9913e+25 - val_loss: -2.2564e+25
Epoch 20/100
 - 4039s - loss: -2.0197e+25 - val_loss: -2.2901e+25
Epoch 21/100
 - 3295s - loss: -2.0478e+25 - val_loss: -2.3227e+25
Epoch 22/100
 - 3441s - loss: -2.0743e+25 - val_loss: -2.3542e+25
Epoch 23/100
 - 4158s - loss: -2.1009e+25 - val_loss: -2.3849e+25
Epoch 24/100
 - 3847s - loss: -2.1263e+25 - val_loss: -2.4151e+25
Epoch 25/100
 - 3351s - loss: -2.1519e+25 - val_loss: -2.4449e+25
Epoch 26/100
 - 3379s - loss: -2.1766e+25 - val_loss: -2.4743e+25
Epoch 27/100
 - 3433s - loss: -2.2014e+25 - val_loss: -2.5035e+25
Epoch 28/100
 - 3143s - loss: -2.2254e+25 - val_loss: -2.5322e+25
Epoch 29/100
 - 3209s - loss: -2.2490e+25 - val_loss: -2.5605e+25
Epoch 30/100
 - 3472s - loss: -2.2723e+25 - val_loss: -2.5884e+25
Epoch 31/100
 - 3393s - loss: -2.2957e+25 - val_loss: -2.6160e+25
Epoch 32/100
 - 3436s - loss: -2.3186e+25 - val_loss: -2.6437e+25
Epoch 33/100
 - 4504s - loss: -2.3409e+25 - val_loss: -2.6710e+25
Epoch 34/100
 - 3823s - loss: -2.3632e+25 - val_loss: -2.6980e+25
Epoch 35/100
 - 5424s - loss: -2.3852e+25 - val_loss: -2.7245e+25
Epoch 36/100
 - 3879s - loss: -2.4065e+25 - val_loss: -2.7502e+25
Epoch 37/100
 - 3589s - loss: -2.4264e+25 - val_loss: -2.7744e+25
Epoch 38/100
 - 5319s - loss: -2.4450e+25 - val_loss: -2.7977e+25
Epoch 39/100
 - 3823s - loss: -2.4631e+25 - val_loss: -2.8200e+25
Epoch 40/100
 - 3638s - loss: -2.4800e+25 - val_loss: -2.8416e+25
Epoch 41/100
 - 3337s - loss: -2.4959e+25 - val_loss: -2.8624e+25
/pkg/python/3.6.1-centos7/lib/python3.6/site-packages/h5py/__init__.py:34: FutureWarning: Conversion of the second argument of issubdtype from `float` to `np.floating` is deprecated. In future, it will be treated as `np.float64 == np.dtype(float).type`.
  from ._conv import register_converters as _register_converters
Using TensorFlow backend.
Epoch 42/100
Traceback (most recent call last):
  File "main.py", line 72, in <module>
    # save lr model
  File "/home/jott1/Projects/CBRAIN-CAM/notebooks/tbeucler_devlog/hp_opt_conservation/model.py", line 135, in train
    callbacks=callbacks,
  File "/home/jott1/.local/lib/python3.6/site-packages/tensorflow/python/keras/engine/training.py", line 1779, in fit_generator
    initial_epoch=initial_epoch)
  File "/home/jott1/.local/lib/python3.6/site-packages/tensorflow/python/keras/engine/training_generator.py", line 244, in fit_generator
    callbacks.on_epoch_end(epoch, epoch_logs)
  File "/home/jott1/.local/lib/python3.6/site-packages/tensorflow/python/keras/callbacks.py", line 96, in on_epoch_end
    callback.on_epoch_end(epoch, logs)
  File "/home/jott1/.local/lib/python3.6/site-packages/sherpa/database.py", line 226, in <lambda>
    context={n: logs[n] for n in context_names})
  File "/home/jott1/.local/lib/python3.6/site-packages/sherpa/database.py", line 209, in send_metrics
    self.db.results.insert_one(result)
  File "/home/jott1/.local/lib/python3.6/site-packages/pymongo/collection.py", line 700, in insert_one
    session=session),
  File "/home/jott1/.local/lib/python3.6/site-packages/pymongo/collection.py", line 614, in _insert
    bypass_doc_val, session)
  File "/home/jott1/.local/lib/python3.6/site-packages/pymongo/collection.py", line 602, in _insert_one
    acknowledged, _insert_command, session)
  File "/home/jott1/.local/lib/python3.6/site-packages/pymongo/mongo_client.py", line 1279, in _retryable_write
    with self._tmp_session(session) as s:
  File "/pkg/python/3.6.1-centos7/lib/python3.6/contextlib.py", line 82, in __enter__
    return next(self.gen)
  File "/home/jott1/.local/lib/python3.6/site-packages/pymongo/mongo_client.py", line 1611, in _tmp_session
    s = self._ensure_session(session)
  File "/home/jott1/.local/lib/python3.6/site-packages/pymongo/mongo_client.py", line 1598, in _ensure_session
    return self.__start_session(True, causal_consistency=False)
  File "/home/jott1/.local/lib/python3.6/site-packages/pymongo/mongo_client.py", line 1551, in __start_session
    server_session = self._get_server_session()
  File "/home/jott1/.local/lib/python3.6/site-packages/pymongo/mongo_client.py", line 1584, in _get_server_session
    return self._topology.get_server_session()
  File "/home/jott1/.local/lib/python3.6/site-packages/pymongo/topology.py", line 429, in get_server_session
    None)
  File "/home/jott1/.local/lib/python3.6/site-packages/pymongo/topology.py", line 200, in _select_servers_loop
    self._error_message(selector))
pymongo.errors.ServerSelectionTimeoutError: arcus-2.ics.uci.edu:27001: [Errno 111] Connection refused
