Running from arcus-10
2019-05-11 11:36:56.853134: I tensorflow/core/platform/cpu_feature_guard.cc:141] Your CPU supports instructions that this TensorFlow binary was not compiled to use: AVX2 FMA
2019-05-11 11:36:59.909901: I tensorflow/core/common_runtime/gpu/gpu_device.cc:1405] Found device 0 with properties: 
name: TITAN V major: 7 minor: 0 memoryClockRate(GHz): 1.455
pciBusID: 0000:82:00.0
totalMemory: 11.75GiB freeMemory: 11.34GiB
2019-05-11 11:36:59.909958: I tensorflow/core/common_runtime/gpu/gpu_device.cc:1484] Adding visible gpu devices: 0
2019-05-11 11:37:00.398076: I tensorflow/core/common_runtime/gpu/gpu_device.cc:965] Device interconnect StreamExecutor with strength 1 edge matrix:
2019-05-11 11:37:00.398126: I tensorflow/core/common_runtime/gpu/gpu_device.cc:971]      0 
2019-05-11 11:37:00.398134: I tensorflow/core/common_runtime/gpu/gpu_device.cc:984] 0:   N 
2019-05-11 11:37:00.398484: I tensorflow/core/common_runtime/gpu/gpu_device.cc:1097] Created TensorFlow device (/job:localhost/replica:0/task:0/device:GPU:0 with 10955 MB memory) -> physical GPU (device: 0, name: TITAN V, pci bus id: 0000:82:00.0, compute capability: 7.0)
{'alpha': 0.6800932136329259, 'dropout': 0.18669549568826393, 'lr': 0.0010439323478213238, 'leaky_relu': 0.42637487810197866, 'batch_norm': 1, 'loss_type': 'mse', 'num_layers': 6, 'layer_0': 125, 'layer_1': 81, 'layer_2': 191, 'layer_3': 175, 'layer_4': 190, 'layer_5': 178, 'layer_6': 469, 'layer_7': 461, 'max_concurrent': 3, 'P': 'arcus_gpu.p', 'q': 'arcus.q', 'l': "hostname='(arcus-1|arcus-2|arcus-3|arcus-4|arcus-5|arcus-6|arcus-7|arcus-8|arcus-9|arcus-10)'", 'env': '/home/jott1/Projects/SHERPA_EX/.profile', 'data': 'fluxbypass_aqua', 'run_type': 'hyper_param_opt_conservation', 'batch_size': 2048, 'data_dir': '/baldig/chemistry/earth_system_science/', 'max_dense_layers': 8, 'epochs': 100, 'patience': 10, 'conservation': 1}
Epoch 1/100
 - 2094s - loss: 419.2487 - val_loss: 338.3841
Epoch 2/100
 - 719s - loss: 333.8772 - val_loss: 363.5881
Epoch 3/100
 - 736s - loss: 328.4272 - val_loss: 375.0389
Epoch 4/100
 - 705s - loss: 325.4081 - val_loss: 356.1100
Epoch 5/100
 - 713s - loss: 323.6211 - val_loss: 370.0303
Epoch 6/100
 - 713s - loss: 322.3505 - val_loss: 367.6484
Epoch 7/100
 - 705s - loss: 321.5099 - val_loss: 345.8353
Epoch 8/100
 - 710s - loss: 320.7261 - val_loss: 367.9378
Epoch 9/100
 - 709s - loss: 320.2001 - val_loss: 383.7138
Epoch 10/100
 - 728s - loss: 319.6874 - val_loss: 380.9047
Epoch 11/100
 - 748s - loss: 319.3547 - val_loss: 398.0210
/pkg/python/3.6.1-centos7/lib/python3.6/site-packages/h5py/__init__.py:34: FutureWarning: Conversion of the second argument of issubdtype from `float` to `np.floating` is deprecated. In future, it will be treated as `np.float64 == np.dtype(float).type`.
  from ._conv import register_converters as _register_converters
Using TensorFlow backend.
Done with trial 2
