Running from arcus-8
2019-05-11 11:37:05.416584: I tensorflow/core/platform/cpu_feature_guard.cc:141] Your CPU supports instructions that this TensorFlow binary was not compiled to use: AVX2 FMA
2019-05-11 11:37:07.879386: I tensorflow/core/common_runtime/gpu/gpu_device.cc:1405] Found device 0 with properties: 
name: TITAN X (Pascal) major: 6 minor: 1 memoryClockRate(GHz): 1.531
pciBusID: 0000:03:00.0
totalMemory: 11.91GiB freeMemory: 11.75GiB
2019-05-11 11:37:07.879446: I tensorflow/core/common_runtime/gpu/gpu_device.cc:1484] Adding visible gpu devices: 0
2019-05-11 11:37:12.539780: I tensorflow/core/common_runtime/gpu/gpu_device.cc:965] Device interconnect StreamExecutor with strength 1 edge matrix:
2019-05-11 11:37:12.539849: I tensorflow/core/common_runtime/gpu/gpu_device.cc:971]      0 
2019-05-11 11:37:12.539862: I tensorflow/core/common_runtime/gpu/gpu_device.cc:984] 0:   N 
2019-05-11 11:37:12.540307: I tensorflow/core/common_runtime/gpu/gpu_device.cc:1097] Created TensorFlow device (/job:localhost/replica:0/task:0/device:GPU:0 with 11374 MB memory) -> physical GPU (device: 0, name: TITAN X (Pascal), pci bus id: 0000:03:00.0, compute capability: 6.1)
{'alpha': 0.3899291195564373, 'dropout': 0.15848525359517085, 'lr': 0.0018137000942734496, 'leaky_relu': 0.37398060710492304, 'batch_norm': 1, 'loss_type': 'mse', 'num_layers': 5, 'layer_0': 398, 'layer_1': 398, 'layer_2': 325, 'layer_3': 474, 'layer_4': 178, 'layer_5': 70, 'layer_6': 415, 'layer_7': 345, 'max_concurrent': 3, 'P': 'arcus_gpu.p', 'q': 'arcus.q', 'l': "hostname='(arcus-1|arcus-2|arcus-3|arcus-4|arcus-5|arcus-6|arcus-7|arcus-8|arcus-9|arcus-10)'", 'env': '/home/jott1/Projects/SHERPA_EX/.profile', 'data': 'fluxbypass_aqua', 'run_type': 'hyper_param_opt_conservation', 'batch_size': 2048, 'data_dir': '/baldig/chemistry/earth_system_science/', 'max_dense_layers': 8, 'epochs': 100, 'patience': 10, 'conservation': 0}
Epoch 1/100
 - 3056s - loss: 434.4967 - val_loss: 320.6483
Epoch 2/100
 - 3088s - loss: 382.2273 - val_loss: 303.9190
Epoch 3/100
 - 3448s - loss: 377.2311 - val_loss: 313.2142
Epoch 4/100
 - 6285s - loss: 374.6037 - val_loss: 299.3432
Epoch 5/100
 - 5133s - loss: 372.6718 - val_loss: 321.8245
Epoch 6/100
 - 4375s - loss: 371.3488 - val_loss: 308.2355
Epoch 7/100
 - 4020s - loss: 370.3457 - val_loss: 335.9654
Epoch 8/100
 - 5080s - loss: 369.5460 - val_loss: 321.4449
Epoch 9/100
 - 4200s - loss: 368.8547 - val_loss: 332.8823
Epoch 10/100
 - 3499s - loss: 368.2958 - val_loss: 326.7847
Epoch 11/100
 - 3847s - loss: 367.8321 - val_loss: 321.9149
Epoch 12/100
 - 5154s - loss: 367.3528 - val_loss: 325.6623
Epoch 13/100
 - 4419s - loss: 366.9764 - val_loss: 301.1248
Epoch 14/100
 - 3901s - loss: 366.7198 - val_loss: 339.7014
/pkg/python/3.6.1-centos7/lib/python3.6/site-packages/h5py/__init__.py:34: FutureWarning: Conversion of the second argument of issubdtype from `float` to `np.floating` is deprecated. In future, it will be treated as `np.float64 == np.dtype(float).type`.
  from ._conv import register_converters as _register_converters
Using TensorFlow backend.
Done with trial 3
